{"name":"Aberrant spectre","level":96,"killCount":-1,"type":"NPC","drops":[{"name":"Cactus seed","id":5280,"quantity":1,"price":78}],"date":"Dec 30, 2021, 12:59:53 PM"}
{"name":"Aberrant spectre","level":96,"killCount":-1,"type":"NPC","drops":[{"name":"Grimy guam leaf","id":199,"quantity":1,"price":28}],"date":"Dec 30, 2021, 1:00:27 PM"}
{"name":"Aberrant spectre","level":96,"killCount":-1,"type":"NPC","drops":[{"name":"Grimy kwuarm","id":213,"quantity":1,"price":1605},{"name":"Grimy tarromin","id":203,"quantity":1,"price":121},{"name":"Grimy kwuarm","id":213,"quantity":1,"price":1605}],"date":"Dec 30, 2021, 1:00:52 PM"}
{"name":"Aberrant spectre","level":96,"killCount":-1,"type":"NPC","drops":[{"name":"Grimy guam leaf","id":199,"quantity":1,"price":28},{"name":"Grimy irit leaf","id":209,"quantity":1,"price":566},{"name":"Grimy ranarr weed","id":207,"quantity":1,"price":7264}],"date":"Dec 30, 2021, 1:01:05 PM"}
{"name":"Aberrant spectre","level":96,"killCount":-1,"type":"NPC","drops":[{"name":"Grimy ranarr weed","id":207,"quantity":1,"price":7264},{"name":"Grimy irit leaf","id":209,"quantity":1,"price":566}],"date":"Dec 30, 2021, 1:01:43 PM"}
{"name":"Aberrant spectre","level":96,"killCount":-1,"type":"NPC","drops":[{"name":"Grimy guam leaf","id":199,"quantity":1,"price":28}],"date":"Dec 30, 2021, 1:01:51 PM"}
{"name":"Aberrant spectre","level":96,"killCount":-1,"type":"NPC","drops":[{"name":"Kwuarm seed","id":5299,"quantity":1,"price":223}],"date":"Dec 30, 2021, 1:01:59 PM"}
{"name":"Aberrant spectre","level":96,"killCount":-1,"type":"NPC","drops":[{"name":"Grimy guam leaf","id":199,"quantity":1,"price":28},{"name":"Grimy guam leaf","id":199,"quantity":1,"price":28}],"date":"Dec 30, 2021, 1:02:14 PM"}
{"name":"Aberrant spectre","level":96,"killCount":-1,"type":"NPC","drops":[{"name":"Grimy ranarr weed","id":207,"quantity":1,"price":7264},{"name":"Grimy harralander","id":205,"quantity":1,"price":698},{"name":"Grimy irit leaf","id":209,"quantity":1,"price":566}],"date":"Dec 30, 2021, 1:02:25 PM"}
{"name":"Aberrant spectre","level":96,"killCount":-1,"type":"NPC","drops":[{"name":"Grimy tarromin","id":203,"quantity":1,"price":121}],"date":"Dec 30, 2021, 1:02:34 PM"}
{"name":"Aberrant spectre","level":96,"killCount":-1,"type":"NPC","drops":[{"name":"Grimy guam leaf","id":199,"quantity":1,"price":28}],"date":"Dec 30, 2021, 1:02:40 PM"}
{"name":"Aberrant spectre","level":96,"killCount":-1,"type":"NPC","drops":[{"name":"Irit seed","id":5297,"quantity":1,"price":41}],"date":"Dec 30, 2021, 1:02:56 PM"}
{"name":"Aberrant spectre","level":96,"killCount":-1,"type":"NPC","drops":[{"name":"Grimy guam leaf","id":199,"quantity":1,"price":28}],"date":"Dec 30, 2021, 1:03:09 PM"}
{"name":"Aberrant spectre","level":96,"killCount":-1,"type":"NPC","drops":[{"name":"Grimy tarromin","id":203,"quantity":1,"price":121},{"name":"Grimy tarromin","id":203,"quantity":1,"price":121}],"date":"Dec 30, 2021, 1:03:33 PM"}
{"name":"Aberrant spectre","level":96,"killCount":-1,"type":"NPC","drops":[{"name":"Grimy ranarr weed","id":207,"quantity":1,"price":7264},{"name":"Grimy harralander","id":205,"quantity":1,"price":698}],"date":"Dec 30, 2021, 1:03:56 PM"}
{"name":"Aberrant spectre","level":96,"killCount":-1,"type":"NPC","drops":[{"name":"Grimy harralander","id":205,"quantity":1,"price":698},{"name":"Grimy ranarr weed","id":207,"quantity":1,"price":7264},{"name":"Grimy tarromin","id":203,"quantity":1,"price":121}],"date":"Dec 30, 2021, 1:04:09 PM"}
{"name":"Aberrant spectre","level":96,"killCount":-1,"type":"NPC","drops":[{"name":"Grimy marrentill","id":201,"quantity":1,"price":17}],"date":"Dec 30, 2021, 1:04:25 PM"}
{"name":"Aberrant spectre","level":96,"killCount":-1,"type":"NPC","drops":[{"name":"Grimy guam leaf","id":199,"quantity":1,"price":28},{"name":"Grimy irit leaf","id":209,"quantity":1,"price":566},{"name":"Grimy harralander","id":205,"quantity":1,"price":698}],"date":"Dec 30, 2021, 1:04:32 PM"}
{"name":"Aberrant spectre","level":96,"killCount":-1,"type":"NPC","drops":[{"name":"Grimy tarromin","id":203,"quantity":1,"price":121},{"name":"Grimy guam leaf","id":199,"quantity":1,"price":28}],"date":"Dec 30, 2021, 1:04:40 PM"}
{"name":"Aberrant spectre","level":96,"killCount":-1,"type":"NPC","drops":[{"name":"Grimy harralander","id":205,"quantity":1,"price":698},{"name":"Grimy tarromin","id":203,"quantity":1,"price":121}],"date":"Dec 30, 2021, 1:05:07 PM"}
{"name":"Aberrant spectre","level":96,"killCount":-1,"type":"NPC","drops":[{"name":"Grimy ranarr weed","id":207,"quantity":1,"price":7264},{"name":"Grimy marrentill","id":201,"quantity":1,"price":17}],"date":"Dec 30, 2021, 1:05:27 PM"}
{"name":"Aberrant spectre","level":96,"killCount":-1,"type":"NPC","drops":[{"name":"Grimy tarromin","id":203,"quantity":1,"price":121},{"name":"Grimy guam leaf","id":199,"quantity":1,"price":28},{"name":"Grimy guam leaf","id":199,"quantity":1,"price":28}],"date":"Dec 30, 2021, 1:05:39 PM"}
{"name":"Aberrant spectre","level":96,"killCount":-1,"type":"NPC","drops":[{"name":"Grimy harralander","id":205,"quantity":1,"price":698}],"date":"Dec 30, 2021, 1:05:50 PM"}
{"name":"Aberrant spectre","level":96,"killCount":-1,"type":"NPC","drops":[{"name":"Grimy guam leaf","id":199,"quantity":1,"price":28},{"name":"Grimy guam leaf","id":199,"quantity":1,"price":28}],"date":"Dec 30, 2021, 1:06:01 PM"}
{"name":"Aberrant spectre","level":96,"killCount":-1,"type":"NPC","drops":[{"name":"Grimy marrentill","id":201,"quantity":1,"price":17}],"date":"Dec 30, 2021, 1:06:15 PM"}
{"name":"Aberrant spectre","level":96,"killCount":-1,"type":"NPC","drops":[{"name":"Grimy guam leaf","id":199,"quantity":1,"price":28}],"date":"Dec 30, 2021, 1:06:24 PM"}
{"name":"Aberrant spectre","level":96,"killCount":-1,"type":"NPC","drops":[{"name":"Grimy marrentill","id":201,"quantity":1,"price":17}],"date":"Dec 30, 2021, 1:06:33 PM"}
{"name":"Aberrant spectre","level":96,"killCount":-1,"type":"NPC","drops":[{"name":"Grimy guam leaf","id":199,"quantity":1,"price":28},{"name":"Grimy guam leaf","id":199,"quantity":1,"price":28}],"date":"Dec 30, 2021, 1:06:49 PM"}
{"name":"Aberrant spectre","level":96,"killCount":-1,"type":"NPC","drops":[{"name":"Grimy tarromin","id":203,"quantity":1,"price":121},{"name":"Grimy avantoe","id":211,"quantity":1,"price":1679},{"name":"Grimy guam leaf","id":199,"quantity":1,"price":28}],"date":"Dec 30, 2021, 1:07:24 PM"}
{"name":"Aberrant spectre","level":96,"killCount":-1,"type":"NPC","drops":[{"name":"Grimy guam leaf","id":199,"quantity":1,"price":28}],"date":"Dec 30, 2021, 1:07:40 PM"}
{"name":"Aberrant spectre","level":96,"killCount":-1,"type":"NPC","drops":[{"name":"Grimy tarromin","id":203,"quantity":1,"price":121}],"date":"Dec 30, 2021, 1:07:57 PM"}
{"name":"Aberrant spectre","level":96,"killCount":-1,"type":"NPC","drops":[{"name":"Grimy guam leaf","id":199,"quantity":1,"price":28},{"name":"Grimy guam leaf","id":199,"quantity":1,"price":28}],"date":"Dec 30, 2021, 1:08:22 PM"}
{"name":"Aberrant spectre","level":96,"killCount":-1,"type":"NPC","drops":[{"name":"Grimy kwuarm","id":213,"quantity":1,"price":1605},{"name":"Grimy marrentill","id":201,"quantity":1,"price":17}],"date":"Dec 30, 2021, 1:08:33 PM"}
{"name":"Aberrant spectre","level":96,"killCount":-1,"type":"NPC","drops":[{"name":"Grimy marrentill","id":201,"quantity":1,"price":17},{"name":"Grimy tarromin","id":203,"quantity":1,"price":121},{"name":"Grimy ranarr weed","id":207,"quantity":1,"price":7264}],"date":"Dec 30, 2021, 1:08:50 PM"}
{"name":"Aberrant spectre","level":96,"killCount":-1,"type":"NPC","drops":[{"name":"Grimy marrentill","id":201,"quantity":1,"price":17}],"date":"Dec 30, 2021, 1:09:00 PM"}
{"name":"Aberrant spectre","level":96,"killCount":-1,"type":"NPC","drops":[{"name":"Grimy ranarr weed","id":207,"quantity":1,"price":7264},{"name":"Grimy harralander","id":205,"quantity":1,"price":698}],"date":"Dec 30, 2021, 1:09:12 PM"}
{"name":"Aberrant spectre","level":96,"killCount":-1,"type":"NPC","drops":[{"name":"Grimy ranarr weed","id":207,"quantity":1,"price":7264}],"date":"Dec 30, 2021, 1:09:24 PM"}
{"name":"Aberrant spectre","level":96,"killCount":-1,"type":"NPC","drops":[{"name":"Irit seed","id":5297,"quantity":1,"price":41}],"date":"Dec 30, 2021, 1:09:32 PM"}
{"name":"Aberrant spectre","level":96,"killCount":-1,"type":"NPC","drops":[{"name":"Grimy marrentill","id":201,"quantity":1,"price":17},{"name":"Grimy harralander","id":205,"quantity":1,"price":698},{"name":"Grimy tarromin","id":203,"quantity":1,"price":121}],"date":"Dec 30, 2021, 1:09:48 PM"}
{"name":"Aberrant spectre","level":96,"killCount":-1,"type":"NPC","drops":[{"name":"Steel axe","id":1353,"quantity":1,"price":63}],"date":"Dec 30, 2021, 1:10:15 PM"}
{"name":"Aberrant spectre","level":96,"killCount":-1,"type":"NPC","drops":[{"name":"Tooth half of key","id":985,"quantity":1,"price":9782}],"date":"Dec 30, 2021, 1:10:27 PM"}
{"name":"Aberrant spectre","level":96,"killCount":-1,"type":"NPC","drops":[{"name":"Grimy avantoe","id":211,"quantity":1,"price":1679},{"name":"Grimy guam leaf","id":199,"quantity":1,"price":28}],"date":"Dec 30, 2021, 1:10:36 PM"}
{"name":"Aberrant spectre","level":96,"killCount":-1,"type":"NPC","drops":[{"name":"Grimy guam leaf","id":199,"quantity":1,"price":28},{"name":"Grimy guam leaf","id":199,"quantity":1,"price":28}],"date":"Dec 30, 2021, 1:10:56 PM"}
{"name":"Aberrant spectre","level":96,"killCount":-1,"type":"NPC","drops":[{"name":"Grimy harralander","id":205,"quantity":1,"price":698},{"name":"Grimy harralander","id":205,"quantity":1,"price":698}],"date":"Dec 30, 2021, 1:11:08 PM"}
{"name":"Aberrant spectre","level":96,"killCount":-1,"type":"NPC","drops":[{"name":"Grimy marrentill","id":201,"quantity":1,"price":17},{"name":"Grimy guam leaf","id":199,"quantity":1,"price":28}],"date":"Dec 30, 2021, 1:11:31 PM"}
{"name":"Aberrant spectre","level":96,"killCount":-1,"type":"NPC","drops":[{"name":"Grimy marrentill","id":201,"quantity":1,"price":17},{"name":"Grimy ranarr weed","id":207,"quantity":1,"price":7264},{"name":"Grimy harralander","id":205,"quantity":1,"price":698}],"date":"Dec 30, 2021, 1:11:39 PM"}
{"name":"Aberrant spectre","level":96,"killCount":-1,"type":"NPC","drops":[{"name":"Grimy marrentill","id":201,"quantity":1,"price":17},{"name":"Grimy harralander","id":205,"quantity":1,"price":698}],"date":"Dec 30, 2021, 1:12:10 PM"}
{"name":"Aberrant spectre","level":96,"killCount":-1,"type":"NPC","drops":[{"name":"Grimy marrentill","id":201,"quantity":1,"price":17},{"name":"Grimy harralander","id":205,"quantity":1,"price":698}],"date":"Dec 30, 2021, 1:12:23 PM"}
{"name":"Aberrant spectre","level":96,"killCount":-1,"type":"NPC","drops":[{"name":"Grimy tarromin","id":203,"quantity":1,"price":121}],"date":"Dec 30, 2021, 1:12:42 PM"}
{"name":"Aberrant spectre","level":96,"killCount":-1,"type":"NPC","drops":[{"name":"Dwarf weed seed","id":5303,"quantity":1,"price":616}],"date":"Dec 30, 2021, 1:12:54 PM"}
{"name":"Aberrant spectre","level":96,"killCount":-1,"type":"NPC","drops":[{"name":"Grimy guam leaf","id":199,"quantity":1,"price":28}],"date":"Dec 30, 2021, 1:13:25 PM"}
{"name":"Aberrant spectre","level":96,"killCount":-1,"type":"NPC","drops":[{"name":"Grimy cadantine","id":215,"quantity":1,"price":1398}],"date":"Dec 30, 2021, 1:13:43 PM"}
{"name":"Aberrant spectre","level":96,"killCount":-1,"type":"NPC","drops":[{"name":"Grimy guam leaf","id":199,"quantity":1,"price":28}],"date":"Dec 30, 2021, 1:13:56 PM"}
{"name":"Aberrant spectre","level":96,"killCount":-1,"type":"NPC","drops":[{"name":"Grimy cadantine","id":215,"quantity":1,"price":1398},{"name":"Grimy avantoe","id":211,"quantity":1,"price":1679}],"date":"Dec 30, 2021, 1:14:18 PM"}
{"name":"Aberrant spectre","level":96,"killCount":-1,"type":"NPC","drops":[{"name":"Steel axe","id":1353,"quantity":1,"price":63}],"date":"Dec 30, 2021, 1:14:27 PM"}
{"name":"Aberrant spectre","level":96,"killCount":-1,"type":"NPC","drops":[{"name":"Grimy ranarr weed","id":207,"quantity":1,"price":7264}],"date":"Dec 30, 2021, 1:14:53 PM"}
{"name":"Aberrant spectre","level":96,"killCount":-1,"type":"NPC","drops":[{"name":"Grimy harralander","id":205,"quantity":1,"price":698},{"name":"Grimy irit leaf","id":209,"quantity":1,"price":566},{"name":"Grimy ranarr weed","id":207,"quantity":1,"price":7264}],"date":"Dec 30, 2021, 1:15:11 PM"}
{"name":"Aberrant spectre","level":96,"killCount":-1,"type":"NPC","drops":[{"name":"Grimy guam leaf","id":199,"quantity":1,"price":28}],"date":"Dec 30, 2021, 1:15:31 PM"}
{"name":"Aberrant spectre","level":96,"killCount":-1,"type":"NPC","drops":[{"name":"Grimy avantoe","id":211,"quantity":1,"price":1679},{"name":"Grimy irit leaf","id":209,"quantity":1,"price":566},{"name":"Grimy marrentill","id":201,"quantity":1,"price":17}],"date":"Dec 30, 2021, 1:15:45 PM"}
{"name":"Aberrant spectre","level":96,"killCount":-1,"type":"NPC","drops":[{"name":"Grimy guam leaf","id":199,"quantity":1,"price":28}],"date":"Dec 30, 2021, 1:15:55 PM"}
{"name":"Aberrant spectre","level":96,"killCount":-1,"type":"NPC","drops":[{"name":"Grimy harralander","id":205,"quantity":1,"price":698},{"name":"Grimy harralander","id":205,"quantity":1,"price":698}],"date":"Dec 30, 2021, 1:16:14 PM"}
{"name":"Aberrant spectre","level":96,"killCount":-1,"type":"NPC","drops":[{"name":"Grimy tarromin","id":203,"quantity":1,"price":121}],"date":"Dec 30, 2021, 1:16:38 PM"}
{"name":"Aberrant spectre","level":96,"killCount":-1,"type":"NPC","drops":[{"name":"Belladonna seed","id":5281,"quantity":1,"price":70}],"date":"Dec 30, 2021, 1:16:47 PM"}
{"name":"Aberrant spectre","level":96,"killCount":-1,"type":"NPC","drops":[{"name":"Grimy avantoe","id":211,"quantity":1,"price":1679}],"date":"Dec 30, 2021, 1:17:08 PM"}
{"name":"Aberrant spectre","level":96,"killCount":-1,"type":"NPC","drops":[{"name":"Kwuarm seed","id":5299,"quantity":1,"price":223}],"date":"Dec 30, 2021, 1:17:29 PM"}
{"name":"Aberrant spectre","level":96,"killCount":-1,"type":"NPC","drops":[{"name":"Grimy ranarr weed","id":207,"quantity":1,"price":7264}],"date":"Dec 30, 2021, 1:17:57 PM"}
{"name":"Aberrant spectre","level":96,"killCount":-1,"type":"NPC","drops":[{"name":"Adamant platelegs","id":1073,"quantity":1,"price":3508}],"date":"Dec 30, 2021, 1:18:09 PM"}
{"name":"Aberrant spectre","level":96,"killCount":-1,"type":"NPC","drops":[{"name":"Grimy tarromin","id":203,"quantity":1,"price":121},{"name":"Grimy dwarf weed","id":217,"quantity":1,"price":1197}],"date":"Dec 30, 2021, 1:18:14 PM"}
{"name":"Aberrant spectre","level":96,"killCount":-1,"type":"NPC","drops":[{"name":"Grimy harralander","id":205,"quantity":1,"price":698},{"name":"Grimy guam leaf","id":199,"quantity":1,"price":28}],"date":"Dec 30, 2021, 1:18:25 PM"}
{"name":"Aberrant spectre","level":96,"killCount":-1,"type":"NPC","drops":[{"name":"Grimy ranarr weed","id":207,"quantity":1,"price":7264}],"date":"Dec 30, 2021, 1:18:44 PM"}
{"name":"Aberrant spectre","level":96,"killCount":-1,"type":"NPC","drops":[{"name":"Grimy guam leaf","id":199,"quantity":1,"price":28}],"date":"Dec 30, 2021, 1:19:00 PM"}
{"name":"Aberrant spectre","level":96,"killCount":-1,"type":"NPC","drops":[{"name":"Snapdragon seed","id":5300,"quantity":1,"price":58398}],"date":"Dec 30, 2021, 1:19:14 PM"}
{"name":"Aberrant spectre","level":96,"killCount":-1,"type":"NPC","drops":[{"name":"Grimy marrentill","id":201,"quantity":1,"price":17}],"date":"Dec 30, 2021, 1:19:25 PM"}
{"name":"Aberrant spectre","level":96,"killCount":-1,"type":"NPC","drops":[{"name":"Uncut emerald","id":1621,"quantity":1,"price":593}],"date":"Dec 30, 2021, 1:19:38 PM"}
{"name":"Aberrant spectre","level":96,"killCount":-1,"type":"NPC","drops":[{"name":"Rune full helm","id":1163,"quantity":1,"price":20677}],"date":"Dec 30, 2021, 1:19:51 PM"}
{"name":"Aberrant spectre","level":96,"killCount":-1,"type":"NPC","drops":[{"name":"Toadflax seed","id":5296,"quantity":1,"price":2630}],"date":"Dec 30, 2021, 1:20:07 PM"}
{"name":"Aberrant spectre","level":96,"killCount":-1,"type":"NPC","drops":[{"name":"Grimy marrentill","id":201,"quantity":1,"price":17},{"name":"Grimy marrentill","id":201,"quantity":1,"price":17}],"date":"Dec 30, 2021, 1:20:16 PM"}
{"name":"Aberrant spectre","level":96,"killCount":-1,"type":"NPC","drops":[{"name":"Grimy marrentill","id":201,"quantity":1,"price":17}],"date":"Dec 30, 2021, 1:20:33 PM"}
{"name":"Aberrant spectre","level":96,"killCount":-1,"type":"NPC","drops":[{"name":"Steel axe","id":1353,"quantity":1,"price":63}],"date":"Dec 30, 2021, 1:20:51 PM"}
{"name":"Aberrant spectre","level":96,"killCount":-1,"type":"NPC","drops":[{"name":"Grimy harralander","id":205,"quantity":1,"price":698},{"name":"Grimy guam leaf","id":199,"quantity":1,"price":28}],"date":"Dec 30, 2021, 1:21:06 PM"}
{"name":"Aberrant spectre","level":96,"killCount":-1,"type":"NPC","drops":[{"name":"Grimy guam leaf","id":199,"quantity":1,"price":28}],"date":"Dec 30, 2021, 1:21:20 PM"}
{"name":"Aberrant spectre","level":96,"killCount":-1,"type":"NPC","drops":[{"name":"Grimy guam leaf","id":199,"quantity":1,"price":28}],"date":"Dec 30, 2021, 1:21:33 PM"}
{"name":"Aberrant spectre","level":96,"killCount":-1,"type":"NPC","drops":[{"name":"Grimy tarromin","id":203,"quantity":1,"price":121}],"date":"Dec 30, 2021, 1:21:47 PM"}
{"name":"Aberrant spectre","level":96,"killCount":-1,"type":"NPC","drops":[{"name":"Grimy avantoe","id":211,"quantity":1,"price":1679},{"name":"Grimy dwarf weed","id":217,"quantity":1,"price":1197}],"date":"Dec 30, 2021, 1:22:00 PM"}
{"name":"Aberrant spectre","level":96,"killCount":-1,"type":"NPC","drops":[{"name":"Grimy guam leaf","id":199,"quantity":1,"price":28},{"name":"Grimy lantadyme","id":2485,"quantity":1,"price":1444}],"date":"Dec 30, 2021, 1:22:14 PM"}
{"name":"Aberrant spectre","level":96,"killCount":-1,"type":"NPC","drops":[{"name":"Grimy marrentill","id":201,"quantity":1,"price":17}],"date":"Dec 30, 2021, 1:22:35 PM"}
{"name":"Aberrant spectre","level":96,"killCount":-1,"type":"NPC","drops":[{"name":"Grimy marrentill","id":201,"quantity":1,"price":17},{"name":"Grimy guam leaf","id":199,"quantity":1,"price":28},{"name":"Grimy kwuarm","id":213,"quantity":1,"price":1605}],"date":"Dec 30, 2021, 1:22:47 PM"}
{"name":"Aberrant spectre","level":96,"killCount":-1,"type":"NPC","drops":[{"name":"Belladonna seed","id":5281,"quantity":1,"price":70}],"date":"Dec 30, 2021, 1:22:59 PM"}
{"name":"Aberrant spectre","level":96,"killCount":-1,"type":"NPC","drops":[{"name":"Grimy guam leaf","id":199,"quantity":1,"price":28},{"name":"Grimy tarromin","id":203,"quantity":1,"price":121},{"name":"Grimy tarromin","id":203,"quantity":1,"price":121}],"date":"Dec 30, 2021, 1:23:24 PM"}
{"name":"Aberrant spectre","level":96,"killCount":-1,"type":"NPC","drops":[{"name":"Grimy marrentill","id":201,"quantity":1,"price":17}],"date":"Dec 30, 2021, 1:23:32 PM"}
{"name":"Aberrant spectre","level":96,"killCount":-1,"type":"NPC","drops":[{"name":"Grimy guam leaf","id":199,"quantity":1,"price":28}],"date":"Dec 30, 2021, 1:23:48 PM"}
{"name":"Aberrant spectre","level":96,"killCount":-1,"type":"NPC","drops":[{"name":"Grimy irit leaf","id":209,"quantity":1,"price":566},{"name":"Grimy tarromin","id":203,"quantity":1,"price":121},{"name":"Grimy avantoe","id":211,"quantity":1,"price":1679}],"date":"Dec 30, 2021, 1:24:03 PM"}
{"name":"Aberrant spectre","level":96,"killCount":-1,"type":"NPC","drops":[{"name":"Belladonna seed","id":5281,"quantity":1,"price":70}],"date":"Dec 30, 2021, 1:24:30 PM"}
{"name":"Aberrant spectre","level":96,"killCount":-1,"type":"NPC","drops":[{"name":"Grimy ranarr weed","id":207,"quantity":1,"price":7264},{"name":"Grimy tarromin","id":203,"quantity":1,"price":121}],"date":"Dec 30, 2021, 1:24:42 PM"}
{"name":"Aberrant spectre","level":96,"killCount":-1,"type":"NPC","drops":[{"name":"Grimy guam leaf","id":199,"quantity":1,"price":28},{"name":"Grimy guam leaf","id":199,"quantity":1,"price":28}],"date":"Dec 30, 2021, 1:24:59 PM"}
{"name":"Aberrant spectre","level":96,"killCount":-1,"type":"NPC","drops":[{"name":"Grimy dwarf weed","id":217,"quantity":1,"price":1197},{"name":"Grimy guam leaf","id":199,"quantity":1,"price":28}],"date":"Dec 30, 2021, 1:25:09 PM"}
{"name":"Aberrant spectre","level":96,"killCount":-1,"type":"NPC","drops":[{"name":"Grimy marrentill","id":201,"quantity":1,"price":17},{"name":"Grimy marrentill","id":201,"quantity":1,"price":17},{"name":"Grimy marrentill","id":201,"quantity":1,"price":17}],"date":"Dec 30, 2021, 1:25:27 PM"}
{"name":"Aberrant spectre","level":96,"killCount":-1,"type":"NPC","drops":[{"name":"Grimy tarromin","id":203,"quantity":1,"price":121},{"name":"Grimy harralander","id":205,"quantity":1,"price":698}],"date":"Dec 30, 2021, 1:25:54 PM"}
{"name":"Aberrant spectre","level":96,"killCount":-1,"type":"NPC","drops":[{"name":"Grimy guam leaf","id":199,"quantity":1,"price":28}],"date":"Dec 30, 2021, 1:26:09 PM"}
{"name":"Aberrant spectre","level":96,"killCount":-1,"type":"NPC","drops":[{"name":"Grimy guam leaf","id":199,"quantity":1,"price":28}],"date":"Dec 30, 2021, 1:26:21 PM"}
{"name":"Aberrant spectre","level":96,"killCount":-1,"type":"NPC","drops":[{"name":"Grimy guam leaf","id":199,"quantity":1,"price":28},{"name":"Grimy marrentill","id":201,"quantity":1,"price":17}],"date":"Dec 30, 2021, 1:26:35 PM"}
{"name":"Aberrant spectre","level":96,"killCount":-1,"type":"NPC","drops":[{"name":"Grimy avantoe","id":211,"quantity":1,"price":1679},{"name":"Grimy harralander","id":205,"quantity":1,"price":698}],"date":"Dec 30, 2021, 1:26:53 PM"}
{"name":"Aberrant spectre","level":96,"killCount":-1,"type":"NPC","drops":[{"name":"Grimy tarromin","id":203,"quantity":1,"price":121}],"date":"Dec 30, 2021, 1:27:00 PM"}
{"name":"Aberrant spectre","level":96,"killCount":-1,"type":"NPC","drops":[{"name":"Grimy cadantine","id":215,"quantity":1,"price":1398}],"date":"Dec 30, 2021, 1:27:20 PM"}
{"name":"Aberrant spectre","level":96,"killCount":-1,"type":"NPC","drops":[{"name":"Poison ivy seed","id":5106,"quantity":1,"price":15}],"date":"Dec 30, 2021, 1:27:28 PM"}
{"name":"Aberrant spectre","level":96,"killCount":-1,"type":"NPC","drops":[{"name":"Steel axe","id":1353,"quantity":1,"price":63}],"date":"Dec 30, 2021, 1:27:50 PM"}
{"name":"Aberrant spectre","level":96,"killCount":-1,"type":"NPC","drops":[{"name":"Grimy guam leaf","id":199,"quantity":1,"price":28},{"name":"Grimy ranarr weed","id":207,"quantity":1,"price":7264},{"name":"Grimy tarromin","id":203,"quantity":1,"price":121}],"date":"Dec 30, 2021, 1:28:02 PM"}
{"name":"Aberrant spectre","level":96,"killCount":-1,"type":"NPC","drops":[{"name":"Grimy ranarr weed","id":207,"quantity":1,"price":7264},{"name":"Grimy ranarr weed","id":207,"quantity":1,"price":7264}],"date":"Dec 30, 2021, 1:28:31 PM"}
{"name":"Aberrant spectre","level":96,"killCount":-1,"type":"NPC","drops":[{"name":"Poison ivy seed","id":5106,"quantity":1,"price":15}],"date":"Dec 30, 2021, 1:28:44 PM"}
{"name":"Aberrant spectre","level":96,"killCount":-1,"type":"NPC","drops":[{"name":"Grimy irit leaf","id":209,"quantity":1,"price":566},{"name":"Grimy marrentill","id":201,"quantity":1,"price":17}],"date":"Dec 30, 2021, 1:28:57 PM"}
{"name":"Aberrant spectre","level":96,"killCount":-1,"type":"NPC","drops":[{"name":"Irit seed","id":5297,"quantity":1,"price":41}],"date":"Dec 30, 2021, 1:29:29 PM"}
{"name":"Aberrant spectre","level":96,"killCount":-1,"type":"NPC","drops":[{"name":"Grimy marrentill","id":201,"quantity":1,"price":17}],"date":"Dec 30, 2021, 1:29:44 PM"}
{"name":"Aberrant spectre","level":96,"killCount":-1,"type":"NPC","drops":[{"name":"Lava battlestaff","id":3053,"quantity":1,"price":9172}],"date":"Dec 30, 2021, 1:30:02 PM"}
{"name":"Aberrant spectre","level":96,"killCount":-1,"type":"NPC","drops":[{"name":"Grimy tarromin","id":203,"quantity":1,"price":121}],"date":"Dec 30, 2021, 1:30:19 PM"}
{"name":"Aberrant spectre","level":96,"killCount":-1,"type":"NPC","drops":[{"name":"Grimy harralander","id":205,"quantity":1,"price":698}],"date":"Dec 30, 2021, 1:30:47 PM"}
{"name":"Aberrant spectre","level":96,"killCount":-1,"type":"NPC","drops":[{"name":"Kwuarm seed","id":5299,"quantity":1,"price":223}],"date":"Dec 30, 2021, 1:30:58 PM"}
{"name":"Aberrant spectre","level":96,"killCount":-1,"type":"NPC","drops":[{"name":"Grimy marrentill","id":201,"quantity":1,"price":17},{"name":"Grimy tarromin","id":203,"quantity":1,"price":121}],"date":"Dec 30, 2021, 1:31:11 PM"}
{"name":"Aberrant spectre","level":96,"killCount":-1,"type":"NPC","drops":[{"name":"Grimy tarromin","id":203,"quantity":1,"price":121},{"name":"Grimy harralander","id":205,"quantity":1,"price":698}],"date":"Dec 30, 2021, 1:31:19 PM"}
{"name":"Aberrant spectre","level":96,"killCount":-1,"type":"NPC","drops":[{"name":"Belladonna seed","id":5281,"quantity":1,"price":70}],"date":"Dec 30, 2021, 1:31:31 PM"}
{"name":"Aberrant spectre","level":96,"killCount":-1,"type":"NPC","drops":[{"name":"Grimy tarromin","id":203,"quantity":1,"price":121}],"date":"Dec 30, 2021, 1:31:44 PM"}
{"name":"Aberrant spectre","level":96,"killCount":-1,"type":"NPC","drops":[{"name":"Uncut sapphire","id":1623,"quantity":1,"price":350}],"date":"Dec 30, 2021, 1:32:05 PM"}
{"name":"Aberrant spectre","level":96,"killCount":-1,"type":"NPC","drops":[{"name":"Grimy avantoe","id":211,"quantity":1,"price":1679}],"date":"Dec 30, 2021, 1:32:16 PM"}
{"name":"Aberrant spectre","level":96,"killCount":-1,"type":"NPC","drops":[{"name":"Grimy guam leaf","id":199,"quantity":1,"price":28}],"date":"Dec 30, 2021, 1:32:29 PM"}
{"name":"Aberrant spectre","level":96,"killCount":-1,"type":"NPC","drops":[{"name":"Grimy ranarr weed","id":207,"quantity":1,"price":7264}],"date":"Dec 30, 2021, 1:32:45 PM"}
{"name":"Aberrant spectre","level":96,"killCount":-1,"type":"NPC","drops":[{"name":"Grimy guam leaf","id":199,"quantity":1,"price":28},{"name":"Grimy dwarf weed","id":217,"quantity":1,"price":1197}],"date":"Dec 30, 2021, 1:33:01 PM"}
{"name":"Aberrant spectre","level":96,"killCount":-1,"type":"NPC","drops":[{"name":"Grimy tarromin","id":203,"quantity":1,"price":121},{"name":"Grimy marrentill","id":201,"quantity":1,"price":17},{"name":"Grimy guam leaf","id":199,"quantity":1,"price":28}],"date":"Dec 30, 2021, 1:33:12 PM"}
{"name":"Aberrant spectre","level":96,"killCount":-1,"type":"NPC","drops":[{"name":"Grimy marrentill","id":201,"quantity":1,"price":17},{"name":"Grimy guam leaf","id":199,"quantity":1,"price":28}],"date":"Dec 30, 2021, 1:33:31 PM"}
{"name":"Aberrant spectre","level":96,"killCount":-1,"type":"NPC","drops":[{"name":"Grimy guam leaf","id":199,"quantity":1,"price":28}],"date":"Dec 30, 2021, 1:33:45 PM"}
{"name":"Aberrant spectre","level":96,"killCount":-1,"type":"NPC","drops":[{"name":"Poison ivy seed","id":5106,"quantity":1,"price":15}],"date":"Dec 30, 2021, 1:34:10 PM"}
{"name":"Aberrant spectre","level":96,"killCount":-1,"type":"NPC","drops":[{"name":"Toadflax seed","id":5296,"quantity":1,"price":2630}],"date":"Dec 30, 2021, 1:34:23 PM"}
{"name":"Aberrant spectre","level":96,"killCount":-1,"type":"NPC","drops":[{"name":"Grimy cadantine","id":215,"quantity":1,"price":1398}],"date":"Dec 30, 2021, 1:34:29 PM"}
{"name":"Aberrant spectre","level":96,"killCount":-1,"type":"NPC","drops":[{"name":"Grimy marrentill","id":201,"quantity":1,"price":17},{"name":"Grimy tarromin","id":203,"quantity":1,"price":121}],"date":"Dec 30, 2021, 1:34:52 PM"}
{"name":"Aberrant spectre","level":96,"killCount":-1,"type":"NPC","drops":[{"name":"Grimy tarromin","id":203,"quantity":1,"price":121},{"name":"Grimy irit leaf","id":209,"quantity":1,"price":566}],"date":"Dec 30, 2021, 1:35:01 PM"}
{"name":"Aberrant spectre","level":96,"killCount":-1,"type":"NPC","drops":[{"name":"Coins","id":995,"quantity":460,"price":1}],"date":"Dec 30, 2021, 1:35:13 PM"}
{"name":"Aberrant spectre","level":96,"killCount":-1,"type":"NPC","drops":[{"name":"Grimy lantadyme","id":2485,"quantity":1,"price":1444},{"name":"Grimy guam leaf","id":199,"quantity":1,"price":28}],"date":"Dec 30, 2021, 1:35:44 PM"}
{"name":"Aberrant spectre","level":96,"killCount":-1,"type":"NPC","drops":[{"name":"Grimy tarromin","id":203,"quantity":1,"price":121}],"date":"Dec 30, 2021, 1:36:02 PM"}
{"name":"Aberrant spectre","level":96,"killCount":-1,"type":"NPC","drops":[{"name":"Grimy avantoe","id":211,"quantity":1,"price":1679},{"name":"Grimy tarromin","id":203,"quantity":1,"price":121}],"date":"Dec 30, 2021, 1:36:17 PM"}
{"name":"Aberrant spectre","level":96,"killCount":-1,"type":"NPC","drops":[{"name":"Grimy marrentill","id":201,"quantity":1,"price":17}],"date":"Dec 30, 2021, 1:36:35 PM"}
{"name":"Aberrant spectre","level":96,"killCount":-1,"type":"NPC","drops":[{"name":"Toadflax seed","id":5296,"quantity":1,"price":2630}],"date":"Dec 30, 2021, 1:37:07 PM"}
{"name":"Aberrant spectre","level":96,"killCount":-1,"type":"NPC","drops":[{"name":"Grimy marrentill","id":201,"quantity":1,"price":17}],"date":"Dec 30, 2021, 1:37:22 PM"}
{"name":"Aberrant spectre","level":96,"killCount":-1,"type":"NPC","drops":[{"name":"Grimy cadantine","id":215,"quantity":1,"price":1398},{"name":"Grimy guam leaf","id":199,"quantity":1,"price":28}],"date":"Dec 30, 2021, 1:37:38 PM"}
{"name":"Aberrant spectre","level":96,"killCount":-1,"type":"NPC","drops":[{"name":"Grimy guam leaf","id":199,"quantity":1,"price":28},{"name":"Grimy avantoe","id":211,"quantity":1,"price":1679}],"date":"Dec 30, 2021, 1:38:18 PM"}
{"name":"Aberrant spectre","level":96,"killCount":-1,"type":"NPC","drops":[{"name":"Grimy marrentill","id":201,"quantity":1,"price":17}],"date":"Dec 30, 2021, 1:38:28 PM"}
{"name":"Aberrant spectre","level":96,"killCount":-1,"type":"NPC","drops":[{"name":"Grimy marrentill","id":201,"quantity":1,"price":17},{"name":"Grimy tarromin","id":203,"quantity":1,"price":121}],"date":"Dec 30, 2021, 1:38:46 PM"}
{"name":"Aberrant spectre","level":96,"killCount":-1,"type":"NPC","drops":[{"name":"Grimy guam leaf","id":199,"quantity":1,"price":28},{"name":"Grimy avantoe","id":211,"quantity":1,"price":1679}],"date":"Dec 30, 2021, 1:39:05 PM"}
{"name":"Aberrant spectre","level":96,"killCount":-1,"type":"NPC","drops":[{"name":"Grimy ranarr weed","id":207,"quantity":1,"price":7264},{"name":"Grimy kwuarm","id":213,"quantity":1,"price":1605}],"date":"Dec 30, 2021, 1:39:23 PM"}
{"name":"Aberrant spectre","level":96,"killCount":-1,"type":"NPC","drops":[{"name":"Toadflax seed","id":5296,"quantity":1,"price":2630}],"date":"Dec 30, 2021, 1:39:46 PM"}
{"name":"Aberrant spectre","level":96,"killCount":-1,"type":"NPC","drops":[{"name":"Grimy irit leaf","id":209,"quantity":1,"price":566}],"date":"Dec 30, 2021, 1:40:04 PM"}
{"name":"Aberrant spectre","level":96,"killCount":-1,"type":"NPC","drops":[{"name":"Grimy tarromin","id":203,"quantity":1,"price":121}],"date":"Dec 30, 2021, 1:40:14 PM"}
{"name":"Aberrant spectre","level":96,"killCount":-1,"type":"NPC","drops":[{"name":"Grimy ranarr weed","id":207,"quantity":1,"price":7264},{"name":"Grimy harralander","id":205,"quantity":1,"price":698},{"name":"Grimy avantoe","id":211,"quantity":1,"price":1679}],"date":"Dec 30, 2021, 1:40:21 PM"}
{"name":"Aberrant spectre","level":96,"killCount":-1,"type":"NPC","drops":[{"name":"Uncut sapphire","id":1623,"quantity":1,"price":350}],"date":"Dec 30, 2021, 1:40:34 PM"}
{"name":"Aberrant spectre","level":96,"killCount":-1,"type":"NPC","drops":[{"name":"Grimy cadantine","id":215,"quantity":1,"price":1398}],"date":"Dec 30, 2021, 1:40:46 PM"}
{"name":"Aberrant spectre","level":96,"killCount":-1,"type":"NPC","drops":[{"name":"Grimy harralander","id":205,"quantity":1,"price":698}],"date":"Dec 30, 2021, 1:41:01 PM"}
{"name":"Aberrant spectre","level":96,"killCount":-1,"type":"NPC","drops":[{"name":"Grimy avantoe","id":211,"quantity":1,"price":1679},{"name":"Grimy tarromin","id":203,"quantity":1,"price":121},{"name":"Grimy cadantine","id":215,"quantity":1,"price":1398}],"date":"Dec 30, 2021, 1:41:12 PM"}
{"name":"Aberrant spectre","level":96,"killCount":-1,"type":"NPC","drops":[{"name":"Grimy tarromin","id":203,"quantity":1,"price":121}],"date":"Dec 30, 2021, 1:41:23 PM"}
{"name":"Aberrant spectre","level":96,"killCount":-1,"type":"NPC","drops":[{"name":"Grimy marrentill","id":201,"quantity":1,"price":17},{"name":"Grimy guam leaf","id":199,"quantity":1,"price":28}],"date":"Dec 30, 2021, 1:41:59 PM"}
{"name":"Aberrant spectre","level":96,"killCount":-1,"type":"NPC","drops":[{"name":"Grimy harralander","id":205,"quantity":1,"price":698}],"date":"Dec 30, 2021, 1:42:13 PM"}
{"name":"Aberrant spectre","level":96,"killCount":-1,"type":"NPC","drops":[{"name":"Grimy guam leaf","id":199,"quantity":1,"price":28}],"date":"Dec 30, 2021, 1:42:31 PM"}
{"name":"Aberrant spectre","level":96,"killCount":-1,"type":"NPC","drops":[{"name":"Grimy tarromin","id":203,"quantity":1,"price":121}],"date":"Dec 30, 2021, 1:42:44 PM"}
{"name":"Aberrant spectre","level":96,"killCount":-1,"type":"NPC","drops":[{"name":"Steel axe","id":1353,"quantity":1,"price":63}],"date":"Dec 30, 2021, 1:42:53 PM"}
{"name":"Aberrant spectre","level":96,"killCount":-1,"type":"NPC","drops":[{"name":"Grimy marrentill","id":201,"quantity":1,"price":17},{"name":"Grimy irit leaf","id":209,"quantity":1,"price":566}],"date":"Dec 30, 2021, 1:43:11 PM"}
{"name":"Aberrant spectre","level":96,"killCount":-1,"type":"NPC","drops":[{"name":"Adamant platelegs","id":1073,"quantity":1,"price":3508}],"date":"Dec 30, 2021, 1:43:30 PM"}
{"name":"Aberrant spectre","level":96,"killCount":-1,"type":"NPC","drops":[{"name":"Grimy dwarf weed","id":217,"quantity":1,"price":1197},{"name":"Grimy ranarr weed","id":207,"quantity":1,"price":7264}],"date":"Dec 30, 2021, 1:43:51 PM"}
{"name":"Aberrant spectre","level":96,"killCount":-1,"type":"NPC","drops":[{"name":"Grimy marrentill","id":201,"quantity":1,"price":17},{"name":"Grimy harralander","id":205,"quantity":1,"price":698}],"date":"Dec 30, 2021, 1:44:07 PM"}
{"name":"Aberrant spectre","level":96,"killCount":-1,"type":"NPC","drops":[{"name":"Grimy tarromin","id":203,"quantity":1,"price":121},{"name":"Grimy irit leaf","id":209,"quantity":1,"price":566}],"date":"Dec 30, 2021, 1:44:20 PM"}
{"name":"Aberrant spectre","level":96,"killCount":-1,"type":"NPC","drops":[{"name":"Belladonna seed","id":5281,"quantity":1,"price":70}],"date":"Dec 30, 2021, 1:44:37 PM"}
{"name":"Aberrant spectre","level":96,"killCount":-1,"type":"NPC","drops":[{"name":"Kwuarm seed","id":5299,"quantity":1,"price":223}],"date":"Dec 30, 2021, 1:44:50 PM"}
{"name":"Aberrant spectre","level":96,"killCount":-1,"type":"NPC","drops":[{"name":"Grimy tarromin","id":203,"quantity":1,"price":121},{"name":"Grimy harralander","id":205,"quantity":1,"price":698}],"date":"Dec 30, 2021, 1:45:00 PM"}
