{"name":"Black dragon","level":227,"killCount":-1,"type":"NPC","drops":[{"name":"Dragon bones","id":536,"quantity":1,"price":1808},{"name":"Black dragonhide","id":1747,"quantity":1,"price":3362},{"name":"Mithril axe","id":1355,"quantity":1,"price":93}],"date":"Dec 27, 2021, 4:58:40 PM"}
{"name":"Black dragon","level":227,"killCount":-1,"type":"NPC","drops":[{"name":"Dragon bones","id":536,"quantity":1,"price":1808},{"name":"Black dragonhide","id":1747,"quantity":1,"price":3362},{"name":"Adamant javelin","id":829,"quantity":30,"price":74}],"date":"Dec 27, 2021, 4:59:21 PM"}
{"name":"Black dragon","level":227,"killCount":-1,"type":"NPC","drops":[{"name":"Dragon bones","id":536,"quantity":1,"price":1808},{"name":"Black dragonhide","id":1747,"quantity":1,"price":3362},{"name":"Mithril 2h sword","id":1315,"quantity":1,"price":1278}],"date":"Dec 27, 2021, 5:00:00 PM"}
{"name":"Black dragon","level":227,"killCount":-1,"type":"NPC","drops":[{"name":"Dragon bones","id":536,"quantity":1,"price":1808},{"name":"Black dragonhide","id":1747,"quantity":1,"price":3362},{"name":"Chocolate cake","id":1897,"quantity":1,"price":174}],"date":"Dec 27, 2021, 5:00:48 PM"}
{"name":"Black dragon","level":227,"killCount":-1,"type":"NPC","drops":[{"name":"Dragon bones","id":536,"quantity":1,"price":1808},{"name":"Black dragonhide","id":1747,"quantity":1,"price":3362},{"name":"Fire rune","id":554,"quantity":50,"price":5}],"date":"Dec 27, 2021, 5:01:38 PM"}
{"name":"Black dragon","level":227,"killCount":-1,"type":"NPC","drops":[{"name":"Dragon bones","id":536,"quantity":1,"price":1808},{"name":"Black dragonhide","id":1747,"quantity":1,"price":3362},{"name":"Mithril 2h sword","id":1315,"quantity":1,"price":1278}],"date":"Dec 27, 2021, 5:02:09 PM"}
{"name":"Black dragon","level":227,"killCount":-1,"type":"NPC","drops":[{"name":"Dragon bones","id":536,"quantity":1,"price":1808},{"name":"Black dragonhide","id":1747,"quantity":1,"price":3362},{"name":"Chocolate cake","id":1897,"quantity":1,"price":174}],"date":"Dec 27, 2021, 5:02:39 PM"}
{"name":"Black dragon","level":227,"killCount":-1,"type":"NPC","drops":[{"name":"Dragon bones","id":536,"quantity":1,"price":1808},{"name":"Black dragonhide","id":1747,"quantity":1,"price":3362},{"name":"Coins","id":995,"quantity":196,"price":1}],"date":"Dec 27, 2021, 5:03:20 PM"}
{"name":"Black dragon","level":227,"killCount":-1,"type":"NPC","drops":[{"name":"Dragon bones","id":536,"quantity":1,"price":1808},{"name":"Black dragonhide","id":1747,"quantity":1,"price":3362}],"date":"Dec 27, 2021, 5:03:48 PM"}
{"name":"Black dragon","level":227,"killCount":-1,"type":"NPC","drops":[{"name":"Dragon bones","id":536,"quantity":1,"price":1808},{"name":"Black dragonhide","id":1747,"quantity":1,"price":3362},{"name":"Law rune","id":563,"quantity":10,"price":174}],"date":"Dec 27, 2021, 5:04:33 PM"}
{"name":"Black dragon","level":227,"killCount":-1,"type":"NPC","drops":[{"name":"Dragon bones","id":536,"quantity":1,"price":1808},{"name":"Black dragonhide","id":1747,"quantity":1,"price":3362},{"name":"Coins","id":995,"quantity":330,"price":1}],"date":"Dec 27, 2021, 5:05:11 PM"}
{"name":"Black dragon","level":227,"killCount":-1,"type":"NPC","drops":[{"name":"Dragon bones","id":536,"quantity":1,"price":1808},{"name":"Black dragonhide","id":1747,"quantity":1,"price":3362},{"name":"Fire rune","id":554,"quantity":50,"price":5}],"date":"Dec 27, 2021, 5:05:44 PM"}
{"name":"Black dragon","level":227,"killCount":-1,"type":"NPC","drops":[{"name":"Dragon bones","id":536,"quantity":1,"price":1808},{"name":"Black dragonhide","id":1747,"quantity":1,"price":3362},{"name":"Coins","id":995,"quantity":3000,"price":1}],"date":"Dec 27, 2021, 5:06:35 PM"}
{"name":"Black dragon","level":227,"killCount":-1,"type":"NPC","drops":[{"name":"Dragon bones","id":536,"quantity":1,"price":1808},{"name":"Black dragonhide","id":1747,"quantity":1,"price":3362},{"name":"Coins","id":995,"quantity":196,"price":1}],"date":"Dec 27, 2021, 5:07:18 PM"}
{"name":"Black dragon","level":227,"killCount":-1,"type":"NPC","drops":[{"name":"Dragon bones","id":536,"quantity":1,"price":1808},{"name":"Black dragonhide","id":1747,"quantity":1,"price":3362},{"name":"Coins","id":995,"quantity":196,"price":1}],"date":"Dec 27, 2021, 5:08:03 PM"}
{"name":"Black dragon","level":227,"killCount":-1,"type":"NPC","drops":[{"name":"Dragon bones","id":536,"quantity":1,"price":1808},{"name":"Black dragonhide","id":1747,"quantity":1,"price":3362},{"name":"Fire rune","id":554,"quantity":50,"price":5}],"date":"Dec 27, 2021, 5:08:20 PM"}
{"name":"Black dragon","level":227,"killCount":-1,"type":"NPC","drops":[{"name":"Dragon bones","id":536,"quantity":1,"price":1895},{"name":"Black dragonhide","id":1747,"quantity":1,"price":3521},{"name":"Fire rune","id":554,"quantity":50,"price":4}],"date":"Dec 30, 2021, 2:09:30 PM"}
{"name":"Black dragon","level":227,"killCount":-1,"type":"NPC","drops":[{"name":"Dragon bones","id":536,"quantity":1,"price":1895},{"name":"Black dragonhide","id":1747,"quantity":1,"price":3521},{"name":"Coins","id":995,"quantity":196,"price":1}],"date":"Dec 30, 2021, 2:09:55 PM"}
{"name":"Black dragon","level":227,"killCount":-1,"type":"NPC","drops":[{"name":"Dragon bones","id":536,"quantity":1,"price":1895},{"name":"Black dragonhide","id":1747,"quantity":1,"price":3521},{"name":"Uncut sapphire","id":1623,"quantity":1,"price":350}],"date":"Dec 30, 2021, 2:10:46 PM"}
{"name":"Black dragon","level":227,"killCount":-1,"type":"NPC","drops":[{"name":"Dragon bones","id":536,"quantity":1,"price":1895},{"name":"Black dragonhide","id":1747,"quantity":1,"price":3521},{"name":"Adamant javelin","id":829,"quantity":30,"price":82}],"date":"Dec 30, 2021, 2:11:27 PM"}
{"name":"Black dragon","level":227,"killCount":-1,"type":"NPC","drops":[{"name":"Dragon bones","id":536,"quantity":1,"price":1895},{"name":"Black dragonhide","id":1747,"quantity":1,"price":3521},{"name":"Rune knife","id":868,"quantity":2,"price":304}],"date":"Dec 30, 2021, 2:12:01 PM"}
{"name":"Black dragon","level":227,"killCount":-1,"type":"NPC","drops":[{"name":"Dragon bones","id":536,"quantity":1,"price":1895},{"name":"Black dragonhide","id":1747,"quantity":1,"price":3521},{"name":"Coins","id":995,"quantity":196,"price":1}],"date":"Dec 30, 2021, 2:12:56 PM"}
{"name":"Black dragon","level":227,"killCount":-1,"type":"NPC","drops":[{"name":"Dragon bones","id":536,"quantity":1,"price":1895},{"name":"Black dragonhide","id":1747,"quantity":1,"price":3521},{"name":"Adamant javelin","id":829,"quantity":30,"price":82}],"date":"Dec 30, 2021, 2:13:18 PM"}
{"name":"Black dragon","level":227,"killCount":-1,"type":"NPC","drops":[{"name":"Dragon bones","id":536,"quantity":1,"price":1895},{"name":"Black dragonhide","id":1747,"quantity":1,"price":3521},{"name":"Coins","id":995,"quantity":196,"price":1}],"date":"Dec 30, 2021, 2:13:54 PM"}
{"name":"Black dragon","level":227,"killCount":-1,"type":"NPC","drops":[{"name":"Dragon bones","id":536,"quantity":1,"price":1895},{"name":"Black dragonhide","id":1747,"quantity":1,"price":3521},{"name":"Adamant javelin","id":829,"quantity":30,"price":82}],"date":"Dec 30, 2021, 2:14:38 PM"}
{"name":"Black dragon","level":227,"killCount":-1,"type":"NPC","drops":[{"name":"Dragon bones","id":536,"quantity":1,"price":1895},{"name":"Black dragonhide","id":1747,"quantity":1,"price":3521},{"name":"Coins","id":995,"quantity":330,"price":1}],"date":"Dec 30, 2021, 2:14:59 PM"}
{"name":"Black dragon","level":227,"killCount":-1,"type":"NPC","drops":[{"name":"Dragon bones","id":536,"quantity":1,"price":1895},{"name":"Black dragonhide","id":1747,"quantity":1,"price":3521},{"name":"Coins","id":995,"quantity":690,"price":1}],"date":"Dec 30, 2021, 2:15:31 PM"}
{"name":"Black dragon","level":227,"killCount":-1,"type":"NPC","drops":[{"name":"Dragon bones","id":536,"quantity":1,"price":1895},{"name":"Black dragonhide","id":1747,"quantity":1,"price":3521},{"name":"Coins","id":995,"quantity":196,"price":1}],"date":"Dec 30, 2021, 2:15:57 PM"}
{"name":"Black dragon","level":227,"killCount":-1,"type":"NPC","drops":[{"name":"Dragon bones","id":536,"quantity":1,"price":1895},{"name":"Black dragonhide","id":1747,"quantity":1,"price":3521},{"name":"Coins","id":995,"quantity":330,"price":1}],"date":"Dec 30, 2021, 2:16:54 PM"}
{"name":"Black dragon","level":227,"killCount":-1,"type":"NPC","drops":[{"name":"Dragon bones","id":536,"quantity":1,"price":1895},{"name":"Black dragonhide","id":1747,"quantity":1,"price":3521},{"name":"Adamant javelin","id":829,"quantity":30,"price":82}],"date":"Dec 30, 2021, 2:17:27 PM"}
{"name":"Black dragon","level":227,"killCount":-1,"type":"NPC","drops":[{"name":"Dragon bones","id":536,"quantity":1,"price":1895},{"name":"Black dragonhide","id":1747,"quantity":1,"price":3521},{"name":"Ensouled dragon head","id":13510,"quantity":1,"price":4692},{"name":"Air rune","id":556,"quantity":75,"price":4}],"date":"Dec 30, 2021, 2:18:14 PM"}
{"name":"Black dragon","level":227,"killCount":-1,"type":"NPC","drops":[{"name":"Dragon bones","id":536,"quantity":1,"price":1895},{"name":"Black dragonhide","id":1747,"quantity":1,"price":3521},{"name":"Adamant javelin","id":829,"quantity":30,"price":82}],"date":"Dec 30, 2021, 2:18:51 PM"}
{"name":"Black dragon","level":227,"killCount":-1,"type":"NPC","drops":[{"name":"Dragon bones","id":536,"quantity":1,"price":1895},{"name":"Black dragonhide","id":1747,"quantity":1,"price":3521},{"name":"Chocolate cake","id":1897,"quantity":1,"price":194}],"date":"Dec 30, 2021, 2:19:19 PM"}
{"name":"Black dragon","level":227,"killCount":-1,"type":"NPC","drops":[{"name":"Dragon bones","id":536,"quantity":1,"price":1895},{"name":"Black dragonhide","id":1747,"quantity":1,"price":3521},{"name":"Adamant javelin","id":829,"quantity":30,"price":82}],"date":"Dec 30, 2021, 2:19:51 PM"}
{"name":"Black dragon","level":227,"killCount":-1,"type":"NPC","drops":[{"name":"Dragon bones","id":536,"quantity":1,"price":1870},{"name":"Black dragonhide","id":1747,"quantity":1,"price":3410},{"name":"Adamant javelin","id":829,"quantity":30,"price":83}],"date":"Dec 31, 2021, 2:20:24 AM"}
{"name":"Black dragon","level":227,"killCount":-1,"type":"NPC","drops":[{"name":"Dragon bones","id":536,"quantity":1,"price":1870},{"name":"Black dragonhide","id":1747,"quantity":1,"price":3410},{"name":"Coins","id":995,"quantity":196,"price":1}],"date":"Dec 31, 2021, 2:20:52 AM"}
{"name":"Black dragon","level":227,"killCount":-1,"type":"NPC","drops":[{"name":"Dragon bones","id":536,"quantity":1,"price":1870},{"name":"Black dragonhide","id":1747,"quantity":1,"price":3410},{"name":"Adamant javelin","id":829,"quantity":30,"price":83}],"date":"Dec 31, 2021, 2:21:24 AM"}
{"name":"Black dragon","level":227,"killCount":-1,"type":"NPC","drops":[{"name":"Dragon bones","id":536,"quantity":1,"price":1870},{"name":"Black dragonhide","id":1747,"quantity":1,"price":3410},{"name":"Rune knife","id":868,"quantity":2,"price":319}],"date":"Dec 31, 2021, 2:21:54 AM"}
{"name":"Black dragon","level":227,"killCount":-1,"type":"NPC","drops":[{"name":"Dragon bones","id":536,"quantity":1,"price":1870},{"name":"Black dragonhide","id":1747,"quantity":1,"price":3410},{"name":"Adamant dart(p)","id":816,"quantity":16,"price":38}],"date":"Dec 31, 2021, 2:22:18 AM"}
{"name":"Black dragon","level":227,"killCount":-1,"type":"NPC","drops":[{"name":"Dragon bones","id":536,"quantity":1,"price":1870},{"name":"Black dragonhide","id":1747,"quantity":1,"price":3410},{"name":"Mithril 2h sword","id":1315,"quantity":1,"price":1269}],"date":"Dec 31, 2021, 2:22:56 AM"}
{"name":"Black dragon","level":227,"killCount":-1,"type":"NPC","drops":[{"name":"Dragon bones","id":536,"quantity":1,"price":1870},{"name":"Black dragonhide","id":1747,"quantity":1,"price":3410},{"name":"Adamant javelin","id":829,"quantity":30,"price":83}],"date":"Dec 31, 2021, 2:23:40 AM"}
{"name":"Black dragon","level":227,"killCount":-1,"type":"NPC","drops":[{"name":"Dragon bones","id":536,"quantity":1,"price":1870},{"name":"Black dragonhide","id":1747,"quantity":1,"price":3410},{"name":"Coins","id":995,"quantity":196,"price":1}],"date":"Dec 31, 2021, 2:24:15 AM"}
{"name":"Black dragon","level":227,"killCount":-1,"type":"NPC","drops":[{"name":"Dragon bones","id":536,"quantity":1,"price":1870},{"name":"Black dragonhide","id":1747,"quantity":1,"price":3410},{"name":"Coins","id":995,"quantity":330,"price":1}],"date":"Dec 31, 2021, 2:24:42 AM"}
{"name":"Black dragon","level":227,"killCount":-1,"type":"NPC","drops":[{"name":"Dragon bones","id":536,"quantity":1,"price":1870},{"name":"Black dragonhide","id":1747,"quantity":1,"price":3410},{"name":"Blood rune","id":565,"quantity":15,"price":340}],"date":"Dec 31, 2021, 2:25:15 AM"}
{"name":"Black dragon","level":227,"killCount":-1,"type":"NPC","drops":[{"name":"Dragon bones","id":536,"quantity":1,"price":1900},{"name":"Black dragonhide","id":1747,"quantity":1,"price":3451},{"name":"Coins","id":995,"quantity":196,"price":1}],"date":"Dec 31, 2021, 6:40:54 PM"}
{"name":"Black dragon","level":227,"killCount":-1,"type":"NPC","drops":[{"name":"Dragon bones","id":536,"quantity":1,"price":1900},{"name":"Black dragonhide","id":1747,"quantity":1,"price":3451},{"name":"Dragon javelin heads","id":19582,"quantity":10,"price":991}],"date":"Dec 31, 2021, 6:41:38 PM"}
{"name":"Black dragon","level":227,"killCount":-1,"type":"NPC","drops":[{"name":"Dragon bones","id":536,"quantity":1,"price":1900},{"name":"Black dragonhide","id":1747,"quantity":1,"price":3451},{"name":"Coins","id":995,"quantity":196,"price":1}],"date":"Dec 31, 2021, 6:42:03 PM"}
{"name":"Black dragon","level":227,"killCount":-1,"type":"NPC","drops":[{"name":"Dragon bones","id":536,"quantity":1,"price":1900},{"name":"Black dragonhide","id":1747,"quantity":1,"price":3451},{"name":"Adamant javelin","id":829,"quantity":30,"price":71}],"date":"Dec 31, 2021, 6:42:25 PM"}
{"name":"Black dragon","level":227,"killCount":-1,"type":"NPC","drops":[{"name":"Dragon bones","id":536,"quantity":1,"price":1900},{"name":"Black dragonhide","id":1747,"quantity":1,"price":3451},{"name":"Adamant dart(p)","id":816,"quantity":16,"price":36}],"date":"Dec 31, 2021, 6:43:01 PM"}
{"name":"Black dragon","level":227,"killCount":-1,"type":"NPC","drops":[{"name":"Dragon bones","id":536,"quantity":1,"price":1900},{"name":"Black dragonhide","id":1747,"quantity":1,"price":3451},{"name":"Coins","id":995,"quantity":196,"price":1}],"date":"Dec 31, 2021, 6:43:41 PM"}
{"name":"Black dragon","level":227,"killCount":-1,"type":"NPC","drops":[{"name":"Dragon bones","id":536,"quantity":1,"price":1900},{"name":"Black dragonhide","id":1747,"quantity":1,"price":3451},{"name":"Coins","id":995,"quantity":196,"price":1}],"date":"Dec 31, 2021, 6:44:14 PM"}
{"name":"Black dragon","level":227,"killCount":-1,"type":"NPC","drops":[{"name":"Dragon bones","id":536,"quantity":1,"price":1900},{"name":"Black dragonhide","id":1747,"quantity":1,"price":3451},{"name":"Dragon javelin heads","id":19582,"quantity":10,"price":991}],"date":"Dec 31, 2021, 6:44:32 PM"}
{"name":"Black dragon","level":227,"killCount":-1,"type":"NPC","drops":[{"name":"Dragon bones","id":536,"quantity":1,"price":1900},{"name":"Black dragonhide","id":1747,"quantity":1,"price":3451},{"name":"Coins","id":995,"quantity":196,"price":1}],"date":"Dec 31, 2021, 6:45:10 PM"}
{"name":"Black dragon","level":227,"killCount":-1,"type":"NPC","drops":[{"name":"Dragon bones","id":536,"quantity":1,"price":1900},{"name":"Black dragonhide","id":1747,"quantity":1,"price":3451},{"name":"Coins","id":995,"quantity":196,"price":1}],"date":"Dec 31, 2021, 6:45:39 PM"}
{"name":"Black dragon","level":227,"killCount":-1,"type":"NPC","drops":[{"name":"Dragon bones","id":536,"quantity":1,"price":1900},{"name":"Black dragonhide","id":1747,"quantity":1,"price":3451},{"name":"Ensouled dragon head","id":13510,"quantity":1,"price":4907},{"name":"Coins","id":995,"quantity":196,"price":1}],"date":"Dec 31, 2021, 6:46:12 PM"}
{"name":"Black dragon","level":227,"killCount":-1,"type":"NPC","drops":[{"name":"Dragon bones","id":536,"quantity":1,"price":1900},{"name":"Black dragonhide","id":1747,"quantity":1,"price":3451},{"name":"Mithril 2h sword","id":1315,"quantity":1,"price":1275}],"date":"Dec 31, 2021, 6:46:42 PM"}
{"name":"Black dragon","level":227,"killCount":-1,"type":"NPC","drops":[{"name":"Dragon bones","id":536,"quantity":1,"price":1900},{"name":"Black dragonhide","id":1747,"quantity":1,"price":3451},{"name":"Adamant javelin","id":829,"quantity":30,"price":71}],"date":"Dec 31, 2021, 6:47:17 PM"}
{"name":"Black dragon","level":227,"killCount":-1,"type":"NPC","drops":[{"name":"Dragon bones","id":536,"quantity":1,"price":1884},{"name":"Black dragonhide","id":1747,"quantity":1,"price":3461},{"name":"Fire rune","id":554,"quantity":50,"price":4}],"date":"Dec 31, 2021, 9:26:02 PM"}
{"name":"Black dragon","level":227,"killCount":-1,"type":"NPC","drops":[{"name":"Dragon bones","id":536,"quantity":1,"price":1884},{"name":"Black dragonhide","id":1747,"quantity":1,"price":3461},{"name":"Law rune","id":563,"quantity":10,"price":169}],"date":"Dec 31, 2021, 9:26:45 PM"}
{"name":"Black dragon","level":227,"killCount":-1,"type":"NPC","drops":[{"name":"Dragon bones","id":536,"quantity":1,"price":1884},{"name":"Black dragonhide","id":1747,"quantity":1,"price":3461},{"name":"Adamant dart(p)","id":816,"quantity":16,"price":32}],"date":"Dec 31, 2021, 9:27:08 PM"}
{"name":"Black dragon","level":227,"killCount":-1,"type":"NPC","drops":[{"name":"Dragon bones","id":536,"quantity":1,"price":1884},{"name":"Black dragonhide","id":1747,"quantity":1,"price":3461},{"name":"Adamant javelin","id":829,"quantity":30,"price":74}],"date":"Dec 31, 2021, 9:27:37 PM"}
{"name":"Black dragon","level":227,"killCount":-1,"type":"NPC","drops":[{"name":"Dragon bones","id":536,"quantity":1,"price":1884},{"name":"Black dragonhide","id":1747,"quantity":1,"price":3461},{"name":"Mithril axe","id":1355,"quantity":1,"price":85}],"date":"Dec 31, 2021, 9:28:25 PM"}
{"name":"Black dragon","level":227,"killCount":-1,"type":"NPC","drops":[{"name":"Dragon bones","id":536,"quantity":1,"price":1884},{"name":"Black dragonhide","id":1747,"quantity":1,"price":3461},{"name":"Adamant javelin","id":829,"quantity":30,"price":74}],"date":"Dec 31, 2021, 9:28:58 PM"}
{"name":"Black dragon","level":227,"killCount":-1,"type":"NPC","drops":[{"name":"Dragon bones","id":536,"quantity":1,"price":1884},{"name":"Black dragonhide","id":1747,"quantity":1,"price":3461},{"name":"Adamant javelin","id":829,"quantity":30,"price":74}],"date":"Dec 31, 2021, 9:29:35 PM"}
{"name":"Black dragon","level":227,"killCount":-1,"type":"NPC","drops":[{"name":"Dragon bones","id":536,"quantity":1,"price":1884},{"name":"Black dragonhide","id":1747,"quantity":1,"price":3461},{"name":"Coins","id":995,"quantity":330,"price":1}],"date":"Dec 31, 2021, 9:29:58 PM"}
{"name":"Black dragon","level":227,"killCount":-1,"type":"NPC","drops":[{"name":"Dragon bones","id":536,"quantity":1,"price":1884},{"name":"Black dragonhide","id":1747,"quantity":1,"price":3461},{"name":"Ensouled dragon head","id":13510,"quantity":1,"price":4959},{"name":"Coins","id":995,"quantity":196,"price":1}],"date":"Dec 31, 2021, 9:30:35 PM"}
{"name":"Black dragon","level":227,"killCount":-1,"type":"NPC","drops":[{"name":"Dragon bones","id":536,"quantity":1,"price":1884},{"name":"Black dragonhide","id":1747,"quantity":1,"price":3461},{"name":"Coins","id":995,"quantity":330,"price":1}],"date":"Dec 31, 2021, 9:31:16 PM"}
{"name":"Black dragon","level":227,"killCount":-1,"type":"NPC","drops":[{"name":"Dragon bones","id":536,"quantity":1,"price":1884},{"name":"Black dragonhide","id":1747,"quantity":1,"price":3461},{"name":"Coins","id":995,"quantity":196,"price":1}],"date":"Dec 31, 2021, 9:33:16 PM"}
{"name":"Black dragon","level":227,"killCount":-1,"type":"NPC","drops":[{"name":"Dragon bones","id":536,"quantity":1,"price":1884},{"name":"Black dragonhide","id":1747,"quantity":1,"price":3461},{"name":"Adamant javelin","id":829,"quantity":30,"price":74}],"date":"Dec 31, 2021, 9:33:54 PM"}
{"name":"Black dragon","level":227,"killCount":-1,"type":"NPC","drops":[{"name":"Dragon bones","id":536,"quantity":1,"price":1884},{"name":"Black dragonhide","id":1747,"quantity":1,"price":3461},{"name":"Coins","id":995,"quantity":196,"price":1}],"date":"Dec 31, 2021, 9:34:31 PM"}
{"name":"Black dragon","level":227,"killCount":-1,"type":"NPC","drops":[{"name":"Dragon bones","id":536,"quantity":1,"price":1884},{"name":"Black dragonhide","id":1747,"quantity":1,"price":3461}],"date":"Dec 31, 2021, 9:34:52 PM"}
{"name":"Black dragon","level":227,"killCount":-1,"type":"NPC","drops":[{"name":"Dragon bones","id":536,"quantity":1,"price":1884},{"name":"Black dragonhide","id":1747,"quantity":1,"price":3461},{"name":"Steel arrow","id":886,"quantity":150,"price":11}],"date":"Dec 31, 2021, 9:35:35 PM"}
{"name":"Black dragon","level":227,"killCount":-1,"type":"NPC","drops":[{"name":"Dragon bones","id":536,"quantity":1,"price":1884},{"name":"Black dragonhide","id":1747,"quantity":1,"price":3461},{"name":"Coins","id":995,"quantity":196,"price":1}],"date":"Dec 31, 2021, 9:36:16 PM"}
{"name":"Black dragon","level":227,"killCount":-1,"type":"NPC","drops":[{"name":"Dragon bones","id":536,"quantity":1,"price":1884},{"name":"Black dragonhide","id":1747,"quantity":1,"price":3461},{"name":"Mithril axe","id":1355,"quantity":1,"price":85}],"date":"Dec 31, 2021, 9:37:02 PM"}
{"name":"Black dragon","level":227,"killCount":-1,"type":"NPC","drops":[{"name":"Dragon bones","id":536,"quantity":1,"price":1884},{"name":"Black dragonhide","id":1747,"quantity":1,"price":3461},{"name":"Adamantite bar","id":2361,"quantity":1,"price":1976}],"date":"Dec 31, 2021, 9:37:45 PM"}
{"name":"Black dragon","level":227,"killCount":-1,"type":"NPC","drops":[{"name":"Dragon bones","id":536,"quantity":1,"price":1884},{"name":"Black dragonhide","id":1747,"quantity":1,"price":3461},{"name":"Coins","id":995,"quantity":196,"price":1}],"date":"Dec 31, 2021, 9:38:24 PM"}
{"name":"Black dragon","level":227,"killCount":-1,"type":"NPC","drops":[{"name":"Dragon bones","id":536,"quantity":1,"price":1925},{"name":"Black dragonhide","id":1747,"quantity":1,"price":3372},{"name":"Coins","id":995,"quantity":196,"price":1}],"date":"Jan 1, 2022, 8:12:21 PM"}
{"name":"Black dragon","level":227,"killCount":-1,"type":"NPC","drops":[{"name":"Dragon bones","id":536,"quantity":1,"price":1925},{"name":"Black dragonhide","id":1747,"quantity":1,"price":3372},{"name":"Coins","id":995,"quantity":196,"price":1}],"date":"Jan 1, 2022, 8:12:47 PM"}
{"name":"Black dragon","level":227,"killCount":-1,"type":"NPC","drops":[{"name":"Dragon bones","id":536,"quantity":1,"price":1925},{"name":"Black dragonhide","id":1747,"quantity":1,"price":3372},{"name":"Coins","id":995,"quantity":330,"price":1}],"date":"Jan 1, 2022, 8:13:02 PM"}
{"name":"Black dragon","level":227,"killCount":-1,"type":"NPC","drops":[{"name":"Dragon bones","id":536,"quantity":1,"price":1925},{"name":"Black dragonhide","id":1747,"quantity":1,"price":3372},{"name":"Adamant javelin","id":829,"quantity":30,"price":73}],"date":"Jan 1, 2022, 8:13:40 PM"}
{"name":"Black dragon","level":227,"killCount":-1,"type":"NPC","drops":[{"name":"Dragon bones","id":536,"quantity":1,"price":1925},{"name":"Black dragonhide","id":1747,"quantity":1,"price":3372},{"name":"Coins","id":995,"quantity":196,"price":1}],"date":"Jan 1, 2022, 8:14:21 PM"}
{"name":"Black dragon","level":227,"killCount":-1,"type":"NPC","drops":[{"name":"Dragon bones","id":536,"quantity":1,"price":1925},{"name":"Black dragonhide","id":1747,"quantity":1,"price":3372},{"name":"Adamant javelin","id":829,"quantity":30,"price":73}],"date":"Jan 1, 2022, 8:15:02 PM"}
{"name":"Black dragon","level":227,"killCount":-1,"type":"NPC","drops":[{"name":"Dragon bones","id":536,"quantity":1,"price":1925},{"name":"Black dragonhide","id":1747,"quantity":1,"price":3372},{"name":"Coins","id":995,"quantity":196,"price":1}],"date":"Jan 1, 2022, 8:15:46 PM"}
{"name":"Black dragon","level":227,"killCount":-1,"type":"NPC","drops":[{"name":"Dragon bones","id":536,"quantity":1,"price":1925},{"name":"Black dragonhide","id":1747,"quantity":1,"price":3372},{"name":"Adamant dart(p)","id":816,"quantity":16,"price":30}],"date":"Jan 1, 2022, 8:16:22 PM"}
{"name":"Black dragon","level":227,"killCount":-1,"type":"NPC","drops":[{"name":"Dragon bones","id":536,"quantity":1,"price":1925},{"name":"Black dragonhide","id":1747,"quantity":1,"price":3372},{"name":"Coins","id":995,"quantity":196,"price":1}],"date":"Jan 1, 2022, 8:16:41 PM"}
{"name":"Black dragon","level":227,"killCount":-1,"type":"NPC","drops":[{"name":"Dragon bones","id":536,"quantity":1,"price":1925},{"name":"Black dragonhide","id":1747,"quantity":1,"price":3372},{"name":"Coins","id":995,"quantity":196,"price":1}],"date":"Jan 1, 2022, 8:17:35 PM"}
{"name":"Black dragon","level":227,"killCount":-1,"type":"NPC","drops":[{"name":"Dragon bones","id":536,"quantity":1,"price":1901},{"name":"Black dragonhide","id":1747,"quantity":1,"price":3372},{"name":"Adamant javelin","id":829,"quantity":30,"price":66}],"date":"Jan 1, 2022, 8:18:58 PM"}
{"name":"Black dragon","level":227,"killCount":-1,"type":"NPC","drops":[{"name":"Dragon bones","id":536,"quantity":1,"price":1901},{"name":"Black dragonhide","id":1747,"quantity":1,"price":3372},{"name":"Adamant dart(p)","id":816,"quantity":16,"price":30}],"date":"Jan 1, 2022, 8:19:26 PM"}
{"name":"Black dragon","level":227,"killCount":-1,"type":"NPC","drops":[{"name":"Dragon bones","id":536,"quantity":1,"price":1901},{"name":"Black dragonhide","id":1747,"quantity":1,"price":3372},{"name":"Dragon javelin heads","id":19582,"quantity":10,"price":971}],"date":"Jan 1, 2022, 8:20:31 PM"}
{"name":"Black dragon","level":227,"killCount":-1,"type":"NPC","drops":[{"name":"Dragon bones","id":536,"quantity":1,"price":1901},{"name":"Black dragonhide","id":1747,"quantity":1,"price":3372},{"name":"Adamant javelin","id":829,"quantity":30,"price":66}],"date":"Jan 1, 2022, 8:21:25 PM"}
{"name":"Black dragon","level":227,"killCount":-1,"type":"NPC","drops":[{"name":"Dragon bones","id":536,"quantity":1,"price":1901},{"name":"Black dragonhide","id":1747,"quantity":1,"price":3372},{"name":"Mithril 2h sword","id":1315,"quantity":1,"price":1250}],"date":"Jan 1, 2022, 8:21:59 PM"}
{"name":"Black dragon","level":227,"killCount":-1,"type":"NPC","drops":[{"name":"Dragon bones","id":536,"quantity":1,"price":1901},{"name":"Black dragonhide","id":1747,"quantity":1,"price":3372},{"name":"Dragon javelin heads","id":19582,"quantity":10,"price":971}],"date":"Jan 1, 2022, 8:23:05 PM"}
{"name":"Black dragon","level":227,"killCount":-1,"type":"NPC","drops":[{"name":"Dragon bones","id":536,"quantity":1,"price":1901},{"name":"Black dragonhide","id":1747,"quantity":1,"price":3372},{"name":"Coins","id":995,"quantity":196,"price":1}],"date":"Jan 1, 2022, 8:23:57 PM"}
{"name":"Black dragon","level":227,"killCount":-1,"type":"NPC","drops":[{"name":"Dragon bones","id":536,"quantity":1,"price":1901},{"name":"Black dragonhide","id":1747,"quantity":1,"price":3372},{"name":"Fire rune","id":554,"quantity":50,"price":4}],"date":"Jan 1, 2022, 8:24:28 PM"}
{"name":"Black dragon","level":227,"killCount":-1,"type":"NPC","drops":[{"name":"Dragon bones","id":536,"quantity":1,"price":1901},{"name":"Black dragonhide","id":1747,"quantity":1,"price":3372},{"name":"Coins","id":995,"quantity":196,"price":1}],"date":"Jan 1, 2022, 8:25:10 PM"}
