{"name":"Callisto","level":470,"killCount":1,"type":"NPC","drops":[{"name":"Big bones","id":532,"quantity":1,"price":172},{"name":"Uncut diamond","id":1618,"quantity":10,"price":2832},{"name":"Uncut ruby","id":1620,"quantity":20,"price":1098}],"date":"Feb 4, 2022, 9:23:35 AM"}
{"name":"Callisto","level":470,"killCount":2,"type":"NPC","drops":[{"name":"Big bones","id":532,"quantity":1,"price":172},{"name":"Coconut","id":5975,"quantity":60,"price":1777}],"date":"Feb 4, 2022, 9:26:20 AM"}
{"name":"Callisto","level":470,"killCount":3,"type":"NPC","drops":[{"name":"Big bones","id":532,"quantity":1,"price":172},{"name":"Uncut dragonstone","id":1631,"quantity":1,"price":13427}],"date":"Feb 4, 2022, 9:33:44 AM"}
{"name":"Callisto","level":470,"killCount":4,"type":"NPC","drops":[{"name":"Big bones","id":532,"quantity":1,"price":172},{"name":"Dark fishing bait","id":11940,"quantity":375,"price":8}],"date":"Feb 4, 2022, 9:42:55 AM"}
{"name":"Callisto","level":470,"killCount":5,"type":"NPC","drops":[{"name":"Big bones","id":532,"quantity":1,"price":174},{"name":"Chaos rune","id":562,"quantity":400,"price":58}],"date":"Feb 4, 2022, 9:47:17 AM"}
{"name":"Callisto","level":470,"killCount":6,"type":"NPC","drops":[{"name":"Big bones","id":532,"quantity":1,"price":174},{"name":"Coconut","id":5975,"quantity":60,"price":1785}],"date":"Feb 4, 2022, 9:51:33 AM"}
{"name":"Callisto","level":470,"killCount":7,"type":"NPC","drops":[{"name":"Big bones","id":532,"quantity":1,"price":174},{"name":"Coins","id":995,"quantity":19381,"price":1}],"date":"Feb 4, 2022, 9:55:13 AM"}
{"name":"Callisto","level":470,"killCount":8,"type":"NPC","drops":[{"name":"Big bones","id":532,"quantity":1,"price":174},{"name":"Coins","id":995,"quantity":16249,"price":1}],"date":"Feb 4, 2022, 9:59:46 AM"}
{"name":"Callisto","level":470,"killCount":9,"type":"NPC","drops":[{"name":"Big bones","id":532,"quantity":1,"price":174},{"name":"Dragon pickaxe","id":11920,"quantity":1,"price":4953284}],"date":"Feb 4, 2022, 10:06:02 AM"}
{"name":"Callisto","level":470,"killCount":10,"type":"NPC","drops":[{"name":"Big bones","id":532,"quantity":1,"price":174},{"name":"Coins","id":995,"quantity":16732,"price":1}],"date":"Feb 4, 2022, 10:12:19 AM"}
{"name":"Callisto","level":470,"killCount":11,"type":"NPC","drops":[{"name":"Big bones","id":532,"quantity":1,"price":170},{"name":"Rune 2h sword","id":1319,"quantity":1,"price":37794}],"date":"Feb 4, 2022, 10:17:14 AM"}
{"name":"Callisto","level":470,"killCount":12,"type":"NPC","drops":[{"name":"Big bones","id":532,"quantity":1,"price":170},{"name":"Dark crab","id":11936,"quantity":1,"price":1466},{"name":"Dark crab","id":11936,"quantity":1,"price":1466},{"name":"Dark crab","id":11936,"quantity":1,"price":1466},{"name":"Dark crab","id":11936,"quantity":1,"price":1466},{"name":"Dark crab","id":11936,"quantity":1,"price":1466},{"name":"Dark crab","id":11936,"quantity":1,"price":1466},{"name":"Dark crab","id":11936,"quantity":1,"price":1466},{"name":"Dark crab","id":11936,"quantity":1,"price":1466},{"name":"Super restore(4)","id":3024,"quantity":1,"price":15634},{"name":"Super restore(4)","id":3024,"quantity":1,"price":15634},{"name":"Super restore(4)","id":3024,"quantity":1,"price":15634}],"date":"Feb 4, 2022, 10:19:53 AM"}
{"name":"Callisto","level":470,"killCount":13,"type":"NPC","drops":[{"name":"Big bones","id":532,"quantity":1,"price":170},{"name":"Dark crab","id":11936,"quantity":1,"price":1466},{"name":"Dark crab","id":11936,"quantity":1,"price":1466},{"name":"Dark crab","id":11936,"quantity":1,"price":1466},{"name":"Dark crab","id":11936,"quantity":1,"price":1466},{"name":"Dark crab","id":11936,"quantity":1,"price":1466},{"name":"Dark crab","id":11936,"quantity":1,"price":1466},{"name":"Dark crab","id":11936,"quantity":1,"price":1466},{"name":"Dark crab","id":11936,"quantity":1,"price":1466},{"name":"Super restore(4)","id":3024,"quantity":1,"price":15634},{"name":"Super restore(4)","id":3024,"quantity":1,"price":15634},{"name":"Super restore(4)","id":3024,"quantity":1,"price":15634}],"date":"Feb 4, 2022, 10:37:19 AM"}
{"name":"Callisto","level":470,"killCount":14,"type":"NPC","drops":[{"name":"Big bones","id":532,"quantity":1,"price":170},{"name":"Coins","id":995,"quantity":15232,"price":1}],"date":"Feb 4, 2022, 10:41:31 AM"}
{"name":"Callisto","level":470,"killCount":15,"type":"NPC","drops":[{"name":"Big bones","id":532,"quantity":1,"price":170},{"name":"Red dragonhide","id":1750,"quantity":75,"price":2324}],"date":"Feb 4, 2022, 10:46:05 AM"}
{"name":"Callisto","level":470,"killCount":16,"type":"NPC","drops":[{"name":"Big bones","id":532,"quantity":1,"price":170},{"name":"Rune pickaxe","id":1275,"quantity":1,"price":18656}],"date":"Feb 4, 2022, 10:49:23 AM"}
{"name":"Callisto","level":470,"killCount":17,"type":"NPC","drops":[{"name":"Big bones","id":532,"quantity":1,"price":170},{"name":"Coins","id":995,"quantity":17805,"price":1}],"date":"Feb 4, 2022, 10:52:28 AM"}
{"name":"Callisto","level":470,"killCount":18,"type":"NPC","drops":[{"name":"Big bones","id":532,"quantity":1,"price":170},{"name":"Chaos rune","id":562,"quantity":400,"price":58}],"date":"Feb 4, 2022, 10:56:11 AM"}
{"name":"Callisto","level":470,"killCount":19,"type":"NPC","drops":[{"name":"Big bones","id":532,"quantity":1,"price":170},{"name":"Cannonball","id":2,"quantity":250,"price":169}],"date":"Feb 4, 2022, 11:02:26 AM"}
{"name":"Callisto","level":470,"killCount":20,"type":"NPC","drops":[{"name":"Big bones","id":532,"quantity":1,"price":170},{"name":"Dark fishing bait","id":11940,"quantity":375,"price":7}],"date":"Feb 4, 2022, 11:05:39 AM"}
{"name":"Callisto","level":470,"killCount":21,"type":"NPC","drops":[{"name":"Big bones","id":532,"quantity":1,"price":170},{"name":"Snapdragon seed","id":5300,"quantity":3,"price":82183}],"date":"Feb 4, 2022, 11:08:42 AM"}
{"name":"Callisto","level":470,"killCount":22,"type":"NPC","drops":[{"name":"Big bones","id":532,"quantity":1,"price":170},{"name":"Magic logs","id":1514,"quantity":100,"price":976}],"date":"Feb 4, 2022, 11:14:37 AM"}
{"name":"Callisto","level":470,"killCount":23,"type":"NPC","drops":[{"name":"Big bones","id":532,"quantity":1,"price":170},{"name":"Death rune","id":560,"quantity":300,"price":192}],"date":"Feb 4, 2022, 11:17:53 AM"}
{"name":"Callisto","level":470,"killCount":24,"type":"NPC","drops":[{"name":"Big bones","id":532,"quantity":1,"price":170},{"name":"Cannonball","id":2,"quantity":250,"price":167}],"date":"Feb 4, 2022, 11:21:09 AM"}
{"name":"Callisto","level":470,"killCount":25,"type":"NPC","drops":[{"name":"Big bones","id":532,"quantity":1,"price":170},{"name":"Dark crab","id":11936,"quantity":1,"price":1449},{"name":"Dark crab","id":11936,"quantity":1,"price":1449},{"name":"Dark crab","id":11936,"quantity":1,"price":1449},{"name":"Dark crab","id":11936,"quantity":1,"price":1449},{"name":"Dark crab","id":11936,"quantity":1,"price":1449},{"name":"Dark crab","id":11936,"quantity":1,"price":1449},{"name":"Dark crab","id":11936,"quantity":1,"price":1449},{"name":"Dark crab","id":11936,"quantity":1,"price":1449},{"name":"Super restore(4)","id":3024,"quantity":1,"price":15672},{"name":"Super restore(4)","id":3024,"quantity":1,"price":15672},{"name":"Super restore(4)","id":3024,"quantity":1,"price":15672}],"date":"Feb 4, 2022, 11:24:04 AM"}
{"name":"Callisto","level":470,"killCount":26,"type":"NPC","drops":[{"name":"Big bones","id":532,"quantity":1,"price":170},{"name":"Mahogany logs","id":8836,"quantity":400,"price":363}],"date":"Feb 4, 2022, 11:26:36 AM"}
{"name":"Callisto","level":470,"killCount":27,"type":"NPC","drops":[{"name":"Big bones","id":532,"quantity":1,"price":170},{"name":"Blood rune","id":565,"quantity":200,"price":278}],"date":"Feb 4, 2022, 11:30:33 AM"}
{"name":"Callisto","level":470,"killCount":28,"type":"NPC","drops":[{"name":"Big bones","id":532,"quantity":1,"price":170},{"name":"Supercompost","id":6035,"quantity":100,"price":519}],"date":"Feb 4, 2022, 11:33:59 AM"}
{"name":"Callisto","level":470,"killCount":29,"type":"NPC","drops":[{"name":"Big bones","id":532,"quantity":1,"price":170},{"name":"Rune pickaxe","id":1275,"quantity":1,"price":18684}],"date":"Feb 4, 2022, 11:39:02 AM"}
{"name":"Callisto","level":470,"killCount":30,"type":"NPC","drops":[{"name":"Big bones","id":532,"quantity":1,"price":170},{"name":"Mahogany logs","id":8836,"quantity":400,"price":368}],"date":"Feb 4, 2022, 11:43:58 AM"}
{"name":"Callisto","level":470,"killCount":31,"type":"NPC","drops":[{"name":"Big bones","id":532,"quantity":1,"price":170},{"name":"Coins","id":995,"quantity":19018,"price":1}],"date":"Feb 4, 2022, 11:47:05 AM"}
{"name":"Callisto","level":470,"killCount":32,"type":"NPC","drops":[{"name":"Big bones","id":532,"quantity":1,"price":170},{"name":"Magic seed","id":5316,"quantity":1,"price":122158}],"date":"Feb 4, 2022, 11:50:05 AM"}
{"name":"Callisto","level":470,"killCount":33,"type":"NPC","drops":[{"name":"Big bones","id":532,"quantity":1,"price":170},{"name":"Mahogany logs","id":8836,"quantity":400,"price":368}],"date":"Feb 4, 2022, 11:54:17 AM"}
{"name":"Callisto","level":470,"killCount":34,"type":"NPC","drops":[{"name":"Big bones","id":532,"quantity":1,"price":170},{"name":"Rune pickaxe","id":1275,"quantity":1,"price":18657}],"date":"Feb 4, 2022, 11:58:14 AM"}
{"name":"Callisto","level":470,"killCount":35,"type":"NPC","drops":[{"name":"Big bones","id":532,"quantity":1,"price":170},{"name":"Magic logs","id":1514,"quantity":100,"price":982}],"date":"Feb 4, 2022, 12:02:11 PM"}
{"name":"Callisto","level":470,"killCount":36,"type":"NPC","drops":[{"name":"Big bones","id":532,"quantity":1,"price":170},{"name":"Ranarr seed","id":5295,"quantity":5,"price":48250}],"date":"Feb 4, 2022, 12:05:51 PM"}
{"name":"Callisto","level":470,"killCount":37,"type":"NPC","drops":[{"name":"Big bones","id":532,"quantity":1,"price":170},{"name":"Dark crab","id":11936,"quantity":1,"price":1449},{"name":"Dark crab","id":11936,"quantity":1,"price":1449},{"name":"Dark crab","id":11936,"quantity":1,"price":1449},{"name":"Dark crab","id":11936,"quantity":1,"price":1449},{"name":"Dark crab","id":11936,"quantity":1,"price":1449},{"name":"Dark crab","id":11936,"quantity":1,"price":1449},{"name":"Dark crab","id":11936,"quantity":1,"price":1449},{"name":"Dark crab","id":11936,"quantity":1,"price":1449},{"name":"Super restore(4)","id":3024,"quantity":1,"price":15559},{"name":"Super restore(4)","id":3024,"quantity":1,"price":15559},{"name":"Super restore(4)","id":3024,"quantity":1,"price":15559}],"date":"Feb 4, 2022, 12:08:31 PM"}
{"name":"Callisto","level":470,"killCount":38,"type":"NPC","drops":[{"name":"Big bones","id":532,"quantity":1,"price":174},{"name":"Blood rune","id":565,"quantity":200,"price":281}],"date":"Feb 4, 2022, 12:15:36 PM"}
{"name":"Callisto","level":470,"killCount":39,"type":"NPC","drops":[{"name":"Big bones","id":532,"quantity":1,"price":174},{"name":"Magic logs","id":1514,"quantity":100,"price":985}],"date":"Feb 4, 2022, 12:18:43 PM"}
{"name":"Callisto","level":470,"killCount":40,"type":"NPC","drops":[{"name":"Big bones","id":532,"quantity":1,"price":174},{"name":"Coins","id":995,"quantity":16711,"price":1}],"date":"Feb 4, 2022, 12:24:03 PM"}
{"name":"Callisto","level":470,"killCount":41,"type":"NPC","drops":[{"name":"Big bones","id":532,"quantity":1,"price":174},{"name":"Chaos rune","id":562,"quantity":400,"price":59}],"date":"Feb 4, 2022, 12:27:45 PM"}
{"name":"Callisto","level":470,"killCount":42,"type":"NPC","drops":[{"name":"Big bones","id":532,"quantity":1,"price":174},{"name":"Cannonball","id":2,"quantity":250,"price":168}],"date":"Feb 4, 2022, 12:31:06 PM"}
{"name":"Callisto","level":470,"killCount":43,"type":"NPC","drops":[{"name":"Big bones","id":532,"quantity":1,"price":174},{"name":"Uncut diamond","id":1618,"quantity":10,"price":2827},{"name":"Uncut ruby","id":1620,"quantity":20,"price":1145}],"date":"Feb 4, 2022, 12:34:57 PM"}
{"name":"Callisto","level":470,"killCount":44,"type":"NPC","drops":[{"name":"Big bones","id":532,"quantity":1,"price":174},{"name":"Rune 2h sword","id":1319,"quantity":1,"price":37975}],"date":"Feb 4, 2022, 12:37:42 PM"}
{"name":"Callisto","level":470,"killCount":45,"type":"NPC","drops":[{"name":"Big bones","id":532,"quantity":1,"price":174},{"name":"Dark crab","id":11936,"quantity":1,"price":1437},{"name":"Dark crab","id":11936,"quantity":1,"price":1437},{"name":"Dark crab","id":11936,"quantity":1,"price":1437},{"name":"Dark crab","id":11936,"quantity":1,"price":1437},{"name":"Dark crab","id":11936,"quantity":1,"price":1437},{"name":"Dark crab","id":11936,"quantity":1,"price":1437},{"name":"Dark crab","id":11936,"quantity":1,"price":1437},{"name":"Dark crab","id":11936,"quantity":1,"price":1437},{"name":"Super restore(4)","id":3024,"quantity":1,"price":15694},{"name":"Super restore(4)","id":3024,"quantity":1,"price":15694},{"name":"Super restore(4)","id":3024,"quantity":1,"price":15694}],"date":"Feb 4, 2022, 12:41:46 PM"}
{"name":"Callisto","level":470,"killCount":46,"type":"NPC","drops":[{"name":"Big bones","id":532,"quantity":1,"price":170},{"name":"Limpwurt root","id":226,"quantity":25,"price":698}],"date":"Feb 4, 2022, 12:46:09 PM"}
{"name":"Callisto","level":470,"killCount":47,"type":"NPC","drops":[{"name":"Big bones","id":532,"quantity":1,"price":170},{"name":"Chaos rune","id":562,"quantity":400,"price":58}],"date":"Feb 4, 2022, 12:48:40 PM"}
{"name":"Callisto","level":470,"killCount":48,"type":"NPC","drops":[{"name":"Big bones","id":532,"quantity":1,"price":170},{"name":"Limpwurt root","id":226,"quantity":25,"price":698}],"date":"Feb 4, 2022, 12:52:45 PM"}
{"name":"Callisto","level":470,"killCount":49,"type":"NPC","drops":[{"name":"Big bones","id":532,"quantity":1,"price":170},{"name":"Chaos rune","id":562,"quantity":400,"price":58}],"date":"Feb 4, 2022, 1:08:26 PM"}
{"name":"Callisto","level":470,"killCount":50,"type":"NPC","drops":[{"name":"Looting bag","id":11941,"quantity":1,"price":0},{"name":"Big bones","id":532,"quantity":1,"price":170},{"name":"Coins","id":995,"quantity":15537,"price":1}],"date":"Feb 4, 2022, 1:17:54 PM"}
