{"name":"Cave horror","level":80,"killCount":-1,"type":"NPC","drops":[{"name":"Big bones","id":532,"quantity":1,"price":134},{"name":"Nature rune","id":561,"quantity":4,"price":211}],"date":"Dec 30, 2021, 8:40:54 PM"}
{"name":"Cave horror","level":80,"killCount":-1,"type":"NPC","drops":[{"name":"Big bones","id":532,"quantity":1,"price":134},{"name":"Ensouled horror head","id":13486,"quantity":1,"price":1229},{"name":"Grimy harralander","id":205,"quantity":1,"price":715}],"date":"Dec 30, 2021, 8:41:00 PM"}
{"name":"Cave horror","level":80,"killCount":-1,"type":"NPC","drops":[{"name":"Big bones","id":532,"quantity":1,"price":134},{"name":"Coins","id":995,"quantity":44,"price":1}],"date":"Dec 30, 2021, 8:41:03 PM"}
{"name":"Cave horror","level":80,"killCount":-1,"type":"NPC","drops":[{"name":"Big bones","id":532,"quantity":1,"price":134},{"name":"Coins","id":995,"quantity":44,"price":1}],"date":"Dec 30, 2021, 8:41:12 PM"}
{"name":"Cave horror","level":80,"killCount":-1,"type":"NPC","drops":[{"name":"Big bones","id":532,"quantity":1,"price":134},{"name":"Coins","id":995,"quantity":44,"price":1}],"date":"Dec 30, 2021, 8:41:21 PM"}
{"name":"Cave horror","level":80,"killCount":-1,"type":"NPC","drops":[{"name":"Big bones","id":532,"quantity":1,"price":134},{"name":"Limpwurt root","id":225,"quantity":1,"price":698}],"date":"Dec 30, 2021, 8:41:38 PM"}
{"name":"Cave horror","level":80,"killCount":-1,"type":"NPC","drops":[{"name":"Big bones","id":532,"quantity":1,"price":134},{"name":"Nature rune","id":561,"quantity":6,"price":211}],"date":"Dec 30, 2021, 8:41:50 PM"}
{"name":"Cave horror","level":80,"killCount":-1,"type":"NPC","drops":[{"name":"Big bones","id":532,"quantity":1,"price":134},{"name":"Mithril kiteshield","id":1197,"quantity":1,"price":1017}],"date":"Dec 30, 2021, 8:42:04 PM"}
{"name":"Cave horror","level":80,"killCount":-1,"type":"NPC","drops":[{"name":"Big bones","id":532,"quantity":1,"price":134},{"name":"Teak logs","id":6334,"quantity":4,"price":202}],"date":"Dec 30, 2021, 8:42:10 PM"}
{"name":"Cave horror","level":80,"killCount":-1,"type":"NPC","drops":[{"name":"Big bones","id":532,"quantity":1,"price":134},{"name":"Mahogany logs","id":6332,"quantity":1,"price":347},{"name":"Mahogany logs","id":6332,"quantity":1,"price":347}],"date":"Dec 30, 2021, 8:42:16 PM"}
{"name":"Cave horror","level":80,"killCount":-1,"type":"NPC","drops":[{"name":"Big bones","id":532,"quantity":1,"price":134},{"name":"Nature rune","id":561,"quantity":6,"price":211}],"date":"Dec 30, 2021, 8:42:20 PM"}
{"name":"Cave horror","level":80,"killCount":-1,"type":"NPC","drops":[{"name":"Big bones","id":532,"quantity":1,"price":134},{"name":"Coins","id":995,"quantity":132,"price":1}],"date":"Dec 30, 2021, 8:42:28 PM"}
{"name":"Cave horror","level":80,"killCount":-1,"type":"NPC","drops":[{"name":"Big bones","id":532,"quantity":1,"price":134},{"name":"Nature rune","id":561,"quantity":4,"price":211}],"date":"Dec 30, 2021, 8:42:39 PM"}
{"name":"Cave horror","level":80,"killCount":-1,"type":"NPC","drops":[{"name":"Big bones","id":532,"quantity":1,"price":134},{"name":"Teak logs","id":6334,"quantity":4,"price":202}],"date":"Dec 30, 2021, 8:42:58 PM"}
{"name":"Cave horror","level":80,"killCount":-1,"type":"NPC","drops":[{"name":"Big bones","id":532,"quantity":1,"price":134},{"name":"Uncut sapphire","id":1623,"quantity":1,"price":355}],"date":"Dec 30, 2021, 8:43:04 PM"}
{"name":"Cave horror","level":80,"killCount":-1,"type":"NPC","drops":[{"name":"Big bones","id":532,"quantity":1,"price":134},{"name":"Coins","id":995,"quantity":44,"price":1}],"date":"Dec 30, 2021, 8:43:18 PM"}
{"name":"Cave horror","level":80,"killCount":-1,"type":"NPC","drops":[{"name":"Big bones","id":532,"quantity":1,"price":134},{"name":"Coins","id":995,"quantity":44,"price":1}],"date":"Dec 30, 2021, 8:43:22 PM"}
{"name":"Cave horror","level":80,"killCount":-1,"type":"NPC","drops":[{"name":"Big bones","id":532,"quantity":1,"price":134},{"name":"Torstol seed","id":5304,"quantity":1,"price":53559}],"date":"Dec 30, 2021, 8:43:36 PM"}
{"name":"Cave horror","level":80,"killCount":-1,"type":"NPC","drops":[{"name":"Big bones","id":532,"quantity":1,"price":134},{"name":"Potato seed","id":5318,"quantity":2,"price":1}],"date":"Dec 30, 2021, 8:43:51 PM"}
{"name":"Cave horror","level":80,"killCount":-1,"type":"NPC","drops":[{"name":"Big bones","id":532,"quantity":1,"price":134},{"name":"Avantoe seed","id":5298,"quantity":1,"price":252}],"date":"Dec 30, 2021, 8:43:58 PM"}
{"name":"Cave horror","level":80,"killCount":-1,"type":"NPC","drops":[{"name":"Big bones","id":532,"quantity":1,"price":134},{"name":"Coins","id":995,"quantity":44,"price":1}],"date":"Dec 30, 2021, 8:44:07 PM"}
{"name":"Cave horror","level":80,"killCount":-1,"type":"NPC","drops":[{"name":"Big bones","id":532,"quantity":1,"price":134},{"name":"Cadantine seed","id":5301,"quantity":1,"price":614}],"date":"Dec 30, 2021, 8:44:12 PM"}
{"name":"Cave horror","level":80,"killCount":-1,"type":"NPC","drops":[{"name":"Big bones","id":532,"quantity":1,"price":134},{"name":"Grimy marrentill","id":201,"quantity":1,"price":14}],"date":"Dec 30, 2021, 8:44:27 PM"}
{"name":"Cave horror","level":80,"killCount":-1,"type":"NPC","drops":[{"name":"Big bones","id":532,"quantity":1,"price":134},{"name":"Coins","id":995,"quantity":132,"price":1}],"date":"Dec 30, 2021, 8:44:36 PM"}
{"name":"Cave horror","level":80,"killCount":-1,"type":"NPC","drops":[{"name":"Big bones","id":532,"quantity":1,"price":134},{"name":"Nature rune","id":561,"quantity":6,"price":211}],"date":"Dec 30, 2021, 8:44:44 PM"}
{"name":"Cave horror","level":80,"killCount":-1,"type":"NPC","drops":[{"name":"Big bones","id":532,"quantity":1,"price":134},{"name":"Snape grass seed","id":22879,"quantity":1,"price":2173}],"date":"Dec 30, 2021, 8:44:53 PM"}
{"name":"Cave horror","level":80,"killCount":-1,"type":"NPC","drops":[{"name":"Big bones","id":532,"quantity":1,"price":134},{"name":"Coins","id":995,"quantity":44,"price":1}],"date":"Dec 30, 2021, 8:45:02 PM"}
{"name":"Cave horror","level":80,"killCount":-1,"type":"NPC","drops":[{"name":"Big bones","id":532,"quantity":1,"price":134},{"name":"Cactus seed","id":5280,"quantity":1,"price":32}],"date":"Dec 30, 2021, 8:45:09 PM"}
{"name":"Cave horror","level":80,"killCount":-1,"type":"NPC","drops":[{"name":"Big bones","id":532,"quantity":1,"price":134},{"name":"Grimy marrentill","id":201,"quantity":1,"price":14}],"date":"Dec 30, 2021, 8:45:21 PM"}
{"name":"Cave horror","level":80,"killCount":-1,"type":"NPC","drops":[{"name":"Big bones","id":532,"quantity":1,"price":134},{"name":"Coins","id":995,"quantity":44,"price":1}],"date":"Dec 30, 2021, 8:45:32 PM"}
{"name":"Cave horror","level":80,"killCount":-1,"type":"NPC","drops":[{"name":"Big bones","id":532,"quantity":1,"price":134},{"name":"Limpwurt root","id":225,"quantity":1,"price":698}],"date":"Dec 30, 2021, 8:45:41 PM"}
{"name":"Cave horror","level":80,"killCount":-1,"type":"NPC","drops":[{"name":"Big bones","id":532,"quantity":1,"price":134},{"name":"Coins","id":995,"quantity":44,"price":1}],"date":"Dec 30, 2021, 8:46:02 PM"}
{"name":"Cave horror","level":80,"killCount":-1,"type":"NPC","drops":[{"name":"Big bones","id":532,"quantity":1,"price":134},{"name":"Coins","id":995,"quantity":44,"price":1}],"date":"Dec 30, 2021, 8:46:09 PM"}
{"name":"Cave horror","level":80,"killCount":-1,"type":"NPC","drops":[{"name":"Big bones","id":532,"quantity":1,"price":134},{"name":"Coins","id":995,"quantity":44,"price":1}],"date":"Dec 30, 2021, 8:46:15 PM"}
{"name":"Cave horror","level":80,"killCount":-1,"type":"NPC","drops":[{"name":"Big bones","id":532,"quantity":1,"price":134},{"name":"Nature rune","id":561,"quantity":6,"price":211}],"date":"Dec 30, 2021, 8:46:25 PM"}
{"name":"Cave horror","level":80,"killCount":-1,"type":"NPC","drops":[{"name":"Big bones","id":532,"quantity":1,"price":134},{"name":"Adamant full helm","id":1161,"quantity":1,"price":1718}],"date":"Dec 30, 2021, 8:46:41 PM"}
{"name":"Cave horror","level":80,"killCount":-1,"type":"NPC","drops":[{"name":"Big bones","id":532,"quantity":1,"price":134},{"name":"Potato seed","id":5318,"quantity":2,"price":1}],"date":"Dec 30, 2021, 8:46:48 PM"}
{"name":"Cave horror","level":80,"killCount":-1,"type":"NPC","drops":[{"name":"Big bones","id":532,"quantity":1,"price":134},{"name":"Grimy avantoe","id":211,"quantity":1,"price":1646}],"date":"Dec 30, 2021, 8:46:55 PM"}
{"name":"Cave horror","level":80,"killCount":-1,"type":"NPC","drops":[{"name":"Big bones","id":532,"quantity":1,"price":134},{"name":"Avantoe seed","id":5298,"quantity":1,"price":252}],"date":"Dec 30, 2021, 8:47:03 PM"}
{"name":"Cave horror","level":80,"killCount":-1,"type":"NPC","drops":[{"name":"Big bones","id":532,"quantity":1,"price":134},{"name":"Nature rune","id":561,"quantity":6,"price":211}],"date":"Dec 30, 2021, 8:47:13 PM"}
{"name":"Cave horror","level":80,"killCount":-1,"type":"NPC","drops":[{"name":"Big bones","id":532,"quantity":1,"price":134},{"name":"Coins","id":995,"quantity":132,"price":1}],"date":"Dec 30, 2021, 8:47:27 PM"}
{"name":"Cave horror","level":80,"killCount":-1,"type":"NPC","drops":[{"name":"Big bones","id":532,"quantity":1,"price":134},{"name":"Grimy irit leaf","id":209,"quantity":1,"price":745}],"date":"Dec 30, 2021, 8:47:37 PM"}
{"name":"Cave horror","level":80,"killCount":-1,"type":"NPC","drops":[{"name":"Big bones","id":532,"quantity":1,"price":134}],"date":"Dec 30, 2021, 8:47:44 PM"}
{"name":"Cave horror","level":80,"killCount":-1,"type":"NPC","drops":[{"name":"Big bones","id":532,"quantity":1,"price":134},{"name":"Coins","id":995,"quantity":44,"price":1}],"date":"Dec 30, 2021, 8:47:52 PM"}
{"name":"Cave horror","level":80,"killCount":-1,"type":"NPC","drops":[{"name":"Big bones","id":532,"quantity":1,"price":134},{"name":"Coins","id":995,"quantity":44,"price":1}],"date":"Dec 30, 2021, 8:47:56 PM"}
{"name":"Cave horror","level":80,"killCount":-1,"type":"NPC","drops":[{"name":"Big bones","id":532,"quantity":1,"price":134},{"name":"Ensouled horror head","id":13486,"quantity":1,"price":1229},{"name":"Coins","id":995,"quantity":440,"price":1}],"date":"Dec 30, 2021, 8:48:05 PM"}
{"name":"Cave horror","level":80,"killCount":-1,"type":"NPC","drops":[{"name":"Big bones","id":532,"quantity":1,"price":134},{"name":"Teak logs","id":6334,"quantity":4,"price":202}],"date":"Dec 30, 2021, 8:48:14 PM"}
{"name":"Cave horror","level":80,"killCount":-1,"type":"NPC","drops":[{"name":"Big bones","id":532,"quantity":1,"price":134},{"name":"Avantoe seed","id":5298,"quantity":1,"price":252}],"date":"Dec 30, 2021, 8:48:21 PM"}
{"name":"Cave horror","level":80,"killCount":-1,"type":"NPC","drops":[{"name":"Big bones","id":532,"quantity":1,"price":134},{"name":"Nature rune","id":561,"quantity":6,"price":211}],"date":"Dec 30, 2021, 8:48:30 PM"}
{"name":"Cave horror","level":80,"killCount":-1,"type":"NPC","drops":[{"name":"Big bones","id":532,"quantity":1,"price":134},{"name":"Snapdragon seed","id":5300,"quantity":1,"price":58568}],"date":"Dec 30, 2021, 8:48:44 PM"}
{"name":"Cave horror","level":80,"killCount":-1,"type":"NPC","drops":[{"name":"Big bones","id":532,"quantity":1,"price":134},{"name":"Teak logs","id":6334,"quantity":4,"price":202}],"date":"Dec 30, 2021, 8:48:56 PM"}
{"name":"Cave horror","level":80,"killCount":-1,"type":"NPC","drops":[{"name":"Big bones","id":532,"quantity":1,"price":134},{"name":"Potato seed","id":5318,"quantity":2,"price":1}],"date":"Dec 30, 2021, 8:49:06 PM"}
{"name":"Cave horror","level":80,"killCount":-1,"type":"NPC","drops":[{"name":"Big bones","id":532,"quantity":1,"price":134},{"name":"Limpwurt root","id":225,"quantity":1,"price":698}],"date":"Dec 30, 2021, 8:49:12 PM"}
{"name":"Cave horror","level":80,"killCount":-1,"type":"NPC","drops":[{"name":"Big bones","id":532,"quantity":1,"price":134},{"name":"Potato seed","id":5318,"quantity":3,"price":1}],"date":"Dec 30, 2021, 8:49:17 PM"}
{"name":"Cave horror","level":80,"killCount":-1,"type":"NPC","drops":[{"name":"Big bones","id":532,"quantity":1,"price":134},{"name":"Coins","id":995,"quantity":44,"price":1}],"date":"Dec 30, 2021, 8:49:30 PM"}
{"name":"Cave horror","level":80,"killCount":-1,"type":"NPC","drops":[{"name":"Big bones","id":532,"quantity":1,"price":134},{"name":"Coins","id":995,"quantity":132,"price":1}],"date":"Dec 30, 2021, 8:49:36 PM"}
{"name":"Cave horror","level":80,"killCount":-1,"type":"NPC","drops":[{"name":"Big bones","id":532,"quantity":1,"price":134},{"name":"Potato cactus seed","id":22873,"quantity":1,"price":8}],"date":"Dec 30, 2021, 8:49:44 PM"}
{"name":"Cave horror","level":80,"killCount":-1,"type":"NPC","drops":[{"name":"Big bones","id":532,"quantity":1,"price":134},{"name":"Limpwurt root","id":225,"quantity":1,"price":698}],"date":"Dec 30, 2021, 8:49:51 PM"}
{"name":"Cave horror","level":80,"killCount":-1,"type":"NPC","drops":[{"name":"Big bones","id":532,"quantity":1,"price":134},{"name":"Avantoe seed","id":5298,"quantity":1,"price":252}],"date":"Dec 30, 2021, 8:49:58 PM"}
{"name":"Cave horror","level":80,"killCount":-1,"type":"NPC","drops":[{"name":"Big bones","id":532,"quantity":1,"price":134},{"name":"Teak logs","id":6334,"quantity":4,"price":202}],"date":"Dec 30, 2021, 8:50:11 PM"}
{"name":"Cave horror","level":80,"killCount":-1,"type":"NPC","drops":[{"name":"Big bones","id":532,"quantity":1,"price":134},{"name":"Coins","id":995,"quantity":132,"price":1}],"date":"Dec 30, 2021, 8:50:15 PM"}
{"name":"Cave horror","level":80,"killCount":-1,"type":"NPC","drops":[{"name":"Big bones","id":532,"quantity":1,"price":134},{"name":"Grimy cadantine","id":215,"quantity":1,"price":1722}],"date":"Dec 30, 2021, 8:50:20 PM"}
{"name":"Cave horror","level":80,"killCount":-1,"type":"NPC","drops":[{"name":"Big bones","id":532,"quantity":1,"price":134},{"name":"Coins","id":995,"quantity":440,"price":1}],"date":"Dec 30, 2021, 8:50:28 PM"}
{"name":"Cave horror","level":80,"killCount":-1,"type":"NPC","drops":[{"name":"Big bones","id":532,"quantity":1,"price":134},{"name":"Coins","id":995,"quantity":132,"price":1}],"date":"Dec 30, 2021, 8:50:40 PM"}
{"name":"Cave horror","level":80,"killCount":-1,"type":"NPC","drops":[{"name":"Big bones","id":532,"quantity":1,"price":134},{"name":"Nature rune","id":561,"quantity":6,"price":211}],"date":"Dec 30, 2021, 8:50:45 PM"}
{"name":"Cave horror","level":80,"killCount":-1,"type":"NPC","drops":[{"name":"Big bones","id":532,"quantity":1,"price":134},{"name":"Coins","id":995,"quantity":132,"price":1}],"date":"Dec 30, 2021, 8:50:55 PM"}
{"name":"Cave horror","level":80,"killCount":-1,"type":"NPC","drops":[{"name":"Big bones","id":532,"quantity":1,"price":134},{"name":"Mithril axe","id":1355,"quantity":1,"price":91}],"date":"Dec 30, 2021, 8:51:03 PM"}
{"name":"Cave horror","level":80,"killCount":-1,"type":"NPC","drops":[{"name":"Big bones","id":532,"quantity":1,"price":134},{"name":"Onion seed","id":5319,"quantity":2,"price":1}],"date":"Dec 30, 2021, 8:51:09 PM"}
{"name":"Cave horror","level":80,"killCount":-1,"type":"NPC","drops":[{"name":"Big bones","id":532,"quantity":1,"price":134},{"name":"Irit seed","id":5297,"quantity":1,"price":38}],"date":"Dec 30, 2021, 8:51:17 PM"}
{"name":"Cave horror","level":80,"killCount":-1,"type":"NPC","drops":[{"name":"Big bones","id":532,"quantity":1,"price":134},{"name":"Belladonna seed","id":5281,"quantity":1,"price":64}],"date":"Dec 30, 2021, 8:51:24 PM"}
{"name":"Cave horror","level":80,"killCount":-1,"type":"NPC","drops":[{"name":"Big bones","id":532,"quantity":1,"price":134},{"name":"Coins","id":995,"quantity":44,"price":1}],"date":"Dec 30, 2021, 8:51:33 PM"}
{"name":"Cave horror","level":80,"killCount":-1,"type":"NPC","drops":[{"name":"Big bones","id":532,"quantity":1,"price":134}],"date":"Dec 30, 2021, 8:51:42 PM"}
{"name":"Cave horror","level":80,"killCount":-1,"type":"NPC","drops":[{"name":"Big bones","id":532,"quantity":1,"price":134},{"name":"Coins","id":995,"quantity":44,"price":1}],"date":"Dec 30, 2021, 8:51:46 PM"}
{"name":"Cave horror","level":80,"killCount":-1,"type":"NPC","drops":[{"name":"Big bones","id":532,"quantity":1,"price":134},{"name":"Nature rune","id":561,"quantity":4,"price":211}],"date":"Dec 30, 2021, 8:51:47 PM"}
{"name":"Cave horror","level":80,"killCount":-1,"type":"NPC","drops":[{"name":"Big bones","id":532,"quantity":1,"price":134},{"name":"Coins","id":995,"quantity":132,"price":1}],"date":"Dec 30, 2021, 8:52:02 PM"}
{"name":"Cave horror","level":80,"killCount":-1,"type":"NPC","drops":[{"name":"Big bones","id":532,"quantity":1,"price":134},{"name":"Coins","id":995,"quantity":44,"price":1}],"date":"Dec 30, 2021, 8:52:07 PM"}
{"name":"Cave horror","level":80,"killCount":-1,"type":"NPC","drops":[{"name":"Big bones","id":532,"quantity":1,"price":134},{"name":"Teak logs","id":6334,"quantity":4,"price":202}],"date":"Dec 30, 2021, 8:52:14 PM"}
{"name":"Cave horror","level":80,"killCount":-1,"type":"NPC","drops":[{"name":"Big bones","id":532,"quantity":1,"price":134},{"name":"Potato seed","id":5318,"quantity":1,"price":1}],"date":"Dec 30, 2021, 8:52:23 PM"}
{"name":"Cave horror","level":80,"killCount":-1,"type":"NPC","drops":[{"name":"Big bones","id":532,"quantity":1,"price":134},{"name":"Coins","id":995,"quantity":132,"price":1}],"date":"Dec 30, 2021, 8:52:34 PM"}
{"name":"Cave horror","level":80,"killCount":-1,"type":"NPC","drops":[{"name":"Big bones","id":532,"quantity":1,"price":134},{"name":"Coins","id":995,"quantity":44,"price":1}],"date":"Dec 30, 2021, 8:52:40 PM"}
{"name":"Cave horror","level":80,"killCount":-1,"type":"NPC","drops":[{"name":"Big bones","id":532,"quantity":1,"price":134},{"name":"Teak logs","id":6334,"quantity":4,"price":202}],"date":"Dec 30, 2021, 8:52:53 PM"}
{"name":"Cave horror","level":80,"killCount":-1,"type":"NPC","drops":[{"name":"Big bones","id":532,"quantity":1,"price":134},{"name":"Coins","id":995,"quantity":44,"price":1}],"date":"Dec 30, 2021, 8:53:04 PM"}
{"name":"Cave horror","level":80,"killCount":-1,"type":"NPC","drops":[{"name":"Big bones","id":532,"quantity":1,"price":134},{"name":"Nature rune","id":561,"quantity":4,"price":211}],"date":"Dec 30, 2021, 8:53:14 PM"}
{"name":"Cave horror","level":80,"killCount":-1,"type":"NPC","drops":[{"name":"Big bones","id":532,"quantity":1,"price":134},{"name":"Grimy ranarr weed","id":207,"quantity":1,"price":7178}],"date":"Dec 30, 2021, 8:53:19 PM"}
{"name":"Cave horror","level":80,"killCount":-1,"type":"NPC","drops":[{"name":"Big bones","id":532,"quantity":1,"price":134},{"name":"Coins","id":995,"quantity":44,"price":1}],"date":"Dec 30, 2021, 8:53:35 PM"}
{"name":"Cave horror","level":80,"killCount":-1,"type":"NPC","drops":[{"name":"Big bones","id":532,"quantity":1,"price":134},{"name":"Coins","id":995,"quantity":44,"price":1}],"date":"Dec 30, 2021, 8:53:41 PM"}
{"name":"Cave horror","level":80,"killCount":-1,"type":"NPC","drops":[{"name":"Big bones","id":532,"quantity":1,"price":134},{"name":"Coins","id":995,"quantity":44,"price":1}],"date":"Dec 30, 2021, 8:53:51 PM"}
{"name":"Cave horror","level":80,"killCount":-1,"type":"NPC","drops":[{"name":"Big bones","id":532,"quantity":1,"price":134},{"name":"Coins","id":995,"quantity":132,"price":1}],"date":"Dec 30, 2021, 8:53:56 PM"}
{"name":"Cave horror","level":80,"killCount":-1,"type":"NPC","drops":[{"name":"Big bones","id":532,"quantity":1,"price":134},{"name":"Kwuarm seed","id":5299,"quantity":1,"price":280}],"date":"Dec 30, 2021, 8:54:06 PM"}
{"name":"Cave horror","level":80,"killCount":-1,"type":"NPC","drops":[{"name":"Big bones","id":532,"quantity":1,"price":134},{"name":"Teak logs","id":6334,"quantity":4,"price":202}],"date":"Dec 30, 2021, 8:54:27 PM"}
{"name":"Cave horror","level":80,"killCount":-1,"type":"NPC","drops":[{"name":"Big bones","id":532,"quantity":1,"price":134},{"name":"Nature rune","id":561,"quantity":4,"price":211}],"date":"Dec 30, 2021, 8:54:32 PM"}
{"name":"Cave horror","level":80,"killCount":-1,"type":"NPC","drops":[{"name":"Big bones","id":532,"quantity":1,"price":134},{"name":"Potato seed","id":5318,"quantity":4,"price":1}],"date":"Dec 30, 2021, 8:54:43 PM"}
{"name":"Cave horror","level":80,"killCount":-1,"type":"NPC","drops":[{"name":"Big bones","id":532,"quantity":1,"price":134},{"name":"Ensouled horror head","id":13486,"quantity":1,"price":1229},{"name":"Coins","id":995,"quantity":440,"price":1}],"date":"Dec 30, 2021, 8:54:52 PM"}
{"name":"Cave horror","level":80,"killCount":-1,"type":"NPC","drops":[{"name":"Big bones","id":532,"quantity":1,"price":134},{"name":"Coins","id":995,"quantity":44,"price":1}],"date":"Dec 30, 2021, 8:55:07 PM"}
{"name":"Cave horror","level":80,"killCount":-1,"type":"NPC","drops":[{"name":"Big bones","id":532,"quantity":1,"price":134},{"name":"Avantoe seed","id":5298,"quantity":1,"price":252}],"date":"Dec 30, 2021, 8:55:16 PM"}
{"name":"Cave horror","level":80,"killCount":-1,"type":"NPC","drops":[{"name":"Big bones","id":532,"quantity":1,"price":134},{"name":"Grimy avantoe","id":211,"quantity":1,"price":1646}],"date":"Dec 30, 2021, 8:55:22 PM"}
{"name":"Cave horror","level":80,"killCount":-1,"type":"NPC","drops":[{"name":"Big bones","id":532,"quantity":1,"price":134},{"name":"Grimy tarromin","id":203,"quantity":1,"price":124}],"date":"Dec 30, 2021, 8:55:31 PM"}
{"name":"Cave horror","level":80,"killCount":-1,"type":"NPC","drops":[{"name":"Big bones","id":532,"quantity":1,"price":134},{"name":"Belladonna seed","id":5281,"quantity":1,"price":64}],"date":"Dec 30, 2021, 8:55:32 PM"}
{"name":"Cave horror","level":80,"killCount":-1,"type":"NPC","drops":[{"name":"Big bones","id":532,"quantity":1,"price":134},{"name":"Potato seed","id":5318,"quantity":2,"price":1}],"date":"Dec 30, 2021, 8:55:45 PM"}
{"name":"Cave horror","level":80,"killCount":-1,"type":"NPC","drops":[{"name":"Big bones","id":532,"quantity":1,"price":134},{"name":"Mithril axe","id":1355,"quantity":1,"price":91}],"date":"Dec 30, 2021, 8:55:56 PM"}
{"name":"Cave horror","level":80,"killCount":-1,"type":"NPC","drops":[{"name":"Big bones","id":532,"quantity":1,"price":134},{"name":"Coins","id":995,"quantity":44,"price":1}],"date":"Dec 30, 2021, 8:56:00 PM"}
{"name":"Cave horror","level":80,"killCount":-1,"type":"NPC","drops":[{"name":"Big bones","id":532,"quantity":1,"price":134},{"name":"Coins","id":995,"quantity":44,"price":1}],"date":"Dec 30, 2021, 8:56:11 PM"}
{"name":"Cave horror","level":80,"killCount":-1,"type":"NPC","drops":[{"name":"Big bones","id":532,"quantity":1,"price":134},{"name":"Coins","id":995,"quantity":44,"price":1}],"date":"Dec 30, 2021, 8:56:23 PM"}
{"name":"Cave horror","level":80,"killCount":-1,"type":"NPC","drops":[{"name":"Big bones","id":532,"quantity":1,"price":134},{"name":"Grimy tarromin","id":203,"quantity":1,"price":124}],"date":"Dec 30, 2021, 8:56:29 PM"}
{"name":"Cave horror","level":80,"killCount":-1,"type":"NPC","drops":[{"name":"Big bones","id":532,"quantity":1,"price":134},{"name":"Coins","id":995,"quantity":44,"price":1}],"date":"Dec 30, 2021, 8:56:41 PM"}
{"name":"Cave horror","level":80,"killCount":-1,"type":"NPC","drops":[{"name":"Big bones","id":532,"quantity":1,"price":134},{"name":"Coins","id":995,"quantity":44,"price":1}],"date":"Dec 30, 2021, 8:56:47 PM"}
{"name":"Cave horror","level":80,"killCount":-1,"type":"NPC","drops":[{"name":"Big bones","id":532,"quantity":1,"price":134},{"name":"Coins","id":995,"quantity":132,"price":1}],"date":"Dec 30, 2021, 8:56:58 PM"}
{"name":"Cave horror","level":80,"killCount":-1,"type":"NPC","drops":[{"name":"Big bones","id":532,"quantity":1,"price":134},{"name":"Nature rune","id":561,"quantity":3,"price":211}],"date":"Dec 30, 2021, 8:57:05 PM"}
{"name":"Cave horror","level":80,"killCount":-1,"type":"NPC","drops":[{"name":"Big bones","id":532,"quantity":1,"price":134},{"name":"Mahogany logs","id":6332,"quantity":1,"price":347},{"name":"Mahogany logs","id":6332,"quantity":1,"price":347}],"date":"Dec 30, 2021, 8:57:22 PM"}
{"name":"Cave horror","level":80,"killCount":-1,"type":"NPC","drops":[{"name":"Big bones","id":532,"quantity":1,"price":134},{"name":"Grimy marrentill","id":201,"quantity":1,"price":14}],"date":"Dec 30, 2021, 8:57:36 PM"}
{"name":"Cave horror","level":80,"killCount":-1,"type":"NPC","drops":[{"name":"Big bones","id":532,"quantity":1,"price":134},{"name":"Coins","id":995,"quantity":132,"price":1}],"date":"Dec 30, 2021, 8:57:42 PM"}
{"name":"Cave horror","level":80,"killCount":-1,"type":"NPC","drops":[{"name":"Big bones","id":532,"quantity":1,"price":134},{"name":"Grimy marrentill","id":201,"quantity":1,"price":14}],"date":"Dec 30, 2021, 8:57:49 PM"}
{"name":"Cave horror","level":80,"killCount":-1,"type":"NPC","drops":[{"name":"Big bones","id":532,"quantity":1,"price":134},{"name":"Coins","id":995,"quantity":440,"price":1}],"date":"Dec 30, 2021, 8:57:58 PM"}
{"name":"Cave horror","level":80,"killCount":-1,"type":"NPC","drops":[{"name":"Big bones","id":532,"quantity":1,"price":134},{"name":"Coins","id":995,"quantity":44,"price":1}],"date":"Dec 30, 2021, 8:58:18 PM"}
{"name":"Cave horror","level":80,"killCount":-1,"type":"NPC","drops":[{"name":"Big bones","id":532,"quantity":1,"price":134},{"name":"Belladonna seed","id":5281,"quantity":1,"price":64}],"date":"Dec 30, 2021, 8:58:21 PM"}
{"name":"Cave horror","level":80,"killCount":-1,"type":"NPC","drops":[{"name":"Big bones","id":532,"quantity":1,"price":134},{"name":"Ensouled horror head","id":13486,"quantity":1,"price":1229},{"name":"Coins","id":995,"quantity":44,"price":1}],"date":"Dec 30, 2021, 8:58:24 PM"}
{"name":"Cave horror","level":80,"killCount":-1,"type":"NPC","drops":[{"name":"Big bones","id":532,"quantity":1,"price":134},{"name":"Coins","id":995,"quantity":44,"price":1}],"date":"Dec 30, 2021, 8:58:28 PM"}
{"name":"Cave horror","level":80,"killCount":-1,"type":"NPC","drops":[{"name":"Big bones","id":532,"quantity":1,"price":138},{"name":"Teak logs","id":6334,"quantity":4,"price":201}],"date":"Dec 30, 2021, 8:58:36 PM"}
{"name":"Cave horror","level":80,"killCount":-1,"type":"NPC","drops":[{"name":"Big bones","id":532,"quantity":1,"price":138},{"name":"Teak logs","id":6334,"quantity":4,"price":201}],"date":"Dec 30, 2021, 8:58:55 PM"}
{"name":"Cave horror","level":80,"killCount":-1,"type":"NPC","drops":[{"name":"Big bones","id":532,"quantity":1,"price":138},{"name":"Grimy avantoe","id":211,"quantity":1,"price":1625}],"date":"Dec 30, 2021, 8:59:16 PM"}
{"name":"Cave horror","level":80,"killCount":-1,"type":"NPC","drops":[{"name":"Big bones","id":532,"quantity":1,"price":138},{"name":"Onion seed","id":5319,"quantity":3,"price":1}],"date":"Dec 30, 2021, 8:59:28 PM"}
{"name":"Cave horror","level":80,"killCount":-1,"type":"NPC","drops":[{"name":"Big bones","id":532,"quantity":1,"price":138},{"name":"Coins","id":995,"quantity":132,"price":1}],"date":"Dec 30, 2021, 8:59:34 PM"}
{"name":"Cave horror","level":80,"killCount":-1,"type":"NPC","drops":[{"name":"Big bones","id":532,"quantity":1,"price":138},{"name":"Sweetcorn seed","id":5320,"quantity":1,"price":2}],"date":"Dec 30, 2021, 9:00:04 PM"}
{"name":"Cave horror","level":80,"killCount":-1,"type":"NPC","drops":[{"name":"Big bones","id":532,"quantity":1,"price":138},{"name":"Belladonna seed","id":5281,"quantity":1,"price":69}],"date":"Dec 30, 2021, 9:00:12 PM"}
{"name":"Cave horror","level":80,"killCount":-1,"type":"NPC","drops":[{"name":"Big bones","id":532,"quantity":1,"price":138},{"name":"Poison ivy seed","id":5106,"quantity":1,"price":15}],"date":"Dec 30, 2021, 9:00:16 PM"}
{"name":"Cave horror","level":80,"killCount":-1,"type":"NPC","drops":[{"name":"Big bones","id":532,"quantity":1,"price":138},{"name":"Nature rune","id":561,"quantity":4,"price":210}],"date":"Dec 30, 2021, 9:00:24 PM"}
{"name":"Cave horror","level":80,"killCount":-1,"type":"NPC","drops":[{"name":"Big bones","id":532,"quantity":1,"price":138},{"name":"Coins","id":995,"quantity":44,"price":1}],"date":"Dec 30, 2021, 9:00:37 PM"}
{"name":"Cave horror","level":80,"killCount":-1,"type":"NPC","drops":[{"name":"Big bones","id":532,"quantity":1,"price":138},{"name":"Uncut ruby","id":1619,"quantity":1,"price":1217}],"date":"Dec 30, 2021, 9:00:45 PM"}
{"name":"Cave horror","level":80,"killCount":-1,"type":"NPC","drops":[{"name":"Big bones","id":532,"quantity":1,"price":138},{"name":"Nature rune","id":561,"quantity":6,"price":210}],"date":"Dec 30, 2021, 9:00:46 PM"}
{"name":"Cave horror","level":80,"killCount":-1,"type":"NPC","drops":[{"name":"Big bones","id":532,"quantity":1,"price":138},{"name":"Kwuarm seed","id":5299,"quantity":1,"price":309}],"date":"Dec 30, 2021, 9:00:49 PM"}
{"name":"Cave horror","level":80,"killCount":-1,"type":"NPC","drops":[{"name":"Big bones","id":532,"quantity":1,"price":138},{"name":"Teak logs","id":6334,"quantity":4,"price":201}],"date":"Dec 30, 2021, 9:01:10 PM"}
{"name":"Cave horror","level":80,"killCount":-1,"type":"NPC","drops":[{"name":"Big bones","id":532,"quantity":1,"price":138},{"name":"Ensouled horror head","id":13486,"quantity":1,"price":1292},{"name":"Mithril kiteshield","id":1197,"quantity":1,"price":1008}],"date":"Dec 30, 2021, 9:01:28 PM"}
{"name":"Cave horror","level":80,"killCount":-1,"type":"NPC","drops":[{"name":"Big bones","id":532,"quantity":1,"price":138},{"name":"Coins","id":995,"quantity":44,"price":1}],"date":"Dec 30, 2021, 9:01:37 PM"}
{"name":"Cave horror","level":80,"killCount":-1,"type":"NPC","drops":[{"name":"Big bones","id":532,"quantity":1,"price":138},{"name":"Coins","id":995,"quantity":132,"price":1}],"date":"Dec 30, 2021, 9:01:43 PM"}
{"name":"Cave horror","level":80,"killCount":-1,"type":"NPC","drops":[{"name":"Big bones","id":532,"quantity":1,"price":138}],"date":"Dec 30, 2021, 9:01:55 PM"}
{"name":"Cave horror","level":80,"killCount":-1,"type":"NPC","drops":[{"name":"Big bones","id":532,"quantity":1,"price":138},{"name":"Coins","id":995,"quantity":44,"price":1}],"date":"Dec 30, 2021, 9:02:04 PM"}
{"name":"Cave horror","level":80,"killCount":-1,"type":"NPC","drops":[{"name":"Big bones","id":532,"quantity":1,"price":138},{"name":"Irit seed","id":5297,"quantity":1,"price":43}],"date":"Dec 30, 2021, 9:02:13 PM"}
{"name":"Cave horror","level":80,"killCount":-1,"type":"NPC","drops":[{"name":"Big bones","id":532,"quantity":1,"price":138},{"name":"Teak logs","id":6334,"quantity":4,"price":201}],"date":"Dec 30, 2021, 9:02:20 PM"}
{"name":"Cave horror","level":80,"killCount":-1,"type":"NPC","drops":[{"name":"Big bones","id":532,"quantity":1,"price":138},{"name":"Mahogany logs","id":6332,"quantity":1,"price":342},{"name":"Mahogany logs","id":6332,"quantity":1,"price":342}],"date":"Dec 30, 2021, 9:02:26 PM"}
{"name":"Cave horror","level":80,"killCount":-1,"type":"NPC","drops":[{"name":"Big bones","id":532,"quantity":1,"price":138},{"name":"Coins","id":995,"quantity":440,"price":1}],"date":"Dec 30, 2021, 9:02:39 PM"}
{"name":"Cave horror","level":80,"killCount":-1,"type":"NPC","drops":[{"name":"Big bones","id":532,"quantity":1,"price":138},{"name":"Potato seed","id":5318,"quantity":1,"price":1}],"date":"Dec 30, 2021, 9:02:54 PM"}
{"name":"Cave horror","level":80,"killCount":-1,"type":"NPC","drops":[{"name":"Big bones","id":532,"quantity":1,"price":138},{"name":"Nature talisman","id":1462,"quantity":1,"price":734}],"date":"Dec 30, 2021, 9:03:02 PM"}
{"name":"Cave horror","level":80,"killCount":-1,"type":"NPC","drops":[{"name":"Big bones","id":532,"quantity":1,"price":138},{"name":"Potato seed","id":5318,"quantity":3,"price":1}],"date":"Dec 30, 2021, 9:03:09 PM"}
{"name":"Cave horror","level":80,"killCount":-1,"type":"NPC","drops":[{"name":"Big bones","id":532,"quantity":1,"price":138},{"name":"Grimy ranarr weed","id":207,"quantity":1,"price":7140}],"date":"Dec 30, 2021, 9:03:24 PM"}
{"name":"Cave horror","level":80,"killCount":-1,"type":"NPC","drops":[{"name":"Big bones","id":532,"quantity":1,"price":138},{"name":"Kwuarm seed","id":5299,"quantity":1,"price":309}],"date":"Dec 30, 2021, 9:03:34 PM"}
{"name":"Cave horror","level":80,"killCount":-1,"type":"NPC","drops":[{"name":"Big bones","id":532,"quantity":1,"price":138},{"name":"Coins","id":995,"quantity":132,"price":1}],"date":"Dec 30, 2021, 9:03:43 PM"}
{"name":"Cave horror","level":80,"killCount":-1,"type":"NPC","drops":[{"name":"Big bones","id":532,"quantity":1,"price":138},{"name":"Coins","id":995,"quantity":44,"price":1}],"date":"Dec 30, 2021, 9:03:51 PM"}
{"name":"Cave horror","level":80,"killCount":-1,"type":"NPC","drops":[{"name":"Big bones","id":532,"quantity":1,"price":138},{"name":"Grimy guam leaf","id":199,"quantity":1,"price":17}],"date":"Dec 30, 2021, 9:04:04 PM"}
{"name":"Cave horror","level":80,"killCount":-1,"type":"NPC","drops":[{"name":"Big bones","id":532,"quantity":1,"price":138},{"name":"Coins","id":995,"quantity":132,"price":1}],"date":"Dec 30, 2021, 9:04:21 PM"}
{"name":"Cave horror","level":80,"killCount":-1,"type":"NPC","drops":[{"name":"Big bones","id":532,"quantity":1,"price":138},{"name":"Coins","id":995,"quantity":44,"price":1}],"date":"Dec 30, 2021, 9:04:27 PM"}
{"name":"Cave horror","level":80,"killCount":-1,"type":"NPC","drops":[{"name":"Big bones","id":532,"quantity":1,"price":138},{"name":"Nature rune","id":561,"quantity":4,"price":210}],"date":"Dec 30, 2021, 9:04:28 PM"}
{"name":"Cave horror","level":80,"killCount":-1,"type":"NPC","drops":[{"name":"Big bones","id":532,"quantity":1,"price":138},{"name":"Snapdragon seed","id":5300,"quantity":1,"price":59035}],"date":"Dec 30, 2021, 9:04:45 PM"}
{"name":"Cave horror","level":80,"killCount":-1,"type":"NPC","drops":[{"name":"Big bones","id":532,"quantity":1,"price":138},{"name":"Coins","id":995,"quantity":44,"price":1}],"date":"Dec 30, 2021, 9:04:59 PM"}
{"name":"Cave horror","level":80,"killCount":-1,"type":"NPC","drops":[{"name":"Big bones","id":532,"quantity":1,"price":138}],"date":"Dec 30, 2021, 9:05:06 PM"}
{"name":"Cave horror","level":80,"killCount":-1,"type":"NPC","drops":[{"name":"Big bones","id":532,"quantity":1,"price":138},{"name":"Uncut sapphire","id":1623,"quantity":1,"price":352}],"date":"Dec 30, 2021, 9:05:19 PM"}
{"name":"Cave horror","level":80,"killCount":-1,"type":"NPC","drops":[{"name":"Long bone","id":10976,"quantity":1,"price":1000},{"name":"Big bones","id":532,"quantity":1,"price":138},{"name":"Coins","id":995,"quantity":44,"price":1}],"date":"Dec 30, 2021, 9:05:37 PM"}
{"name":"Cave horror","level":80,"killCount":-1,"type":"NPC","drops":[{"name":"Big bones","id":532,"quantity":1,"price":138},{"name":"Grimy guam leaf","id":199,"quantity":1,"price":17}],"date":"Dec 30, 2021, 9:05:52 PM"}
{"name":"Cave horror","level":80,"killCount":-1,"type":"NPC","drops":[{"name":"Big bones","id":532,"quantity":1,"price":138},{"name":"Mithril axe","id":1355,"quantity":1,"price":86}],"date":"Dec 30, 2021, 9:06:10 PM"}
{"name":"Cave horror","level":80,"killCount":-1,"type":"NPC","drops":[{"name":"Big bones","id":532,"quantity":1,"price":138},{"name":"Coins","id":995,"quantity":132,"price":1}],"date":"Dec 30, 2021, 9:06:15 PM"}
{"name":"Cave horror","level":80,"killCount":-1,"type":"NPC","drops":[{"name":"Big bones","id":532,"quantity":1,"price":138},{"name":"Grimy marrentill","id":201,"quantity":1,"price":15}],"date":"Dec 30, 2021, 9:06:30 PM"}
{"name":"Cave horror","level":80,"killCount":-1,"type":"NPC","drops":[{"name":"Big bones","id":532,"quantity":1,"price":138},{"name":"Belladonna seed","id":5281,"quantity":1,"price":69}],"date":"Dec 30, 2021, 9:06:46 PM"}
{"name":"Cave horror","level":80,"killCount":-1,"type":"NPC","drops":[{"name":"Big bones","id":532,"quantity":1,"price":138},{"name":"Coins","id":995,"quantity":44,"price":1}],"date":"Dec 30, 2021, 9:06:59 PM"}
{"name":"Cave horror","level":80,"killCount":-1,"type":"NPC","drops":[{"name":"Big bones","id":532,"quantity":1,"price":124},{"name":"Nature rune","id":561,"quantity":6,"price":215}],"date":"Jan 2, 2022, 2:29:40 AM"}
{"name":"Cave horror","level":80,"killCount":-1,"type":"NPC","drops":[{"name":"Big bones","id":532,"quantity":1,"price":124},{"name":"Tomato seed","id":5322,"quantity":1,"price":1}],"date":"Jan 2, 2022, 2:29:47 AM"}
{"name":"Cave horror","level":80,"killCount":-1,"type":"NPC","drops":[{"name":"Big bones","id":532,"quantity":1,"price":124},{"name":"Uncut sapphire","id":1623,"quantity":1,"price":347}],"date":"Jan 2, 2022, 2:30:00 AM"}
{"name":"Cave horror","level":80,"killCount":-1,"type":"NPC","drops":[{"name":"Big bones","id":532,"quantity":1,"price":124},{"name":"Nature rune","id":561,"quantity":4,"price":215}],"date":"Jan 2, 2022, 2:30:12 AM"}
{"name":"Cave horror","level":80,"killCount":-1,"type":"NPC","drops":[{"name":"Big bones","id":532,"quantity":1,"price":124},{"name":"Potato seed","id":5318,"quantity":1,"price":1}],"date":"Jan 2, 2022, 2:30:27 AM"}
{"name":"Cave horror","level":80,"killCount":-1,"type":"NPC","drops":[{"name":"Big bones","id":532,"quantity":1,"price":124},{"name":"Nature rune","id":561,"quantity":6,"price":215}],"date":"Jan 2, 2022, 2:30:34 AM"}
{"name":"Cave horror","level":80,"killCount":-1,"type":"NPC","drops":[{"name":"Big bones","id":532,"quantity":1,"price":124},{"name":"Belladonna seed","id":5281,"quantity":1,"price":65}],"date":"Jan 2, 2022, 2:30:40 AM"}
{"name":"Cave horror","level":80,"killCount":-1,"type":"NPC","drops":[{"name":"Big bones","id":532,"quantity":1,"price":124},{"name":"Coins","id":995,"quantity":132,"price":1}],"date":"Jan 2, 2022, 2:30:48 AM"}
{"name":"Cave horror","level":80,"killCount":-1,"type":"NPC","drops":[{"name":"Big bones","id":532,"quantity":1,"price":124},{"name":"Limpwurt root","id":225,"quantity":1,"price":696}],"date":"Jan 2, 2022, 2:30:58 AM"}
{"name":"Cave horror","level":80,"killCount":-1,"type":"NPC","drops":[{"name":"Big bones","id":532,"quantity":1,"price":124},{"name":"Teak logs","id":6334,"quantity":4,"price":215}],"date":"Jan 2, 2022, 2:31:03 AM"}
{"name":"Cave horror","level":80,"killCount":-1,"type":"NPC","drops":[{"name":"Big bones","id":532,"quantity":1,"price":124},{"name":"Nature rune","id":561,"quantity":4,"price":215}],"date":"Jan 2, 2022, 2:31:13 AM"}
{"name":"Cave horror","level":80,"killCount":-1,"type":"NPC","drops":[{"name":"Big bones","id":532,"quantity":1,"price":124},{"name":"Teak logs","id":6334,"quantity":4,"price":215}],"date":"Jan 2, 2022, 2:31:25 AM"}
{"name":"Cave horror","level":80,"killCount":-1,"type":"NPC","drops":[{"name":"Big bones","id":532,"quantity":1,"price":124},{"name":"Teak logs","id":6334,"quantity":4,"price":215}],"date":"Jan 2, 2022, 2:31:42 AM"}
{"name":"Cave horror","level":80,"killCount":-1,"type":"NPC","drops":[{"name":"Big bones","id":532,"quantity":1,"price":124},{"name":"Tomato seed","id":5322,"quantity":1,"price":1}],"date":"Jan 2, 2022, 2:31:44 AM"}
{"name":"Cave horror","level":80,"killCount":-1,"type":"NPC","drops":[{"name":"Big bones","id":532,"quantity":1,"price":124},{"name":"Mithril axe","id":1355,"quantity":1,"price":217}],"date":"Jan 2, 2022, 2:31:50 AM"}
{"name":"Cave horror","level":80,"killCount":-1,"type":"NPC","drops":[{"name":"Big bones","id":532,"quantity":1,"price":124}],"date":"Jan 2, 2022, 2:31:55 AM"}
{"name":"Cave horror","level":80,"killCount":-1,"type":"NPC","drops":[{"name":"Big bones","id":532,"quantity":1,"price":124},{"name":"Mithril kiteshield","id":1197,"quantity":1,"price":999}],"date":"Jan 2, 2022, 2:32:03 AM"}
{"name":"Cave horror","level":80,"killCount":-1,"type":"NPC","drops":[{"name":"Big bones","id":532,"quantity":1,"price":124},{"name":"Mahogany logs","id":6332,"quantity":1,"price":339},{"name":"Mahogany logs","id":6332,"quantity":1,"price":339}],"date":"Jan 2, 2022, 2:32:25 AM"}
{"name":"Cave horror","level":80,"killCount":-1,"type":"NPC","drops":[{"name":"Big bones","id":532,"quantity":1,"price":124},{"name":"Coins","id":995,"quantity":132,"price":1}],"date":"Jan 2, 2022, 2:32:32 AM"}
{"name":"Cave horror","level":80,"killCount":-1,"type":"NPC","drops":[{"name":"Big bones","id":532,"quantity":1,"price":124},{"name":"Potato seed","id":5318,"quantity":3,"price":1}],"date":"Jan 2, 2022, 2:32:39 AM"}
{"name":"Cave horror","level":80,"killCount":-1,"type":"NPC","drops":[{"name":"Big bones","id":532,"quantity":1,"price":124},{"name":"Adamant full helm","id":1161,"quantity":1,"price":1735}],"date":"Jan 2, 2022, 2:32:52 AM"}
{"name":"Cave horror","level":80,"killCount":-1,"type":"NPC","drops":[{"name":"Big bones","id":532,"quantity":1,"price":124},{"name":"Limpwurt root","id":225,"quantity":1,"price":696}],"date":"Jan 2, 2022, 2:32:57 AM"}
{"name":"Cave horror","level":80,"killCount":-1,"type":"NPC","drops":[{"name":"Big bones","id":532,"quantity":1,"price":124},{"name":"Grimy irit leaf","id":209,"quantity":1,"price":714}],"date":"Jan 2, 2022, 2:33:04 AM"}
{"name":"Cave horror","level":80,"killCount":-1,"type":"NPC","drops":[{"name":"Big bones","id":532,"quantity":1,"price":124},{"name":"Limpwurt root","id":225,"quantity":1,"price":696}],"date":"Jan 2, 2022, 2:33:18 AM"}
{"name":"Cave horror","level":80,"killCount":-1,"type":"NPC","drops":[{"name":"Big bones","id":532,"quantity":1,"price":124},{"name":"Limpwurt root","id":225,"quantity":1,"price":696}],"date":"Jan 2, 2022, 2:33:27 AM"}
{"name":"Cave horror","level":80,"killCount":-1,"type":"NPC","drops":[{"name":"Big bones","id":532,"quantity":1,"price":124},{"name":"Coins","id":995,"quantity":132,"price":1}],"date":"Jan 2, 2022, 2:33:43 AM"}
{"name":"Cave horror","level":80,"killCount":-1,"type":"NPC","drops":[{"name":"Big bones","id":532,"quantity":1,"price":124},{"name":"Teak logs","id":6334,"quantity":4,"price":215}],"date":"Jan 2, 2022, 2:33:45 AM"}
{"name":"Cave horror","level":80,"killCount":-1,"type":"NPC","drops":[{"name":"Big bones","id":532,"quantity":1,"price":124},{"name":"Grimy harralander","id":205,"quantity":1,"price":671}],"date":"Jan 2, 2022, 2:33:56 AM"}
{"name":"Cave horror","level":80,"killCount":-1,"type":"NPC","drops":[{"name":"Big bones","id":532,"quantity":1,"price":124},{"name":"Coins","id":995,"quantity":44,"price":1}],"date":"Jan 2, 2022, 2:34:03 AM"}
{"name":"Cave horror","level":80,"killCount":-1,"type":"NPC","drops":[{"name":"Big bones","id":532,"quantity":1,"price":124},{"name":"Coins","id":995,"quantity":44,"price":1}],"date":"Jan 2, 2022, 2:34:11 AM"}
{"name":"Cave horror","level":80,"killCount":-1,"type":"NPC","drops":[{"name":"Big bones","id":532,"quantity":1,"price":124},{"name":"Teak logs","id":6334,"quantity":4,"price":215}],"date":"Jan 2, 2022, 2:34:21 AM"}
{"name":"Cave horror","level":80,"killCount":-1,"type":"NPC","drops":[{"name":"Big bones","id":532,"quantity":1,"price":124},{"name":"Ensouled horror head","id":13486,"quantity":1,"price":1348},{"name":"Cabbage seed","id":5324,"quantity":2,"price":1}],"date":"Jan 2, 2022, 2:34:25 AM"}
{"name":"Cave horror","level":80,"killCount":-1,"type":"NPC","drops":[{"name":"Big bones","id":532,"quantity":1,"price":124},{"name":"Belladonna seed","id":5281,"quantity":1,"price":65}],"date":"Jan 2, 2022, 2:34:30 AM"}
{"name":"Cave horror","level":80,"killCount":-1,"type":"NPC","drops":[{"name":"Big bones","id":532,"quantity":1,"price":124},{"name":"Mahogany logs","id":6332,"quantity":1,"price":339},{"name":"Mahogany logs","id":6332,"quantity":1,"price":339}],"date":"Jan 2, 2022, 2:34:38 AM"}
{"name":"Cave horror","level":80,"killCount":-1,"type":"NPC","drops":[{"name":"Big bones","id":532,"quantity":1,"price":124},{"name":"Limpwurt root","id":225,"quantity":1,"price":696}],"date":"Jan 2, 2022, 2:34:48 AM"}
{"name":"Cave horror","level":80,"killCount":-1,"type":"NPC","drops":[{"name":"Big bones","id":532,"quantity":1,"price":124},{"name":"Mithril kiteshield","id":1197,"quantity":1,"price":999}],"date":"Jan 2, 2022, 2:34:59 AM"}
{"name":"Cave horror","level":80,"killCount":-1,"type":"NPC","drops":[{"name":"Big bones","id":532,"quantity":1,"price":124},{"name":"Coins","id":995,"quantity":132,"price":1}],"date":"Jan 2, 2022, 2:35:03 AM"}
{"name":"Cave horror","level":80,"killCount":-1,"type":"NPC","drops":[{"name":"Big bones","id":532,"quantity":1,"price":124},{"name":"Potato seed","id":5318,"quantity":1,"price":1}],"date":"Jan 2, 2022, 2:35:11 AM"}
{"name":"Cave horror","level":80,"killCount":-1,"type":"NPC","drops":[{"name":"Big bones","id":532,"quantity":1,"price":124},{"name":"Uncut sapphire","id":1623,"quantity":1,"price":347}],"date":"Jan 2, 2022, 2:35:22 AM"}
{"name":"Cave horror","level":80,"killCount":-1,"type":"NPC","drops":[{"name":"Big bones","id":532,"quantity":1,"price":124},{"name":"Nature rune","id":561,"quantity":3,"price":215}],"date":"Jan 2, 2022, 2:35:31 AM"}
{"name":"Cave horror","level":80,"killCount":-1,"type":"NPC","drops":[{"name":"Big bones","id":532,"quantity":1,"price":124},{"name":"Nature rune","id":561,"quantity":6,"price":215}],"date":"Jan 2, 2022, 2:35:38 AM"}
{"name":"Cave horror","level":80,"killCount":-1,"type":"NPC","drops":[{"name":"Big bones","id":532,"quantity":1,"price":124},{"name":"Coins","id":995,"quantity":132,"price":1}],"date":"Jan 2, 2022, 2:35:41 AM"}
{"name":"Cave horror","level":80,"killCount":-1,"type":"NPC","drops":[{"name":"Big bones","id":532,"quantity":1,"price":124}],"date":"Jan 2, 2022, 2:35:47 AM"}
{"name":"Cave horror","level":80,"killCount":-1,"type":"NPC","drops":[{"name":"Big bones","id":532,"quantity":1,"price":124},{"name":"Grimy guam leaf","id":199,"quantity":1,"price":20}],"date":"Jan 2, 2022, 2:36:04 AM"}
{"name":"Cave horror","level":80,"killCount":-1,"type":"NPC","drops":[{"name":"Big bones","id":532,"quantity":1,"price":124},{"name":"Coins","id":995,"quantity":44,"price":1}],"date":"Jan 2, 2022, 2:36:10 AM"}
{"name":"Cave horror","level":80,"killCount":-1,"type":"NPC","drops":[{"name":"Big bones","id":532,"quantity":1,"price":124},{"name":"Coins","id":995,"quantity":132,"price":1}],"date":"Jan 2, 2022, 2:36:15 AM"}
{"name":"Cave horror","level":80,"killCount":-1,"type":"NPC","drops":[{"name":"Big bones","id":532,"quantity":1,"price":124},{"name":"Cabbage seed","id":5324,"quantity":1,"price":1}],"date":"Jan 2, 2022, 2:36:23 AM"}
{"name":"Cave horror","level":80,"killCount":-1,"type":"NPC","drops":[{"name":"Big bones","id":532,"quantity":1,"price":124},{"name":"Coins","id":995,"quantity":44,"price":1}],"date":"Jan 2, 2022, 2:36:35 AM"}
{"name":"Cave horror","level":80,"killCount":-1,"type":"NPC","drops":[{"name":"Big bones","id":532,"quantity":1,"price":124},{"name":"Snape grass seed","id":22879,"quantity":1,"price":2214}],"date":"Jan 2, 2022, 2:36:43 AM"}
{"name":"Cave horror","level":80,"killCount":-1,"type":"NPC","drops":[{"name":"Big bones","id":532,"quantity":1,"price":124},{"name":"Coins","id":995,"quantity":132,"price":1}],"date":"Jan 2, 2022, 2:36:57 AM"}
{"name":"Cave horror","level":80,"killCount":-1,"type":"NPC","drops":[{"name":"Big bones","id":532,"quantity":1,"price":124},{"name":"Ensouled horror head","id":13486,"quantity":1,"price":1348},{"name":"Coins","id":995,"quantity":44,"price":1}],"date":"Jan 2, 2022, 2:37:02 AM"}
{"name":"Cave horror","level":80,"killCount":-1,"type":"NPC","drops":[{"name":"Big bones","id":532,"quantity":1,"price":124},{"name":"Coins","id":995,"quantity":132,"price":1}],"date":"Jan 2, 2022, 2:37:13 AM"}
{"name":"Cave horror","level":80,"killCount":-1,"type":"NPC","drops":[{"name":"Big bones","id":532,"quantity":1,"price":124},{"name":"Coins","id":995,"quantity":44,"price":1}],"date":"Jan 2, 2022, 2:37:23 AM"}
{"name":"Cave horror","level":80,"killCount":-1,"type":"NPC","drops":[{"name":"Big bones","id":532,"quantity":1,"price":124},{"name":"Mithril kiteshield","id":1197,"quantity":1,"price":999}],"date":"Jan 2, 2022, 2:37:42 AM"}
{"name":"Cave horror","level":80,"killCount":-1,"type":"NPC","drops":[{"name":"Big bones","id":532,"quantity":1,"price":124},{"name":"Limpwurt root","id":225,"quantity":1,"price":696}],"date":"Jan 2, 2022, 2:37:45 AM"}
{"name":"Cave horror","level":80,"killCount":-1,"type":"NPC","drops":[{"name":"Big bones","id":532,"quantity":1,"price":124},{"name":"Coins","id":995,"quantity":132,"price":1}],"date":"Jan 2, 2022, 2:37:48 AM"}
{"name":"Cave horror","level":80,"killCount":-1,"type":"NPC","drops":[{"name":"Big bones","id":532,"quantity":1,"price":124},{"name":"Nature rune","id":561,"quantity":6,"price":215}],"date":"Jan 2, 2022, 2:38:04 AM"}
{"name":"Cave horror","level":80,"killCount":-1,"type":"NPC","drops":[{"name":"Big bones","id":532,"quantity":1,"price":124},{"name":"Coins","id":995,"quantity":44,"price":1}],"date":"Jan 2, 2022, 2:38:09 AM"}
{"name":"Cave horror","level":80,"killCount":-1,"type":"NPC","drops":[{"name":"Big bones","id":532,"quantity":1,"price":124},{"name":"Ensouled horror head","id":13486,"quantity":1,"price":1348},{"name":"Nature rune","id":561,"quantity":6,"price":215}],"date":"Jan 2, 2022, 2:38:18 AM"}
{"name":"Cave horror","level":80,"killCount":-1,"type":"NPC","drops":[{"name":"Big bones","id":532,"quantity":1,"price":124},{"name":"Grimy guam leaf","id":199,"quantity":1,"price":20}],"date":"Jan 2, 2022, 2:38:30 AM"}
{"name":"Cave horror","level":80,"killCount":-1,"type":"NPC","drops":[{"name":"Big bones","id":532,"quantity":1,"price":124},{"name":"Nature rune","id":561,"quantity":6,"price":215}],"date":"Jan 2, 2022, 2:38:33 AM"}
{"name":"Cave horror","level":80,"killCount":-1,"type":"NPC","drops":[{"name":"Big bones","id":532,"quantity":1,"price":124},{"name":"Nature rune","id":561,"quantity":6,"price":215}],"date":"Jan 2, 2022, 2:38:41 AM"}
{"name":"Cave horror","level":80,"killCount":-1,"type":"NPC","drops":[{"name":"Big bones","id":532,"quantity":1,"price":124},{"name":"Limpwurt root","id":225,"quantity":1,"price":696}],"date":"Jan 2, 2022, 2:38:53 AM"}
{"name":"Cave horror","level":80,"killCount":-1,"type":"NPC","drops":[{"name":"Big bones","id":532,"quantity":1,"price":124},{"name":"Black mask (10)","id":8901,"quantity":1,"price":758819}],"date":"Jan 2, 2022, 2:38:58 AM"}
{"name":"Cave horror","level":80,"killCount":-1,"type":"NPC","drops":[{"name":"Big bones","id":532,"quantity":1,"price":124},{"name":"Coins","id":995,"quantity":44,"price":1}],"date":"Jan 2, 2022, 2:39:09 AM"}
{"name":"Cave horror","level":80,"killCount":-1,"type":"NPC","drops":[{"name":"Big bones","id":532,"quantity":1,"price":124},{"name":"Grimy harralander","id":205,"quantity":1,"price":671}],"date":"Jan 2, 2022, 2:39:18 AM"}
{"name":"Cave horror","level":80,"killCount":-1,"type":"NPC","drops":[{"name":"Big bones","id":532,"quantity":1,"price":124},{"name":"Potato seed","id":5318,"quantity":4,"price":1}],"date":"Jan 2, 2022, 2:39:39 AM"}
{"name":"Cave horror","level":80,"killCount":-1,"type":"NPC","drops":[{"name":"Big bones","id":532,"quantity":1,"price":124},{"name":"Nature rune","id":561,"quantity":6,"price":215}],"date":"Jan 2, 2022, 2:39:45 AM"}
{"name":"Cave horror","level":80,"killCount":-1,"type":"NPC","drops":[{"name":"Big bones","id":532,"quantity":1,"price":124},{"name":"Coins","id":995,"quantity":44,"price":1}],"date":"Jan 2, 2022, 2:39:57 AM"}
{"name":"Cave horror","level":80,"killCount":-1,"type":"NPC","drops":[{"name":"Big bones","id":532,"quantity":1,"price":124},{"name":"Cactus seed","id":5280,"quantity":1,"price":102}],"date":"Jan 2, 2022, 2:40:09 AM"}
{"name":"Cave horror","level":80,"killCount":-1,"type":"NPC","drops":[{"name":"Long bone","id":10976,"quantity":1,"price":1000},{"name":"Big bones","id":532,"quantity":1,"price":124},{"name":"Coins","id":995,"quantity":44,"price":1}],"date":"Jan 2, 2022, 2:40:15 AM"}
{"name":"Cave horror","level":80,"killCount":-1,"type":"NPC","drops":[{"name":"Big bones","id":532,"quantity":1,"price":124},{"name":"Coins","id":995,"quantity":132,"price":1}],"date":"Jan 2, 2022, 2:40:24 AM"}
{"name":"Cave horror","level":80,"killCount":-1,"type":"NPC","drops":[{"name":"Big bones","id":532,"quantity":1,"price":124},{"name":"Nature rune","id":561,"quantity":4,"price":215}],"date":"Jan 2, 2022, 2:40:34 AM"}
{"name":"Cave horror","level":80,"killCount":-1,"type":"NPC","drops":[{"name":"Big bones","id":532,"quantity":1,"price":124},{"name":"Onion seed","id":5319,"quantity":2,"price":1}],"date":"Jan 2, 2022, 2:40:48 AM"}
{"name":"Cave horror","level":80,"killCount":-1,"type":"NPC","drops":[{"name":"Big bones","id":532,"quantity":1,"price":124},{"name":"Coins","id":995,"quantity":132,"price":1}],"date":"Jan 2, 2022, 2:40:56 AM"}
{"name":"Cave horror","level":80,"killCount":-1,"type":"NPC","drops":[{"name":"Big bones","id":532,"quantity":1,"price":124},{"name":"Snape grass seed","id":22879,"quantity":3,"price":2214}],"date":"Jan 2, 2022, 2:41:03 AM"}
{"name":"Cave horror","level":80,"killCount":-1,"type":"NPC","drops":[{"name":"Big bones","id":532,"quantity":1,"price":124},{"name":"Coins","id":995,"quantity":132,"price":1}],"date":"Jan 2, 2022, 2:41:17 AM"}
{"name":"Cave horror","level":80,"killCount":-1,"type":"NPC","drops":[{"name":"Big bones","id":532,"quantity":1,"price":124},{"name":"Coins","id":995,"quantity":44,"price":1}],"date":"Jan 2, 2022, 2:41:47 AM"}
{"name":"Cave horror","level":80,"killCount":-1,"type":"NPC","drops":[{"name":"Big bones","id":532,"quantity":1,"price":124},{"name":"Coins","id":995,"quantity":44,"price":1}],"date":"Jan 2, 2022, 2:41:51 AM"}
{"name":"Cave horror","level":80,"killCount":-1,"type":"NPC","drops":[{"name":"Big bones","id":532,"quantity":1,"price":124},{"name":"Belladonna seed","id":5281,"quantity":1,"price":65}],"date":"Jan 2, 2022, 2:41:54 AM"}
{"name":"Cave horror","level":80,"killCount":-1,"type":"NPC","drops":[{"name":"Big bones","id":532,"quantity":1,"price":124},{"name":"Onion seed","id":5319,"quantity":1,"price":1}],"date":"Jan 2, 2022, 2:42:08 AM"}
{"name":"Cave horror","level":80,"killCount":-1,"type":"NPC","drops":[{"name":"Big bones","id":532,"quantity":1,"price":124},{"name":"Irit seed","id":5297,"quantity":1,"price":46}],"date":"Jan 2, 2022, 2:42:38 AM"}
{"name":"Cave horror","level":80,"killCount":-1,"type":"NPC","drops":[{"name":"Big bones","id":532,"quantity":1,"price":124},{"name":"Onion seed","id":5319,"quantity":2,"price":1}],"date":"Jan 2, 2022, 2:42:45 AM"}
{"name":"Cave horror","level":80,"killCount":-1,"type":"NPC","drops":[{"name":"Big bones","id":532,"quantity":1,"price":124},{"name":"Irit seed","id":5297,"quantity":1,"price":46}],"date":"Jan 2, 2022, 2:42:51 AM"}
{"name":"Cave horror","level":80,"killCount":-1,"type":"NPC","drops":[{"name":"Big bones","id":532,"quantity":1,"price":124},{"name":"Teak logs","id":6334,"quantity":4,"price":215}],"date":"Jan 2, 2022, 2:42:59 AM"}
{"name":"Cave horror","level":80,"killCount":-1,"type":"NPC","drops":[{"name":"Big bones","id":532,"quantity":1,"price":124},{"name":"Coins","id":995,"quantity":44,"price":1}],"date":"Jan 2, 2022, 2:43:06 AM"}
{"name":"Cave horror","level":80,"killCount":-1,"type":"NPC","drops":[{"name":"Big bones","id":532,"quantity":1,"price":124},{"name":"Nature rune","id":561,"quantity":6,"price":215}],"date":"Jan 2, 2022, 2:43:18 AM"}
{"name":"Cave horror","level":80,"killCount":-1,"type":"NPC","drops":[{"name":"Big bones","id":532,"quantity":1,"price":124},{"name":"Potato seed","id":5318,"quantity":1,"price":1}],"date":"Jan 2, 2022, 2:43:30 AM"}
{"name":"Cave horror","level":80,"killCount":-1,"type":"NPC","drops":[{"name":"Big bones","id":532,"quantity":1,"price":124},{"name":"Mahogany logs","id":6332,"quantity":1,"price":339},{"name":"Mahogany logs","id":6332,"quantity":1,"price":339}],"date":"Jan 2, 2022, 2:43:35 AM"}
{"name":"Cave horror","level":80,"killCount":-1,"type":"NPC","drops":[{"name":"Big bones","id":532,"quantity":1,"price":124},{"name":"Ensouled horror head","id":13486,"quantity":1,"price":1348},{"name":"Limpwurt root","id":225,"quantity":1,"price":696}],"date":"Jan 2, 2022, 2:43:47 AM"}
{"name":"Cave horror","level":80,"killCount":-1,"type":"NPC","drops":[{"name":"Big bones","id":532,"quantity":1,"price":124},{"name":"Toadflax seed","id":5296,"quantity":1,"price":2230}],"date":"Jan 2, 2022, 2:43:59 AM"}
{"name":"Cave horror","level":80,"killCount":-1,"type":"NPC","drops":[{"name":"Big bones","id":532,"quantity":1,"price":124},{"name":"Uncut emerald","id":1621,"quantity":1,"price":582}],"date":"Jan 2, 2022, 2:44:06 AM"}
{"name":"Cave horror","level":80,"killCount":-1,"type":"NPC","drops":[{"name":"Big bones","id":532,"quantity":1,"price":124},{"name":"Potato cactus seed","id":22873,"quantity":1,"price":54}],"date":"Jan 2, 2022, 2:44:17 AM"}
{"name":"Cave horror","level":80,"killCount":-1,"type":"NPC","drops":[{"name":"Big bones","id":532,"quantity":1,"price":124},{"name":"Coins","id":995,"quantity":44,"price":1}],"date":"Jan 2, 2022, 2:44:32 AM"}
{"name":"Cave horror","level":80,"killCount":-1,"type":"NPC","drops":[{"name":"Big bones","id":532,"quantity":1,"price":124},{"name":"Coins","id":995,"quantity":132,"price":1}],"date":"Jan 2, 2022, 2:44:44 AM"}
{"name":"Cave horror","level":80,"killCount":-1,"type":"NPC","drops":[{"name":"Big bones","id":532,"quantity":1,"price":124},{"name":"Coins","id":995,"quantity":44,"price":1}],"date":"Jan 2, 2022, 2:44:49 AM"}
{"name":"Cave horror","level":80,"killCount":-1,"type":"NPC","drops":[{"name":"Big bones","id":532,"quantity":1,"price":124},{"name":"Coins","id":995,"quantity":440,"price":1}],"date":"Jan 2, 2022, 2:44:54 AM"}
{"name":"Cave horror","level":80,"killCount":-1,"type":"NPC","drops":[{"name":"Big bones","id":532,"quantity":1,"price":124},{"name":"Coins","id":995,"quantity":44,"price":1}],"date":"Jan 2, 2022, 2:44:59 AM"}
{"name":"Cave horror","level":80,"killCount":-1,"type":"NPC","drops":[{"name":"Big bones","id":532,"quantity":1,"price":124}],"date":"Jan 2, 2022, 2:45:09 AM"}
{"name":"Cave horror","level":80,"killCount":-1,"type":"NPC","drops":[{"name":"Big bones","id":532,"quantity":1,"price":124},{"name":"Toadflax seed","id":5296,"quantity":1,"price":2230}],"date":"Jan 2, 2022, 2:45:17 AM"}
{"name":"Cave horror","level":80,"killCount":-1,"type":"NPC","drops":[{"name":"Big bones","id":532,"quantity":1,"price":124},{"name":"Ensouled horror head","id":13486,"quantity":1,"price":1348},{"name":"Potato seed","id":5318,"quantity":4,"price":1}],"date":"Jan 2, 2022, 2:45:27 AM"}
{"name":"Cave horror","level":80,"killCount":-1,"type":"NPC","drops":[{"name":"Big bones","id":532,"quantity":1,"price":124},{"name":"Ensouled horror head","id":13486,"quantity":1,"price":1348},{"name":"Onion seed","id":5319,"quantity":3,"price":1}],"date":"Jan 2, 2022, 2:45:36 AM"}
{"name":"Cave horror","level":80,"killCount":-1,"type":"NPC","drops":[{"name":"Big bones","id":532,"quantity":1,"price":124},{"name":"Potato seed","id":5318,"quantity":3,"price":1}],"date":"Jan 2, 2022, 2:45:43 AM"}
{"name":"Cave horror","level":80,"killCount":-1,"type":"NPC","drops":[{"name":"Big bones","id":532,"quantity":1,"price":124},{"name":"Mithril axe","id":1355,"quantity":1,"price":217}],"date":"Jan 2, 2022, 2:45:51 AM"}
{"name":"Cave horror","level":80,"killCount":-1,"type":"NPC","drops":[{"name":"Big bones","id":532,"quantity":1,"price":124},{"name":"Grimy harralander","id":205,"quantity":1,"price":671}],"date":"Jan 2, 2022, 2:46:02 AM"}
{"name":"Cave horror","level":80,"killCount":-1,"type":"NPC","drops":[{"name":"Big bones","id":532,"quantity":1,"price":124},{"name":"Coins","id":995,"quantity":132,"price":1}],"date":"Jan 2, 2022, 2:46:17 AM"}
{"name":"Cave horror","level":80,"killCount":-1,"type":"NPC","drops":[{"name":"Big bones","id":532,"quantity":1,"price":124},{"name":"Onion seed","id":5319,"quantity":3,"price":1}],"date":"Jan 2, 2022, 2:46:33 AM"}
{"name":"Cave horror","level":80,"killCount":-1,"type":"NPC","drops":[{"name":"Big bones","id":532,"quantity":1,"price":124},{"name":"Coins","id":995,"quantity":44,"price":1}],"date":"Jan 2, 2022, 2:46:40 AM"}
{"name":"Cave horror","level":80,"killCount":-1,"type":"NPC","drops":[{"name":"Big bones","id":532,"quantity":1,"price":124},{"name":"Coins","id":995,"quantity":440,"price":1}],"date":"Jan 2, 2022, 2:46:46 AM"}
{"name":"Cave horror","level":80,"killCount":-1,"type":"NPC","drops":[{"name":"Big bones","id":532,"quantity":1,"price":124},{"name":"Grimy guam leaf","id":199,"quantity":1,"price":20}],"date":"Jan 2, 2022, 2:46:50 AM"}
{"name":"Cave horror","level":80,"killCount":-1,"type":"NPC","drops":[{"name":"Big bones","id":532,"quantity":1,"price":124},{"name":"Coins","id":995,"quantity":44,"price":1}],"date":"Jan 2, 2022, 2:46:57 AM"}
{"name":"Cave horror","level":80,"killCount":-1,"type":"NPC","drops":[{"name":"Big bones","id":532,"quantity":1,"price":124},{"name":"Limpwurt root","id":225,"quantity":1,"price":696}],"date":"Jan 2, 2022, 2:47:02 AM"}
{"name":"Cave horror","level":80,"killCount":-1,"type":"NPC","drops":[{"name":"Big bones","id":532,"quantity":1,"price":124},{"name":"Teak logs","id":6334,"quantity":4,"price":215}],"date":"Jan 2, 2022, 2:47:10 AM"}
{"name":"Cave horror","level":80,"killCount":-1,"type":"NPC","drops":[{"name":"Big bones","id":532,"quantity":1,"price":124},{"name":"Nature rune","id":561,"quantity":4,"price":215}],"date":"Jan 2, 2022, 2:47:26 AM"}
{"name":"Cave horror","level":80,"killCount":-1,"type":"NPC","drops":[{"name":"Big bones","id":532,"quantity":1,"price":124},{"name":"Coins","id":995,"quantity":44,"price":1}],"date":"Jan 2, 2022, 2:47:36 AM"}
{"name":"Cave horror","level":80,"killCount":-1,"type":"NPC","drops":[{"name":"Big bones","id":532,"quantity":1,"price":124},{"name":"Coins","id":995,"quantity":44,"price":1}],"date":"Jan 2, 2022, 2:47:48 AM"}
{"name":"Cave horror","level":80,"killCount":-1,"type":"NPC","drops":[{"name":"Big bones","id":532,"quantity":1,"price":124},{"name":"Onion seed","id":5319,"quantity":1,"price":1}],"date":"Jan 2, 2022, 2:47:50 AM"}
{"name":"Cave horror","level":80,"killCount":-1,"type":"NPC","drops":[{"name":"Big bones","id":532,"quantity":1,"price":124},{"name":"Strawberry seed","id":5323,"quantity":1,"price":17}],"date":"Jan 2, 2022, 2:47:57 AM"}
{"name":"Cave horror","level":80,"killCount":-1,"type":"NPC","drops":[{"name":"Big bones","id":532,"quantity":1,"price":131},{"name":"Mithril axe","id":1355,"quantity":1,"price":94}],"date":"Jan 2, 2022, 2:48:10 AM"}
{"name":"Cave horror","level":80,"killCount":-1,"type":"NPC","drops":[{"name":"Big bones","id":532,"quantity":1,"price":131},{"name":"Toadflax seed","id":5296,"quantity":1,"price":2230}],"date":"Jan 2, 2022, 2:48:38 AM"}
{"name":"Cave horror","level":80,"killCount":-1,"type":"NPC","drops":[{"name":"Big bones","id":532,"quantity":1,"price":131},{"name":"Nature rune","id":561,"quantity":4,"price":213}],"date":"Jan 2, 2022, 2:48:41 AM"}
{"name":"Cave horror","level":80,"killCount":-1,"type":"NPC","drops":[{"name":"Big bones","id":532,"quantity":1,"price":131},{"name":"Nature rune","id":561,"quantity":4,"price":213}],"date":"Jan 2, 2022, 2:48:45 AM"}
{"name":"Cave horror","level":80,"killCount":-1,"type":"NPC","drops":[{"name":"Big bones","id":532,"quantity":1,"price":131},{"name":"Nature rune","id":561,"quantity":4,"price":213}],"date":"Jan 2, 2022, 2:48:46 AM"}
{"name":"Cave horror","level":80,"killCount":-1,"type":"NPC","drops":[{"name":"Big bones","id":532,"quantity":1,"price":131},{"name":"Coins","id":995,"quantity":132,"price":1}],"date":"Jan 2, 2022, 2:48:53 AM"}
{"name":"Cave horror","level":80,"killCount":-1,"type":"NPC","drops":[{"name":"Big bones","id":532,"quantity":1,"price":131},{"name":"Coins","id":995,"quantity":44,"price":1}],"date":"Jan 2, 2022, 2:49:01 AM"}
{"name":"Cave horror","level":80,"killCount":-1,"type":"NPC","drops":[{"name":"Big bones","id":532,"quantity":1,"price":131},{"name":"Teak logs","id":6334,"quantity":4,"price":215}],"date":"Jan 2, 2022, 2:49:18 AM"}
{"name":"Cave horror","level":80,"killCount":-1,"type":"NPC","drops":[{"name":"Big bones","id":532,"quantity":1,"price":131},{"name":"Coins","id":995,"quantity":132,"price":1}],"date":"Jan 2, 2022, 2:49:34 AM"}
{"name":"Cave horror","level":80,"killCount":-1,"type":"NPC","drops":[{"name":"Big bones","id":532,"quantity":1,"price":131},{"name":"Kwuarm seed","id":5299,"quantity":1,"price":287}],"date":"Jan 2, 2022, 2:49:44 AM"}
{"name":"Cave horror","level":80,"killCount":-1,"type":"NPC","drops":[{"name":"Big bones","id":532,"quantity":1,"price":131},{"name":"Coins","id":995,"quantity":44,"price":1}],"date":"Jan 2, 2022, 2:49:49 AM"}
{"name":"Cave horror","level":80,"killCount":-1,"type":"NPC","drops":[{"name":"Big bones","id":532,"quantity":1,"price":131},{"name":"Grimy tarromin","id":203,"quantity":1,"price":108}],"date":"Jan 2, 2022, 2:49:55 AM"}
{"name":"Cave horror","level":80,"killCount":-1,"type":"NPC","drops":[{"name":"Big bones","id":532,"quantity":1,"price":131},{"name":"Nature rune","id":561,"quantity":6,"price":213}],"date":"Jan 2, 2022, 2:50:10 AM"}
{"name":"Cave horror","level":80,"killCount":-1,"type":"NPC","drops":[{"name":"Big bones","id":532,"quantity":1,"price":131},{"name":"Mithril axe","id":1355,"quantity":1,"price":94}],"date":"Jan 2, 2022, 2:50:26 AM"}
{"name":"Cave horror","level":80,"killCount":-1,"type":"NPC","drops":[{"name":"Big bones","id":532,"quantity":1,"price":131},{"name":"Mithril axe","id":1355,"quantity":1,"price":94}],"date":"Jan 2, 2022, 2:50:35 AM"}
{"name":"Cave horror","level":80,"killCount":-1,"type":"NPC","drops":[{"name":"Big bones","id":532,"quantity":1,"price":131},{"name":"Coins","id":995,"quantity":44,"price":1}],"date":"Jan 2, 2022, 2:50:45 AM"}
{"name":"Cave horror","level":80,"killCount":-1,"type":"NPC","drops":[{"name":"Big bones","id":532,"quantity":1,"price":131},{"name":"Toadflax seed","id":5296,"quantity":1,"price":2230}],"date":"Jan 2, 2022, 2:51:02 AM"}
{"name":"Cave horror","level":80,"killCount":-1,"type":"NPC","drops":[{"name":"Big bones","id":532,"quantity":1,"price":131},{"name":"Mahogany logs","id":6332,"quantity":1,"price":351},{"name":"Mahogany logs","id":6332,"quantity":1,"price":351}],"date":"Jan 2, 2022, 2:51:16 AM"}
{"name":"Cave horror","level":80,"killCount":-1,"type":"NPC","drops":[{"name":"Big bones","id":532,"quantity":1,"price":131},{"name":"Coins","id":995,"quantity":132,"price":1}],"date":"Jan 2, 2022, 2:51:23 AM"}
{"name":"Cave horror","level":80,"killCount":-1,"type":"NPC","drops":[{"name":"Big bones","id":532,"quantity":1,"price":131},{"name":"Grimy guam leaf","id":199,"quantity":1,"price":19}],"date":"Jan 2, 2022, 2:51:33 AM"}
{"name":"Cave horror","level":80,"killCount":-1,"type":"NPC","drops":[{"name":"Big bones","id":532,"quantity":1,"price":131},{"name":"Limpwurt root","id":225,"quantity":1,"price":710}],"date":"Jan 2, 2022, 2:51:48 AM"}
{"name":"Cave horror","level":80,"killCount":-1,"type":"NPC","drops":[{"name":"Big bones","id":532,"quantity":1,"price":131},{"name":"Coins","id":995,"quantity":44,"price":1}],"date":"Jan 2, 2022, 2:51:54 AM"}
{"name":"Cave horror","level":80,"killCount":-1,"type":"NPC","drops":[{"name":"Big bones","id":532,"quantity":1,"price":131},{"name":"Coins","id":995,"quantity":44,"price":1}],"date":"Jan 2, 2022, 2:51:59 AM"}
{"name":"Cave horror","level":80,"killCount":-1,"type":"NPC","drops":[{"name":"Big bones","id":532,"quantity":1,"price":131},{"name":"Potato seed","id":5318,"quantity":1,"price":1}],"date":"Jan 2, 2022, 2:52:11 AM"}
{"name":"Cave horror","level":80,"killCount":-1,"type":"NPC","drops":[{"name":"Big bones","id":532,"quantity":1,"price":131},{"name":"Coins","id":995,"quantity":44,"price":1}],"date":"Jan 2, 2022, 2:52:28 AM"}
{"name":"Cave horror","level":80,"killCount":-1,"type":"NPC","drops":[{"name":"Big bones","id":532,"quantity":1,"price":131},{"name":"Nature rune","id":561,"quantity":3,"price":213}],"date":"Jan 2, 2022, 2:52:35 AM"}
{"name":"Cave horror","level":80,"killCount":-1,"type":"NPC","drops":[{"name":"Big bones","id":532,"quantity":1,"price":131},{"name":"Cactus seed","id":5280,"quantity":1,"price":90}],"date":"Jan 2, 2022, 2:52:40 AM"}
{"name":"Cave horror","level":80,"killCount":-1,"type":"NPC","drops":[{"name":"Big bones","id":532,"quantity":1,"price":131},{"name":"Potato seed","id":5318,"quantity":1,"price":1}],"date":"Jan 2, 2022, 2:52:51 AM"}
{"name":"Cave horror","level":80,"killCount":-1,"type":"NPC","drops":[{"name":"Big bones","id":532,"quantity":1,"price":131},{"name":"Nature rune","id":561,"quantity":6,"price":213}],"date":"Jan 2, 2022, 2:53:01 AM"}
{"name":"Cave horror","level":80,"killCount":-1,"type":"NPC","drops":[{"name":"Big bones","id":532,"quantity":1,"price":131},{"name":"Potato seed","id":5318,"quantity":2,"price":1}],"date":"Jan 2, 2022, 2:53:14 AM"}
{"name":"Cave horror","level":80,"killCount":-1,"type":"NPC","drops":[{"name":"Big bones","id":532,"quantity":1,"price":131},{"name":"Uncut sapphire","id":1623,"quantity":1,"price":357}],"date":"Jan 2, 2022, 2:53:17 AM"}
{"name":"Cave horror","level":80,"killCount":-1,"type":"NPC","drops":[{"name":"Big bones","id":532,"quantity":1,"price":131},{"name":"Coins","id":995,"quantity":132,"price":1}],"date":"Jan 2, 2022, 2:53:28 AM"}
{"name":"Cave horror","level":80,"killCount":-1,"type":"NPC","drops":[{"name":"Big bones","id":532,"quantity":1,"price":131},{"name":"Mahogany logs","id":6332,"quantity":1,"price":351},{"name":"Mahogany logs","id":6332,"quantity":1,"price":351}],"date":"Jan 2, 2022, 2:53:42 AM"}
{"name":"Cave horror","level":80,"killCount":-1,"type":"NPC","drops":[{"name":"Big bones","id":532,"quantity":1,"price":131},{"name":"Coins","id":995,"quantity":44,"price":1}],"date":"Jan 2, 2022, 2:53:53 AM"}
{"name":"Cave horror","level":80,"killCount":-1,"type":"NPC","drops":[{"name":"Big bones","id":532,"quantity":1,"price":131},{"name":"Ensouled horror head","id":13486,"quantity":1,"price":1417},{"name":"Nature rune","id":561,"quantity":4,"price":213}],"date":"Jan 2, 2022, 2:54:01 AM"}
{"name":"Cave horror","level":80,"killCount":-1,"type":"NPC","drops":[{"name":"Big bones","id":532,"quantity":1,"price":131},{"name":"Coins","id":995,"quantity":44,"price":1}],"date":"Jan 2, 2022, 2:54:16 AM"}
{"name":"Cave horror","level":80,"killCount":-1,"type":"NPC","drops":[{"name":"Big bones","id":532,"quantity":1,"price":131},{"name":"Onion seed","id":5319,"quantity":1,"price":1}],"date":"Jan 2, 2022, 2:54:25 AM"}
{"name":"Cave horror","level":80,"killCount":-1,"type":"NPC","drops":[{"name":"Long bone","id":10976,"quantity":1,"price":1000},{"name":"Big bones","id":532,"quantity":1,"price":131},{"name":"Coins","id":995,"quantity":44,"price":1}],"date":"Jan 2, 2022, 2:54:38 AM"}
{"name":"Cave horror","level":80,"killCount":-1,"type":"NPC","drops":[{"name":"Big bones","id":532,"quantity":1,"price":131},{"name":"Potato seed","id":5318,"quantity":2,"price":1}],"date":"Jan 2, 2022, 2:54:53 AM"}
{"name":"Cave horror","level":80,"killCount":-1,"type":"NPC","drops":[{"name":"Big bones","id":532,"quantity":1,"price":131},{"name":"Tomato seed","id":5322,"quantity":2,"price":2}],"date":"Jan 2, 2022, 2:55:05 AM"}
