{"name":"Chaos Fanatic","level":202,"killCount":1,"type":"NPC","drops":[{"name":"Bones","id":526,"quantity":1,"price":88},{"name":"Chaos talisman","id":1452,"quantity":1,"price":473}],"date":"Jan 23, 2022, 2:34:56 PM"}
{"name":"Chaos Fanatic","level":202,"killCount":2,"type":"NPC","drops":[{"name":"Bones","id":526,"quantity":1,"price":88},{"name":"Shark","id":385,"quantity":1,"price":1173}],"date":"Jan 23, 2022, 2:40:38 PM"}
{"name":"Chaos Fanatic","level":202,"killCount":3,"type":"NPC","drops":[{"name":"Bones","id":526,"quantity":1,"price":88},{"name":"Prayer potion(4)","id":2434,"quantity":1,"price":10499}],"date":"Jan 23, 2022, 2:42:01 PM"}
{"name":"Chaos Fanatic","level":202,"killCount":4,"type":"NPC","drops":[{"name":"Bones","id":526,"quantity":1,"price":88},{"name":"Shark","id":385,"quantity":1,"price":1173}],"date":"Jan 23, 2022, 2:43:31 PM"}
{"name":"Chaos Fanatic","level":202,"killCount":5,"type":"NPC","drops":[{"name":"Bones","id":526,"quantity":1,"price":88},{"name":"Anchovy pizza","id":2298,"quantity":8,"price":664}],"date":"Jan 23, 2022, 2:44:48 PM"}
{"name":"Chaos Fanatic","level":202,"killCount":6,"type":"NPC","drops":[{"name":"Bones","id":526,"quantity":1,"price":88},{"name":"Monkfish","id":7946,"quantity":1,"price":312},{"name":"Monkfish","id":7946,"quantity":1,"price":312},{"name":"Monkfish","id":7946,"quantity":1,"price":312}],"date":"Jan 23, 2022, 2:46:20 PM"}
{"name":"Chaos Fanatic","level":202,"killCount":7,"type":"NPC","drops":[{"name":"Bones","id":526,"quantity":1,"price":88},{"name":"Coins","id":995,"quantity":3000,"price":1}],"date":"Jan 23, 2022, 2:47:56 PM"}
{"name":"Chaos Fanatic","level":202,"killCount":8,"type":"NPC","drops":[{"name":"Bones","id":526,"quantity":1,"price":88},{"name":"Ring of life","id":2570,"quantity":1,"price":2190}],"date":"Jan 23, 2022, 2:49:09 PM"}
{"name":"Chaos Fanatic","level":202,"killCount":9,"type":"NPC","drops":[{"name":"Bones","id":526,"quantity":1,"price":88},{"name":"Wine of zamorak","id":246,"quantity":10,"price":818}],"date":"Jan 23, 2022, 2:50:11 PM"}
{"name":"Chaos Fanatic","level":202,"killCount":10,"type":"NPC","drops":[{"name":"Bones","id":526,"quantity":1,"price":88},{"name":"Ring of life","id":2570,"quantity":1,"price":2190}],"date":"Jan 23, 2022, 2:51:24 PM"}
{"name":"Chaos Fanatic","level":202,"killCount":11,"type":"NPC","drops":[{"name":"Bones","id":526,"quantity":1,"price":88},{"name":"Splitbark body","id":3387,"quantity":1,"price":27600}],"date":"Jan 23, 2022, 2:52:24 PM"}
{"name":"Chaos Fanatic","level":202,"killCount":12,"type":"NPC","drops":[{"name":"Bones","id":526,"quantity":1,"price":88},{"name":"Grimy lantadyme","id":2486,"quantity":4,"price":1363}],"date":"Jan 23, 2022, 3:08:01 PM"}
{"name":"Chaos Fanatic","level":202,"killCount":13,"type":"NPC","drops":[{"name":"Bones","id":526,"quantity":1,"price":88},{"name":"Chaos talisman","id":1452,"quantity":1,"price":473}],"date":"Jan 23, 2022, 3:09:16 PM"}
{"name":"Chaos Fanatic","level":202,"killCount":14,"type":"NPC","drops":[{"name":"Bones","id":526,"quantity":1,"price":88},{"name":"Chaos talisman","id":1452,"quantity":1,"price":473}],"date":"Jan 23, 2022, 3:10:38 PM"}
{"name":"Chaos Fanatic","level":202,"killCount":15,"type":"NPC","drops":[{"name":"Bones","id":526,"quantity":1,"price":88},{"name":"Splitbark legs","id":3389,"quantity":1,"price":23623}],"date":"Jan 23, 2022, 3:12:00 PM"}
{"name":"Chaos Fanatic","level":202,"killCount":16,"type":"NPC","drops":[{"name":"Bones","id":526,"quantity":1,"price":88},{"name":"Chaos talisman","id":1452,"quantity":1,"price":473}],"date":"Jan 23, 2022, 3:13:26 PM"}
{"name":"Chaos Fanatic","level":202,"killCount":17,"type":"NPC","drops":[{"name":"Bones","id":526,"quantity":1,"price":88},{"name":"Shark","id":385,"quantity":1,"price":1167}],"date":"Jan 23, 2022, 3:14:34 PM"}
{"name":"Chaos Fanatic","level":202,"killCount":18,"type":"NPC","drops":[{"name":"Bones","id":526,"quantity":1,"price":88},{"name":"Shark","id":385,"quantity":1,"price":1167}],"date":"Jan 23, 2022, 3:15:46 PM"}
{"name":"Chaos Fanatic","level":202,"killCount":19,"type":"NPC","drops":[{"name":"Bones","id":526,"quantity":1,"price":88},{"name":"Prayer potion(4)","id":2434,"quantity":1,"price":10466}],"date":"Jan 23, 2022, 3:16:52 PM"}
{"name":"Chaos Fanatic","level":202,"killCount":20,"type":"NPC","drops":[{"name":"Bones","id":526,"quantity":1,"price":88},{"name":"Ring of life","id":2570,"quantity":1,"price":1857}],"date":"Jan 23, 2022, 3:18:09 PM"}
{"name":"Chaos Fanatic","level":202,"killCount":21,"type":"NPC","drops":[{"name":"Bones","id":526,"quantity":1,"price":88},{"name":"Sinister key","id":993,"quantity":1,"price":33744}],"date":"Jan 23, 2022, 3:19:13 PM"}
{"name":"Chaos Fanatic","level":202,"killCount":22,"type":"NPC","drops":[{"name":"Bones","id":526,"quantity":1,"price":88},{"name":"Monkfish","id":7946,"quantity":1,"price":337},{"name":"Monkfish","id":7946,"quantity":1,"price":337},{"name":"Monkfish","id":7946,"quantity":1,"price":337}],"date":"Jan 23, 2022, 3:20:27 PM"}
{"name":"Chaos Fanatic","level":202,"killCount":23,"type":"NPC","drops":[{"name":"Bones","id":526,"quantity":1,"price":88},{"name":"Splitbark body","id":3387,"quantity":1,"price":27326}],"date":"Jan 23, 2022, 3:21:44 PM"}
{"name":"Chaos Fanatic","level":202,"killCount":24,"type":"NPC","drops":[{"name":"Bones","id":526,"quantity":1,"price":88},{"name":"Uncut emerald","id":1622,"quantity":6,"price":556},{"name":"Uncut sapphire","id":1624,"quantity":4,"price":350}],"date":"Jan 23, 2022, 3:22:44 PM"}
{"name":"Chaos Fanatic","level":202,"killCount":25,"type":"NPC","drops":[{"name":"Bones","id":526,"quantity":1,"price":88},{"name":"Coins","id":995,"quantity":3217,"price":1}],"date":"Jan 23, 2022, 3:23:59 PM"}
{"name":"Chaos Fanatic","level":202,"killCount":26,"type":"NPC","drops":[{"name":"Bones","id":526,"quantity":1,"price":88},{"name":"Uncut emerald","id":1622,"quantity":6,"price":556},{"name":"Uncut sapphire","id":1624,"quantity":4,"price":350}],"date":"Jan 23, 2022, 3:25:19 PM"}
{"name":"Chaos Fanatic","level":202,"killCount":27,"type":"NPC","drops":[{"name":"Bones","id":526,"quantity":1,"price":88},{"name":"Shark","id":385,"quantity":1,"price":1167}],"date":"Jan 23, 2022, 3:26:29 PM"}
{"name":"Chaos Fanatic","level":202,"killCount":28,"type":"NPC","drops":[{"name":"Bones","id":526,"quantity":1,"price":88},{"name":"Grimy lantadyme","id":2486,"quantity":4,"price":1363}],"date":"Jan 23, 2022, 3:27:31 PM"}
{"name":"Chaos Fanatic","level":202,"killCount":29,"type":"NPC","drops":[{"name":"Bones","id":526,"quantity":1,"price":88},{"name":"Shark","id":385,"quantity":1,"price":1167}],"date":"Jan 23, 2022, 3:29:16 PM"}
{"name":"Chaos Fanatic","level":202,"killCount":30,"type":"NPC","drops":[{"name":"Bones","id":526,"quantity":1,"price":88},{"name":"Zamorak monk bottom","id":1033,"quantity":1,"price":2943},{"name":"Zamorak monk top","id":1035,"quantity":1,"price":1590}],"date":"Jan 23, 2022, 3:30:26 PM"}
{"name":"Chaos Fanatic","level":202,"killCount":31,"type":"NPC","drops":[{"name":"Bones","id":526,"quantity":1,"price":88},{"name":"Ring of life","id":2570,"quantity":1,"price":1857}],"date":"Jan 23, 2022, 3:31:53 PM"}
{"name":"Chaos Fanatic","level":202,"killCount":32,"type":"NPC","drops":[{"name":"Bones","id":526,"quantity":1,"price":88},{"name":"Splitbark legs","id":3389,"quantity":1,"price":23623}],"date":"Jan 23, 2022, 3:33:11 PM"}
{"name":"Chaos Fanatic","level":202,"killCount":33,"type":"NPC","drops":[{"name":"Bones","id":526,"quantity":1,"price":90},{"name":"Prayer potion(4)","id":2434,"quantity":1,"price":10514}],"date":"Jan 23, 2022, 3:34:15 PM"}
{"name":"Chaos Fanatic","level":202,"killCount":34,"type":"NPC","drops":[{"name":"Bones","id":526,"quantity":1,"price":90},{"name":"Prayer potion(4)","id":2434,"quantity":1,"price":10514}],"date":"Jan 23, 2022, 3:35:33 PM"}
{"name":"Chaos Fanatic","level":202,"killCount":35,"type":"NPC","drops":[{"name":"Bones","id":526,"quantity":1,"price":90},{"name":"Steel arrow","id":886,"quantity":150,"price":14}],"date":"Jan 23, 2022, 3:40:55 PM"}
{"name":"Chaos Fanatic","level":202,"killCount":36,"type":"NPC","drops":[{"name":"Bones","id":526,"quantity":1,"price":90},{"name":"Ring of life","id":2570,"quantity":1,"price":1716}],"date":"Jan 23, 2022, 3:42:23 PM"}
{"name":"Chaos Fanatic","level":202,"killCount":37,"type":"NPC","drops":[{"name":"Bones","id":526,"quantity":1,"price":90},{"name":"Wine of zamorak","id":246,"quantity":10,"price":802}],"date":"Jan 23, 2022, 3:43:20 PM"}
{"name":"Chaos Fanatic","level":202,"killCount":38,"type":"NPC","drops":[{"name":"Bones","id":526,"quantity":1,"price":90},{"name":"Grimy lantadyme","id":2486,"quantity":4,"price":1363}],"date":"Jan 23, 2022, 3:44:26 PM"}
{"name":"Chaos Fanatic","level":202,"killCount":39,"type":"NPC","drops":[{"name":"Bones","id":526,"quantity":1,"price":90},{"name":"Coins","id":995,"quantity":1337,"price":1}],"date":"Jan 23, 2022, 3:45:19 PM"}
{"name":"Chaos Fanatic","level":202,"killCount":40,"type":"NPC","drops":[{"name":"Bones","id":526,"quantity":1,"price":90},{"name":"Chaos talisman","id":1452,"quantity":1,"price":473}],"date":"Jan 23, 2022, 3:46:32 PM"}
{"name":"Chaos Fanatic","level":202,"killCount":41,"type":"NPC","drops":[{"name":"Bones","id":526,"quantity":1,"price":90},{"name":"Prayer potion(4)","id":2434,"quantity":1,"price":10514}],"date":"Jan 23, 2022, 3:47:31 PM"}
{"name":"Chaos Fanatic","level":202,"killCount":42,"type":"NPC","drops":[{"name":"Bones","id":526,"quantity":1,"price":90},{"name":"Splitbark body","id":3387,"quantity":1,"price":27600}],"date":"Jan 23, 2022, 3:48:38 PM"}
{"name":"Chaos Fanatic","level":202,"killCount":43,"type":"NPC","drops":[{"name":"Bones","id":526,"quantity":1,"price":90},{"name":"Grimy lantadyme","id":2486,"quantity":4,"price":1363}],"date":"Jan 23, 2022, 3:49:52 PM"}
{"name":"Chaos Fanatic","level":202,"killCount":44,"type":"NPC","drops":[{"name":"Bones","id":526,"quantity":1,"price":90},{"name":"Grimy lantadyme","id":2486,"quantity":4,"price":1363}],"date":"Jan 23, 2022, 3:51:13 PM"}
{"name":"Chaos Fanatic","level":202,"killCount":45,"type":"NPC","drops":[{"name":"Bones","id":526,"quantity":1,"price":90},{"name":"Pure essence","id":7937,"quantity":250,"price":1}],"date":"Jan 23, 2022, 3:52:38 PM"}
{"name":"Chaos Fanatic","level":202,"killCount":46,"type":"NPC","drops":[{"name":"Bones","id":526,"quantity":1,"price":90},{"name":"Coins","id":995,"quantity":2881,"price":1}],"date":"Jan 23, 2022, 3:54:01 PM"}
{"name":"Chaos Fanatic","level":202,"killCount":47,"type":"NPC","drops":[{"name":"Bones","id":526,"quantity":1,"price":90},{"name":"Splitbark body","id":3387,"quantity":1,"price":27600}],"date":"Jan 23, 2022, 3:55:17 PM"}
{"name":"Chaos Fanatic","level":202,"killCount":48,"type":"NPC","drops":[{"name":"Bones","id":526,"quantity":1,"price":90},{"name":"Malediction shard 1","id":11931,"quantity":1,"price":602500}],"date":"Jan 23, 2022, 3:56:20 PM"}
{"name":"Chaos Fanatic","level":202,"killCount":49,"type":"NPC","drops":[{"name":"Bones","id":526,"quantity":1,"price":90},{"name":"Anchovy pizza","id":2298,"quantity":8,"price":648}],"date":"Jan 23, 2022, 3:57:22 PM"}
{"name":"Chaos Fanatic","level":202,"killCount":50,"type":"NPC","drops":[{"name":"Bones","id":526,"quantity":1,"price":90},{"name":"Splitbark body","id":3387,"quantity":1,"price":27600}],"date":"Jan 23, 2022, 3:58:25 PM"}
