{"name":"Crazy archaeologist","level":204,"killCount":1,"type":"NPC","drops":[{"name":"Bones","id":526,"quantity":1,"price":88}],"date":"Jan 23, 2022, 1:22:10 PM"}
{"name":"Crazy archaeologist","level":204,"killCount":2,"type":"NPC","drops":[{"name":"Bones","id":526,"quantity":1,"price":88},{"name":"Red dragonhide","id":1750,"quantity":10,"price":2480}],"date":"Jan 23, 2022, 1:23:49 PM"}
{"name":"Crazy archaeologist","level":204,"killCount":3,"type":"NPC","drops":[{"name":"Bones","id":526,"quantity":1,"price":88},{"name":"Uncut emerald","id":1622,"quantity":6,"price":561},{"name":"Uncut sapphire","id":1624,"quantity":4,"price":353}],"date":"Jan 23, 2022, 1:25:05 PM"}
{"name":"Crazy archaeologist","level":204,"killCount":4,"type":"NPC","drops":[{"name":"Bones","id":526,"quantity":1,"price":88},{"name":"Coins","id":995,"quantity":513,"price":1}],"date":"Jan 23, 2022, 1:26:18 PM"}
{"name":"Crazy archaeologist","level":204,"killCount":5,"type":"NPC","drops":[{"name":"Bones","id":526,"quantity":1,"price":88},{"name":"Shark","id":385,"quantity":1,"price":1150}],"date":"Jan 23, 2022, 1:27:30 PM"}
{"name":"Crazy archaeologist","level":204,"killCount":6,"type":"NPC","drops":[{"name":"Bones","id":526,"quantity":1,"price":88},{"name":"Rune knife","id":868,"quantity":10,"price":403}],"date":"Jan 23, 2022, 1:28:41 PM"}
{"name":"Crazy archaeologist","level":204,"killCount":7,"type":"NPC","drops":[{"name":"Bones","id":526,"quantity":1,"price":88},{"name":"Coins","id":995,"quantity":872,"price":1}],"date":"Jan 23, 2022, 1:29:41 PM"}
{"name":"Crazy archaeologist","level":204,"killCount":8,"type":"NPC","drops":[{"name":"Bones","id":526,"quantity":1,"price":88},{"name":"Rune knife","id":868,"quantity":10,"price":403}],"date":"Jan 23, 2022, 1:30:55 PM"}
{"name":"Crazy archaeologist","level":204,"killCount":9,"type":"NPC","drops":[{"name":"Bones","id":526,"quantity":1,"price":88},{"name":"Onyx bolt tips","id":9194,"quantity":12,"price":8214}],"date":"Jan 23, 2022, 1:32:00 PM"}
{"name":"Crazy archaeologist","level":204,"killCount":10,"type":"NPC","drops":[{"name":"Bones","id":526,"quantity":1,"price":88},{"name":"Rune crossbow","id":9185,"quantity":1,"price":9664},{"name":"Rune crossbow","id":9185,"quantity":1,"price":9664}],"date":"Jan 23, 2022, 1:33:12 PM"}
{"name":"Crazy archaeologist","level":204,"killCount":11,"type":"NPC","drops":[{"name":"Bones","id":526,"quantity":1,"price":89},{"name":"Grimy dwarf weed","id":218,"quantity":4,"price":972}],"date":"Jan 23, 2022, 1:36:12 PM"}
{"name":"Crazy archaeologist","level":204,"killCount":12,"type":"NPC","drops":[{"name":"Bones","id":526,"quantity":1,"price":89},{"name":"Prayer potion(4)","id":2434,"quantity":1,"price":10350}],"date":"Jan 23, 2022, 1:37:16 PM"}
{"name":"Crazy archaeologist","level":204,"killCount":13,"type":"NPC","drops":[{"name":"Bones","id":526,"quantity":1,"price":89},{"name":"Muddy key","id":991,"quantity":1,"price":1920}],"date":"Jan 23, 2022, 1:38:22 PM"}
{"name":"Crazy archaeologist","level":204,"killCount":14,"type":"NPC","drops":[{"name":"Bones","id":526,"quantity":1,"price":89},{"name":"Mud rune","id":4698,"quantity":30,"price":171}],"date":"Jan 23, 2022, 1:39:26 PM"}
{"name":"Crazy archaeologist","level":204,"killCount":15,"type":"NPC","drops":[{"name":"Bones","id":526,"quantity":1,"price":89},{"name":"Mud rune","id":4698,"quantity":30,"price":171}],"date":"Jan 23, 2022, 1:40:27 PM"}
{"name":"Crazy archaeologist","level":204,"killCount":16,"type":"NPC","drops":[{"name":"Bones","id":526,"quantity":1,"price":89},{"name":"Mud rune","id":4698,"quantity":30,"price":171}],"date":"Jan 23, 2022, 1:41:46 PM"}
{"name":"Crazy archaeologist","level":204,"killCount":17,"type":"NPC","drops":[{"name":"Bones","id":526,"quantity":1,"price":89},{"name":"Shark","id":385,"quantity":1,"price":1147}],"date":"Jan 23, 2022, 1:42:53 PM"}
{"name":"Crazy archaeologist","level":204,"killCount":18,"type":"NPC","drops":[{"name":"Bones","id":526,"quantity":1,"price":89},{"name":"Coins","id":995,"quantity":849,"price":1}],"date":"Jan 23, 2022, 1:44:19 PM"}
{"name":"Crazy archaeologist","level":204,"killCount":19,"type":"NPC","drops":[{"name":"Bones","id":526,"quantity":1,"price":89},{"name":"Dragon arrow","id":11212,"quantity":75,"price":1478}],"date":"Jan 23, 2022, 1:45:27 PM"}
{"name":"Crazy archaeologist","level":204,"killCount":20,"type":"NPC","drops":[{"name":"Bones","id":526,"quantity":1,"price":89},{"name":"Coins","id":995,"quantity":571,"price":1}],"date":"Jan 23, 2022, 1:46:33 PM"}
{"name":"Crazy archaeologist","level":204,"killCount":21,"type":"NPC","drops":[{"name":"Bones","id":526,"quantity":1,"price":89},{"name":"Anchovy pizza","id":2298,"quantity":8,"price":652}],"date":"Jan 23, 2022, 1:47:47 PM"}
{"name":"Crazy archaeologist","level":204,"killCount":22,"type":"NPC","drops":[{"name":"Bones","id":526,"quantity":1,"price":89}],"date":"Jan 23, 2022, 1:48:58 PM"}
{"name":"Crazy archaeologist","level":204,"killCount":23,"type":"NPC","drops":[{"name":"Bones","id":526,"quantity":1,"price":89},{"name":"Grimy dwarf weed","id":218,"quantity":4,"price":972}],"date":"Jan 23, 2022, 1:50:05 PM"}
{"name":"Crazy archaeologist","level":204,"killCount":24,"type":"NPC","drops":[{"name":"Bones","id":526,"quantity":1,"price":89},{"name":"Prayer potion(4)","id":2434,"quantity":1,"price":10350}],"date":"Jan 23, 2022, 1:51:03 PM"}
{"name":"Crazy archaeologist","level":204,"killCount":25,"type":"NPC","drops":[{"name":"Bones","id":526,"quantity":1,"price":89},{"name":"Rusty sword","id":686,"quantity":1,"price":0}],"date":"Jan 23, 2022, 1:52:20 PM"}
{"name":"Crazy archaeologist","level":204,"killCount":26,"type":"NPC","drops":[{"name":"Bones","id":526,"quantity":1,"price":89},{"name":"Onyx bolt tips","id":9194,"quantity":12,"price":8190}],"date":"Jan 23, 2022, 1:53:30 PM"}
{"name":"Crazy archaeologist","level":204,"killCount":27,"type":"NPC","drops":[{"name":"Bones","id":526,"quantity":1,"price":89},{"name":"Muddy key","id":991,"quantity":1,"price":1920}],"date":"Jan 23, 2022, 1:54:43 PM"}
{"name":"Crazy archaeologist","level":204,"killCount":28,"type":"NPC","drops":[{"name":"Bones","id":526,"quantity":1,"price":89},{"name":"Cannonball","id":2,"quantity":150,"price":144}],"date":"Jan 23, 2022, 1:55:58 PM"}
{"name":"Crazy archaeologist","level":204,"killCount":29,"type":"NPC","drops":[{"name":"Bones","id":526,"quantity":1,"price":89},{"name":"Shark","id":385,"quantity":1,"price":1147}],"date":"Jan 23, 2022, 1:57:01 PM"}
{"name":"Crazy archaeologist","level":204,"killCount":30,"type":"NPC","drops":[{"name":"Bones","id":526,"quantity":1,"price":89},{"name":"Anchovy pizza","id":2298,"quantity":8,"price":652}],"date":"Jan 23, 2022, 1:58:02 PM"}
{"name":"Crazy archaeologist","level":204,"killCount":31,"type":"NPC","drops":[{"name":"Bones","id":526,"quantity":1,"price":89},{"name":"Red dragonhide","id":1750,"quantity":10,"price":2507}],"date":"Jan 23, 2022, 1:59:15 PM"}
{"name":"Crazy archaeologist","level":204,"killCount":32,"type":"NPC","drops":[{"name":"Bones","id":526,"quantity":1,"price":89},{"name":"Shark","id":385,"quantity":1,"price":1147}],"date":"Jan 23, 2022, 2:00:27 PM"}
{"name":"Crazy archaeologist","level":204,"killCount":33,"type":"NPC","drops":[{"name":"Bones","id":526,"quantity":1,"price":89},{"name":"Mud rune","id":4698,"quantity":30,"price":171}],"date":"Jan 23, 2022, 2:01:37 PM"}
{"name":"Crazy archaeologist","level":204,"killCount":34,"type":"NPC","drops":[{"name":"Bones","id":526,"quantity":1,"price":89},{"name":"Coins","id":995,"quantity":1927,"price":1}],"date":"Jan 23, 2022, 2:03:02 PM"}
{"name":"Crazy archaeologist","level":204,"killCount":35,"type":"NPC","drops":[{"name":"Bones","id":526,"quantity":1,"price":88},{"name":"Cannonball","id":2,"quantity":150,"price":140}],"date":"Jan 23, 2022, 2:04:18 PM"}
{"name":"Crazy archaeologist","level":204,"killCount":36,"type":"NPC","drops":[{"name":"Bones","id":526,"quantity":1,"price":88},{"name":"Potato with cheese","id":6705,"quantity":1,"price":227},{"name":"Potato with cheese","id":6705,"quantity":1,"price":227},{"name":"Potato with cheese","id":6705,"quantity":1,"price":227}],"date":"Jan 23, 2022, 2:05:46 PM"}
{"name":"Crazy archaeologist","level":204,"killCount":37,"type":"NPC","drops":[{"name":"Bones","id":526,"quantity":1,"price":88},{"name":"Anchovy pizza","id":2298,"quantity":8,"price":652}],"date":"Jan 23, 2022, 2:06:56 PM"}
{"name":"Crazy archaeologist","level":204,"killCount":38,"type":"NPC","drops":[{"name":"Bones","id":526,"quantity":1,"price":88},{"name":"Red d\u0027hide body","id":2501,"quantity":1,"price":6081}],"date":"Jan 23, 2022, 2:08:07 PM"}
{"name":"Crazy archaeologist","level":204,"killCount":39,"type":"NPC","drops":[{"name":"Bones","id":526,"quantity":1,"price":88},{"name":"Muddy key","id":991,"quantity":1,"price":2032}],"date":"Jan 23, 2022, 2:09:11 PM"}
{"name":"Crazy archaeologist","level":204,"killCount":40,"type":"NPC","drops":[{"name":"Bones","id":526,"quantity":1,"price":88},{"name":"Amulet of power","id":1731,"quantity":1,"price":2085}],"date":"Jan 23, 2022, 2:10:17 PM"}
{"name":"Crazy archaeologist","level":204,"killCount":41,"type":"NPC","drops":[{"name":"Bones","id":526,"quantity":1,"price":88},{"name":"Shark","id":385,"quantity":1,"price":1166}],"date":"Jan 23, 2022, 2:11:28 PM"}
{"name":"Crazy archaeologist","level":204,"killCount":42,"type":"NPC","drops":[{"name":"Bones","id":526,"quantity":1,"price":88},{"name":"Rusty sword","id":686,"quantity":1,"price":0}],"date":"Jan 23, 2022, 2:12:33 PM"}
{"name":"Crazy archaeologist","level":204,"killCount":43,"type":"NPC","drops":[{"name":"Bones","id":526,"quantity":1,"price":88},{"name":"Potato with cheese","id":6705,"quantity":1,"price":227},{"name":"Potato with cheese","id":6705,"quantity":1,"price":227},{"name":"Potato with cheese","id":6705,"quantity":1,"price":227}],"date":"Jan 23, 2022, 2:13:46 PM"}
{"name":"Crazy archaeologist","level":204,"killCount":44,"type":"NPC","drops":[{"name":"Bones","id":526,"quantity":1,"price":88},{"name":"Dragon arrow","id":11212,"quantity":75,"price":1460}],"date":"Jan 23, 2022, 2:14:59 PM"}
{"name":"Crazy archaeologist","level":204,"killCount":45,"type":"NPC","drops":[{"name":"Bones","id":526,"quantity":1,"price":88},{"name":"Prayer potion(4)","id":2434,"quantity":1,"price":10360}],"date":"Jan 23, 2022, 2:16:18 PM"}
{"name":"Crazy archaeologist","level":204,"killCount":46,"type":"NPC","drops":[{"name":"Bones","id":526,"quantity":1,"price":88},{"name":"Uncut emerald","id":1621,"quantity":1,"price":564}],"date":"Jan 23, 2022, 2:17:29 PM"}
{"name":"Crazy archaeologist","level":204,"killCount":47,"type":"NPC","drops":[{"name":"Bones","id":526,"quantity":1,"price":88},{"name":"Silver ore","id":443,"quantity":40,"price":44}],"date":"Jan 23, 2022, 2:18:43 PM"}
{"name":"Crazy archaeologist","level":204,"killCount":48,"type":"NPC","drops":[{"name":"Bones","id":526,"quantity":1,"price":88},{"name":"Rusty sword","id":686,"quantity":1,"price":0}],"date":"Jan 23, 2022, 2:19:55 PM"}
{"name":"Crazy archaeologist","level":204,"killCount":49,"type":"NPC","drops":[{"name":"Bones","id":526,"quantity":1,"price":88},{"name":"Red dragonhide","id":1750,"quantity":10,"price":2443}],"date":"Jan 23, 2022, 2:21:06 PM"}
{"name":"Crazy archaeologist","level":204,"killCount":50,"type":"NPC","drops":[{"name":"Bones","id":526,"quantity":1,"price":88},{"name":"Mud rune","id":4698,"quantity":30,"price":165}],"date":"Jan 23, 2022, 2:22:15 PM"}
