{"name":"Dark beast","level":182,"killCount":-1,"type":"NPC","drops":[{"name":"Big bones","id":532,"quantity":1,"price":136},{"name":"Chaos rune","id":562,"quantity":30,"price":52}],"date":"Dec 31, 2021, 2:29:49 AM"}
{"name":"Dark beast","level":182,"killCount":-1,"type":"NPC","drops":[{"name":"Big bones","id":532,"quantity":1,"price":136},{"name":"Tooth half of key","id":985,"quantity":1,"price":9252}],"date":"Dec 31, 2021, 2:30:20 AM"}
{"name":"Dark beast","level":182,"killCount":-1,"type":"NPC","drops":[{"name":"Big bones","id":532,"quantity":1,"price":136},{"name":"Coins","id":995,"quantity":152,"price":1}],"date":"Dec 31, 2021, 2:30:42 AM"}
{"name":"Dark beast","level":182,"killCount":-1,"type":"NPC","drops":[{"name":"Big bones","id":532,"quantity":1,"price":136},{"name":"Coins","id":995,"quantity":95,"price":1}],"date":"Dec 31, 2021, 2:31:15 AM"}
{"name":"Dark beast","level":182,"killCount":-1,"type":"NPC","drops":[{"name":"Big bones","id":532,"quantity":1,"price":136},{"name":"Adamantite bar","id":2362,"quantity":3,"price":1962}],"date":"Dec 31, 2021, 2:31:39 AM"}
{"name":"Dark beast","level":182,"killCount":-1,"type":"NPC","drops":[{"name":"Big bones","id":532,"quantity":1,"price":136},{"name":"Coins","id":995,"quantity":220,"price":1}],"date":"Dec 31, 2021, 2:32:09 AM"}
{"name":"Dark beast","level":182,"killCount":-1,"type":"NPC","drops":[{"name":"Big bones","id":532,"quantity":1,"price":136}],"date":"Dec 31, 2021, 2:32:33 AM"}
{"name":"Dark beast","level":182,"killCount":-1,"type":"NPC","drops":[{"name":"Big bones","id":532,"quantity":1,"price":136},{"name":"Coins","id":995,"quantity":152,"price":1}],"date":"Dec 31, 2021, 2:33:10 AM"}
{"name":"Dark beast","level":182,"killCount":-1,"type":"NPC","drops":[{"name":"Big bones","id":532,"quantity":1,"price":136},{"name":"Crystal shard","id":23962,"quantity":1,"price":0},{"name":"Chaos rune","id":562,"quantity":30,"price":52}],"date":"Dec 31, 2021, 2:33:45 AM"}
{"name":"Dark beast","level":182,"killCount":-1,"type":"NPC","drops":[{"name":"Big bones","id":532,"quantity":1,"price":136},{"name":"Coins","id":995,"quantity":220,"price":1}],"date":"Dec 31, 2021, 2:34:10 AM"}
{"name":"Dark beast","level":182,"killCount":-1,"type":"NPC","drops":[{"name":"Big bones","id":532,"quantity":1,"price":136},{"name":"Adamantite bar","id":2362,"quantity":3,"price":1962}],"date":"Dec 31, 2021, 2:34:45 AM"}
{"name":"Dark beast","level":182,"killCount":-1,"type":"NPC","drops":[{"name":"Big bones","id":532,"quantity":1,"price":136},{"name":"Snapdragon seed","id":5300,"quantity":1,"price":59284}],"date":"Dec 31, 2021, 2:35:12 AM"}
{"name":"Dark beast","level":182,"killCount":-1,"type":"NPC","drops":[{"name":"Big bones","id":532,"quantity":1,"price":136},{"name":"Grimy guam leaf","id":199,"quantity":1,"price":20}],"date":"Dec 31, 2021, 2:35:54 AM"}
{"name":"Dark beast","level":182,"killCount":-1,"type":"NPC","drops":[{"name":"Big bones","id":532,"quantity":1,"price":136},{"name":"Coins","id":995,"quantity":64,"price":1}],"date":"Dec 31, 2021, 2:36:32 AM"}
{"name":"Dark beast","level":182,"killCount":-1,"type":"NPC","drops":[{"name":"Big bones","id":532,"quantity":1,"price":136},{"name":"Coins","id":995,"quantity":152,"price":1}],"date":"Dec 31, 2021, 2:36:58 AM"}
{"name":"Dark beast","level":182,"killCount":-1,"type":"NPC","drops":[{"name":"Big bones","id":532,"quantity":1,"price":136},{"name":"Death rune","id":560,"quantity":20,"price":233}],"date":"Dec 31, 2021, 2:37:26 AM"}
{"name":"Dark beast","level":182,"killCount":-1,"type":"NPC","drops":[{"name":"Big bones","id":532,"quantity":1,"price":144},{"name":"Coins","id":995,"quantity":64,"price":1}],"date":"Dec 31, 2021, 11:09:49 AM"}
{"name":"Dark beast","level":182,"killCount":-1,"type":"NPC","drops":[{"name":"Big bones","id":532,"quantity":1,"price":144},{"name":"Blood rune","id":565,"quantity":15,"price":329}],"date":"Dec 31, 2021, 11:10:11 AM"}
{"name":"Dark beast","level":182,"killCount":-1,"type":"NPC","drops":[{"name":"Big bones","id":532,"quantity":1,"price":144},{"name":"Grimy lantadyme","id":2485,"quantity":1,"price":1430}],"date":"Dec 31, 2021, 11:10:29 AM"}
{"name":"Dark beast","level":182,"killCount":-1,"type":"NPC","drops":[{"name":"Big bones","id":532,"quantity":1,"price":144},{"name":"Grimy avantoe","id":211,"quantity":1,"price":1650},{"name":"Grimy marrentill","id":201,"quantity":1,"price":19}],"date":"Dec 31, 2021, 11:10:47 AM"}
{"name":"Dark beast","level":182,"killCount":-1,"type":"NPC","drops":[{"name":"Big bones","id":532,"quantity":1,"price":144},{"name":"Nature rune","id":561,"quantity":67,"price":200}],"date":"Dec 31, 2021, 11:11:17 AM"}
{"name":"Dark beast","level":182,"killCount":-1,"type":"NPC","drops":[{"name":"Big bones","id":532,"quantity":1,"price":144},{"name":"Coins","id":995,"quantity":152,"price":1}],"date":"Dec 31, 2021, 11:11:48 AM"}
{"name":"Dark beast","level":182,"killCount":-1,"type":"NPC","drops":[{"name":"Big bones","id":532,"quantity":1,"price":144},{"name":"Coins","id":995,"quantity":95,"price":1}],"date":"Dec 31, 2021, 11:12:15 AM"}
{"name":"Dark beast","level":182,"killCount":-1,"type":"NPC","drops":[{"name":"Big bones","id":532,"quantity":1,"price":144},{"name":"Coins","id":995,"quantity":95,"price":1}],"date":"Dec 31, 2021, 11:12:42 AM"}
{"name":"Dark beast","level":182,"killCount":-1,"type":"NPC","drops":[{"name":"Big bones","id":532,"quantity":1,"price":144},{"name":"Grimy marrentill","id":201,"quantity":1,"price":19}],"date":"Dec 31, 2021, 11:13:23 AM"}
{"name":"Dark beast","level":182,"killCount":-1,"type":"NPC","drops":[{"name":"Big bones","id":532,"quantity":1,"price":144},{"name":"Coins","id":995,"quantity":152,"price":1}],"date":"Dec 31, 2021, 11:13:46 AM"}
{"name":"Dark beast","level":182,"killCount":-1,"type":"NPC","drops":[{"name":"Big bones","id":532,"quantity":1,"price":144},{"name":"Crystal shard","id":23962,"quantity":1,"price":0},{"name":"Grimy marrentill","id":201,"quantity":1,"price":19}],"date":"Dec 31, 2021, 11:14:18 AM"}
{"name":"Dark beast","level":182,"killCount":-1,"type":"NPC","drops":[{"name":"Big bones","id":532,"quantity":1,"price":144},{"name":"Coins","id":995,"quantity":64,"price":1}],"date":"Dec 31, 2021, 11:14:57 AM"}
{"name":"Dark beast","level":182,"killCount":-1,"type":"NPC","drops":[{"name":"Big bones","id":532,"quantity":1,"price":144},{"name":"Rune chainbody","id":1113,"quantity":1,"price":29465}],"date":"Dec 31, 2021, 11:15:23 AM"}
{"name":"Dark beast","level":182,"killCount":-1,"type":"NPC","drops":[{"name":"Big bones","id":532,"quantity":1,"price":144},{"name":"Coins","id":995,"quantity":152,"price":1}],"date":"Dec 31, 2021, 11:15:54 AM"}
{"name":"Dark beast","level":182,"killCount":-1,"type":"NPC","drops":[{"name":"Big bones","id":532,"quantity":1,"price":144},{"name":"Coins","id":995,"quantity":152,"price":1}],"date":"Dec 31, 2021, 11:16:29 AM"}
{"name":"Dark beast","level":182,"killCount":-1,"type":"NPC","drops":[{"name":"Big bones","id":532,"quantity":1,"price":144},{"name":"Chaos rune","id":562,"quantity":30,"price":55}],"date":"Dec 31, 2021, 11:16:56 AM"}
{"name":"Dark beast","level":182,"killCount":-1,"type":"NPC","drops":[{"name":"Big bones","id":532,"quantity":1,"price":144},{"name":"Uncut emerald","id":1621,"quantity":1,"price":607}],"date":"Dec 31, 2021, 11:17:30 AM"}
{"name":"Dark beast","level":182,"killCount":-1,"type":"NPC","drops":[{"name":"Big bones","id":532,"quantity":1,"price":135},{"name":"Avantoe seed","id":5298,"quantity":1,"price":182}],"date":"Dec 31, 2021, 11:18:08 AM"}
{"name":"Dark beast","level":182,"killCount":-1,"type":"NPC","drops":[{"name":"Big bones","id":532,"quantity":1,"price":135},{"name":"Loop half of key","id":987,"quantity":1,"price":9400}],"date":"Dec 31, 2021, 11:18:49 AM"}
{"name":"Dark beast","level":182,"killCount":-1,"type":"NPC","drops":[{"name":"Big bones","id":532,"quantity":1,"price":139},{"name":"Grimy guam leaf","id":199,"quantity":1,"price":19},{"name":"Grimy marrentill","id":201,"quantity":1,"price":19}],"date":"Dec 31, 2021, 4:18:40 PM"}
{"name":"Dark beast","level":182,"killCount":-1,"type":"NPC","drops":[{"name":"Big bones","id":532,"quantity":1,"price":139},{"name":"Snapdragon seed","id":5300,"quantity":1,"price":58284}],"date":"Dec 31, 2021, 4:19:17 PM"}
{"name":"Dark beast","level":182,"killCount":-1,"type":"NPC","drops":[{"name":"Big bones","id":532,"quantity":1,"price":139},{"name":"Coins","id":995,"quantity":152,"price":1}],"date":"Dec 31, 2021, 4:19:44 PM"}
{"name":"Dark beast","level":182,"killCount":-1,"type":"NPC","drops":[{"name":"Big bones","id":532,"quantity":1,"price":139},{"name":"Coins","id":995,"quantity":152,"price":1}],"date":"Dec 31, 2021, 4:20:06 PM"}
{"name":"Dark beast","level":182,"killCount":-1,"type":"NPC","drops":[{"name":"Big bones","id":532,"quantity":1,"price":139},{"name":"Crystal shard","id":23962,"quantity":1,"price":0},{"name":"Adamantite ore","id":450,"quantity":5,"price":1105}],"date":"Dec 31, 2021, 4:20:32 PM"}
{"name":"Dark beast","level":182,"killCount":-1,"type":"NPC","drops":[{"name":"Big bones","id":532,"quantity":1,"price":139},{"name":"Chaos rune","id":562,"quantity":30,"price":54}],"date":"Dec 31, 2021, 4:21:10 PM"}
{"name":"Dark beast","level":182,"killCount":-1,"type":"NPC","drops":[{"name":"Big bones","id":532,"quantity":1,"price":139},{"name":"Coins","id":995,"quantity":152,"price":1}],"date":"Dec 31, 2021, 4:21:40 PM"}
{"name":"Dark beast","level":182,"killCount":-1,"type":"NPC","drops":[{"name":"Big bones","id":532,"quantity":1,"price":139},{"name":"Shark","id":385,"quantity":1,"price":1166}],"date":"Dec 31, 2021, 4:22:19 PM"}
{"name":"Dark beast","level":182,"killCount":-1,"type":"NPC","drops":[{"name":"Big bones","id":532,"quantity":1,"price":139},{"name":"Coins","id":995,"quantity":95,"price":1}],"date":"Dec 31, 2021, 4:22:34 PM"}
{"name":"Dark beast","level":182,"killCount":-1,"type":"NPC","drops":[{"name":"Big bones","id":532,"quantity":1,"price":139},{"name":"Death rune","id":560,"quantity":20,"price":232}],"date":"Dec 31, 2021, 4:22:58 PM"}
{"name":"Dark beast","level":182,"killCount":-1,"type":"NPC","drops":[{"name":"Big bones","id":532,"quantity":1,"price":139},{"name":"Adamantite ore","id":450,"quantity":5,"price":1105}],"date":"Dec 31, 2021, 4:23:29 PM"}
{"name":"Dark beast","level":182,"killCount":-1,"type":"NPC","drops":[{"name":"Big bones","id":532,"quantity":1,"price":139},{"name":"Death rune","id":560,"quantity":20,"price":232}],"date":"Dec 31, 2021, 4:23:52 PM"}
{"name":"Dark beast","level":182,"killCount":-1,"type":"NPC","drops":[{"name":"Big bones","id":532,"quantity":1,"price":139},{"name":"Grimy guam leaf","id":199,"quantity":1,"price":19}],"date":"Dec 31, 2021, 4:24:23 PM"}
{"name":"Dark beast","level":182,"killCount":-1,"type":"NPC","drops":[{"name":"Big bones","id":532,"quantity":1,"price":139},{"name":"Death rune","id":560,"quantity":20,"price":232}],"date":"Dec 31, 2021, 4:24:43 PM"}
{"name":"Dark beast","level":182,"killCount":-1,"type":"NPC","drops":[{"name":"Big bones","id":532,"quantity":1,"price":139},{"name":"Coins","id":995,"quantity":152,"price":1}],"date":"Dec 31, 2021, 4:25:11 PM"}
{"name":"Dark beast","level":182,"killCount":-1,"type":"NPC","drops":[{"name":"Big bones","id":532,"quantity":1,"price":124},{"name":"Coins","id":995,"quantity":152,"price":1}],"date":"Jan 1, 2022, 12:27:55 PM"}
{"name":"Dark beast","level":182,"killCount":-1,"type":"NPC","drops":[{"name":"Big bones","id":532,"quantity":1,"price":124},{"name":"Grimy guam leaf","id":199,"quantity":1,"price":20}],"date":"Jan 1, 2022, 12:28:17 PM"}
{"name":"Dark beast","level":182,"killCount":-1,"type":"NPC","drops":[{"name":"Big bones","id":532,"quantity":1,"price":124},{"name":"Death rune","id":560,"quantity":20,"price":229}],"date":"Jan 1, 2022, 12:28:40 PM"}
{"name":"Dark beast","level":182,"killCount":-1,"type":"NPC","drops":[{"name":"Big bones","id":532,"quantity":1,"price":124},{"name":"Grimy harralander","id":205,"quantity":1,"price":715}],"date":"Jan 1, 2022, 12:29:12 PM"}
{"name":"Dark beast","level":182,"killCount":-1,"type":"NPC","drops":[{"name":"Big bones","id":532,"quantity":1,"price":124},{"name":"Rune 2h sword","id":1319,"quantity":1,"price":38000}],"date":"Jan 1, 2022, 12:29:42 PM"}
{"name":"Dark beast","level":182,"killCount":-1,"type":"NPC","drops":[{"name":"Big bones","id":532,"quantity":1,"price":124},{"name":"Grimy harralander","id":205,"quantity":1,"price":715},{"name":"Grimy marrentill","id":201,"quantity":1,"price":14}],"date":"Jan 1, 2022, 12:30:06 PM"}
{"name":"Dark beast","level":182,"killCount":-1,"type":"NPC","drops":[{"name":"Big bones","id":532,"quantity":1,"price":124},{"name":"Rune battleaxe","id":1373,"quantity":1,"price":24264}],"date":"Jan 1, 2022, 12:30:42 PM"}
{"name":"Dark beast","level":182,"killCount":-1,"type":"NPC","drops":[{"name":"Big bones","id":532,"quantity":1,"price":124},{"name":"Snapdragon seed","id":5300,"quantity":1,"price":58000}],"date":"Jan 1, 2022, 12:31:08 PM"}
{"name":"Dark beast","level":182,"killCount":-1,"type":"NPC","drops":[{"name":"Big bones","id":532,"quantity":1,"price":124},{"name":"Blood rune","id":565,"quantity":15,"price":334}],"date":"Jan 1, 2022, 12:31:54 PM"}
{"name":"Dark beast","level":182,"killCount":-1,"type":"NPC","drops":[{"name":"Big bones","id":532,"quantity":1,"price":124},{"name":"Death rune","id":560,"quantity":20,"price":229}],"date":"Jan 1, 2022, 12:32:23 PM"}
{"name":"Dark beast","level":182,"killCount":-1,"type":"NPC","drops":[{"name":"Big bones","id":532,"quantity":1,"price":124},{"name":"Grimy harralander","id":205,"quantity":1,"price":715},{"name":"Grimy marrentill","id":201,"quantity":1,"price":14}],"date":"Jan 1, 2022, 12:32:48 PM"}
{"name":"Dark beast","level":182,"killCount":-1,"type":"NPC","drops":[{"name":"Big bones","id":532,"quantity":1,"price":124},{"name":"Rune 2h sword","id":1319,"quantity":1,"price":38000}],"date":"Jan 1, 2022, 12:33:25 PM"}
{"name":"Dark beast","level":182,"killCount":-1,"type":"NPC","drops":[{"name":"Big bones","id":532,"quantity":1,"price":124},{"name":"Grimy harralander","id":205,"quantity":1,"price":715}],"date":"Jan 1, 2022, 12:33:51 PM"}
{"name":"Dark beast","level":182,"killCount":-1,"type":"NPC","drops":[{"name":"Big bones","id":532,"quantity":1,"price":124},{"name":"Chaos rune","id":562,"quantity":30,"price":53}],"date":"Jan 1, 2022, 12:34:25 PM"}
{"name":"Dark beast","level":182,"killCount":-1,"type":"NPC","drops":[{"name":"Big bones","id":532,"quantity":1,"price":124},{"name":"Black battleaxe","id":1367,"quantity":1,"price":463}],"date":"Jan 1, 2022, 12:34:53 PM"}
{"name":"Dark beast","level":182,"killCount":-1,"type":"NPC","drops":[{"name":"Big bones","id":532,"quantity":1,"price":124},{"name":"Coins","id":995,"quantity":95,"price":1}],"date":"Jan 1, 2022, 12:35:46 PM"}
{"name":"Dark beast","level":182,"killCount":-1,"type":"NPC","drops":[{"name":"Big bones","id":532,"quantity":1,"price":124},{"name":"Coins","id":995,"quantity":64,"price":1}],"date":"Jan 1, 2022, 12:36:08 PM"}
{"name":"Dark beast","level":182,"killCount":-1,"type":"NPC","drops":[{"name":"Big bones","id":532,"quantity":1,"price":124},{"name":"Chaos rune","id":562,"quantity":30,"price":53}],"date":"Jan 1, 2022, 12:36:29 PM"}
{"name":"Dark beast","level":182,"killCount":-1,"type":"NPC","drops":[{"name":"Big bones","id":532,"quantity":1,"price":124},{"name":"Coins","id":995,"quantity":152,"price":1}],"date":"Jan 1, 2022, 12:36:58 PM"}
{"name":"Dark beast","level":182,"killCount":-1,"type":"NPC","drops":[{"name":"Big bones","id":532,"quantity":1,"price":124},{"name":"Coins","id":995,"quantity":152,"price":1}],"date":"Jan 1, 2022, 12:37:44 PM"}
{"name":"Dark beast","level":182,"killCount":-1,"type":"NPC","drops":[{"name":"Big bones","id":532,"quantity":1,"price":141},{"name":"Chaos rune","id":562,"quantity":30,"price":57}],"date":"Jan 3, 2022, 2:25:01 AM"}
{"name":"Dark beast","level":182,"killCount":-1,"type":"NPC","drops":[{"name":"Big bones","id":532,"quantity":1,"price":141},{"name":"Grimy tarromin","id":203,"quantity":1,"price":139}],"date":"Jan 3, 2022, 2:25:27 AM"}
{"name":"Dark beast","level":182,"killCount":-1,"type":"NPC","drops":[{"name":"Big bones","id":532,"quantity":1,"price":141},{"name":"Coins","id":995,"quantity":220,"price":1}],"date":"Jan 3, 2022, 2:25:54 AM"}
{"name":"Dark beast","level":182,"killCount":-1,"type":"NPC","drops":[{"name":"Big bones","id":532,"quantity":1,"price":141},{"name":"Coins","id":995,"quantity":152,"price":1}],"date":"Jan 3, 2022, 2:26:16 AM"}
{"name":"Dark beast","level":182,"killCount":-1,"type":"NPC","drops":[{"name":"Big bones","id":532,"quantity":1,"price":141},{"name":"Runite ore","id":452,"quantity":1,"price":11094}],"date":"Jan 3, 2022, 2:26:45 AM"}
{"name":"Dark beast","level":182,"killCount":-1,"type":"NPC","drops":[{"name":"Big bones","id":532,"quantity":1,"price":141},{"name":"Blood rune","id":565,"quantity":15,"price":340}],"date":"Jan 3, 2022, 2:27:09 AM"}
{"name":"Dark beast","level":182,"killCount":-1,"type":"NPC","drops":[{"name":"Big bones","id":532,"quantity":1,"price":141},{"name":"Blood rune","id":565,"quantity":15,"price":340}],"date":"Jan 3, 2022, 2:27:28 AM"}
{"name":"Dark beast","level":182,"killCount":-1,"type":"NPC","drops":[{"name":"Big bones","id":532,"quantity":1,"price":141},{"name":"Adamantite bar","id":2362,"quantity":3,"price":1999}],"date":"Jan 3, 2022, 2:27:51 AM"}
{"name":"Dark beast","level":182,"killCount":-1,"type":"NPC","drops":[{"name":"Big bones","id":532,"quantity":1,"price":141},{"name":"Crystal shard","id":23962,"quantity":1,"price":0},{"name":"Coins","id":995,"quantity":152,"price":1}],"date":"Jan 3, 2022, 2:28:10 AM"}
{"name":"Dark beast","level":182,"killCount":-1,"type":"NPC","drops":[{"name":"Big bones","id":532,"quantity":1,"price":141},{"name":"Coins","id":995,"quantity":64,"price":1}],"date":"Jan 3, 2022, 2:28:40 AM"}
{"name":"Dark beast","level":182,"killCount":-1,"type":"NPC","drops":[{"name":"Big bones","id":532,"quantity":1,"price":141},{"name":"Grimy marrentill","id":201,"quantity":1,"price":15}],"date":"Jan 3, 2022, 2:29:09 AM"}
{"name":"Dark beast","level":182,"killCount":-1,"type":"NPC","drops":[{"name":"Big bones","id":532,"quantity":1,"price":141},{"name":"Coins","id":995,"quantity":152,"price":1}],"date":"Jan 3, 2022, 2:29:31 AM"}
