{"name":"Deranged archaeologist","level":276,"killCount":1,"type":"NPC","drops":[{"name":"Bones","id":526,"quantity":1,"price":91},{"name":"Numulite","id":21555,"quantity":18,"price":30}],"date":"Jan 20, 2022, 9:25:12 PM"}
{"name":"Deranged archaeologist","level":276,"killCount":2,"type":"NPC","drops":[{"name":"Bones","id":526,"quantity":1,"price":91},{"name":"Onyx bolt tips","id":9194,"quantity":6,"price":8252}],"date":"Jan 20, 2022, 9:26:24 PM"}
{"name":"Deranged archaeologist","level":276,"killCount":3,"type":"NPC","drops":[{"name":"Bones","id":526,"quantity":1,"price":91},{"name":"Numulite","id":21555,"quantity":24,"price":30},{"name":"Onyx bolt tips","id":9194,"quantity":6,"price":8252}],"date":"Jan 20, 2022, 9:27:35 PM"}
{"name":"Deranged archaeologist","level":276,"killCount":4,"type":"NPC","drops":[{"name":"Bones","id":526,"quantity":1,"price":91},{"name":"Crystal key","id":989,"quantity":1,"price":21166}],"date":"Jan 20, 2022, 9:28:42 PM"}
{"name":"Deranged archaeologist","level":276,"killCount":5,"type":"NPC","drops":[{"name":"Bones","id":526,"quantity":1,"price":91},{"name":"Crystal key","id":989,"quantity":1,"price":21166}],"date":"Jan 20, 2022, 9:29:42 PM"}
{"name":"Deranged archaeologist","level":276,"killCount":6,"type":"NPC","drops":[{"name":"Bones","id":526,"quantity":1,"price":91},{"name":"Onyx bolt tips","id":9194,"quantity":6,"price":8252}],"date":"Jan 20, 2022, 9:30:42 PM"}
{"name":"Deranged archaeologist","level":276,"killCount":7,"type":"NPC","drops":[{"name":"Bones","id":526,"quantity":1,"price":91},{"name":"Rune knife","id":868,"quantity":25,"price":292}],"date":"Jan 20, 2022, 9:31:45 PM"}
{"name":"Deranged archaeologist","level":276,"killCount":8,"type":"NPC","drops":[{"name":"Bones","id":526,"quantity":1,"price":91},{"name":"Numulite","id":21555,"quantity":28,"price":30},{"name":"Grimy dwarf weed","id":218,"quantity":4,"price":950}],"date":"Jan 20, 2022, 9:32:47 PM"}
{"name":"Deranged archaeologist","level":276,"killCount":9,"type":"NPC","drops":[{"name":"Bones","id":526,"quantity":1,"price":91},{"name":"Numulite","id":21555,"quantity":25,"price":30},{"name":"Shark","id":385,"quantity":1,"price":1101},{"name":"Shark","id":385,"quantity":1,"price":1101}],"date":"Jan 20, 2022, 9:33:50 PM"}
{"name":"Deranged archaeologist","level":276,"killCount":10,"type":"NPC","drops":[{"name":"Bones","id":526,"quantity":1,"price":91},{"name":"Numulite","id":21555,"quantity":13,"price":30},{"name":"Grimy dwarf weed","id":218,"quantity":4,"price":950}],"date":"Jan 20, 2022, 9:34:51 PM"}
{"name":"Deranged archaeologist","level":276,"killCount":11,"type":"NPC","drops":[{"name":"Bones","id":526,"quantity":1,"price":91},{"name":"Crystal key","id":989,"quantity":1,"price":21166}],"date":"Jan 20, 2022, 9:35:54 PM"}
{"name":"Deranged archaeologist","level":276,"killCount":12,"type":"NPC","drops":[{"name":"Bones","id":526,"quantity":1,"price":91},{"name":"Numulite","id":21555,"quantity":32,"price":30},{"name":"Black dragonhide","id":1748,"quantity":8,"price":3137}],"date":"Jan 20, 2022, 9:36:59 PM"}
{"name":"Deranged archaeologist","level":276,"killCount":13,"type":"NPC","drops":[{"name":"Bones","id":526,"quantity":1,"price":91},{"name":"Numulite","id":21555,"quantity":13,"price":30},{"name":"Black dragonhide","id":1748,"quantity":8,"price":3137}],"date":"Jan 20, 2022, 9:38:02 PM"}
{"name":"Deranged archaeologist","level":276,"killCount":14,"type":"NPC","drops":[{"name":"Bones","id":526,"quantity":1,"price":91},{"name":"Numulite","id":21555,"quantity":27,"price":30},{"name":"Shark","id":385,"quantity":1,"price":1101},{"name":"Shark","id":385,"quantity":1,"price":1101}],"date":"Jan 20, 2022, 9:38:58 PM"}
{"name":"Deranged archaeologist","level":276,"killCount":15,"type":"NPC","drops":[{"name":"Bones","id":526,"quantity":1,"price":91},{"name":"Numulite","id":21555,"quantity":14,"price":30}],"date":"Jan 20, 2022, 9:40:06 PM"}
{"name":"Deranged archaeologist","level":276,"killCount":16,"type":"NPC","drops":[{"name":"Bones","id":526,"quantity":1,"price":91},{"name":"Numulite","id":21555,"quantity":15,"price":30},{"name":"Uncut diamond","id":1618,"quantity":5,"price":2625}],"date":"Jan 20, 2022, 9:41:02 PM"}
{"name":"Deranged archaeologist","level":276,"killCount":17,"type":"NPC","drops":[{"name":"Bones","id":526,"quantity":1,"price":91},{"name":"Numulite","id":21555,"quantity":26,"price":30},{"name":"Crystal key","id":989,"quantity":1,"price":21166}],"date":"Jan 20, 2022, 9:41:58 PM"}
{"name":"Deranged archaeologist","level":276,"killCount":18,"type":"NPC","drops":[{"name":"Bones","id":526,"quantity":1,"price":91},{"name":"Onyx bolt tips","id":9194,"quantity":6,"price":8252}],"date":"Jan 20, 2022, 9:42:56 PM"}
{"name":"Deranged archaeologist","level":276,"killCount":19,"type":"NPC","drops":[{"name":"Bones","id":526,"quantity":1,"price":91},{"name":"Numulite","id":21555,"quantity":25,"price":30},{"name":"Water rune","id":555,"quantity":100,"price":4}],"date":"Jan 20, 2022, 9:43:58 PM"}
{"name":"Deranged archaeologist","level":276,"killCount":20,"type":"NPC","drops":[{"name":"Bones","id":526,"quantity":1,"price":91},{"name":"Numulite","id":21555,"quantity":18,"price":30},{"name":"Grimy dwarf weed","id":218,"quantity":4,"price":950}],"date":"Jan 20, 2022, 9:45:06 PM"}
{"name":"Deranged archaeologist","level":276,"killCount":21,"type":"NPC","drops":[{"name":"Bones","id":526,"quantity":1,"price":91},{"name":"Numulite","id":21555,"quantity":18,"price":30},{"name":"Rune 2h sword","id":1319,"quantity":1,"price":37790}],"date":"Jan 20, 2022, 9:46:10 PM"}
{"name":"Deranged archaeologist","level":276,"killCount":22,"type":"NPC","drops":[{"name":"Bones","id":526,"quantity":1,"price":91},{"name":"Numulite","id":21555,"quantity":15,"price":30},{"name":"Black d\u0027hide body","id":2503,"quantity":1,"price":7455}],"date":"Jan 20, 2022, 9:47:05 PM"}
{"name":"Deranged archaeologist","level":276,"killCount":23,"type":"NPC","drops":[{"name":"Bones","id":526,"quantity":1,"price":91},{"name":"Numulite","id":21555,"quantity":23,"price":30},{"name":"Rune knife","id":868,"quantity":25,"price":292}],"date":"Jan 20, 2022, 9:48:12 PM"}
{"name":"Deranged archaeologist","level":276,"killCount":24,"type":"NPC","drops":[{"name":"Bones","id":526,"quantity":1,"price":91},{"name":"Numulite","id":21555,"quantity":31,"price":30},{"name":"Potato with cheese","id":6705,"quantity":1,"price":229},{"name":"Potato with cheese","id":6705,"quantity":1,"price":229},{"name":"Potato with cheese","id":6705,"quantity":1,"price":229}],"date":"Jan 20, 2022, 9:49:05 PM"}
{"name":"Deranged archaeologist","level":276,"killCount":25,"type":"NPC","drops":[{"name":"Bones","id":526,"quantity":1,"price":91},{"name":"Numulite","id":21555,"quantity":29,"price":30},{"name":"Onyx bolt tips","id":9194,"quantity":6,"price":8252}],"date":"Jan 20, 2022, 9:50:08 PM"}
{"name":"Deranged archaeologist","level":276,"killCount":26,"type":"NPC","drops":[{"name":"Bones","id":526,"quantity":1,"price":91},{"name":"Numulite","id":21555,"quantity":12,"price":30}],"date":"Jan 20, 2022, 9:51:17 PM"}
{"name":"Deranged archaeologist","level":276,"killCount":27,"type":"NPC","drops":[{"name":"Bones","id":526,"quantity":1,"price":91},{"name":"Cannonball","id":2,"quantity":80,"price":168}],"date":"Jan 20, 2022, 9:52:14 PM"}
{"name":"Deranged archaeologist","level":276,"killCount":28,"type":"NPC","drops":[{"name":"Bones","id":526,"quantity":1,"price":91},{"name":"Numulite","id":21555,"quantity":14,"price":31},{"name":"Uncut sapphire","id":1623,"quantity":1,"price":349}],"date":"Jan 20, 2022, 9:53:02 PM"}
{"name":"Deranged archaeologist","level":276,"killCount":29,"type":"NPC","drops":[{"name":"Bones","id":526,"quantity":1,"price":91}],"date":"Jan 20, 2022, 9:54:04 PM"}
{"name":"Deranged archaeologist","level":276,"killCount":30,"type":"NPC","drops":[{"name":"Bones","id":526,"quantity":1,"price":91},{"name":"Numulite","id":21555,"quantity":5,"price":31},{"name":"Water rune","id":555,"quantity":100,"price":4}],"date":"Jan 20, 2022, 9:55:05 PM"}
{"name":"Deranged archaeologist","level":276,"killCount":31,"type":"NPC","drops":[{"name":"Bones","id":526,"quantity":1,"price":91}],"date":"Jan 20, 2022, 9:56:03 PM"}
{"name":"Deranged archaeologist","level":276,"killCount":32,"type":"NPC","drops":[{"name":"Bones","id":526,"quantity":1,"price":91},{"name":"Numulite","id":21555,"quantity":5,"price":31},{"name":"Grimy dwarf weed","id":218,"quantity":4,"price":963}],"date":"Jan 20, 2022, 9:57:01 PM"}
{"name":"Deranged archaeologist","level":276,"killCount":33,"type":"NPC","drops":[{"name":"Bones","id":526,"quantity":1,"price":91},{"name":"Numulite","id":21555,"quantity":16,"price":31},{"name":"Potato with cheese","id":6705,"quantity":1,"price":225},{"name":"Potato with cheese","id":6705,"quantity":1,"price":225},{"name":"Potato with cheese","id":6705,"quantity":1,"price":225}],"date":"Jan 20, 2022, 9:58:04 PM"}
{"name":"Deranged archaeologist","level":276,"killCount":34,"type":"NPC","drops":[{"name":"Bones","id":526,"quantity":1,"price":91},{"name":"Grimy dwarf weed","id":218,"quantity":4,"price":963}],"date":"Jan 20, 2022, 9:58:55 PM"}
{"name":"Deranged archaeologist","level":276,"killCount":35,"type":"NPC","drops":[{"name":"Bones","id":526,"quantity":1,"price":91},{"name":"Numulite","id":21555,"quantity":19,"price":31},{"name":"Rune knife","id":868,"quantity":25,"price":293}],"date":"Jan 20, 2022, 10:00:20 PM"}
{"name":"Deranged archaeologist","level":276,"killCount":36,"type":"NPC","drops":[{"name":"Bones","id":526,"quantity":1,"price":91},{"name":"Black dragonhide","id":1748,"quantity":8,"price":3108}],"date":"Jan 20, 2022, 10:01:19 PM"}
{"name":"Deranged archaeologist","level":276,"killCount":37,"type":"NPC","drops":[{"name":"Bones","id":526,"quantity":1,"price":91},{"name":"Rune sq shield","id":1185,"quantity":1,"price":22515}],"date":"Jan 20, 2022, 10:02:28 PM"}
{"name":"Deranged archaeologist","level":276,"killCount":38,"type":"NPC","drops":[{"name":"Bones","id":526,"quantity":1,"price":91},{"name":"Numulite","id":21555,"quantity":30,"price":31},{"name":"Crystal key","id":989,"quantity":1,"price":20924}],"date":"Jan 20, 2022, 10:03:28 PM"}
{"name":"Deranged archaeologist","level":276,"killCount":39,"type":"NPC","drops":[{"name":"Bones","id":526,"quantity":1,"price":91},{"name":"Numulite","id":21555,"quantity":26,"price":31},{"name":"Water rune","id":555,"quantity":100,"price":4}],"date":"Jan 20, 2022, 10:04:34 PM"}
{"name":"Deranged archaeologist","level":276,"killCount":40,"type":"NPC","drops":[{"name":"Bones","id":526,"quantity":1,"price":91},{"name":"Numulite","id":21555,"quantity":16,"price":31},{"name":"Crystal key","id":989,"quantity":1,"price":20924}],"date":"Jan 20, 2022, 10:05:26 PM"}
{"name":"Deranged archaeologist","level":276,"killCount":41,"type":"NPC","drops":[{"name":"Bones","id":526,"quantity":1,"price":91},{"name":"Numulite","id":21555,"quantity":30,"price":31},{"name":"Potato with cheese","id":6705,"quantity":1,"price":225},{"name":"Potato with cheese","id":6705,"quantity":1,"price":225},{"name":"Potato with cheese","id":6705,"quantity":1,"price":225}],"date":"Jan 20, 2022, 10:06:30 PM"}
{"name":"Deranged archaeologist","level":276,"killCount":42,"type":"NPC","drops":[{"name":"Bones","id":526,"quantity":1,"price":91},{"name":"Uncut diamond","id":1618,"quantity":5,"price":2617}],"date":"Jan 20, 2022, 10:07:26 PM"}
{"name":"Deranged archaeologist","level":276,"killCount":43,"type":"NPC","drops":[{"name":"Bones","id":526,"quantity":1,"price":91},{"name":"Prayer potion(3)","id":139,"quantity":1,"price":7465}],"date":"Jan 20, 2022, 10:08:19 PM"}
{"name":"Deranged archaeologist","level":276,"killCount":44,"type":"NPC","drops":[{"name":"Bones","id":526,"quantity":1,"price":91},{"name":"Numulite","id":21555,"quantity":16,"price":31},{"name":"Dragon arrow","id":11212,"quantity":60,"price":1401}],"date":"Jan 20, 2022, 10:09:10 PM"}
{"name":"Deranged archaeologist","level":276,"killCount":45,"type":"NPC","drops":[{"name":"Bones","id":526,"quantity":1,"price":91},{"name":"Numulite","id":21555,"quantity":15,"price":31},{"name":"Onyx bolt tips","id":9194,"quantity":6,"price":8196}],"date":"Jan 20, 2022, 10:10:13 PM"}
{"name":"Deranged archaeologist","level":276,"killCount":46,"type":"NPC","drops":[{"name":"Bones","id":526,"quantity":1,"price":91},{"name":"Crystal key","id":989,"quantity":1,"price":20924}],"date":"Jan 20, 2022, 10:11:16 PM"}
{"name":"Deranged archaeologist","level":276,"killCount":47,"type":"NPC","drops":[{"name":"Bones","id":526,"quantity":1,"price":91},{"name":"Numulite","id":21555,"quantity":27,"price":31},{"name":"Grimy dwarf weed","id":218,"quantity":4,"price":963}],"date":"Jan 20, 2022, 10:12:23 PM"}
{"name":"Deranged archaeologist","level":276,"killCount":48,"type":"NPC","drops":[{"name":"Bones","id":526,"quantity":1,"price":91},{"name":"Numulite","id":21555,"quantity":6,"price":31},{"name":"Water rune","id":555,"quantity":100,"price":4}],"date":"Jan 20, 2022, 10:13:23 PM"}
{"name":"Deranged archaeologist","level":276,"killCount":49,"type":"NPC","drops":[{"name":"Bones","id":526,"quantity":1,"price":91},{"name":"Uncut diamond","id":1618,"quantity":5,"price":2617}],"date":"Jan 20, 2022, 10:14:28 PM"}
{"name":"Deranged archaeologist","level":276,"killCount":50,"type":"NPC","drops":[{"name":"Bones","id":526,"quantity":1,"price":91},{"name":"Numulite","id":21555,"quantity":11,"price":31},{"name":"Prayer potion(3)","id":139,"quantity":1,"price":7465}],"date":"Jan 20, 2022, 10:15:27 PM"}
