{"name":"General Graardor","level":624,"killCount":15,"type":"NPC","drops":[{"name":"Big bones","id":532,"quantity":1,"price":151},{"name":"Frozen key piece (bandos)","id":26360,"quantity":1,"price":0},{"name":"Rune longsword","id":1303,"quantity":1,"price":18785}],"date":"Jan 24, 2022, 7:43:36 PM"}
{"name":"General Graardor","level":624,"killCount":16,"type":"NPC","drops":[{"name":"Big bones","id":532,"quantity":1,"price":151},{"name":"Coins","id":995,"quantity":19658,"price":1}],"date":"Jan 24, 2022, 7:45:47 PM"}
{"name":"General Graardor","level":624,"killCount":17,"type":"NPC","drops":[{"name":"Big bones","id":532,"quantity":1,"price":151},{"name":"Super restore(4)","id":3024,"quantity":1,"price":15443},{"name":"Super restore(4)","id":3024,"quantity":1,"price":15443},{"name":"Super restore(4)","id":3024,"quantity":1,"price":15443}],"date":"Jan 24, 2022, 7:47:40 PM"}
{"name":"General Graardor","level":624,"killCount":18,"type":"NPC","drops":[{"name":"Big bones","id":532,"quantity":1,"price":151},{"name":"Coins","id":995,"quantity":19834,"price":1}],"date":"Jan 24, 2022, 7:49:45 PM"}
{"name":"General Graardor","level":624,"killCount":19,"type":"NPC","drops":[{"name":"Big bones","id":532,"quantity":1,"price":151},{"name":"Coins","id":995,"quantity":19838,"price":1}],"date":"Jan 24, 2022, 7:55:49 PM"}
{"name":"General Graardor","level":624,"killCount":20,"type":"NPC","drops":[{"name":"Big bones","id":532,"quantity":1,"price":151},{"name":"Coal","id":454,"quantity":117,"price":145}],"date":"Jan 24, 2022, 7:59:31 PM"}
{"name":"General Graardor","level":624,"killCount":21,"type":"NPC","drops":[{"name":"Big bones","id":532,"quantity":1,"price":151},{"name":"Coins","id":995,"quantity":19536,"price":1}],"date":"Jan 24, 2022, 8:01:20 PM"}
{"name":"General Graardor","level":624,"killCount":22,"type":"NPC","drops":[{"name":"Big bones","id":532,"quantity":1,"price":151},{"name":"Magic logs","id":1514,"quantity":16,"price":993}],"date":"Jan 24, 2022, 8:07:19 PM"}
{"name":"General Graardor","level":624,"killCount":23,"type":"NPC","drops":[{"name":"Big bones","id":532,"quantity":1,"price":147},{"name":"Loop half of key","id":987,"quantity":1,"price":9120}],"date":"Jan 24, 2022, 8:55:44 PM"}
{"name":"General Graardor","level":624,"killCount":24,"type":"NPC","drops":[{"name":"Big bones","id":532,"quantity":1,"price":147},{"name":"Nature rune","id":561,"quantity":69,"price":221}],"date":"Jan 24, 2022, 9:17:07 PM"}
{"name":"General Graardor","level":624,"killCount":25,"type":"NPC","drops":[{"name":"Big bones","id":532,"quantity":1,"price":150},{"name":"Magic logs","id":1514,"quantity":18,"price":1007}],"date":"Jan 24, 2022, 9:29:28 PM"}
{"name":"General Graardor","level":624,"killCount":26,"type":"NPC","drops":[{"name":"Big bones","id":532,"quantity":1,"price":150},{"name":"Coal","id":454,"quantity":115,"price":148}],"date":"Jan 24, 2022, 9:33:34 PM"}
{"name":"General Graardor","level":624,"killCount":27,"type":"NPC","drops":[{"name":"Big bones","id":532,"quantity":1,"price":150},{"name":"Coins","id":995,"quantity":19629,"price":1}],"date":"Jan 24, 2022, 9:35:27 PM"}
{"name":"General Graardor","level":624,"killCount":28,"type":"NPC","drops":[{"name":"Big bones","id":532,"quantity":1,"price":150},{"name":"Coins","id":995,"quantity":19897,"price":1}],"date":"Jan 24, 2022, 9:53:31 PM"}
{"name":"General Graardor","level":624,"killCount":29,"type":"NPC","drops":[{"name":"Big bones","id":532,"quantity":1,"price":150},{"name":"Grimy snapdragon","id":3052,"quantity":3,"price":12105}],"date":"Jan 24, 2022, 9:55:24 PM"}
{"name":"General Graardor","level":624,"killCount":30,"type":"NPC","drops":[{"name":"Big bones","id":532,"quantity":1,"price":150},{"name":"Rune platebody","id":1127,"quantity":1,"price":38328}],"date":"Jan 24, 2022, 9:57:27 PM"}
{"name":"General Graardor","level":624,"killCount":31,"type":"NPC","drops":[{"name":"Big bones","id":532,"quantity":1,"price":150},{"name":"Snapdragon seed","id":5300,"quantity":1,"price":84499}],"date":"Jan 24, 2022, 9:59:10 PM"}
{"name":"General Graardor","level":624,"killCount":32,"type":"NPC","drops":[{"name":"Big bones","id":532,"quantity":1,"price":150},{"name":"Adamantite ore","id":450,"quantity":16,"price":1081}],"date":"Jan 24, 2022, 10:13:13 PM"}
{"name":"General Graardor","level":624,"killCount":33,"type":"NPC","drops":[{"name":"Big bones","id":532,"quantity":1,"price":150},{"name":"Coins","id":995,"quantity":19637,"price":1}],"date":"Jan 24, 2022, 10:17:32 PM"}
{"name":"General Graardor","level":624,"killCount":34,"type":"NPC","drops":[{"name":"Big bones","id":532,"quantity":1,"price":156},{"name":"Rune 2h sword","id":1319,"quantity":1,"price":37818}],"date":"Jan 24, 2022, 10:21:33 PM"}
{"name":"General Graardor","level":624,"killCount":35,"type":"NPC","drops":[{"name":"Big bones","id":532,"quantity":1,"price":156},{"name":"Coins","id":995,"quantity":19667,"price":1}],"date":"Jan 24, 2022, 10:40:02 PM"}
{"name":"General Graardor","level":624,"killCount":36,"type":"NPC","drops":[{"name":"Big bones","id":532,"quantity":1,"price":156},{"name":"Coins","id":995,"quantity":19943,"price":1}],"date":"Jan 24, 2022, 10:48:15 PM"}
{"name":"General Graardor","level":624,"killCount":37,"type":"NPC","drops":[{"name":"Big bones","id":532,"quantity":1,"price":153},{"name":"Rune pickaxe","id":1275,"quantity":1,"price":18618}],"date":"Jan 24, 2022, 10:54:45 PM"}
