{"name":"Goblin","level":15,"killCount":-1,"type":"NPC","drops":[{"name":"Bones","id":526,"quantity":1,"price":96},{"name":"Mind rune","id":558,"quantity":2,"price":2}],"date":"Jan 24, 2022, 7:31:34 PM"}
{"name":"Goblin","level":12,"killCount":-1,"type":"NPC","drops":[{"name":"Bones","id":526,"quantity":1,"price":96},{"name":"Hammer","id":2347,"quantity":1,"price":80}],"date":"Jan 24, 2022, 7:31:39 PM"}
{"name":"Goblin","level":12,"killCount":-1,"type":"NPC","drops":[{"name":"Bones","id":526,"quantity":1,"price":96},{"name":"Bronze arrow","id":882,"quantity":7,"price":2}],"date":"Jan 24, 2022, 7:31:43 PM"}
{"name":"Goblin","level":13,"killCount":-1,"type":"NPC","drops":[{"name":"Bones","id":526,"quantity":1,"price":96},{"name":"Coins","id":995,"quantity":1,"price":1}],"date":"Jan 24, 2022, 7:31:47 PM"}
{"name":"Goblin","level":15,"killCount":-1,"type":"NPC","drops":[{"name":"Bones","id":526,"quantity":1,"price":96},{"name":"Hammer","id":2347,"quantity":1,"price":80}],"date":"Jan 24, 2022, 7:31:54 PM"}
{"name":"Goblin","level":17,"killCount":-1,"type":"NPC","drops":[{"name":"Bones","id":526,"quantity":1,"price":96},{"name":"Body rune","id":559,"quantity":2,"price":4}],"date":"Jan 24, 2022, 7:32:21 PM"}
{"name":"Goblin","level":17,"killCount":-1,"type":"NPC","drops":[{"name":"Bones","id":526,"quantity":1,"price":96},{"name":"Coins","id":995,"quantity":1,"price":1}],"date":"Jan 24, 2022, 7:32:37 PM"}
{"name":"Goblin","level":15,"killCount":-1,"type":"NPC","drops":[{"name":"Bones","id":526,"quantity":1,"price":96},{"name":"Coins","id":995,"quantity":1,"price":1}],"date":"Jan 24, 2022, 7:32:40 PM"}
{"name":"Goblin","level":13,"killCount":-1,"type":"NPC","drops":[{"name":"Bones","id":526,"quantity":1,"price":96},{"name":"Bronze spear","id":1237,"quantity":1,"price":293}],"date":"Jan 24, 2022, 7:32:42 PM"}
{"name":"Goblin","level":12,"killCount":-1,"type":"NPC","drops":[{"name":"Bones","id":526,"quantity":1,"price":96},{"name":"Ensouled goblin head","id":13447,"quantity":1,"price":80},{"name":"Coins","id":995,"quantity":1,"price":1}],"date":"Jan 24, 2022, 7:32:45 PM"}
{"name":"Goblin","level":12,"killCount":-1,"type":"NPC","drops":[{"name":"Bones","id":526,"quantity":1,"price":96},{"name":"Coins","id":995,"quantity":5,"price":1}],"date":"Jan 24, 2022, 7:32:48 PM"}
{"name":"Goblin","level":15,"killCount":-1,"type":"NPC","drops":[{"name":"Bones","id":526,"quantity":1,"price":96},{"name":"Coins","id":995,"quantity":3,"price":1}],"date":"Jan 24, 2022, 7:32:57 PM"}
{"name":"Goblin","level":12,"killCount":-1,"type":"NPC","drops":[{"name":"Bones","id":526,"quantity":1,"price":96},{"name":"Coins","id":995,"quantity":5,"price":1}],"date":"Jan 24, 2022, 7:33:00 PM"}
{"name":"Goblin","level":17,"killCount":-1,"type":"NPC","drops":[{"name":"Bones","id":526,"quantity":1,"price":96},{"name":"Coins","id":995,"quantity":1,"price":1}],"date":"Jan 24, 2022, 7:33:10 PM"}
{"name":"Goblin","level":15,"killCount":-1,"type":"NPC","drops":[{"name":"Bones","id":526,"quantity":1,"price":96},{"name":"Coins","id":995,"quantity":1,"price":1}],"date":"Jan 24, 2022, 7:33:26 PM"}
{"name":"Goblin","level":15,"killCount":-1,"type":"NPC","drops":[{"name":"Bones","id":526,"quantity":1,"price":96},{"name":"Coins","id":995,"quantity":1,"price":1}],"date":"Jan 24, 2022, 7:33:28 PM"}
{"name":"Goblin","level":12,"killCount":-1,"type":"NPC","drops":[{"name":"Bones","id":526,"quantity":1,"price":96},{"name":"Hammer","id":2347,"quantity":1,"price":80}],"date":"Jan 24, 2022, 7:33:38 PM"}
{"name":"Goblin","level":17,"killCount":-1,"type":"NPC","drops":[{"name":"Bones","id":526,"quantity":1,"price":96},{"name":"Hammer","id":2347,"quantity":1,"price":80}],"date":"Jan 24, 2022, 7:33:40 PM"}
{"name":"Goblin","level":13,"killCount":-1,"type":"NPC","drops":[{"name":"Bones","id":526,"quantity":1,"price":96},{"name":"Goblin mail","id":288,"quantity":1,"price":354}],"date":"Jan 24, 2022, 7:33:43 PM"}
{"name":"Goblin","level":12,"killCount":-1,"type":"NPC","drops":[{"name":"Bones","id":526,"quantity":1,"price":96},{"name":"Goblin mail","id":288,"quantity":1,"price":354}],"date":"Jan 24, 2022, 7:33:46 PM"}
{"name":"Goblin","level":17,"killCount":-1,"type":"NPC","drops":[{"name":"Bones","id":526,"quantity":1,"price":96},{"name":"Bronze spear","id":1237,"quantity":1,"price":293}],"date":"Jan 24, 2022, 7:33:53 PM"}
{"name":"Goblin","level":12,"killCount":-1,"type":"NPC","drops":[{"name":"Bones","id":526,"quantity":1,"price":96},{"name":"Coins","id":995,"quantity":1,"price":1}],"date":"Jan 24, 2022, 7:34:00 PM"}
{"name":"Goblin","level":13,"killCount":-1,"type":"NPC","drops":[{"name":"Bones","id":526,"quantity":1,"price":96},{"name":"Coins","id":995,"quantity":16,"price":1}],"date":"Jan 24, 2022, 7:34:09 PM"}
{"name":"Goblin","level":12,"killCount":-1,"type":"NPC","drops":[{"name":"Bones","id":526,"quantity":1,"price":96},{"name":"Coins","id":995,"quantity":5,"price":1}],"date":"Jan 24, 2022, 7:34:39 PM"}
{"name":"Goblin","level":12,"killCount":-1,"type":"NPC","drops":[{"name":"Bones","id":526,"quantity":1,"price":96},{"name":"Bronze spear","id":1237,"quantity":1,"price":293}],"date":"Jan 24, 2022, 7:34:46 PM"}
{"name":"Goblin","level":17,"killCount":-1,"type":"NPC","drops":[{"name":"Bones","id":526,"quantity":1,"price":96},{"name":"Coins","id":995,"quantity":24,"price":1}],"date":"Jan 24, 2022, 7:34:52 PM"}
{"name":"Goblin","level":13,"killCount":-1,"type":"NPC","drops":[{"name":"Bones","id":526,"quantity":1,"price":96},{"name":"Hammer","id":2347,"quantity":1,"price":80}],"date":"Jan 24, 2022, 7:34:55 PM"}
{"name":"Goblin","level":15,"killCount":-1,"type":"NPC","drops":[{"name":"Bones","id":526,"quantity":1,"price":96},{"name":"Hammer","id":2347,"quantity":1,"price":80}],"date":"Jan 24, 2022, 7:34:57 PM"}
{"name":"Goblin","level":15,"killCount":-1,"type":"NPC","drops":[{"name":"Bones","id":526,"quantity":1,"price":96},{"name":"Coins","id":995,"quantity":3,"price":1}],"date":"Jan 24, 2022, 7:35:00 PM"}
{"name":"Goblin","level":12,"killCount":-1,"type":"NPC","drops":[{"name":"Bones","id":526,"quantity":1,"price":96},{"name":"Hammer","id":2347,"quantity":1,"price":80}],"date":"Jan 24, 2022, 7:35:29 PM"}
{"name":"Goblin","level":17,"killCount":-1,"type":"NPC","drops":[{"name":"Bones","id":526,"quantity":1,"price":96},{"name":"Coins","id":995,"quantity":3,"price":1}],"date":"Jan 24, 2022, 7:35:34 PM"}
{"name":"Goblin","level":13,"killCount":-1,"type":"NPC","drops":[{"name":"Bones","id":526,"quantity":1,"price":96},{"name":"Body rune","id":559,"quantity":2,"price":4}],"date":"Jan 24, 2022, 7:35:39 PM"}
{"name":"Goblin","level":15,"killCount":-1,"type":"NPC","drops":[{"name":"Bones","id":526,"quantity":1,"price":96},{"name":"Coins","id":995,"quantity":3,"price":1}],"date":"Jan 24, 2022, 7:35:44 PM"}
{"name":"Goblin","level":15,"killCount":-1,"type":"NPC","drops":[{"name":"Bones","id":526,"quantity":1,"price":96},{"name":"Coins","id":995,"quantity":1,"price":1}],"date":"Jan 24, 2022, 7:35:55 PM"}
{"name":"Goblin","level":12,"killCount":-1,"type":"NPC","drops":[{"name":"Bones","id":526,"quantity":1,"price":96},{"name":"Coins","id":995,"quantity":1,"price":1}],"date":"Jan 24, 2022, 7:36:00 PM"}
{"name":"Goblin","level":17,"killCount":-1,"type":"NPC","drops":[{"name":"Bones","id":526,"quantity":1,"price":96},{"name":"Coins","id":995,"quantity":1,"price":1}],"date":"Jan 24, 2022, 7:36:09 PM"}
{"name":"Goblin","level":12,"killCount":-1,"type":"NPC","drops":[{"name":"Bones","id":526,"quantity":1,"price":96},{"name":"Goblin mail","id":288,"quantity":1,"price":354}],"date":"Jan 24, 2022, 7:36:11 PM"}
{"name":"Goblin","level":17,"killCount":-1,"type":"NPC","drops":[{"name":"Bones","id":526,"quantity":1,"price":96},{"name":"Coins","id":995,"quantity":1,"price":1}],"date":"Jan 24, 2022, 7:36:20 PM"}
{"name":"Goblin","level":13,"killCount":-1,"type":"NPC","drops":[{"name":"Bones","id":526,"quantity":1,"price":96},{"name":"Coins","id":995,"quantity":1,"price":1}],"date":"Jan 24, 2022, 7:36:22 PM"}
{"name":"Goblin","level":15,"killCount":-1,"type":"NPC","drops":[{"name":"Bones","id":526,"quantity":1,"price":96},{"name":"Coins","id":995,"quantity":3,"price":1}],"date":"Jan 24, 2022, 7:36:27 PM"}
{"name":"Goblin","level":12,"killCount":-1,"type":"NPC","drops":[{"name":"Bones","id":526,"quantity":1,"price":98},{"name":"Coins","id":995,"quantity":5,"price":1}],"date":"Jan 24, 2022, 11:07:14 PM"}
{"name":"Goblin","level":17,"killCount":-1,"type":"NPC","drops":[{"name":"Bones","id":526,"quantity":1,"price":98},{"name":"Hammer","id":2347,"quantity":1,"price":97}],"date":"Jan 24, 2022, 11:07:27 PM"}
{"name":"Goblin","level":15,"killCount":-1,"type":"NPC","drops":[{"name":"Bones","id":526,"quantity":1,"price":106},{"name":"Grimy tarromin","id":203,"quantity":1,"price":95}],"date":"Feb 2, 2022, 10:40:08 PM"}
{"name":"Goblin","level":15,"killCount":-1,"type":"NPC","drops":[{"name":"Bones","id":526,"quantity":1,"price":106},{"name":"Hammer","id":2347,"quantity":1,"price":77}],"date":"Feb 2, 2022, 10:41:03 PM"}
{"name":"Goblin","level":15,"killCount":-1,"type":"NPC","drops":[{"name":"Bones","id":526,"quantity":1,"price":106},{"name":"Bronze axe","id":1351,"quantity":1,"price":80}],"date":"Feb 2, 2022, 10:41:50 PM"}
