{"name":"Greater demon","level":92,"killCount":-1,"type":"NPC","drops":[{"name":"Vile ashes","id":25769,"quantity":1,"price":600},{"name":"Coins","id":995,"quantity":132,"price":1}],"date":"Dec 31, 2021, 9:58:56 PM"}
{"name":"Greater demon","level":92,"killCount":-1,"type":"NPC","drops":[{"name":"Vile ashes","id":25769,"quantity":1,"price":600},{"name":"Steel axe","id":1353,"quantity":1,"price":36}],"date":"Dec 31, 2021, 9:59:11 PM"}
{"name":"Greater demon","level":92,"killCount":-1,"type":"NPC","drops":[{"name":"Vile ashes","id":25769,"quantity":1,"price":600},{"name":"Coins","id":995,"quantity":44,"price":1}],"date":"Dec 31, 2021, 9:59:13 PM"}
{"name":"Greater demon","level":92,"killCount":-1,"type":"NPC","drops":[{"name":"Vile ashes","id":25769,"quantity":1,"price":600},{"name":"Coins","id":995,"quantity":132,"price":1}],"date":"Dec 31, 2021, 9:59:15 PM"}
{"name":"Greater demon","level":92,"killCount":-1,"type":"NPC","drops":[{"name":"Vile ashes","id":25769,"quantity":1,"price":600},{"name":"Death rune","id":560,"quantity":5,"price":230}],"date":"Dec 31, 2021, 9:59:26 PM"}
{"name":"Greater demon","level":92,"killCount":-1,"type":"NPC","drops":[{"name":"Vile ashes","id":25769,"quantity":1,"price":600},{"name":"Coins","id":995,"quantity":44,"price":1}],"date":"Dec 31, 2021, 9:59:37 PM"}
{"name":"Greater demon","level":92,"killCount":-1,"type":"NPC","drops":[{"name":"Vile ashes","id":25769,"quantity":1,"price":600},{"name":"Gold bar","id":2357,"quantity":1,"price":84}],"date":"Dec 31, 2021, 9:59:43 PM"}
{"name":"Greater demon","level":92,"killCount":-1,"type":"NPC","drops":[{"name":"Vile ashes","id":25769,"quantity":1,"price":600},{"name":"Fire rune","id":554,"quantity":75,"price":4}],"date":"Dec 31, 2021, 9:59:55 PM"}
{"name":"Greater demon","level":92,"killCount":-1,"type":"NPC","drops":[{"name":"Vile ashes","id":25769,"quantity":1,"price":600},{"name":"Chaos rune","id":562,"quantity":15,"price":55}],"date":"Dec 31, 2021, 10:00:02 PM"}
{"name":"Greater demon","level":92,"killCount":-1,"type":"NPC","drops":[{"name":"Vile ashes","id":25769,"quantity":1,"price":600},{"name":"Coins","id":995,"quantity":44,"price":1}],"date":"Dec 31, 2021, 10:00:06 PM"}
{"name":"Greater demon","level":92,"killCount":-1,"type":"NPC","drops":[{"name":"Vile ashes","id":25769,"quantity":1,"price":600},{"name":"Coins","id":995,"quantity":132,"price":1}],"date":"Dec 31, 2021, 10:00:25 PM"}
{"name":"Greater demon","level":92,"killCount":-1,"type":"NPC","drops":[{"name":"Vile ashes","id":25769,"quantity":1,"price":600},{"name":"Steel 2h sword","id":1311,"quantity":1,"price":160}],"date":"Dec 31, 2021, 10:00:33 PM"}
{"name":"Greater demon","level":92,"killCount":-1,"type":"NPC","drops":[{"name":"Vile ashes","id":25769,"quantity":1,"price":600},{"name":"Coins","id":995,"quantity":220,"price":1}],"date":"Dec 31, 2021, 10:00:45 PM"}
{"name":"Greater demon","level":92,"killCount":-1,"type":"NPC","drops":[{"name":"Vile ashes","id":25769,"quantity":1,"price":600},{"name":"Coins","id":995,"quantity":44,"price":1}],"date":"Dec 31, 2021, 10:00:51 PM"}
{"name":"Greater demon","level":92,"killCount":-1,"type":"NPC","drops":[{"name":"Vile ashes","id":25769,"quantity":1,"price":600},{"name":"Coins","id":995,"quantity":44,"price":1}],"date":"Dec 31, 2021, 10:00:58 PM"}
{"name":"Greater demon","level":92,"killCount":-1,"type":"NPC","drops":[{"name":"Vile ashes","id":25769,"quantity":1,"price":600},{"name":"Coins","id":995,"quantity":132,"price":1}],"date":"Dec 31, 2021, 10:01:04 PM"}
{"name":"Greater demon","level":92,"killCount":-1,"type":"NPC","drops":[{"name":"Vile ashes","id":25769,"quantity":1,"price":600},{"name":"Coins","id":995,"quantity":132,"price":1}],"date":"Dec 31, 2021, 10:01:13 PM"}
{"name":"Greater demon","level":92,"killCount":-1,"type":"NPC","drops":[{"name":"Vile ashes","id":25769,"quantity":1,"price":600}],"date":"Dec 31, 2021, 10:01:21 PM"}
{"name":"Greater demon","level":92,"killCount":-1,"type":"NPC","drops":[{"name":"Vile ashes","id":25769,"quantity":1,"price":600},{"name":"Coins","id":995,"quantity":220,"price":1}],"date":"Dec 31, 2021, 10:01:39 PM"}
{"name":"Greater demon","level":92,"killCount":-1,"type":"NPC","drops":[{"name":"Vile ashes","id":25769,"quantity":1,"price":600},{"name":"Coins","id":995,"quantity":132,"price":1}],"date":"Dec 31, 2021, 10:01:51 PM"}
{"name":"Greater demon","level":92,"killCount":-1,"type":"NPC","drops":[{"name":"Vile ashes","id":25769,"quantity":1,"price":600},{"name":"Steel battleaxe","id":1365,"quantity":1,"price":140}],"date":"Dec 31, 2021, 10:01:52 PM"}
{"name":"Greater demon","level":92,"killCount":-1,"type":"NPC","drops":[{"name":"Vile ashes","id":25769,"quantity":1,"price":600},{"name":"Coins","id":995,"quantity":11,"price":1}],"date":"Dec 31, 2021, 10:01:54 PM"}
{"name":"Greater demon","level":92,"killCount":-1,"type":"NPC","drops":[{"name":"Vile ashes","id":25769,"quantity":1,"price":600},{"name":"Coins","id":995,"quantity":44,"price":1}],"date":"Dec 31, 2021, 10:02:03 PM"}
{"name":"Greater demon","level":92,"killCount":-1,"type":"NPC","drops":[{"name":"Vile ashes","id":25769,"quantity":1,"price":600},{"name":"Fire rune","id":554,"quantity":75,"price":4}],"date":"Dec 31, 2021, 10:02:20 PM"}
{"name":"Greater demon","level":92,"killCount":-1,"type":"NPC","drops":[{"name":"Vile ashes","id":25769,"quantity":1,"price":600},{"name":"Coins","id":995,"quantity":132,"price":1}],"date":"Dec 31, 2021, 10:02:21 PM"}
{"name":"Greater demon","level":92,"killCount":-1,"type":"NPC","drops":[{"name":"Vile ashes","id":25769,"quantity":1,"price":600},{"name":"Chaos rune","id":562,"quantity":15,"price":55}],"date":"Dec 31, 2021, 10:02:24 PM"}
{"name":"Greater demon","level":92,"killCount":-1,"type":"NPC","drops":[{"name":"Vile ashes","id":25769,"quantity":1,"price":600},{"name":"Coins","id":995,"quantity":44,"price":1}],"date":"Dec 31, 2021, 10:02:37 PM"}
{"name":"Greater demon","level":92,"killCount":-1,"type":"NPC","drops":[{"name":"Vile ashes","id":25769,"quantity":1,"price":600},{"name":"Coins","id":995,"quantity":132,"price":1}],"date":"Dec 31, 2021, 10:02:51 PM"}
{"name":"Greater demon","level":92,"killCount":-1,"type":"NPC","drops":[{"name":"Vile ashes","id":25769,"quantity":1,"price":600},{"name":"Rune full helm","id":1163,"quantity":1,"price":20600}],"date":"Dec 31, 2021, 10:02:51 PM"}
{"name":"Greater demon","level":92,"killCount":-1,"type":"NPC","drops":[{"name":"Vile ashes","id":25769,"quantity":1,"price":600},{"name":"Coins","id":995,"quantity":44,"price":1}],"date":"Dec 31, 2021, 10:02:58 PM"}
{"name":"Greater demon","level":92,"killCount":-1,"type":"NPC","drops":[{"name":"Vile ashes","id":25769,"quantity":1,"price":600},{"name":"Steel axe","id":1353,"quantity":1,"price":36}],"date":"Dec 31, 2021, 10:03:05 PM"}
{"name":"Greater demon","level":92,"killCount":-1,"type":"NPC","drops":[{"name":"Vile ashes","id":25769,"quantity":1,"price":600},{"name":"Coins","id":995,"quantity":220,"price":1}],"date":"Dec 31, 2021, 10:03:16 PM"}
{"name":"Greater demon","level":92,"killCount":-1,"type":"NPC","drops":[{"name":"Vile ashes","id":25769,"quantity":1,"price":600},{"name":"Adamant platelegs","id":1073,"quantity":1,"price":3416}],"date":"Dec 31, 2021, 10:03:27 PM"}
{"name":"Greater demon","level":92,"killCount":-1,"type":"NPC","drops":[{"name":"Vile ashes","id":25769,"quantity":1,"price":600},{"name":"Coins","id":995,"quantity":132,"price":1}],"date":"Dec 31, 2021, 10:03:40 PM"}
{"name":"Greater demon","level":92,"killCount":-1,"type":"NPC","drops":[{"name":"Vile ashes","id":25769,"quantity":1,"price":600},{"name":"Coins","id":995,"quantity":132,"price":1}],"date":"Dec 31, 2021, 10:03:48 PM"}
{"name":"Greater demon","level":92,"killCount":-1,"type":"NPC","drops":[{"name":"Vile ashes","id":25769,"quantity":1,"price":600},{"name":"Fire rune","id":554,"quantity":75,"price":4}],"date":"Dec 31, 2021, 10:03:51 PM"}
{"name":"Greater demon","level":92,"killCount":-1,"type":"NPC","drops":[{"name":"Vile ashes","id":25769,"quantity":1,"price":600},{"name":"Coins","id":995,"quantity":132,"price":1}],"date":"Dec 31, 2021, 10:04:09 PM"}
{"name":"Greater demon","level":92,"killCount":-1,"type":"NPC","drops":[{"name":"Vile ashes","id":25769,"quantity":1,"price":600},{"name":"Coins","id":995,"quantity":132,"price":1}],"date":"Dec 31, 2021, 10:04:10 PM"}
{"name":"Greater demon","level":92,"killCount":-1,"type":"NPC","drops":[{"name":"Vile ashes","id":25769,"quantity":1,"price":600},{"name":"Coins","id":995,"quantity":44,"price":1}],"date":"Dec 31, 2021, 10:04:19 PM"}
{"name":"Greater demon","level":92,"killCount":-1,"type":"NPC","drops":[{"name":"Vile ashes","id":25769,"quantity":1,"price":600},{"name":"Steel axe","id":1353,"quantity":1,"price":36}],"date":"Dec 31, 2021, 10:04:30 PM"}
{"name":"Greater demon","level":92,"killCount":-1,"type":"NPC","drops":[{"name":"Vile ashes","id":25769,"quantity":1,"price":600},{"name":"Steel battleaxe","id":1365,"quantity":1,"price":140}],"date":"Dec 31, 2021, 10:04:36 PM"}
{"name":"Greater demon","level":92,"killCount":-1,"type":"NPC","drops":[{"name":"Vile ashes","id":25769,"quantity":1,"price":600},{"name":"Coins","id":995,"quantity":44,"price":1}],"date":"Dec 31, 2021, 10:04:48 PM"}
{"name":"Greater demon","level":92,"killCount":-1,"type":"NPC","drops":[{"name":"Vile ashes","id":25769,"quantity":1,"price":600},{"name":"Coins","id":995,"quantity":220,"price":1}],"date":"Dec 31, 2021, 10:05:02 PM"}
{"name":"Greater demon","level":92,"killCount":-1,"type":"NPC","drops":[{"name":"Vile ashes","id":25769,"quantity":1,"price":600},{"name":"Coins","id":995,"quantity":132,"price":1}],"date":"Dec 31, 2021, 10:05:06 PM"}
{"name":"Greater demon","level":92,"killCount":-1,"type":"NPC","drops":[{"name":"Vile ashes","id":25769,"quantity":1,"price":600},{"name":"Fire rune","id":554,"quantity":75,"price":4}],"date":"Dec 31, 2021, 10:05:17 PM"}
{"name":"Greater demon","level":92,"killCount":-1,"type":"NPC","drops":[{"name":"Vile ashes","id":25769,"quantity":1,"price":600},{"name":"Coins","id":995,"quantity":220,"price":1}],"date":"Dec 31, 2021, 10:05:27 PM"}
{"name":"Greater demon","level":92,"killCount":-1,"type":"NPC","drops":[{"name":"Vile ashes","id":25769,"quantity":1,"price":600},{"name":"Coins","id":995,"quantity":132,"price":1}],"date":"Dec 31, 2021, 10:05:34 PM"}
{"name":"Greater demon","level":92,"killCount":-1,"type":"NPC","drops":[{"name":"Vile ashes","id":25769,"quantity":1,"price":600},{"name":"Coins","id":995,"quantity":132,"price":1}],"date":"Dec 31, 2021, 10:05:37 PM"}
{"name":"Greater demon","level":92,"killCount":-1,"type":"NPC","drops":[{"name":"Vile ashes","id":25769,"quantity":1,"price":600}],"date":"Dec 31, 2021, 10:05:51 PM"}
{"name":"Greater demon","level":92,"killCount":-1,"type":"NPC","drops":[{"name":"Vile ashes","id":25769,"quantity":1,"price":600},{"name":"Death rune","id":560,"quantity":5,"price":230}],"date":"Dec 31, 2021, 10:06:01 PM"}
{"name":"Greater demon","level":92,"killCount":-1,"type":"NPC","drops":[{"name":"Vile ashes","id":25769,"quantity":1,"price":600},{"name":"Coins","id":995,"quantity":44,"price":1}],"date":"Dec 31, 2021, 10:06:17 PM"}
{"name":"Greater demon","level":92,"killCount":-1,"type":"NPC","drops":[{"name":"Vile ashes","id":25769,"quantity":1,"price":600},{"name":"Coins","id":995,"quantity":132,"price":1}],"date":"Dec 31, 2021, 10:06:20 PM"}
{"name":"Greater demon","level":92,"killCount":-1,"type":"NPC","drops":[{"name":"Vile ashes","id":25769,"quantity":1,"price":600},{"name":"Tuna","id":361,"quantity":1,"price":91}],"date":"Dec 31, 2021, 10:06:22 PM"}
{"name":"Greater demon","level":92,"killCount":-1,"type":"NPC","drops":[{"name":"Vile ashes","id":25769,"quantity":1,"price":600},{"name":"Coins","id":995,"quantity":132,"price":1}],"date":"Dec 31, 2021, 10:06:34 PM"}
{"name":"Greater demon","level":92,"killCount":-1,"type":"NPC","drops":[{"name":"Vile ashes","id":25769,"quantity":1,"price":600},{"name":"Coins","id":995,"quantity":132,"price":1}],"date":"Dec 31, 2021, 10:06:48 PM"}
{"name":"Greater demon","level":92,"killCount":-1,"type":"NPC","drops":[{"name":"Vile ashes","id":25769,"quantity":1,"price":600},{"name":"Coins","id":995,"quantity":44,"price":1}],"date":"Dec 31, 2021, 10:06:56 PM"}
{"name":"Greater demon","level":92,"killCount":-1,"type":"NPC","drops":[{"name":"Vile ashes","id":25769,"quantity":1,"price":600},{"name":"Ensouled demon head","id":13501,"quantity":1,"price":3430},{"name":"Coins","id":995,"quantity":220,"price":1}],"date":"Dec 31, 2021, 10:07:08 PM"}
{"name":"Greater demon","level":92,"killCount":-1,"type":"NPC","drops":[{"name":"Vile ashes","id":25769,"quantity":1,"price":600},{"name":"Gold bar","id":2357,"quantity":1,"price":84}],"date":"Dec 31, 2021, 10:07:13 PM"}
{"name":"Greater demon","level":92,"killCount":-1,"type":"NPC","drops":[{"name":"Vile ashes","id":25769,"quantity":1,"price":600},{"name":"Coins","id":995,"quantity":220,"price":1}],"date":"Dec 31, 2021, 10:07:39 PM"}
{"name":"Greater demon","level":92,"killCount":-1,"type":"NPC","drops":[{"name":"Vile ashes","id":25769,"quantity":1,"price":600},{"name":"Coins","id":995,"quantity":132,"price":1}],"date":"Dec 31, 2021, 10:07:44 PM"}
{"name":"Greater demon","level":92,"killCount":-1,"type":"NPC","drops":[{"name":"Vile ashes","id":25769,"quantity":1,"price":600},{"name":"Coins","id":995,"quantity":220,"price":1}],"date":"Dec 31, 2021, 10:07:48 PM"}
{"name":"Greater demon","level":92,"killCount":-1,"type":"NPC","drops":[{"name":"Vile ashes","id":25769,"quantity":1,"price":600},{"name":"Coins","id":995,"quantity":44,"price":1}],"date":"Dec 31, 2021, 10:07:53 PM"}
{"name":"Greater demon","level":92,"killCount":-1,"type":"NPC","drops":[{"name":"Vile ashes","id":25769,"quantity":1,"price":600},{"name":"Steel axe","id":1353,"quantity":1,"price":36}],"date":"Dec 31, 2021, 10:08:00 PM"}
{"name":"Greater demon","level":92,"killCount":-1,"type":"NPC","drops":[{"name":"Vile ashes","id":25769,"quantity":1,"price":600},{"name":"Coins","id":995,"quantity":44,"price":1}],"date":"Dec 31, 2021, 10:08:08 PM"}
{"name":"Greater demon","level":92,"killCount":-1,"type":"NPC","drops":[{"name":"Vile ashes","id":25769,"quantity":1,"price":600},{"name":"Tuna","id":361,"quantity":1,"price":91}],"date":"Dec 31, 2021, 10:08:13 PM"}
{"name":"Greater demon","level":92,"killCount":-1,"type":"NPC","drops":[{"name":"Vile ashes","id":25769,"quantity":1,"price":600},{"name":"Coins","id":995,"quantity":132,"price":1}],"date":"Dec 31, 2021, 10:08:37 PM"}
{"name":"Greater demon","level":92,"killCount":-1,"type":"NPC","drops":[{"name":"Vile ashes","id":25769,"quantity":1,"price":600},{"name":"Coins","id":995,"quantity":132,"price":1}],"date":"Dec 31, 2021, 10:08:38 PM"}
{"name":"Greater demon","level":92,"killCount":-1,"type":"NPC","drops":[{"name":"Vile ashes","id":25769,"quantity":1,"price":600},{"name":"Coins","id":995,"quantity":11,"price":1}],"date":"Dec 31, 2021, 10:08:48 PM"}
{"name":"Greater demon","level":92,"killCount":-1,"type":"NPC","drops":[{"name":"Vile ashes","id":25769,"quantity":1,"price":600},{"name":"Coins","id":995,"quantity":132,"price":1}],"date":"Dec 31, 2021, 10:09:00 PM"}
{"name":"Greater demon","level":92,"killCount":-1,"type":"NPC","drops":[{"name":"Vile ashes","id":25769,"quantity":1,"price":600},{"name":"Gold bar","id":2357,"quantity":1,"price":84}],"date":"Dec 31, 2021, 10:09:18 PM"}
{"name":"Greater demon","level":92,"killCount":-1,"type":"NPC","drops":[{"name":"Vile ashes","id":25769,"quantity":1,"price":600},{"name":"Coins","id":995,"quantity":44,"price":1}],"date":"Dec 31, 2021, 10:09:21 PM"}
{"name":"Greater demon","level":92,"killCount":-1,"type":"NPC","drops":[{"name":"Vile ashes","id":25769,"quantity":1,"price":600},{"name":"Coins","id":995,"quantity":132,"price":1}],"date":"Dec 31, 2021, 10:09:37 PM"}
{"name":"Greater demon","level":92,"killCount":-1,"type":"NPC","drops":[{"name":"Vile ashes","id":25769,"quantity":1,"price":600},{"name":"Coins","id":995,"quantity":132,"price":1}],"date":"Dec 31, 2021, 10:09:44 PM"}
{"name":"Greater demon","level":92,"killCount":-1,"type":"NPC","drops":[{"name":"Vile ashes","id":25769,"quantity":1,"price":600},{"name":"Mithril kiteshield","id":1197,"quantity":1,"price":1262}],"date":"Dec 31, 2021, 10:09:51 PM"}
{"name":"Greater demon","level":92,"killCount":-1,"type":"NPC","drops":[{"name":"Vile ashes","id":25769,"quantity":1,"price":600},{"name":"Coins","id":995,"quantity":132,"price":1}],"date":"Dec 31, 2021, 10:10:02 PM"}
{"name":"Greater demon","level":92,"killCount":-1,"type":"NPC","drops":[{"name":"Vile ashes","id":25769,"quantity":1,"price":600},{"name":"Coins","id":995,"quantity":44,"price":1}],"date":"Dec 31, 2021, 10:10:11 PM"}
{"name":"Greater demon","level":92,"killCount":-1,"type":"NPC","drops":[{"name":"Vile ashes","id":25769,"quantity":1,"price":600},{"name":"Coins","id":995,"quantity":220,"price":1}],"date":"Dec 31, 2021, 10:10:20 PM"}
{"name":"Greater demon","level":92,"killCount":-1,"type":"NPC","drops":[{"name":"Vile ashes","id":25769,"quantity":1,"price":600},{"name":"Coins","id":995,"quantity":44,"price":1}],"date":"Dec 31, 2021, 10:10:31 PM"}
{"name":"Greater demon","level":92,"killCount":-1,"type":"NPC","drops":[{"name":"Vile ashes","id":25769,"quantity":1,"price":600},{"name":"Coins","id":995,"quantity":44,"price":1}],"date":"Dec 31, 2021, 10:10:45 PM"}
{"name":"Greater demon","level":92,"killCount":-1,"type":"NPC","drops":[{"name":"Vile ashes","id":25769,"quantity":1,"price":600},{"name":"Coins","id":995,"quantity":44,"price":1}],"date":"Dec 31, 2021, 10:10:48 PM"}
{"name":"Greater demon","level":92,"killCount":-1,"type":"NPC","drops":[{"name":"Vile ashes","id":25769,"quantity":1,"price":600},{"name":"Coins","id":995,"quantity":44,"price":1}],"date":"Dec 31, 2021, 10:11:05 PM"}
{"name":"Greater demon","level":92,"killCount":-1,"type":"NPC","drops":[{"name":"Vile ashes","id":25769,"quantity":1,"price":600},{"name":"Fire rune","id":554,"quantity":75,"price":4}],"date":"Dec 31, 2021, 10:11:22 PM"}
{"name":"Greater demon","level":92,"killCount":-1,"type":"NPC","drops":[{"name":"Vile ashes","id":25769,"quantity":1,"price":600},{"name":"Adamant platelegs","id":1073,"quantity":1,"price":3416}],"date":"Dec 31, 2021, 10:11:28 PM"}
{"name":"Greater demon","level":92,"killCount":-1,"type":"NPC","drops":[{"name":"Vile ashes","id":25769,"quantity":1,"price":600},{"name":"Coins","id":995,"quantity":132,"price":1}],"date":"Dec 31, 2021, 10:11:42 PM"}
{"name":"Greater demon","level":92,"killCount":-1,"type":"NPC","drops":[{"name":"Vile ashes","id":25769,"quantity":1,"price":600},{"name":"Fire rune","id":554,"quantity":75,"price":4}],"date":"Dec 31, 2021, 10:11:51 PM"}
{"name":"Greater demon","level":92,"killCount":-1,"type":"NPC","drops":[{"name":"Vile ashes","id":25769,"quantity":1,"price":600},{"name":"Steel 2h sword","id":1311,"quantity":1,"price":160}],"date":"Dec 31, 2021, 10:12:05 PM"}
{"name":"Greater demon","level":92,"killCount":-1,"type":"NPC","drops":[{"name":"Vile ashes","id":25769,"quantity":1,"price":600},{"name":"Ensouled demon head","id":13501,"quantity":1,"price":3430},{"name":"Coins","id":995,"quantity":44,"price":1}],"date":"Dec 31, 2021, 10:12:06 PM"}
{"name":"Greater demon","level":92,"killCount":-1,"type":"NPC","drops":[{"name":"Vile ashes","id":25769,"quantity":1,"price":600},{"name":"Coins","id":995,"quantity":44,"price":1}],"date":"Dec 31, 2021, 10:12:20 PM"}
{"name":"Greater demon","level":92,"killCount":-1,"type":"NPC","drops":[{"name":"Vile ashes","id":25769,"quantity":1,"price":600},{"name":"Coins","id":995,"quantity":44,"price":1}],"date":"Dec 31, 2021, 10:12:28 PM"}
{"name":"Greater demon","level":92,"killCount":-1,"type":"NPC","drops":[{"name":"Vile ashes","id":25769,"quantity":1,"price":600},{"name":"Coins","id":995,"quantity":132,"price":1}],"date":"Dec 31, 2021, 10:12:38 PM"}
{"name":"Greater demon","level":92,"killCount":-1,"type":"NPC","drops":[{"name":"Vile ashes","id":25769,"quantity":1,"price":600},{"name":"Coins","id":995,"quantity":11,"price":1}],"date":"Dec 31, 2021, 10:12:54 PM"}
{"name":"Greater demon","level":92,"killCount":-1,"type":"NPC","drops":[{"name":"Vile ashes","id":25769,"quantity":1,"price":600},{"name":"Coins","id":995,"quantity":44,"price":1}],"date":"Dec 31, 2021, 10:12:55 PM"}
{"name":"Greater demon","level":92,"killCount":-1,"type":"NPC","drops":[{"name":"Vile ashes","id":25769,"quantity":1,"price":600},{"name":"Gold bar","id":2357,"quantity":1,"price":84}],"date":"Dec 31, 2021, 10:13:03 PM"}
{"name":"Greater demon","level":92,"killCount":-1,"type":"NPC","drops":[{"name":"Vile ashes","id":25769,"quantity":1,"price":600},{"name":"Chaos rune","id":562,"quantity":15,"price":55}],"date":"Dec 31, 2021, 10:13:15 PM"}
{"name":"Greater demon","level":92,"killCount":-1,"type":"NPC","drops":[{"name":"Vile ashes","id":25769,"quantity":1,"price":600},{"name":"Coins","id":995,"quantity":220,"price":1}],"date":"Dec 31, 2021, 10:13:30 PM"}
{"name":"Greater demon","level":92,"killCount":-1,"type":"NPC","drops":[{"name":"Vile ashes","id":25769,"quantity":1,"price":600},{"name":"Coins","id":995,"quantity":132,"price":1}],"date":"Dec 31, 2021, 10:13:56 PM"}
{"name":"Greater demon","level":92,"killCount":-1,"type":"NPC","drops":[{"name":"Vile ashes","id":25769,"quantity":1,"price":600},{"name":"Coins","id":995,"quantity":44,"price":1}],"date":"Dec 31, 2021, 10:13:59 PM"}
{"name":"Greater demon","level":92,"killCount":-1,"type":"NPC","drops":[{"name":"Vile ashes","id":25769,"quantity":1,"price":600},{"name":"Chaos rune","id":562,"quantity":15,"price":55}],"date":"Dec 31, 2021, 10:14:10 PM"}
{"name":"Greater demon","level":92,"killCount":-1,"type":"NPC","drops":[{"name":"Vile ashes","id":25769,"quantity":1,"price":600},{"name":"Coins","id":995,"quantity":132,"price":1}],"date":"Dec 31, 2021, 10:14:23 PM"}
{"name":"Greater demon","level":92,"killCount":-1,"type":"NPC","drops":[{"name":"Vile ashes","id":25769,"quantity":1,"price":600},{"name":"Coins","id":995,"quantity":44,"price":1}],"date":"Dec 31, 2021, 10:14:33 PM"}
{"name":"Greater demon","level":92,"killCount":-1,"type":"NPC","drops":[{"name":"Vile ashes","id":25769,"quantity":1,"price":600},{"name":"Tuna","id":361,"quantity":1,"price":91}],"date":"Dec 31, 2021, 10:14:37 PM"}
{"name":"Greater demon","level":92,"killCount":-1,"type":"NPC","drops":[{"name":"Vile ashes","id":25769,"quantity":1,"price":600},{"name":"Coins","id":995,"quantity":44,"price":1}],"date":"Dec 31, 2021, 10:14:44 PM"}
{"name":"Greater demon","level":92,"killCount":-1,"type":"NPC","drops":[{"name":"Vile ashes","id":25769,"quantity":1,"price":600},{"name":"Coins","id":995,"quantity":44,"price":1}],"date":"Dec 31, 2021, 10:14:58 PM"}
{"name":"Greater demon","level":92,"killCount":-1,"type":"NPC","drops":[{"name":"Vile ashes","id":25769,"quantity":1,"price":600},{"name":"Coins","id":995,"quantity":11,"price":1}],"date":"Dec 31, 2021, 10:14:59 PM"}
{"name":"Greater demon","level":92,"killCount":-1,"type":"NPC","drops":[{"name":"Vile ashes","id":25769,"quantity":1,"price":600},{"name":"Coins","id":995,"quantity":132,"price":1}],"date":"Dec 31, 2021, 10:15:09 PM"}
{"name":"Greater demon","level":92,"killCount":-1,"type":"NPC","drops":[{"name":"Vile ashes","id":25769,"quantity":1,"price":600},{"name":"Gold bar","id":2357,"quantity":1,"price":84}],"date":"Dec 31, 2021, 10:15:17 PM"}
{"name":"Greater demon","level":92,"killCount":-1,"type":"NPC","drops":[{"name":"Vile ashes","id":25769,"quantity":1,"price":600},{"name":"Fire rune","id":554,"quantity":37,"price":4}],"date":"Dec 31, 2021, 10:15:22 PM"}
{"name":"Greater demon","level":92,"killCount":-1,"type":"NPC","drops":[{"name":"Vile ashes","id":25769,"quantity":1,"price":600},{"name":"Coins","id":995,"quantity":132,"price":1}],"date":"Dec 31, 2021, 10:15:36 PM"}
{"name":"Greater demon","level":92,"killCount":-1,"type":"NPC","drops":[{"name":"Vile ashes","id":25769,"quantity":1,"price":600},{"name":"Coins","id":995,"quantity":132,"price":1}],"date":"Dec 31, 2021, 10:15:42 PM"}
{"name":"Greater demon","level":92,"killCount":-1,"type":"NPC","drops":[{"name":"Vile ashes","id":25769,"quantity":1,"price":600},{"name":"Coins","id":995,"quantity":132,"price":1}],"date":"Dec 31, 2021, 10:15:57 PM"}
{"name":"Greater demon","level":92,"killCount":-1,"type":"NPC","drops":[{"name":"Vile ashes","id":25769,"quantity":1,"price":600},{"name":"Coins","id":995,"quantity":220,"price":1}],"date":"Dec 31, 2021, 10:16:08 PM"}
{"name":"Greater demon","level":92,"killCount":-1,"type":"NPC","drops":[{"name":"Vile ashes","id":25769,"quantity":1,"price":600},{"name":"Coins","id":995,"quantity":44,"price":1}],"date":"Dec 31, 2021, 10:16:15 PM"}
{"name":"Greater demon","level":92,"killCount":-1,"type":"NPC","drops":[{"name":"Vile ashes","id":25769,"quantity":1,"price":600},{"name":"Coins","id":995,"quantity":44,"price":1}],"date":"Dec 31, 2021, 10:16:28 PM"}
{"name":"Greater demon","level":92,"killCount":-1,"type":"NPC","drops":[{"name":"Vile ashes","id":25769,"quantity":1,"price":600},{"name":"Coins","id":995,"quantity":132,"price":1}],"date":"Dec 31, 2021, 10:16:42 PM"}
{"name":"Greater demon","level":92,"killCount":-1,"type":"NPC","drops":[{"name":"Vile ashes","id":25769,"quantity":1,"price":600},{"name":"Coins","id":995,"quantity":132,"price":1}],"date":"Dec 31, 2021, 10:16:48 PM"}
{"name":"Greater demon","level":92,"killCount":-1,"type":"NPC","drops":[{"name":"Vile ashes","id":25769,"quantity":1,"price":600},{"name":"Coins","id":995,"quantity":132,"price":1}],"date":"Dec 31, 2021, 10:16:58 PM"}
{"name":"Greater demon","level":92,"killCount":-1,"type":"NPC","drops":[{"name":"Vile ashes","id":25769,"quantity":1,"price":600},{"name":"Coins","id":995,"quantity":220,"price":1}],"date":"Dec 31, 2021, 10:17:03 PM"}
{"name":"Greater demon","level":92,"killCount":-1,"type":"NPC","drops":[{"name":"Vile ashes","id":25769,"quantity":1,"price":600},{"name":"Coins","id":995,"quantity":220,"price":1}],"date":"Dec 31, 2021, 10:17:22 PM"}
{"name":"Greater demon","level":92,"killCount":-1,"type":"NPC","drops":[{"name":"Vile ashes","id":25769,"quantity":1,"price":600},{"name":"Fire rune","id":554,"quantity":75,"price":4}],"date":"Dec 31, 2021, 10:17:25 PM"}
{"name":"Greater demon","level":92,"killCount":-1,"type":"NPC","drops":[{"name":"Vile ashes","id":25769,"quantity":1,"price":600},{"name":"Coins","id":995,"quantity":44,"price":1}],"date":"Dec 31, 2021, 10:17:36 PM"}
{"name":"Greater demon","level":92,"killCount":-1,"type":"NPC","drops":[{"name":"Vile ashes","id":25769,"quantity":1,"price":600},{"name":"Coins","id":995,"quantity":132,"price":1}],"date":"Dec 31, 2021, 10:17:51 PM"}
{"name":"Greater demon","level":92,"killCount":-1,"type":"NPC","drops":[{"name":"Vile ashes","id":25769,"quantity":1,"price":600},{"name":"Gold bar","id":2357,"quantity":1,"price":84}],"date":"Dec 31, 2021, 10:17:54 PM"}
{"name":"Greater demon","level":92,"killCount":-1,"type":"NPC","drops":[{"name":"Vile ashes","id":25769,"quantity":1,"price":600},{"name":"Coins","id":995,"quantity":132,"price":1}],"date":"Dec 31, 2021, 10:18:05 PM"}
{"name":"Greater demon","level":92,"killCount":-1,"type":"NPC","drops":[{"name":"Vile ashes","id":25769,"quantity":1,"price":539},{"name":"Steel axe","id":1353,"quantity":1,"price":133}],"date":"Dec 31, 2021, 10:18:14 PM"}
{"name":"Greater demon","level":92,"killCount":-1,"type":"NPC","drops":[{"name":"Vile ashes","id":25769,"quantity":1,"price":539},{"name":"Coins","id":995,"quantity":132,"price":1}],"date":"Dec 31, 2021, 10:18:18 PM"}
{"name":"Greater demon","level":92,"killCount":-1,"type":"NPC","drops":[{"name":"Vile ashes","id":25769,"quantity":1,"price":539},{"name":"Coins","id":995,"quantity":44,"price":1}],"date":"Dec 31, 2021, 10:18:19 PM"}
{"name":"Greater demon","level":92,"killCount":-1,"type":"NPC","drops":[{"name":"Vile ashes","id":25769,"quantity":1,"price":539},{"name":"Coins","id":995,"quantity":44,"price":1}],"date":"Dec 31, 2021, 10:18:39 PM"}
{"name":"Greater demon","level":92,"killCount":-1,"type":"NPC","drops":[{"name":"Vile ashes","id":25769,"quantity":1,"price":539},{"name":"Fire rune","id":554,"quantity":75,"price":4}],"date":"Dec 31, 2021, 10:18:41 PM"}
{"name":"Greater demon","level":92,"killCount":-1,"type":"NPC","drops":[{"name":"Vile ashes","id":25769,"quantity":1,"price":539},{"name":"Coins","id":995,"quantity":44,"price":1}],"date":"Dec 31, 2021, 10:18:54 PM"}
{"name":"Greater demon","level":92,"killCount":-1,"type":"NPC","drops":[{"name":"Vile ashes","id":25769,"quantity":1,"price":539},{"name":"Steel axe","id":1353,"quantity":1,"price":133}],"date":"Dec 31, 2021, 10:19:01 PM"}
{"name":"Greater demon","level":92,"killCount":-1,"type":"NPC","drops":[{"name":"Vile ashes","id":25769,"quantity":1,"price":539},{"name":"Coins","id":995,"quantity":220,"price":1}],"date":"Dec 31, 2021, 10:19:05 PM"}
{"name":"Greater demon","level":92,"killCount":-1,"type":"NPC","drops":[{"name":"Vile ashes","id":25769,"quantity":1,"price":539},{"name":"Coins","id":995,"quantity":11,"price":1}],"date":"Dec 31, 2021, 10:19:16 PM"}
{"name":"Greater demon","level":92,"killCount":-1,"type":"NPC","drops":[{"name":"Vile ashes","id":25769,"quantity":1,"price":539},{"name":"Tuna","id":361,"quantity":1,"price":90}],"date":"Dec 31, 2021, 10:19:29 PM"}
{"name":"Greater demon","level":92,"killCount":-1,"type":"NPC","drops":[{"name":"Vile ashes","id":25769,"quantity":1,"price":539},{"name":"Coins","id":995,"quantity":132,"price":1}],"date":"Dec 31, 2021, 10:19:39 PM"}
{"name":"Greater demon","level":92,"killCount":-1,"type":"NPC","drops":[{"name":"Vile ashes","id":25769,"quantity":1,"price":539},{"name":"Coins","id":995,"quantity":44,"price":1}],"date":"Dec 31, 2021, 10:19:56 PM"}
{"name":"Greater demon","level":92,"killCount":-1,"type":"NPC","drops":[{"name":"Vile ashes","id":25769,"quantity":1,"price":539},{"name":"Coins","id":995,"quantity":44,"price":1}],"date":"Dec 31, 2021, 10:20:03 PM"}
{"name":"Greater demon","level":92,"killCount":-1,"type":"NPC","drops":[{"name":"Vile ashes","id":25769,"quantity":1,"price":539},{"name":"Coins","id":995,"quantity":132,"price":1}],"date":"Dec 31, 2021, 10:20:12 PM"}
{"name":"Greater demon","level":92,"killCount":-1,"type":"NPC","drops":[{"name":"Vile ashes","id":25769,"quantity":1,"price":539},{"name":"Coins","id":995,"quantity":132,"price":1}],"date":"Dec 31, 2021, 10:20:20 PM"}
{"name":"Greater demon","level":92,"killCount":-1,"type":"NPC","drops":[{"name":"Vile ashes","id":25769,"quantity":1,"price":539},{"name":"Coins","id":995,"quantity":44,"price":1}],"date":"Dec 31, 2021, 10:20:30 PM"}
{"name":"Greater demon","level":92,"killCount":-1,"type":"NPC","drops":[{"name":"Vile ashes","id":25769,"quantity":1,"price":539},{"name":"Steel axe","id":1353,"quantity":1,"price":133}],"date":"Dec 31, 2021, 10:20:45 PM"}
{"name":"Greater demon","level":92,"killCount":-1,"type":"NPC","drops":[{"name":"Vile ashes","id":25769,"quantity":1,"price":539},{"name":"Tuna","id":361,"quantity":1,"price":90}],"date":"Dec 31, 2021, 10:20:54 PM"}
{"name":"Greater demon","level":92,"killCount":-1,"type":"NPC","drops":[{"name":"Vile ashes","id":25769,"quantity":1,"price":539},{"name":"Coins","id":995,"quantity":132,"price":1}],"date":"Dec 31, 2021, 10:21:00 PM"}
{"name":"Greater demon","level":92,"killCount":-1,"type":"NPC","drops":[{"name":"Vile ashes","id":25769,"quantity":1,"price":539},{"name":"Coins","id":995,"quantity":44,"price":1}],"date":"Dec 31, 2021, 10:21:14 PM"}
{"name":"Greater demon","level":92,"killCount":-1,"type":"NPC","drops":[{"name":"Vile ashes","id":25769,"quantity":1,"price":539},{"name":"Steel axe","id":1353,"quantity":1,"price":133}],"date":"Dec 31, 2021, 10:21:21 PM"}
{"name":"Greater demon","level":92,"killCount":-1,"type":"NPC","drops":[{"name":"Vile ashes","id":25769,"quantity":1,"price":539},{"name":"Coins","id":995,"quantity":44,"price":1}],"date":"Dec 31, 2021, 10:21:47 PM"}
{"name":"Greater demon","level":92,"killCount":-1,"type":"NPC","drops":[{"name":"Vile ashes","id":25769,"quantity":1,"price":539},{"name":"Fire rune","id":554,"quantity":75,"price":4}],"date":"Dec 31, 2021, 10:21:54 PM"}
{"name":"Greater demon","level":92,"killCount":-1,"type":"NPC","drops":[{"name":"Vile ashes","id":25769,"quantity":1,"price":539},{"name":"Coins","id":995,"quantity":132,"price":1}],"date":"Dec 31, 2021, 10:22:11 PM"}
{"name":"Greater demon","level":92,"killCount":-1,"type":"NPC","drops":[{"name":"Vile ashes","id":25769,"quantity":1,"price":539},{"name":"Coins","id":995,"quantity":11,"price":1}],"date":"Dec 31, 2021, 10:22:23 PM"}
{"name":"Greater demon","level":92,"killCount":-1,"type":"NPC","drops":[{"name":"Vile ashes","id":25769,"quantity":1,"price":539},{"name":"Steel 2h sword","id":1311,"quantity":1,"price":160}],"date":"Dec 31, 2021, 10:22:27 PM"}
{"name":"Greater demon","level":92,"killCount":-1,"type":"NPC","drops":[{"name":"Vile ashes","id":25769,"quantity":1,"price":539},{"name":"Coins","id":995,"quantity":132,"price":1}],"date":"Dec 31, 2021, 10:22:35 PM"}
{"name":"Greater demon","level":92,"killCount":-1,"type":"NPC","drops":[{"name":"Vile ashes","id":25769,"quantity":1,"price":539},{"name":"Coins","id":995,"quantity":44,"price":1}],"date":"Dec 31, 2021, 10:22:51 PM"}
{"name":"Greater demon","level":92,"killCount":-1,"type":"NPC","drops":[{"name":"Vile ashes","id":25769,"quantity":1,"price":539},{"name":"Coins","id":995,"quantity":44,"price":1}],"date":"Dec 31, 2021, 10:22:55 PM"}
{"name":"Greater demon","level":92,"killCount":-1,"type":"NPC","drops":[{"name":"Vile ashes","id":25769,"quantity":1,"price":539},{"name":"Chaos rune","id":562,"quantity":15,"price":54}],"date":"Dec 31, 2021, 10:23:10 PM"}
{"name":"Greater demon","level":92,"killCount":-1,"type":"NPC","drops":[{"name":"Vile ashes","id":25769,"quantity":1,"price":539},{"name":"Coins","id":995,"quantity":132,"price":1}],"date":"Dec 31, 2021, 10:23:18 PM"}
{"name":"Greater demon","level":92,"killCount":-1,"type":"NPC","drops":[{"name":"Vile ashes","id":25769,"quantity":1,"price":539},{"name":"Gold bar","id":2357,"quantity":1,"price":84}],"date":"Dec 31, 2021, 10:23:29 PM"}
{"name":"Greater demon","level":92,"killCount":-1,"type":"NPC","drops":[{"name":"Vile ashes","id":25769,"quantity":1,"price":539},{"name":"Coins","id":995,"quantity":220,"price":1}],"date":"Dec 31, 2021, 10:23:41 PM"}
{"name":"Greater demon","level":92,"killCount":-1,"type":"NPC","drops":[{"name":"Vile ashes","id":25769,"quantity":1,"price":539},{"name":"Steel battleaxe","id":1365,"quantity":1,"price":140}],"date":"Dec 31, 2021, 10:23:59 PM"}
{"name":"Greater demon","level":92,"killCount":-1,"type":"NPC","drops":[{"name":"Vile ashes","id":25769,"quantity":1,"price":539},{"name":"Coins","id":995,"quantity":132,"price":1}],"date":"Dec 31, 2021, 10:24:09 PM"}
{"name":"Greater demon","level":92,"killCount":-1,"type":"NPC","drops":[{"name":"Vile ashes","id":25769,"quantity":1,"price":539},{"name":"Coins","id":995,"quantity":44,"price":1}],"date":"Dec 31, 2021, 10:24:20 PM"}
{"name":"Greater demon","level":92,"killCount":-1,"type":"NPC","drops":[{"name":"Vile ashes","id":25769,"quantity":1,"price":539},{"name":"Coins","id":995,"quantity":44,"price":1}],"date":"Dec 31, 2021, 10:24:26 PM"}
{"name":"Greater demon","level":92,"killCount":-1,"type":"NPC","drops":[{"name":"Vile ashes","id":25769,"quantity":1,"price":539},{"name":"Steel battleaxe","id":1365,"quantity":1,"price":140}],"date":"Dec 31, 2021, 10:24:33 PM"}
{"name":"Greater demon","level":92,"killCount":-1,"type":"NPC","drops":[{"name":"Vile ashes","id":25769,"quantity":1,"price":539},{"name":"Coins","id":995,"quantity":44,"price":1}],"date":"Dec 31, 2021, 10:24:39 PM"}
{"name":"Greater demon","level":92,"killCount":-1,"type":"NPC","drops":[{"name":"Vile ashes","id":25769,"quantity":1,"price":539},{"name":"Death rune","id":560,"quantity":5,"price":231}],"date":"Dec 31, 2021, 10:24:51 PM"}
{"name":"Greater demon","level":92,"killCount":-1,"type":"NPC","drops":[{"name":"Vile ashes","id":25769,"quantity":1,"price":539},{"name":"Coins","id":995,"quantity":44,"price":1}],"date":"Dec 31, 2021, 10:25:16 PM"}
{"name":"Greater demon","level":92,"killCount":-1,"type":"NPC","drops":[{"name":"Vile ashes","id":25769,"quantity":1,"price":539},{"name":"Fire rune","id":554,"quantity":37,"price":4}],"date":"Dec 31, 2021, 10:25:24 PM"}
{"name":"Greater demon","level":92,"killCount":-1,"type":"NPC","drops":[{"name":"Vile ashes","id":25769,"quantity":1,"price":539},{"name":"Coins","id":995,"quantity":11,"price":1}],"date":"Dec 31, 2021, 10:25:36 PM"}
{"name":"Greater demon","level":92,"killCount":-1,"type":"NPC","drops":[{"name":"Vile ashes","id":25769,"quantity":1,"price":539},{"name":"Steel 2h sword","id":1311,"quantity":1,"price":160}],"date":"Dec 31, 2021, 10:25:57 PM"}
{"name":"Greater demon","level":92,"killCount":-1,"type":"NPC","drops":[{"name":"Vile ashes","id":25769,"quantity":1,"price":539},{"name":"Chaos rune","id":562,"quantity":15,"price":54}],"date":"Dec 31, 2021, 10:26:03 PM"}
{"name":"Greater demon","level":92,"killCount":-1,"type":"NPC","drops":[{"name":"Vile ashes","id":25769,"quantity":1,"price":539},{"name":"Coins","id":995,"quantity":132,"price":1}],"date":"Dec 31, 2021, 10:26:10 PM"}
{"name":"Greater demon","level":92,"killCount":-1,"type":"NPC","drops":[{"name":"Vile ashes","id":25769,"quantity":1,"price":539},{"name":"Coins","id":995,"quantity":132,"price":1}],"date":"Dec 31, 2021, 10:26:15 PM"}
{"name":"Greater demon","level":92,"killCount":-1,"type":"NPC","drops":[{"name":"Vile ashes","id":25769,"quantity":1,"price":539},{"name":"Coins","id":995,"quantity":132,"price":1}],"date":"Dec 31, 2021, 10:26:34 PM"}
{"name":"Greater demon","level":92,"killCount":-1,"type":"NPC","drops":[{"name":"Vile ashes","id":25769,"quantity":1,"price":539},{"name":"Steel axe","id":1353,"quantity":1,"price":133}],"date":"Dec 31, 2021, 10:26:50 PM"}
{"name":"Greater demon","level":92,"killCount":-1,"type":"NPC","drops":[{"name":"Vile ashes","id":25769,"quantity":1,"price":539},{"name":"Coins","id":995,"quantity":44,"price":1}],"date":"Dec 31, 2021, 10:26:54 PM"}
{"name":"Greater demon","level":92,"killCount":-1,"type":"NPC","drops":[{"name":"Vile ashes","id":25769,"quantity":1,"price":539},{"name":"Coins","id":995,"quantity":44,"price":1}],"date":"Dec 31, 2021, 10:27:08 PM"}
{"name":"Greater demon","level":92,"killCount":-1,"type":"NPC","drops":[{"name":"Vile ashes","id":25769,"quantity":1,"price":539},{"name":"Coins","id":995,"quantity":11,"price":1}],"date":"Dec 31, 2021, 10:27:24 PM"}
{"name":"Greater demon","level":92,"killCount":-1,"type":"NPC","drops":[{"name":"Vile ashes","id":25769,"quantity":1,"price":539},{"name":"Coins","id":995,"quantity":132,"price":1}],"date":"Dec 31, 2021, 10:27:26 PM"}
{"name":"Greater demon","level":92,"killCount":-1,"type":"NPC","drops":[{"name":"Vile ashes","id":25769,"quantity":1,"price":539},{"name":"Coins","id":995,"quantity":132,"price":1}],"date":"Dec 31, 2021, 10:27:43 PM"}
{"name":"Greater demon","level":92,"killCount":-1,"type":"NPC","drops":[{"name":"Vile ashes","id":25769,"quantity":1,"price":539},{"name":"Ensouled demon head","id":13501,"quantity":1,"price":3430},{"name":"Coins","id":995,"quantity":44,"price":1}],"date":"Dec 31, 2021, 10:28:00 PM"}
{"name":"Greater demon","level":92,"killCount":-1,"type":"NPC","drops":[{"name":"Vile ashes","id":25769,"quantity":1,"price":539},{"name":"Coins","id":995,"quantity":220,"price":1}],"date":"Dec 31, 2021, 10:28:06 PM"}
{"name":"Greater demon","level":92,"killCount":-1,"type":"NPC","drops":[{"name":"Vile ashes","id":25769,"quantity":1,"price":539},{"name":"Coins","id":995,"quantity":44,"price":1}],"date":"Dec 31, 2021, 10:28:10 PM"}
{"name":"Greater demon","level":92,"killCount":-1,"type":"NPC","drops":[{"name":"Vile ashes","id":25769,"quantity":1,"price":539},{"name":"Coins","id":995,"quantity":132,"price":1}],"date":"Dec 31, 2021, 10:28:16 PM"}
{"name":"Greater demon","level":92,"killCount":-1,"type":"NPC","drops":[{"name":"Vile ashes","id":25769,"quantity":1,"price":539},{"name":"Steel 2h sword","id":1311,"quantity":1,"price":160}],"date":"Dec 31, 2021, 10:28:23 PM"}
{"name":"Greater demon","level":92,"killCount":-1,"type":"NPC","drops":[{"name":"Vile ashes","id":25769,"quantity":1,"price":539},{"name":"Coins","id":995,"quantity":220,"price":1}],"date":"Dec 31, 2021, 10:28:33 PM"}
{"name":"Greater demon","level":92,"killCount":-1,"type":"NPC","drops":[{"name":"Vile ashes","id":25769,"quantity":1,"price":539},{"name":"Rune full helm","id":1163,"quantity":1,"price":20475}],"date":"Dec 31, 2021, 10:28:48 PM"}
{"name":"Greater demon","level":92,"killCount":-1,"type":"NPC","drops":[{"name":"Vile ashes","id":25769,"quantity":1,"price":539},{"name":"Steel battleaxe","id":1365,"quantity":1,"price":140}],"date":"Dec 31, 2021, 10:29:06 PM"}
{"name":"Greater demon","level":92,"killCount":-1,"type":"NPC","drops":[{"name":"Vile ashes","id":25769,"quantity":1,"price":539},{"name":"Coins","id":995,"quantity":44,"price":1}],"date":"Dec 31, 2021, 10:29:29 PM"}
{"name":"Greater demon","level":92,"killCount":-1,"type":"NPC","drops":[{"name":"Vile ashes","id":25769,"quantity":1,"price":539},{"name":"Coins","id":995,"quantity":132,"price":1}],"date":"Dec 31, 2021, 10:31:15 PM"}
