{"name":"Imp","level":7,"killCount":-1,"type":"NPC","drops":[{"name":"Fiendish ashes","id":25766,"quantity":1,"price":110},{"name":"Bread dough","id":2307,"quantity":1,"price":121}],"date":"Jan 20, 2022, 7:44:46 PM"}
{"name":"Imp","level":7,"killCount":-1,"type":"NPC","drops":[{"name":"Fiendish ashes","id":25766,"quantity":1,"price":110},{"name":"Tinderbox","id":590,"quantity":1,"price":49}],"date":"Jan 20, 2022, 7:44:59 PM"}
{"name":"Imp","level":7,"killCount":-1,"type":"NPC","drops":[{"name":"Fiendish ashes","id":25766,"quantity":1,"price":110},{"name":"Hammer","id":2347,"quantity":1,"price":63}],"date":"Jan 20, 2022, 7:45:15 PM"}
{"name":"Imp","level":7,"killCount":-1,"type":"NPC","drops":[{"name":"Fiendish ashes","id":25766,"quantity":1,"price":110},{"name":"Grain","id":1947,"quantity":1,"price":16}],"date":"Jan 20, 2022, 7:45:17 PM"}
{"name":"Imp","level":7,"killCount":-1,"type":"NPC","drops":[{"name":"Fiendish ashes","id":25766,"quantity":1,"price":110},{"name":"Yellow bead","id":1472,"quantity":1,"price":1021}],"date":"Jan 20, 2022, 7:45:32 PM"}
{"name":"Imp","level":7,"killCount":-1,"type":"NPC","drops":[{"name":"Fiendish ashes","id":25766,"quantity":1,"price":110},{"name":"Mind talisman","id":1448,"quantity":1,"price":2989}],"date":"Jan 20, 2022, 7:45:42 PM"}
{"name":"Imp","level":7,"killCount":-1,"type":"NPC","drops":[{"name":"Fiendish ashes","id":25766,"quantity":1,"price":110},{"name":"Egg","id":1944,"quantity":1,"price":20}],"date":"Jan 20, 2022, 7:45:56 PM"}
{"name":"Imp","level":7,"killCount":-1,"type":"NPC","drops":[{"name":"Fiendish ashes","id":25766,"quantity":1,"price":110},{"name":"Grain","id":1947,"quantity":1,"price":16}],"date":"Jan 20, 2022, 7:46:04 PM"}
{"name":"Imp","level":7,"killCount":-1,"type":"NPC","drops":[{"name":"Fiendish ashes","id":25766,"quantity":1,"price":110},{"name":"Red bead","id":1470,"quantity":1,"price":841}],"date":"Jan 20, 2022, 7:46:24 PM"}
{"name":"Imp","level":7,"killCount":-1,"type":"NPC","drops":[{"name":"Fiendish ashes","id":25766,"quantity":1,"price":110},{"name":"Black bead","id":1474,"quantity":1,"price":875}],"date":"Jan 20, 2022, 7:46:27 PM"}
{"name":"Imp","level":7,"killCount":-1,"type":"NPC","drops":[{"name":"Fiendish ashes","id":25766,"quantity":1,"price":110},{"name":"Egg","id":1944,"quantity":1,"price":20}],"date":"Jan 20, 2022, 7:46:32 PM"}
{"name":"Imp","level":7,"killCount":-1,"type":"NPC","drops":[{"name":"Fiendish ashes","id":25766,"quantity":1,"price":110},{"name":"Cooked meat","id":2142,"quantity":1,"price":77}],"date":"Jan 20, 2022, 7:46:39 PM"}
{"name":"Imp","level":7,"killCount":-1,"type":"NPC","drops":[{"name":"Fiendish ashes","id":25766,"quantity":1,"price":110},{"name":"Chef\u0027s hat","id":1949,"quantity":1,"price":398}],"date":"Jan 20, 2022, 7:46:57 PM"}
{"name":"Imp","level":7,"killCount":-1,"type":"NPC","drops":[{"name":"Fiendish ashes","id":25766,"quantity":1,"price":110},{"name":"Jug","id":1935,"quantity":1,"price":3}],"date":"Jan 20, 2022, 7:47:02 PM"}
{"name":"Imp","level":7,"killCount":-1,"type":"NPC","drops":[{"name":"Fiendish ashes","id":25766,"quantity":1,"price":110},{"name":"Yellow bead","id":1472,"quantity":1,"price":1021}],"date":"Jan 20, 2022, 7:47:42 PM"}
{"name":"Imp","level":7,"killCount":-1,"type":"NPC","drops":[{"name":"Fiendish ashes","id":25766,"quantity":1,"price":110},{"name":"White bead","id":1476,"quantity":1,"price":2277}],"date":"Jan 20, 2022, 7:47:47 PM"}
{"name":"Imp","level":7,"killCount":-1,"type":"NPC","drops":[{"name":"Fiendish ashes","id":25766,"quantity":1,"price":110},{"name":"Shears","id":1735,"quantity":1,"price":19}],"date":"Jan 20, 2022, 7:48:04 PM"}
{"name":"Imp","level":7,"killCount":-1,"type":"NPC","drops":[{"name":"Fiendish ashes","id":25766,"quantity":1,"price":110},{"name":"Grain","id":1947,"quantity":1,"price":16}],"date":"Jan 20, 2022, 7:48:07 PM"}
{"name":"Imp","level":7,"killCount":-1,"type":"NPC","drops":[{"name":"Fiendish ashes","id":25766,"quantity":1,"price":110},{"name":"White bead","id":1476,"quantity":1,"price":2277}],"date":"Jan 20, 2022, 7:48:26 PM"}
{"name":"Imp","level":7,"killCount":-1,"type":"NPC","drops":[{"name":"Fiendish ashes","id":25766,"quantity":1,"price":110},{"name":"Cadava berries","id":753,"quantity":1,"price":142}],"date":"Jan 20, 2022, 7:48:29 PM"}
{"name":"Imp","level":7,"killCount":-1,"type":"NPC","drops":[{"name":"Fiendish ashes","id":25766,"quantity":1,"price":110},{"name":"Burnt meat","id":2146,"quantity":1,"price":0}],"date":"Jan 20, 2022, 7:48:37 PM"}
{"name":"Imp","level":7,"killCount":-1,"type":"NPC","drops":[{"name":"Fiendish ashes","id":25766,"quantity":1,"price":110},{"name":"Yellow bead","id":1472,"quantity":1,"price":1021}],"date":"Jan 20, 2022, 7:48:45 PM"}
{"name":"Imp","level":7,"killCount":-1,"type":"NPC","drops":[{"name":"Fiendish ashes","id":25766,"quantity":1,"price":110},{"name":"Cabbage","id":1965,"quantity":1,"price":27}],"date":"Jan 20, 2022, 7:49:09 PM"}
{"name":"Imp","level":7,"killCount":-1,"type":"NPC","drops":[{"name":"Fiendish ashes","id":25766,"quantity":1,"price":110},{"name":"Shears","id":1735,"quantity":1,"price":19}],"date":"Jan 20, 2022, 7:49:12 PM"}
{"name":"Imp","level":7,"killCount":-1,"type":"NPC","drops":[{"name":"Fiendish ashes","id":25766,"quantity":1,"price":110},{"name":"Hammer","id":2347,"quantity":1,"price":63}],"date":"Jan 20, 2022, 7:49:24 PM"}
{"name":"Imp","level":7,"killCount":-1,"type":"NPC","drops":[{"name":"Fiendish ashes","id":25766,"quantity":1,"price":110},{"name":"Blue wizard hat","id":579,"quantity":1,"price":297}],"date":"Jan 20, 2022, 7:49:32 PM"}
{"name":"Imp","level":7,"killCount":-1,"type":"NPC","drops":[{"name":"Fiendish ashes","id":25766,"quantity":1,"price":110},{"name":"Blue wizard hat","id":579,"quantity":1,"price":297}],"date":"Jan 20, 2022, 7:49:53 PM"}
{"name":"Imp","level":7,"killCount":-1,"type":"NPC","drops":[{"name":"Fiendish ashes","id":25766,"quantity":1,"price":110},{"name":"Mind talisman","id":1448,"quantity":1,"price":2989}],"date":"Jan 20, 2022, 7:49:57 PM"}
{"name":"Imp","level":7,"killCount":-1,"type":"NPC","drops":[{"name":"Fiendish ashes","id":25766,"quantity":1,"price":110},{"name":"Ball of wool","id":1759,"quantity":1,"price":28}],"date":"Jan 20, 2022, 7:50:01 PM"}
{"name":"Imp","level":7,"killCount":-1,"type":"NPC","drops":[{"name":"Fiendish ashes","id":25766,"quantity":1,"price":110},{"name":"Ball of wool","id":1759,"quantity":1,"price":28}],"date":"Jan 20, 2022, 7:50:18 PM"}
{"name":"Imp","level":7,"killCount":-1,"type":"NPC","drops":[{"name":"Fiendish ashes","id":25766,"quantity":1,"price":110},{"name":"Grain","id":1947,"quantity":1,"price":16}],"date":"Jan 20, 2022, 7:50:25 PM"}
{"name":"Imp","level":7,"killCount":-1,"type":"NPC","drops":[{"name":"Fiendish ashes","id":25766,"quantity":1,"price":110},{"name":"Shears","id":1735,"quantity":1,"price":19}],"date":"Jan 20, 2022, 7:50:33 PM"}
{"name":"Imp","level":7,"killCount":-1,"type":"NPC","drops":[{"name":"Fiendish ashes","id":25766,"quantity":1,"price":110},{"name":"Mind talisman","id":1448,"quantity":1,"price":2989}],"date":"Jan 20, 2022, 7:50:47 PM"}
{"name":"Imp","level":7,"killCount":-1,"type":"NPC","drops":[{"name":"Fiendish ashes","id":25766,"quantity":1,"price":110},{"name":"Ashes","id":592,"quantity":1,"price":52}],"date":"Jan 20, 2022, 7:50:54 PM"}
{"name":"Imp","level":7,"killCount":-1,"type":"NPC","drops":[{"name":"Fiendish ashes","id":25766,"quantity":1,"price":110},{"name":"Cabbage","id":1965,"quantity":1,"price":27}],"date":"Jan 20, 2022, 7:51:01 PM"}
{"name":"Imp","level":7,"killCount":-1,"type":"NPC","drops":[{"name":"Fiendish ashes","id":25766,"quantity":1,"price":110},{"name":"Cooked meat","id":2142,"quantity":1,"price":77}],"date":"Jan 20, 2022, 7:51:08 PM"}
{"name":"Imp","level":7,"killCount":-1,"type":"NPC","drops":[{"name":"Fiendish ashes","id":25766,"quantity":1,"price":110},{"name":"White bead","id":1476,"quantity":1,"price":2277}],"date":"Jan 20, 2022, 7:51:28 PM"}
{"name":"Imp","level":7,"killCount":-1,"type":"NPC","drops":[{"name":"Fiendish ashes","id":25766,"quantity":1,"price":110},{"name":"Blue wizard hat","id":579,"quantity":1,"price":297}],"date":"Jan 20, 2022, 7:51:34 PM"}
{"name":"Imp","level":7,"killCount":-1,"type":"NPC","drops":[{"name":"Fiendish ashes","id":25766,"quantity":1,"price":136},{"name":"Ashes","id":592,"quantity":1,"price":51}],"date":"Feb 2, 2022, 10:09:52 PM"}
{"name":"Imp","level":7,"killCount":-1,"type":"NPC","drops":[{"name":"Fiendish ashes","id":25766,"quantity":1,"price":136},{"name":"Grain","id":1947,"quantity":1,"price":18}],"date":"Feb 2, 2022, 10:09:59 PM"}
{"name":"Imp","level":7,"killCount":-1,"type":"NPC","drops":[{"name":"Fiendish ashes","id":25766,"quantity":1,"price":136},{"name":"Egg","id":1944,"quantity":1,"price":21}],"date":"Feb 2, 2022, 10:11:11 PM"}
{"name":"Imp","level":7,"killCount":-1,"type":"NPC","drops":[{"name":"Fiendish ashes","id":25766,"quantity":1,"price":136},{"name":"Bread","id":2309,"quantity":1,"price":139}],"date":"Feb 2, 2022, 10:11:27 PM"}
{"name":"Imp","level":7,"killCount":-1,"type":"NPC","drops":[{"name":"Fiendish ashes","id":25766,"quantity":1,"price":136},{"name":"Tinderbox","id":590,"quantity":1,"price":94}],"date":"Feb 2, 2022, 10:11:29 PM"}
{"name":"Imp","level":7,"killCount":-1,"type":"NPC","drops":[{"name":"Fiendish ashes","id":25766,"quantity":1,"price":136},{"name":"Hammer","id":2347,"quantity":1,"price":72}],"date":"Feb 2, 2022, 10:12:02 PM"}
{"name":"Imp","level":7,"killCount":-1,"type":"NPC","drops":[{"name":"Fiendish ashes","id":25766,"quantity":1,"price":136},{"name":"Tinderbox","id":590,"quantity":1,"price":94}],"date":"Feb 2, 2022, 10:12:10 PM"}
{"name":"Imp","level":7,"killCount":-1,"type":"NPC","drops":[{"name":"Fiendish ashes","id":25766,"quantity":1,"price":136},{"name":"Mind talisman","id":1448,"quantity":1,"price":3257}],"date":"Feb 2, 2022, 10:12:12 PM"}
{"name":"Imp","level":7,"killCount":-1,"type":"NPC","drops":[{"name":"Fiendish ashes","id":25766,"quantity":1,"price":136},{"name":"Clay","id":434,"quantity":1,"price":102}],"date":"Feb 2, 2022, 10:12:43 PM"}
{"name":"Imp","level":7,"killCount":-1,"type":"NPC","drops":[{"name":"Fiendish ashes","id":25766,"quantity":1,"price":136},{"name":"Burnt meat","id":2146,"quantity":1,"price":0}],"date":"Feb 2, 2022, 10:12:53 PM"}
{"name":"Imp","level":7,"killCount":-1,"type":"NPC","drops":[{"name":"Fiendish ashes","id":25766,"quantity":1,"price":136},{"name":"Ashes","id":592,"quantity":1,"price":51}],"date":"Feb 2, 2022, 10:12:58 PM"}
{"name":"Imp","level":7,"killCount":-1,"type":"NPC","drops":[{"name":"Fiendish ashes","id":25766,"quantity":1,"price":136},{"name":"Hammer","id":2347,"quantity":1,"price":72}],"date":"Feb 2, 2022, 10:13:26 PM"}
{"name":"Imp","level":7,"killCount":-1,"type":"NPC","drops":[{"name":"Fiendish ashes","id":25766,"quantity":1,"price":136},{"name":"Grain","id":1947,"quantity":1,"price":18}],"date":"Feb 2, 2022, 10:13:46 PM"}
{"name":"Imp","level":7,"killCount":-1,"type":"NPC","drops":[{"name":"Fiendish ashes","id":25766,"quantity":1,"price":136},{"name":"Ball of wool","id":1759,"quantity":1,"price":30}],"date":"Feb 2, 2022, 10:13:52 PM"}
{"name":"Imp","level":7,"killCount":-1,"type":"NPC","drops":[{"name":"Fiendish ashes","id":25766,"quantity":1,"price":136},{"name":"Yellow bead","id":1472,"quantity":1,"price":931}],"date":"Feb 2, 2022, 10:14:10 PM"}
{"name":"Imp","level":7,"killCount":-1,"type":"NPC","drops":[{"name":"Fiendish ashes","id":25766,"quantity":1,"price":136},{"name":"Hammer","id":2347,"quantity":1,"price":72}],"date":"Feb 2, 2022, 10:14:28 PM"}
{"name":"Imp","level":7,"killCount":-1,"type":"NPC","drops":[{"name":"Fiendish ashes","id":25766,"quantity":1,"price":136},{"name":"Blue wizard hat","id":579,"quantity":1,"price":259}],"date":"Feb 2, 2022, 10:14:34 PM"}
{"name":"Imp","level":7,"killCount":-1,"type":"NPC","drops":[{"name":"Fiendish ashes","id":25766,"quantity":1,"price":136},{"name":"Clay","id":434,"quantity":1,"price":102}],"date":"Feb 2, 2022, 10:14:54 PM"}
{"name":"Imp","level":7,"killCount":-1,"type":"NPC","drops":[{"name":"Fiendish ashes","id":25766,"quantity":1,"price":136},{"name":"Burnt bread","id":2311,"quantity":1,"price":0}],"date":"Feb 2, 2022, 10:15:11 PM"}
{"name":"Imp","level":7,"killCount":-1,"type":"NPC","drops":[{"name":"Fiendish ashes","id":25766,"quantity":1,"price":136},{"name":"Mind talisman","id":1448,"quantity":1,"price":3257}],"date":"Feb 2, 2022, 10:15:15 PM"}
{"name":"Imp","level":7,"killCount":-1,"type":"NPC","drops":[{"name":"Fiendish ashes","id":25766,"quantity":1,"price":136},{"name":"Bucket of water","id":1929,"quantity":1,"price":33}],"date":"Feb 2, 2022, 10:15:35 PM"}
{"name":"Imp","level":7,"killCount":-1,"type":"NPC","drops":[{"name":"Fiendish ashes","id":25766,"quantity":1,"price":136},{"name":"Cabbage","id":1965,"quantity":1,"price":14}],"date":"Feb 2, 2022, 10:15:52 PM"}
{"name":"Imp","level":7,"killCount":-1,"type":"NPC","drops":[{"name":"Fiendish ashes","id":25766,"quantity":1,"price":136},{"name":"Grain","id":1947,"quantity":1,"price":18}],"date":"Feb 2, 2022, 10:15:57 PM"}
{"name":"Imp","level":7,"killCount":-1,"type":"NPC","drops":[{"name":"Fiendish ashes","id":25766,"quantity":1,"price":136},{"name":"Yellow bead","id":1472,"quantity":1,"price":931}],"date":"Feb 2, 2022, 10:16:18 PM"}
{"name":"Imp","level":7,"killCount":-1,"type":"NPC","drops":[{"name":"Fiendish ashes","id":25766,"quantity":1,"price":136},{"name":"Potion","id":195,"quantity":1,"price":0}],"date":"Feb 2, 2022, 10:16:33 PM"}
{"name":"Imp","level":7,"killCount":-1,"type":"NPC","drops":[{"name":"Fiendish ashes","id":25766,"quantity":1,"price":136},{"name":"Ashes","id":592,"quantity":1,"price":51}],"date":"Feb 2, 2022, 10:16:46 PM"}
{"name":"Imp","level":7,"killCount":-1,"type":"NPC","drops":[{"name":"Fiendish ashes","id":25766,"quantity":1,"price":136},{"name":"Ashes","id":592,"quantity":1,"price":51}],"date":"Feb 2, 2022, 10:17:04 PM"}
{"name":"Imp","level":7,"killCount":-1,"type":"NPC","drops":[{"name":"Fiendish ashes","id":25766,"quantity":1,"price":136},{"name":"Ensouled imp head","id":13453,"quantity":1,"price":270},{"name":"Hammer","id":2347,"quantity":1,"price":72}],"date":"Feb 2, 2022, 10:17:17 PM"}
{"name":"Imp","level":7,"killCount":-1,"type":"NPC","drops":[{"name":"Fiendish ashes","id":25766,"quantity":1,"price":136},{"name":"Tinderbox","id":590,"quantity":1,"price":94}],"date":"Feb 2, 2022, 10:17:28 PM"}
{"name":"Imp","level":7,"killCount":-1,"type":"NPC","drops":[{"name":"Fiendish ashes","id":25766,"quantity":1,"price":136},{"name":"Mind talisman","id":1448,"quantity":1,"price":3257}],"date":"Feb 2, 2022, 10:17:45 PM"}
{"name":"Imp","level":7,"killCount":-1,"type":"NPC","drops":[{"name":"Fiendish ashes","id":25766,"quantity":1,"price":136},{"name":"Blue wizard hat","id":579,"quantity":1,"price":259}],"date":"Feb 2, 2022, 10:17:59 PM"}
{"name":"Imp","level":7,"killCount":-1,"type":"NPC","drops":[{"name":"Fiendish ashes","id":25766,"quantity":1,"price":136},{"name":"Blue wizard hat","id":579,"quantity":1,"price":259}],"date":"Feb 2, 2022, 10:18:09 PM"}
{"name":"Imp","level":7,"killCount":-1,"type":"NPC","drops":[{"name":"Fiendish ashes","id":25766,"quantity":1,"price":136},{"name":"Yellow bead","id":1472,"quantity":1,"price":931}],"date":"Feb 2, 2022, 10:18:27 PM"}
{"name":"Imp","level":7,"killCount":-1,"type":"NPC","drops":[{"name":"Fiendish ashes","id":25766,"quantity":1,"price":136},{"name":"Cabbage","id":1965,"quantity":1,"price":14}],"date":"Feb 2, 2022, 10:19:03 PM"}
{"name":"Imp","level":7,"killCount":-1,"type":"NPC","drops":[{"name":"Fiendish ashes","id":25766,"quantity":1,"price":136},{"name":"Bread","id":2309,"quantity":1,"price":139}],"date":"Feb 2, 2022, 10:19:09 PM"}
{"name":"Imp","level":7,"killCount":-1,"type":"NPC","drops":[{"name":"Fiendish ashes","id":25766,"quantity":1,"price":136},{"name":"Cadava berries","id":753,"quantity":1,"price":86}],"date":"Feb 2, 2022, 10:26:44 PM"}
{"name":"Imp","level":7,"killCount":-1,"type":"NPC","drops":[{"name":"Fiendish ashes","id":25766,"quantity":1,"price":136},{"name":"Hammer","id":2347,"quantity":1,"price":77}],"date":"Feb 2, 2022, 10:33:36 PM"}
{"name":"Imp","level":7,"killCount":-1,"type":"NPC","drops":[{"name":"Fiendish ashes","id":25766,"quantity":1,"price":136},{"name":"Shears","id":1735,"quantity":1,"price":20}],"date":"Feb 2, 2022, 10:33:42 PM"}
{"name":"Imp","level":7,"killCount":-1,"type":"NPC","drops":[{"name":"Fiendish ashes","id":25766,"quantity":1,"price":136},{"name":"Mind talisman","id":1448,"quantity":1,"price":3257}],"date":"Feb 2, 2022, 10:38:25 PM"}
{"name":"Imp","level":7,"killCount":-1,"type":"NPC","drops":[{"name":"Fiendish ashes","id":25766,"quantity":1,"price":136},{"name":"Ball of wool","id":1759,"quantity":1,"price":31}],"date":"Feb 2, 2022, 10:38:29 PM"}
{"name":"Imp","level":7,"killCount":-1,"type":"NPC","drops":[{"name":"Fiendish ashes","id":25766,"quantity":1,"price":136},{"name":"White bead","id":1476,"quantity":1,"price":1974}],"date":"Feb 2, 2022, 10:38:30 PM"}
{"name":"Imp","level":7,"killCount":-1,"type":"NPC","drops":[{"name":"Fiendish ashes","id":25766,"quantity":1,"price":136},{"name":"Bronze bolts","id":877,"quantity":1,"price":1}],"date":"Feb 2, 2022, 10:39:08 PM"}
{"name":"Imp","level":7,"killCount":-1,"type":"NPC","drops":[{"name":"Fiendish ashes","id":25766,"quantity":1,"price":136},{"name":"Bronze bolts","id":877,"quantity":1,"price":1}],"date":"Feb 2, 2022, 10:39:12 PM"}
{"name":"Imp","level":7,"killCount":-1,"type":"NPC","drops":[{"name":"Fiendish ashes","id":25766,"quantity":1,"price":136},{"name":"Mind talisman","id":1448,"quantity":1,"price":3257}],"date":"Feb 2, 2022, 10:39:16 PM"}
{"name":"Imp","level":7,"killCount":-1,"type":"NPC","drops":[{"name":"Fiendish ashes","id":25766,"quantity":1,"price":136},{"name":"Hammer","id":2347,"quantity":1,"price":77}],"date":"Feb 2, 2022, 10:39:49 PM"}
{"name":"Imp","level":7,"killCount":-1,"type":"NPC","drops":[{"name":"Fiendish ashes","id":25766,"quantity":1,"price":136},{"name":"Hammer","id":2347,"quantity":1,"price":77}],"date":"Feb 2, 2022, 10:39:54 PM"}
{"name":"Imp","level":7,"killCount":-1,"type":"NPC","drops":[{"name":"Fiendish ashes","id":25766,"quantity":1,"price":136},{"name":"Black bead","id":1474,"quantity":1,"price":913}],"date":"Feb 2, 2022, 10:39:58 PM"}
{"name":"Imp","level":7,"killCount":-1,"type":"NPC","drops":[{"name":"Fiendish ashes","id":25766,"quantity":1,"price":136},{"name":"Raw chicken","id":2138,"quantity":1,"price":49}],"date":"Feb 2, 2022, 10:40:31 PM"}
{"name":"Imp","level":7,"killCount":-1,"type":"NPC","drops":[{"name":"Fiendish ashes","id":25766,"quantity":1,"price":136},{"name":"Red bead","id":1470,"quantity":1,"price":925}],"date":"Feb 2, 2022, 10:40:35 PM"}
{"name":"Imp","level":7,"killCount":-1,"type":"NPC","drops":[{"name":"Fiendish ashes","id":25766,"quantity":1,"price":136},{"name":"Egg","id":1944,"quantity":1,"price":21}],"date":"Feb 2, 2022, 10:40:51 PM"}
{"name":"Imp","level":7,"killCount":-1,"type":"NPC","drops":[{"name":"Fiendish ashes","id":25766,"quantity":1,"price":136},{"name":"Hammer","id":2347,"quantity":1,"price":77}],"date":"Feb 2, 2022, 10:41:13 PM"}
{"name":"Imp","level":7,"killCount":-1,"type":"NPC","drops":[{"name":"Fiendish ashes","id":25766,"quantity":1,"price":136},{"name":"Yellow bead","id":1472,"quantity":1,"price":931}],"date":"Feb 2, 2022, 10:41:18 PM"}
{"name":"Imp","level":7,"killCount":-1,"type":"NPC","drops":[{"name":"Fiendish ashes","id":25766,"quantity":1,"price":136},{"name":"Yellow bead","id":1472,"quantity":1,"price":931}],"date":"Feb 2, 2022, 10:41:34 PM"}
{"name":"Imp","level":7,"killCount":-1,"type":"NPC","drops":[{"name":"Fiendish ashes","id":25766,"quantity":1,"price":136},{"name":"Yellow bead","id":1472,"quantity":1,"price":931}],"date":"Feb 2, 2022, 10:41:58 PM"}
{"name":"Imp","level":7,"killCount":-1,"type":"NPC","drops":[{"name":"Fiendish ashes","id":25766,"quantity":1,"price":136},{"name":"Ball of wool","id":1759,"quantity":1,"price":31}],"date":"Feb 2, 2022, 10:42:00 PM"}
{"name":"Imp","level":7,"killCount":-1,"type":"NPC","drops":[{"name":"Fiendish ashes","id":25766,"quantity":1,"price":136},{"name":"Ashes","id":592,"quantity":1,"price":52}],"date":"Feb 2, 2022, 10:42:16 PM"}
{"name":"Imp","level":7,"killCount":-1,"type":"NPC","drops":[{"name":"Fiendish ashes","id":25766,"quantity":1,"price":136},{"name":"Ball of wool","id":1759,"quantity":1,"price":31}],"date":"Feb 2, 2022, 10:42:39 PM"}
{"name":"Imp","level":7,"killCount":-1,"type":"NPC","drops":[{"name":"Fiendish ashes","id":25766,"quantity":1,"price":136},{"name":"Ball of wool","id":1759,"quantity":1,"price":31}],"date":"Feb 2, 2022, 10:42:44 PM"}
{"name":"Imp","level":7,"killCount":-1,"type":"NPC","drops":[{"name":"Fiendish ashes","id":25766,"quantity":1,"price":136},{"name":"Clay","id":434,"quantity":1,"price":102}],"date":"Feb 2, 2022, 10:42:57 PM"}
{"name":"Imp","level":7,"killCount":-1,"type":"NPC","drops":[{"name":"Fiendish ashes","id":25766,"quantity":1,"price":136},{"name":"Mind talisman","id":1448,"quantity":1,"price":3257}],"date":"Feb 2, 2022, 10:43:21 PM"}
{"name":"Imp","level":7,"killCount":-1,"type":"NPC","drops":[{"name":"Fiendish ashes","id":25766,"quantity":1,"price":136},{"name":"Tinderbox","id":590,"quantity":1,"price":97}],"date":"Feb 2, 2022, 10:43:26 PM"}
{"name":"Imp","level":7,"killCount":-1,"type":"NPC","drops":[{"name":"Fiendish ashes","id":25766,"quantity":1,"price":136},{"name":"Ashes","id":592,"quantity":1,"price":52}],"date":"Feb 2, 2022, 10:43:37 PM"}
{"name":"Imp","level":7,"killCount":-1,"type":"NPC","drops":[{"name":"Fiendish ashes","id":25766,"quantity":1,"price":136},{"name":"Ball of wool","id":1759,"quantity":1,"price":31}],"date":"Feb 2, 2022, 10:44:01 PM"}
{"name":"Imp","level":7,"killCount":-1,"type":"NPC","drops":[{"name":"Fiendish ashes","id":25766,"quantity":1,"price":136},{"name":"Raw chicken","id":2138,"quantity":1,"price":49}],"date":"Feb 2, 2022, 10:44:07 PM"}
{"name":"Imp","level":7,"killCount":-1,"type":"NPC","drops":[{"name":"Ecumenical key","id":11942,"quantity":1,"price":0},{"name":"Fiendish ashes","id":25766,"quantity":1,"price":136},{"name":"Black bead","id":1474,"quantity":1,"price":913}],"date":"Feb 2, 2022, 10:44:22 PM"}
{"name":"Imp","level":7,"killCount":-1,"type":"NPC","drops":[{"name":"Fiendish ashes","id":25766,"quantity":1,"price":136},{"name":"Grain","id":1947,"quantity":1,"price":18}],"date":"Feb 2, 2022, 10:44:50 PM"}
{"name":"Imp","level":7,"killCount":-1,"type":"NPC","drops":[{"name":"Fiendish ashes","id":25766,"quantity":1,"price":136},{"name":"Hammer","id":2347,"quantity":1,"price":77}],"date":"Feb 2, 2022, 10:44:52 PM"}
{"name":"Imp","level":7,"killCount":-1,"type":"NPC","drops":[{"name":"Fiendish ashes","id":25766,"quantity":1,"price":136},{"name":"Egg","id":1944,"quantity":1,"price":21}],"date":"Feb 2, 2022, 10:45:04 PM"}
{"name":"Imp","level":7,"killCount":-1,"type":"NPC","drops":[{"name":"Fiendish ashes","id":25766,"quantity":1,"price":136},{"name":"Bread","id":2309,"quantity":1,"price":130}],"date":"Feb 2, 2022, 10:45:31 PM"}
{"name":"Imp","level":7,"killCount":-1,"type":"NPC","drops":[{"name":"Fiendish ashes","id":25766,"quantity":1,"price":136},{"name":"Red bead","id":1470,"quantity":1,"price":925}],"date":"Feb 2, 2022, 10:45:35 PM"}
{"name":"Imp","level":7,"killCount":-1,"type":"NPC","drops":[{"name":"Fiendish ashes","id":25766,"quantity":1,"price":136},{"name":"Raw chicken","id":2138,"quantity":1,"price":49}],"date":"Feb 2, 2022, 10:47:55 PM"}
{"name":"Imp","level":7,"killCount":-1,"type":"NPC","drops":[{"name":"Fiendish ashes","id":25766,"quantity":1,"price":136},{"name":"Mind talisman","id":1448,"quantity":1,"price":3257}],"date":"Feb 2, 2022, 10:48:00 PM"}
{"name":"Imp","level":7,"killCount":-1,"type":"NPC","drops":[{"name":"Fiendish ashes","id":25766,"quantity":1,"price":136},{"name":"Red bead","id":1470,"quantity":1,"price":925}],"date":"Feb 2, 2022, 10:48:08 PM"}
{"name":"Imp","level":7,"killCount":-1,"type":"NPC","drops":[{"name":"Fiendish ashes","id":25766,"quantity":1,"price":136},{"name":"Hammer","id":2347,"quantity":1,"price":77}],"date":"Feb 2, 2022, 10:48:37 PM"}
{"name":"Imp","level":7,"killCount":-1,"type":"NPC","drops":[{"name":"Fiendish ashes","id":25766,"quantity":1,"price":136},{"name":"Bucket of water","id":1929,"quantity":1,"price":33}],"date":"Feb 2, 2022, 10:48:40 PM"}
{"name":"Imp","level":7,"killCount":-1,"type":"NPC","drops":[{"name":"Fiendish ashes","id":25766,"quantity":1,"price":136},{"name":"Ensouled imp head","id":13453,"quantity":1,"price":270},{"name":"Tinderbox","id":590,"quantity":1,"price":97}],"date":"Feb 2, 2022, 10:48:50 PM"}
{"name":"Imp","level":7,"killCount":-1,"type":"NPC","drops":[{"name":"Fiendish ashes","id":25766,"quantity":1,"price":136},{"name":"Grain","id":1947,"quantity":1,"price":18}],"date":"Feb 2, 2022, 10:49:18 PM"}
{"name":"Imp","level":7,"killCount":-1,"type":"NPC","drops":[{"name":"Fiendish ashes","id":25766,"quantity":1,"price":136},{"name":"Blue wizard hat","id":579,"quantity":1,"price":259}],"date":"Feb 2, 2022, 10:49:23 PM"}
{"name":"Imp","level":7,"killCount":-1,"type":"NPC","drops":[{"name":"Fiendish ashes","id":25766,"quantity":1,"price":136},{"name":"Bread dough","id":2307,"quantity":1,"price":151}],"date":"Feb 2, 2022, 10:49:31 PM"}
{"name":"Imp","level":7,"killCount":-1,"type":"NPC","drops":[{"name":"Fiendish ashes","id":25766,"quantity":1,"price":136},{"name":"Jug of water","id":1937,"quantity":1,"price":32}],"date":"Feb 2, 2022, 10:49:59 PM"}
{"name":"Imp","level":7,"killCount":-1,"type":"NPC","drops":[{"name":"Fiendish ashes","id":25766,"quantity":1,"price":136},{"name":"Ashes","id":592,"quantity":1,"price":52}],"date":"Feb 2, 2022, 10:50:04 PM"}
{"name":"Imp","level":7,"killCount":-1,"type":"NPC","drops":[{"name":"Fiendish ashes","id":25766,"quantity":1,"price":136},{"name":"Mind talisman","id":1448,"quantity":1,"price":3257}],"date":"Feb 2, 2022, 10:50:14 PM"}
{"name":"Imp","level":7,"killCount":-1,"type":"NPC","drops":[{"name":"Fiendish ashes","id":25766,"quantity":1,"price":136},{"name":"Black bead","id":1474,"quantity":1,"price":913}],"date":"Feb 2, 2022, 10:50:42 PM"}
{"name":"Imp","level":7,"killCount":-1,"type":"NPC","drops":[{"name":"Fiendish ashes","id":25766,"quantity":1,"price":136},{"name":"Burnt meat","id":2146,"quantity":1,"price":0}],"date":"Feb 2, 2022, 10:50:47 PM"}
{"name":"Imp","level":7,"killCount":-1,"type":"NPC","drops":[{"name":"Fiendish ashes","id":25766,"quantity":1,"price":136},{"name":"Bucket","id":1925,"quantity":1,"price":5}],"date":"Feb 2, 2022, 10:50:56 PM"}
{"name":"Imp","level":7,"killCount":-1,"type":"NPC","drops":[{"name":"Fiendish ashes","id":25766,"quantity":1,"price":136},{"name":"Clay","id":434,"quantity":1,"price":102}],"date":"Feb 2, 2022, 10:51:24 PM"}
{"name":"Imp","level":7,"killCount":-1,"type":"NPC","drops":[{"name":"Fiendish ashes","id":25766,"quantity":1,"price":136},{"name":"Mind talisman","id":1448,"quantity":1,"price":3257}],"date":"Feb 2, 2022, 10:51:27 PM"}
{"name":"Imp","level":7,"killCount":-1,"type":"NPC","drops":[{"name":"Fiendish ashes","id":25766,"quantity":1,"price":136},{"name":"Potion","id":195,"quantity":1,"price":0}],"date":"Feb 2, 2022, 10:51:40 PM"}
{"name":"Imp","level":7,"killCount":-1,"type":"NPC","drops":[{"name":"Fiendish ashes","id":25766,"quantity":1,"price":136},{"name":"Red bead","id":1470,"quantity":1,"price":925}],"date":"Feb 2, 2022, 10:52:07 PM"}
{"name":"Imp","level":7,"killCount":-1,"type":"NPC","drops":[{"name":"Fiendish ashes","id":25766,"quantity":1,"price":136},{"name":"Mind talisman","id":1448,"quantity":1,"price":3257}],"date":"Feb 2, 2022, 10:52:11 PM"}
{"name":"Imp","level":7,"killCount":-1,"type":"NPC","drops":[{"name":"Fiendish ashes","id":25766,"quantity":1,"price":136},{"name":"Egg","id":1944,"quantity":1,"price":21}],"date":"Feb 2, 2022, 10:52:23 PM"}
{"name":"Imp","level":7,"killCount":-1,"type":"NPC","drops":[{"name":"Fiendish ashes","id":25766,"quantity":1,"price":136},{"name":"Raw chicken","id":2138,"quantity":1,"price":49}],"date":"Feb 2, 2022, 10:52:49 PM"}
{"name":"Imp","level":7,"killCount":-1,"type":"NPC","drops":[{"name":"Fiendish ashes","id":25766,"quantity":1,"price":136},{"name":"Red bead","id":1470,"quantity":1,"price":925}],"date":"Feb 2, 2022, 10:52:52 PM"}
{"name":"Imp","level":7,"killCount":-1,"type":"NPC","drops":[{"name":"Fiendish ashes","id":25766,"quantity":1,"price":136},{"name":"Blue wizard hat","id":579,"quantity":1,"price":259}],"date":"Feb 2, 2022, 10:53:05 PM"}
{"name":"Imp","level":7,"killCount":-1,"type":"NPC","drops":[{"name":"Fiendish ashes","id":25766,"quantity":1,"price":136},{"name":"Yellow bead","id":1472,"quantity":1,"price":931}],"date":"Feb 2, 2022, 10:53:31 PM"}
{"name":"Imp","level":7,"killCount":-1,"type":"NPC","drops":[{"name":"Fiendish ashes","id":25766,"quantity":1,"price":136},{"name":"Pot of flour","id":1933,"quantity":1,"price":67}],"date":"Feb 2, 2022, 10:53:34 PM"}
{"name":"Imp","level":7,"killCount":-1,"type":"NPC","drops":[{"name":"Fiendish ashes","id":25766,"quantity":1,"price":136},{"name":"Ball of wool","id":1759,"quantity":1,"price":31}],"date":"Feb 2, 2022, 10:53:47 PM"}
{"name":"Imp","level":7,"killCount":-1,"type":"NPC","drops":[{"name":"Fiendish ashes","id":25766,"quantity":1,"price":136},{"name":"Burnt bread","id":2311,"quantity":1,"price":0}],"date":"Feb 2, 2022, 10:54:13 PM"}
{"name":"Imp","level":7,"killCount":-1,"type":"NPC","drops":[{"name":"Fiendish ashes","id":25766,"quantity":1,"price":136},{"name":"Yellow bead","id":1472,"quantity":1,"price":931}],"date":"Feb 2, 2022, 10:54:18 PM"}
{"name":"Imp","level":7,"killCount":-1,"type":"NPC","drops":[{"name":"Fiendish ashes","id":25766,"quantity":1,"price":136},{"name":"Cadava berries","id":753,"quantity":1,"price":86}],"date":"Feb 2, 2022, 10:54:28 PM"}
{"name":"Imp","level":7,"killCount":-1,"type":"NPC","drops":[{"name":"Fiendish ashes","id":25766,"quantity":1,"price":136},{"name":"White bead","id":1476,"quantity":1,"price":1974}],"date":"Feb 2, 2022, 10:54:56 PM"}
{"name":"Imp","level":7,"killCount":-1,"type":"NPC","drops":[{"name":"Fiendish ashes","id":25766,"quantity":1,"price":136},{"name":"Burnt bread","id":2311,"quantity":1,"price":0}],"date":"Feb 2, 2022, 10:55:03 PM"}
{"name":"Imp","level":7,"killCount":-1,"type":"NPC","drops":[{"name":"Fiendish ashes","id":25766,"quantity":1,"price":136},{"name":"Chef\u0027s hat","id":1949,"quantity":1,"price":214}],"date":"Feb 2, 2022, 10:55:11 PM"}
{"name":"Imp","level":7,"killCount":-1,"type":"NPC","drops":[{"name":"Fiendish ashes","id":25766,"quantity":1,"price":136},{"name":"Red bead","id":1470,"quantity":1,"price":925}],"date":"Feb 2, 2022, 10:55:37 PM"}
{"name":"Imp","level":7,"killCount":-1,"type":"NPC","drops":[{"name":"Fiendish ashes","id":25766,"quantity":1,"price":136},{"name":"Burnt meat","id":2146,"quantity":1,"price":0}],"date":"Feb 2, 2022, 10:55:43 PM"}
{"name":"Imp","level":7,"killCount":-1,"type":"NPC","drops":[{"name":"Fiendish ashes","id":25766,"quantity":1,"price":136},{"name":"Pot of flour","id":1933,"quantity":1,"price":67}],"date":"Feb 2, 2022, 10:55:51 PM"}
{"name":"Imp","level":7,"killCount":-1,"type":"NPC","drops":[{"name":"Fiendish ashes","id":25766,"quantity":1,"price":136},{"name":"Shears","id":1735,"quantity":1,"price":20}],"date":"Feb 2, 2022, 10:56:18 PM"}
{"name":"Imp","level":7,"killCount":-1,"type":"NPC","drops":[{"name":"Fiendish ashes","id":25766,"quantity":1,"price":136},{"name":"Yellow bead","id":1472,"quantity":1,"price":931}],"date":"Feb 2, 2022, 10:56:25 PM"}
{"name":"Imp","level":7,"killCount":-1,"type":"NPC","drops":[{"name":"Fiendish ashes","id":25766,"quantity":1,"price":136},{"name":"Bronze bolts","id":877,"quantity":1,"price":1}],"date":"Feb 2, 2022, 10:56:34 PM"}
{"name":"Imp","level":7,"killCount":-1,"type":"NPC","drops":[{"name":"Fiendish ashes","id":25766,"quantity":1,"price":136},{"name":"Grain","id":1947,"quantity":1,"price":18}],"date":"Feb 2, 2022, 10:56:58 PM"}
{"name":"Imp","level":7,"killCount":-1,"type":"NPC","drops":[{"name":"Fiendish ashes","id":25766,"quantity":1,"price":136},{"name":"Ashes","id":592,"quantity":1,"price":52}],"date":"Feb 2, 2022, 10:57:06 PM"}
{"name":"Imp","level":7,"killCount":-1,"type":"NPC","drops":[{"name":"Fiendish ashes","id":25766,"quantity":1,"price":136},{"name":"Cadava berries","id":753,"quantity":1,"price":86}],"date":"Feb 2, 2022, 10:57:17 PM"}
{"name":"Imp","level":7,"killCount":-1,"type":"NPC","drops":[{"name":"Fiendish ashes","id":25766,"quantity":1,"price":136},{"name":"Pot of flour","id":1933,"quantity":1,"price":67}],"date":"Feb 2, 2022, 10:57:41 PM"}
{"name":"Imp","level":7,"killCount":-1,"type":"NPC","drops":[{"name":"Fiendish ashes","id":25766,"quantity":1,"price":136},{"name":"Egg","id":1944,"quantity":1,"price":21}],"date":"Feb 2, 2022, 10:57:46 PM"}
{"name":"Imp","level":7,"killCount":-1,"type":"NPC","drops":[{"name":"Fiendish ashes","id":25766,"quantity":1,"price":136},{"name":"Egg","id":1944,"quantity":1,"price":21}],"date":"Feb 2, 2022, 10:58:00 PM"}
{"name":"Imp","level":7,"killCount":-1,"type":"NPC","drops":[{"name":"Fiendish ashes","id":25766,"quantity":1,"price":136},{"name":"Tinderbox","id":590,"quantity":1,"price":97}],"date":"Feb 2, 2022, 10:58:22 PM"}
{"name":"Imp","level":7,"killCount":-1,"type":"NPC","drops":[{"name":"Fiendish ashes","id":25766,"quantity":1,"price":136},{"name":"Grain","id":1947,"quantity":1,"price":18}],"date":"Feb 2, 2022, 10:58:27 PM"}
{"name":"Imp","level":7,"killCount":-1,"type":"NPC","drops":[{"name":"Fiendish ashes","id":25766,"quantity":1,"price":136},{"name":"Ensouled imp head","id":13453,"quantity":1,"price":270},{"name":"Tinderbox","id":590,"quantity":1,"price":97}],"date":"Feb 2, 2022, 10:58:43 PM"}
{"name":"Imp","level":7,"killCount":-1,"type":"NPC","drops":[{"name":"Fiendish ashes","id":25766,"quantity":1,"price":136},{"name":"Chef\u0027s hat","id":1949,"quantity":1,"price":214}],"date":"Feb 2, 2022, 10:59:06 PM"}
{"name":"Imp","level":7,"killCount":-1,"type":"NPC","drops":[{"name":"Fiendish ashes","id":25766,"quantity":1,"price":136},{"name":"Ball of wool","id":1759,"quantity":1,"price":31}],"date":"Feb 2, 2022, 10:59:10 PM"}
{"name":"Imp","level":7,"killCount":-1,"type":"NPC","drops":[{"name":"Fiendish ashes","id":25766,"quantity":1,"price":136},{"name":"Ball of wool","id":1759,"quantity":1,"price":31}],"date":"Feb 2, 2022, 10:59:25 PM"}
{"name":"Imp","level":7,"killCount":-1,"type":"NPC","drops":[{"name":"Fiendish ashes","id":25766,"quantity":1,"price":136},{"name":"Bronze bolts","id":877,"quantity":1,"price":1}],"date":"Feb 2, 2022, 10:59:49 PM"}
{"name":"Imp","level":7,"killCount":-1,"type":"NPC","drops":[{"name":"Fiendish ashes","id":25766,"quantity":1,"price":136},{"name":"Mind talisman","id":1448,"quantity":1,"price":3257}],"date":"Feb 2, 2022, 10:59:54 PM"}
{"name":"Imp","level":7,"killCount":-1,"type":"NPC","drops":[{"name":"Fiendish ashes","id":25766,"quantity":1,"price":136},{"name":"Ball of wool","id":1759,"quantity":1,"price":31}],"date":"Feb 2, 2022, 11:00:08 PM"}
{"name":"Imp","level":7,"killCount":-1,"type":"NPC","drops":[{"name":"Fiendish ashes","id":25766,"quantity":1,"price":136},{"name":"Tinderbox","id":590,"quantity":1,"price":94}],"date":"Feb 2, 2022, 11:00:31 PM"}
{"name":"Imp","level":7,"killCount":-1,"type":"NPC","drops":[{"name":"Fiendish ashes","id":25766,"quantity":1,"price":136},{"name":"Tinderbox","id":590,"quantity":1,"price":94}],"date":"Feb 2, 2022, 11:00:35 PM"}
{"name":"Imp","level":7,"killCount":-1,"type":"NPC","drops":[{"name":"Fiendish ashes","id":25766,"quantity":1,"price":136},{"name":"Hammer","id":2347,"quantity":1,"price":70}],"date":"Feb 2, 2022, 11:00:49 PM"}
{"name":"Imp","level":7,"killCount":-1,"type":"NPC","drops":[{"name":"Fiendish ashes","id":25766,"quantity":1,"price":136},{"name":"Blue wizard hat","id":579,"quantity":1,"price":256}],"date":"Feb 2, 2022, 11:01:13 PM"}
{"name":"Imp","level":7,"killCount":-1,"type":"NPC","drops":[{"name":"Fiendish ashes","id":25766,"quantity":1,"price":136},{"name":"Chef\u0027s hat","id":1949,"quantity":1,"price":206}],"date":"Feb 2, 2022, 11:01:17 PM"}
{"name":"Imp","level":7,"killCount":-1,"type":"NPC","drops":[{"name":"Fiendish ashes","id":25766,"quantity":1,"price":136},{"name":"White bead","id":1476,"quantity":1,"price":1974}],"date":"Feb 2, 2022, 11:01:35 PM"}
{"name":"Imp","level":7,"killCount":-1,"type":"NPC","drops":[{"name":"Fiendish ashes","id":25766,"quantity":1,"price":136},{"name":"Mind talisman","id":1448,"quantity":1,"price":3257}],"date":"Feb 2, 2022, 11:01:56 PM"}
{"name":"Imp","level":7,"killCount":-1,"type":"NPC","drops":[{"name":"Fiendish ashes","id":25766,"quantity":1,"price":136},{"name":"Yellow bead","id":1472,"quantity":1,"price":900}],"date":"Feb 2, 2022, 11:01:58 PM"}
{"name":"Imp","level":7,"killCount":-1,"type":"NPC","drops":[{"name":"Fiendish ashes","id":25766,"quantity":1,"price":136},{"name":"Blue wizard hat","id":579,"quantity":1,"price":256}],"date":"Feb 2, 2022, 11:02:16 PM"}
{"name":"Imp","level":7,"killCount":-1,"type":"NPC","drops":[{"name":"Fiendish ashes","id":25766,"quantity":1,"price":136},{"name":"Blue wizard hat","id":579,"quantity":1,"price":256}],"date":"Feb 2, 2022, 11:02:39 PM"}
{"name":"Imp","level":7,"killCount":-1,"type":"NPC","drops":[{"name":"Fiendish ashes","id":25766,"quantity":1,"price":136},{"name":"Mind talisman","id":1448,"quantity":1,"price":3257}],"date":"Feb 2, 2022, 11:02:46 PM"}
{"name":"Imp","level":7,"killCount":-1,"type":"NPC","drops":[{"name":"Fiendish ashes","id":25766,"quantity":1,"price":136},{"name":"Pot","id":1931,"quantity":1,"price":4}],"date":"Feb 2, 2022, 11:02:57 PM"}
{"name":"Imp","level":7,"killCount":-1,"type":"NPC","drops":[{"name":"Fiendish ashes","id":25766,"quantity":1,"price":136},{"name":"Mind talisman","id":1448,"quantity":1,"price":3257}],"date":"Feb 2, 2022, 11:03:20 PM"}
{"name":"Imp","level":7,"killCount":-1,"type":"NPC","drops":[{"name":"Fiendish ashes","id":25766,"quantity":1,"price":136},{"name":"Blue wizard hat","id":579,"quantity":1,"price":256}],"date":"Feb 2, 2022, 11:03:28 PM"}
{"name":"Imp","level":7,"killCount":-1,"type":"NPC","drops":[{"name":"Fiendish ashes","id":25766,"quantity":1,"price":136},{"name":"Bucket","id":1925,"quantity":1,"price":5}],"date":"Feb 2, 2022, 11:03:38 PM"}
{"name":"Imp","level":7,"killCount":-1,"type":"NPC","drops":[{"name":"Fiendish ashes","id":25766,"quantity":1,"price":136},{"name":"Cabbage","id":1965,"quantity":1,"price":18}],"date":"Feb 2, 2022, 11:04:05 PM"}
{"name":"Imp","level":7,"killCount":-1,"type":"NPC","drops":[{"name":"Fiendish ashes","id":25766,"quantity":1,"price":136},{"name":"Black bead","id":1474,"quantity":1,"price":913}],"date":"Feb 2, 2022, 11:04:09 PM"}
{"name":"Imp","level":7,"killCount":-1,"type":"NPC","drops":[{"name":"Fiendish ashes","id":25766,"quantity":1,"price":136},{"name":"Bronze bolts","id":877,"quantity":1,"price":1}],"date":"Feb 2, 2022, 11:04:24 PM"}
{"name":"Imp","level":7,"killCount":-1,"type":"NPC","drops":[{"name":"Fiendish ashes","id":25766,"quantity":1,"price":136},{"name":"Ensouled imp head","id":13453,"quantity":1,"price":270},{"name":"Bucket","id":1925,"quantity":1,"price":5}],"date":"Feb 2, 2022, 11:04:46 PM"}
{"name":"Imp","level":7,"killCount":-1,"type":"NPC","drops":[{"name":"Fiendish ashes","id":25766,"quantity":1,"price":136},{"name":"Burnt bread","id":2311,"quantity":1,"price":0}],"date":"Feb 2, 2022, 11:04:54 PM"}
{"name":"Imp","level":7,"killCount":-1,"type":"NPC","drops":[{"name":"Fiendish ashes","id":25766,"quantity":1,"price":136},{"name":"Shears","id":1735,"quantity":1,"price":15}],"date":"Feb 2, 2022, 11:05:07 PM"}
{"name":"Imp","level":7,"killCount":-1,"type":"NPC","drops":[{"name":"Fiendish ashes","id":25766,"quantity":1,"price":136},{"name":"Tinderbox","id":590,"quantity":1,"price":94}],"date":"Feb 2, 2022, 11:05:37 PM"}
{"name":"Imp","level":7,"killCount":-1,"type":"NPC","drops":[{"name":"Fiendish ashes","id":25766,"quantity":1,"price":136},{"name":"Bronze bolts","id":877,"quantity":1,"price":1}],"date":"Feb 2, 2022, 11:05:44 PM"}
{"name":"Imp","level":7,"killCount":-1,"type":"NPC","drops":[{"name":"Fiendish ashes","id":25766,"quantity":1,"price":136},{"name":"Egg","id":1944,"quantity":1,"price":21}],"date":"Feb 2, 2022, 11:05:48 PM"}
{"name":"Imp","level":7,"killCount":-1,"type":"NPC","drops":[{"name":"Fiendish ashes","id":25766,"quantity":1,"price":136},{"name":"Burnt bread","id":2311,"quantity":1,"price":0}],"date":"Feb 2, 2022, 11:06:18 PM"}
{"name":"Imp","level":7,"killCount":-1,"type":"NPC","drops":[{"name":"Fiendish ashes","id":25766,"quantity":1,"price":136},{"name":"Bronze bolts","id":877,"quantity":1,"price":1}],"date":"Feb 2, 2022, 11:06:25 PM"}
{"name":"Imp","level":7,"killCount":-1,"type":"NPC","drops":[{"name":"Fiendish ashes","id":25766,"quantity":1,"price":136},{"name":"Raw chicken","id":2138,"quantity":1,"price":49}],"date":"Feb 2, 2022, 11:06:29 PM"}
{"name":"Imp","level":7,"killCount":-1,"type":"NPC","drops":[{"name":"Fiendish ashes","id":25766,"quantity":1,"price":136},{"name":"Ashes","id":592,"quantity":1,"price":52}],"date":"Feb 2, 2022, 11:07:01 PM"}
{"name":"Imp","level":7,"killCount":-1,"type":"NPC","drops":[{"name":"Fiendish ashes","id":25766,"quantity":1,"price":136},{"name":"White bead","id":1476,"quantity":1,"price":1974}],"date":"Feb 2, 2022, 11:07:06 PM"}
{"name":"Imp","level":7,"killCount":-1,"type":"NPC","drops":[{"name":"Fiendish ashes","id":25766,"quantity":1,"price":136},{"name":"Raw chicken","id":2138,"quantity":1,"price":49}],"date":"Feb 2, 2022, 11:07:10 PM"}
{"name":"Imp","level":7,"killCount":-1,"type":"NPC","drops":[{"name":"Fiendish ashes","id":25766,"quantity":1,"price":136},{"name":"Ensouled imp head","id":13453,"quantity":1,"price":270},{"name":"Ashes","id":592,"quantity":1,"price":52}],"date":"Feb 2, 2022, 11:07:43 PM"}
{"name":"Imp","level":7,"killCount":-1,"type":"NPC","drops":[{"name":"Fiendish ashes","id":25766,"quantity":1,"price":136},{"name":"Clay","id":434,"quantity":1,"price":102}],"date":"Feb 2, 2022, 11:07:48 PM"}
{"name":"Imp","level":7,"killCount":-1,"type":"NPC","drops":[{"name":"Fiendish ashes","id":25766,"quantity":1,"price":136},{"name":"Hammer","id":2347,"quantity":1,"price":70}],"date":"Feb 2, 2022, 11:07:52 PM"}
{"name":"Imp","level":7,"killCount":-1,"type":"NPC","drops":[{"name":"Fiendish ashes","id":25766,"quantity":1,"price":136},{"name":"Burnt bread","id":2311,"quantity":1,"price":0}],"date":"Feb 2, 2022, 11:08:24 PM"}
{"name":"Imp","level":7,"killCount":-1,"type":"NPC","drops":[{"name":"Fiendish ashes","id":25766,"quantity":1,"price":136},{"name":"Bronze bolts","id":877,"quantity":1,"price":1}],"date":"Feb 2, 2022, 11:08:30 PM"}
{"name":"Imp","level":7,"killCount":-1,"type":"NPC","drops":[{"name":"Fiendish ashes","id":25766,"quantity":1,"price":136},{"name":"Raw chicken","id":2138,"quantity":1,"price":49}],"date":"Feb 2, 2022, 11:08:36 PM"}
{"name":"Imp","level":7,"killCount":-1,"type":"NPC","drops":[{"name":"Fiendish ashes","id":25766,"quantity":1,"price":136},{"name":"Bronze bolts","id":877,"quantity":1,"price":1}],"date":"Feb 2, 2022, 11:09:06 PM"}
{"name":"Imp","level":7,"killCount":-1,"type":"NPC","drops":[{"name":"Fiendish ashes","id":25766,"quantity":1,"price":136},{"name":"Hammer","id":2347,"quantity":1,"price":70}],"date":"Feb 2, 2022, 11:09:11 PM"}
{"name":"Imp","level":7,"killCount":-1,"type":"NPC","drops":[{"name":"Fiendish ashes","id":25766,"quantity":1,"price":136},{"name":"Raw chicken","id":2138,"quantity":1,"price":49}],"date":"Feb 2, 2022, 11:09:18 PM"}
{"name":"Imp","level":7,"killCount":-1,"type":"NPC","drops":[{"name":"Fiendish ashes","id":25766,"quantity":1,"price":136},{"name":"Bronze bolts","id":877,"quantity":1,"price":1}],"date":"Feb 2, 2022, 11:09:49 PM"}
{"name":"Imp","level":7,"killCount":-1,"type":"NPC","drops":[{"name":"Fiendish ashes","id":25766,"quantity":1,"price":136},{"name":"Ashes","id":592,"quantity":1,"price":52}],"date":"Feb 2, 2022, 11:09:53 PM"}
{"name":"Imp","level":7,"killCount":-1,"type":"NPC","drops":[{"name":"Ecumenical key","id":11942,"quantity":1,"price":0},{"name":"Fiendish ashes","id":25766,"quantity":1,"price":136},{"name":"Bucket","id":1925,"quantity":1,"price":5}],"date":"Feb 2, 2022, 11:10:00 PM"}
{"name":"Imp","level":7,"killCount":-1,"type":"NPC","drops":[{"name":"Fiendish ashes","id":25766,"quantity":1,"price":136},{"name":"Potion","id":195,"quantity":1,"price":0}],"date":"Feb 2, 2022, 11:10:30 PM"}
{"name":"Imp","level":7,"killCount":-1,"type":"NPC","drops":[{"name":"Fiendish ashes","id":25766,"quantity":1,"price":136},{"name":"Flyer","id":956,"quantity":1,"price":0}],"date":"Feb 2, 2022, 11:10:34 PM"}
{"name":"Imp","level":7,"killCount":-1,"type":"NPC","drops":[{"name":"Fiendish ashes","id":25766,"quantity":1,"price":136},{"name":"Red bead","id":1470,"quantity":1,"price":925}],"date":"Feb 2, 2022, 11:10:41 PM"}
{"name":"Imp","level":7,"killCount":-1,"type":"NPC","drops":[{"name":"Fiendish ashes","id":25766,"quantity":1,"price":136},{"name":"Clay","id":434,"quantity":1,"price":102}],"date":"Feb 2, 2022, 11:11:15 PM"}
{"name":"Imp","level":7,"killCount":-1,"type":"NPC","drops":[{"name":"Fiendish ashes","id":25766,"quantity":1,"price":136},{"name":"Ensouled imp head","id":13453,"quantity":1,"price":270},{"name":"Egg","id":1944,"quantity":1,"price":21}],"date":"Feb 2, 2022, 11:11:21 PM"}
{"name":"Imp","level":7,"killCount":-1,"type":"NPC","drops":[{"name":"Fiendish ashes","id":25766,"quantity":1,"price":136},{"name":"Ashes","id":592,"quantity":1,"price":52}],"date":"Feb 2, 2022, 11:11:27 PM"}
{"name":"Imp","level":7,"killCount":-1,"type":"NPC","drops":[{"name":"Fiendish ashes","id":25766,"quantity":1,"price":136},{"name":"Hammer","id":2347,"quantity":1,"price":70}],"date":"Feb 2, 2022, 11:12:03 PM"}
{"name":"Imp","level":7,"killCount":-1,"type":"NPC","drops":[{"name":"Fiendish ashes","id":25766,"quantity":1,"price":136},{"name":"Ball of wool","id":1759,"quantity":1,"price":30}],"date":"Feb 2, 2022, 11:12:13 PM"}
{"name":"Imp","level":7,"killCount":-1,"type":"NPC","drops":[{"name":"Fiendish ashes","id":25766,"quantity":1,"price":136},{"name":"Shears","id":1735,"quantity":1,"price":15}],"date":"Feb 2, 2022, 11:12:20 PM"}
{"name":"Imp","level":7,"killCount":-1,"type":"NPC","drops":[{"name":"Fiendish ashes","id":25766,"quantity":1,"price":136},{"name":"Raw chicken","id":2138,"quantity":1,"price":49}],"date":"Feb 2, 2022, 11:12:45 PM"}
{"name":"Imp","level":7,"killCount":-1,"type":"NPC","drops":[{"name":"Fiendish ashes","id":25766,"quantity":1,"price":136},{"name":"Red bead","id":1470,"quantity":1,"price":925}],"date":"Feb 2, 2022, 11:12:57 PM"}
{"name":"Imp","level":7,"killCount":-1,"type":"NPC","drops":[{"name":"Fiendish ashes","id":25766,"quantity":1,"price":136},{"name":"White bead","id":1476,"quantity":1,"price":1974}],"date":"Feb 2, 2022, 11:13:10 PM"}
{"name":"Imp","level":7,"killCount":-1,"type":"NPC","drops":[{"name":"Fiendish ashes","id":25766,"quantity":1,"price":136},{"name":"Flyer","id":956,"quantity":1,"price":0}],"date":"Feb 2, 2022, 11:13:27 PM"}
{"name":"Imp","level":7,"killCount":-1,"type":"NPC","drops":[{"name":"Fiendish ashes","id":25766,"quantity":1,"price":136},{"name":"Shears","id":1735,"quantity":1,"price":15}],"date":"Feb 2, 2022, 11:13:39 PM"}
{"name":"Imp","level":7,"killCount":-1,"type":"NPC","drops":[{"name":"Fiendish ashes","id":25766,"quantity":1,"price":136},{"name":"Ashes","id":592,"quantity":1,"price":52}],"date":"Feb 2, 2022, 11:13:51 PM"}
{"name":"Imp","level":7,"killCount":-1,"type":"NPC","drops":[{"name":"Fiendish ashes","id":25766,"quantity":1,"price":136},{"name":"Raw chicken","id":2138,"quantity":1,"price":49}],"date":"Feb 2, 2022, 11:14:09 PM"}
{"name":"Imp","level":7,"killCount":-1,"type":"NPC","drops":[{"name":"Fiendish ashes","id":25766,"quantity":1,"price":136},{"name":"Shears","id":1735,"quantity":1,"price":15}],"date":"Feb 2, 2022, 11:14:23 PM"}
{"name":"Imp","level":7,"killCount":-1,"type":"NPC","drops":[{"name":"Fiendish ashes","id":25766,"quantity":1,"price":136},{"name":"Ball of wool","id":1759,"quantity":1,"price":30}],"date":"Feb 2, 2022, 11:14:34 PM"}
{"name":"Imp","level":7,"killCount":-1,"type":"NPC","drops":[{"name":"Fiendish ashes","id":25766,"quantity":1,"price":136},{"name":"Ball of wool","id":1759,"quantity":1,"price":30}],"date":"Feb 2, 2022, 11:15:02 PM"}
{"name":"Imp","level":7,"killCount":-1,"type":"NPC","drops":[{"name":"Fiendish ashes","id":25766,"quantity":1,"price":136},{"name":"Tinderbox","id":590,"quantity":1,"price":94}],"date":"Feb 2, 2022, 11:15:07 PM"}
{"name":"Imp","level":7,"killCount":-1,"type":"NPC","drops":[{"name":"Fiendish ashes","id":25766,"quantity":1,"price":136},{"name":"Burnt meat","id":2146,"quantity":1,"price":0}],"date":"Feb 2, 2022, 11:15:17 PM"}
{"name":"Imp","level":7,"killCount":-1,"type":"NPC","drops":[{"name":"Fiendish ashes","id":25766,"quantity":1,"price":136},{"name":"Tinderbox","id":590,"quantity":1,"price":94}],"date":"Feb 2, 2022, 11:15:46 PM"}
{"name":"Imp","level":7,"killCount":-1,"type":"NPC","drops":[{"name":"Ecumenical key","id":11942,"quantity":1,"price":0},{"name":"Fiendish ashes","id":25766,"quantity":1,"price":136},{"name":"Ball of wool","id":1759,"quantity":1,"price":30}],"date":"Feb 2, 2022, 11:15:50 PM"}
