{"name":"Kalphite Queen","level":333,"killCount":2,"type":"NPC","drops":[{"name":"Dark crab","id":11936,"quantity":1,"price":1351},{"name":"Dark crab","id":11936,"quantity":1,"price":1351},{"name":"Blood rune","id":565,"quantity":100,"price":292}],"date":"Jan 13, 2022, 10:52:08 PM"}
{"name":"Kalphite Queen","level":333,"killCount":3,"type":"NPC","drops":[{"name":"Monkfish","id":7946,"quantity":1,"price":343},{"name":"Monkfish","id":7946,"quantity":1,"price":343},{"name":"Monkfish","id":7946,"quantity":1,"price":343},{"name":"Palm tree seed","id":5289,"quantity":2,"price":34055}],"date":"Jan 13, 2022, 10:57:16 PM"}
{"name":"Kalphite Queen","level":333,"killCount":4,"type":"NPC","drops":[{"name":"Dark crab","id":11936,"quantity":1,"price":1351},{"name":"Dark crab","id":11936,"quantity":1,"price":1351},{"name":"Grapes","id":1988,"quantity":100,"price":26}],"date":"Jan 13, 2022, 11:01:21 PM"}
{"name":"Kalphite Queen","level":333,"killCount":5,"type":"NPC","drops":[{"name":"Saradomin brew(4)","id":6685,"quantity":1,"price":5463},{"name":"Uncut diamond","id":1618,"quantity":25,"price":2652}],"date":"Jan 13, 2022, 11:05:29 PM"}
{"name":"Kalphite Queen","level":333,"killCount":6,"type":"NPC","drops":[{"name":"Super combat potion(2)","id":12699,"quantity":1,"price":4955},{"name":"Grimy ranarr weed","id":208,"quantity":25,"price":7190}],"date":"Jan 13, 2022, 11:08:50 PM"}
{"name":"Kalphite Queen","level":333,"killCount":7,"type":"NPC","drops":[{"name":"Monkfish","id":7946,"quantity":1,"price":343},{"name":"Monkfish","id":7946,"quantity":1,"price":343},{"name":"Monkfish","id":7946,"quantity":1,"price":343},{"name":"Rune chainbody","id":1113,"quantity":1,"price":29395}],"date":"Jan 13, 2022, 11:12:40 PM"}
{"name":"Kalphite Queen","level":333,"killCount":8,"type":"NPC","drops":[{"name":"Dark crab","id":11936,"quantity":1,"price":1351},{"name":"Dark crab","id":11936,"quantity":1,"price":1351},{"name":"Rune knife(p++)","id":5667,"quantity":25,"price":233}],"date":"Jan 13, 2022, 11:16:17 PM"}
{"name":"Kalphite Queen","level":333,"killCount":9,"type":"NPC","drops":[{"name":"Dark crab","id":11936,"quantity":1,"price":1394},{"name":"Dark crab","id":11936,"quantity":1,"price":1394},{"name":"Torstol seed","id":5304,"quantity":2,"price":49318}],"date":"Jan 13, 2022, 11:19:58 PM"}
{"name":"Kalphite Queen","level":333,"killCount":10,"type":"NPC","drops":[{"name":"Prayer potion(4)","id":2434,"quantity":1,"price":9593},{"name":"Prayer potion(4)","id":2434,"quantity":1,"price":9593},{"name":"Weapon poison(++)","id":5941,"quantity":5,"price":2749}],"date":"Jan 13, 2022, 11:23:41 PM"}
{"name":"Kalphite Queen","level":333,"killCount":11,"type":"NPC","drops":[{"name":"Shark","id":385,"quantity":1,"price":1205},{"name":"Shark","id":385,"quantity":1,"price":1205},{"name":"Blood rune","id":565,"quantity":100,"price":289}],"date":"Jan 13, 2022, 11:27:16 PM"}
{"name":"Kalphite Queen","level":333,"killCount":12,"type":"NPC","drops":[{"name":"Monkfish","id":7946,"quantity":1,"price":327},{"name":"Monkfish","id":7946,"quantity":1,"price":327},{"name":"Monkfish","id":7946,"quantity":1,"price":327},{"name":"Grapes","id":1988,"quantity":100,"price":25}],"date":"Jan 13, 2022, 11:32:23 PM"}
{"name":"Kalphite Queen","level":333,"killCount":13,"type":"NPC","drops":[{"name":"Monkfish","id":7946,"quantity":1,"price":327},{"name":"Monkfish","id":7946,"quantity":1,"price":327},{"name":"Monkfish","id":7946,"quantity":1,"price":327},{"name":"Potato cactus","id":3139,"quantity":100,"price":411}],"date":"Jan 13, 2022, 11:36:10 PM"}
{"name":"Kalphite Queen","level":333,"killCount":14,"type":"NPC","drops":[{"name":"Super combat potion(2)","id":12699,"quantity":1,"price":4983},{"name":"Grimy torstol","id":220,"quantity":25,"price":6896}],"date":"Jan 13, 2022, 11:39:30 PM"}
{"name":"Kalphite Queen","level":333,"killCount":15,"type":"NPC","drops":[{"name":"Superantipoison(2)","id":183,"quantity":1,"price":60},{"name":"Potato cactus","id":3139,"quantity":100,"price":411}],"date":"Jan 13, 2022, 11:43:01 PM"}
{"name":"Kalphite Queen","level":333,"killCount":16,"type":"NPC","drops":[{"name":"Ranging potion(3)","id":169,"quantity":1,"price":413},{"name":"Rune chainbody","id":1113,"quantity":1,"price":29372}],"date":"Jan 13, 2022, 11:46:48 PM"}
{"name":"Kalphite Queen","level":333,"killCount":17,"type":"NPC","drops":[{"name":"Super restore(4)","id":3024,"quantity":1,"price":18397},{"name":"Blood rune","id":565,"quantity":100,"price":291}],"date":"Jan 13, 2022, 11:50:39 PM"}
{"name":"Kalphite Queen","level":333,"killCount":18,"type":"NPC","drops":[{"name":"Ranging potion(3)","id":169,"quantity":1,"price":413},{"name":"Death rune","id":560,"quantity":150,"price":185}],"date":"Jan 13, 2022, 11:54:09 PM"}
{"name":"Kalphite Queen","level":333,"killCount":19,"type":"NPC","drops":[{"name":"Ensouled kalphite head","id":13489,"quantity":1,"price":1336},{"name":"Superantipoison(2)","id":183,"quantity":1,"price":60},{"name":"Red d\u0027hide body","id":2501,"quantity":1,"price":5774}],"date":"Jan 13, 2022, 11:57:33 PM"}
{"name":"Kalphite Queen","level":333,"killCount":20,"type":"NPC","drops":[{"name":"Dark crab","id":11936,"quantity":1,"price":1397},{"name":"Dark crab","id":11936,"quantity":1,"price":1397},{"name":"Coins","id":995,"quantity":18791,"price":1}],"date":"Jan 14, 2022, 12:01:05 AM"}
{"name":"Kalphite Queen","level":333,"killCount":21,"type":"NPC","drops":[{"name":"Shark","id":385,"quantity":1,"price":1200},{"name":"Shark","id":385,"quantity":1,"price":1200},{"name":"Rune knife(p++)","id":5667,"quantity":25,"price":237}],"date":"Jan 14, 2022, 12:04:22 AM"}
{"name":"Kalphite Queen","level":333,"killCount":22,"type":"NPC","drops":[{"name":"Prayer potion(4)","id":2434,"quantity":1,"price":9669},{"name":"Prayer potion(4)","id":2434,"quantity":1,"price":9669},{"name":"Blood rune","id":565,"quantity":100,"price":291}],"date":"Jan 14, 2022, 12:08:16 AM"}
{"name":"Kalphite Queen","level":333,"killCount":23,"type":"NPC","drops":[{"name":"Saradomin brew(4)","id":6685,"quantity":1,"price":5531},{"name":"Palm tree seed","id":5289,"quantity":2,"price":34000}],"date":"Jan 14, 2022, 12:12:03 AM"}
{"name":"Kalphite Queen","level":333,"killCount":24,"type":"NPC","drops":[{"name":"Shark","id":385,"quantity":1,"price":1200},{"name":"Shark","id":385,"quantity":1,"price":1200},{"name":"Grimy ranarr weed","id":208,"quantity":25,"price":7147}],"date":"Jan 14, 2022, 12:15:25 AM"}
{"name":"Kalphite Queen","level":333,"killCount":25,"type":"NPC","drops":[{"name":"Super restore(4)","id":3024,"quantity":1,"price":17796},{"name":"Potato cactus","id":3139,"quantity":100,"price":467}],"date":"Jan 14, 2022, 12:19:47 AM"}
{"name":"Kalphite Queen","level":333,"killCount":26,"type":"NPC","drops":[{"name":"Super combat potion(2)","id":12699,"quantity":1,"price":5001},{"name":"Magic logs","id":1514,"quantity":60,"price":1006}],"date":"Jan 14, 2022, 12:23:41 AM"}
{"name":"Kalphite Queen","level":333,"killCount":27,"type":"NPC","drops":[{"name":"Shark","id":385,"quantity":1,"price":1194},{"name":"Shark","id":385,"quantity":1,"price":1194},{"name":"Mithril arrow","id":888,"quantity":500,"price":3}],"date":"Jan 14, 2022, 12:27:18 AM"}
{"name":"Kalphite Queen","level":333,"killCount":28,"type":"NPC","drops":[{"name":"Superantipoison(2)","id":183,"quantity":1,"price":60},{"name":"Lava battlestaff","id":3053,"quantity":1,"price":9609}],"date":"Jan 14, 2022, 12:30:54 AM"}
{"name":"Kalphite Queen","level":333,"killCount":29,"type":"NPC","drops":[{"name":"Super restore(4)","id":3024,"quantity":1,"price":17796},{"name":"Wine of zamorak","id":246,"quantity":60,"price":814}],"date":"Jan 14, 2022, 12:35:07 AM"}
{"name":"Kalphite Queen","level":333,"killCount":30,"type":"NPC","drops":[{"name":"Ranging potion(3)","id":169,"quantity":1,"price":425},{"name":"Blood rune","id":565,"quantity":100,"price":290}],"date":"Jan 14, 2022, 12:38:42 AM"}
{"name":"Kalphite Queen","level":333,"killCount":31,"type":"NPC","drops":[{"name":"Ranging potion(3)","id":169,"quantity":1,"price":425},{"name":"Blood rune","id":565,"quantity":100,"price":290}],"date":"Jan 14, 2022, 12:41:39 AM"}
{"name":"Kalphite Queen","level":333,"killCount":32,"type":"NPC","drops":[{"name":"Saradomin brew(4)","id":6685,"quantity":1,"price":5549},{"name":"Potato cactus","id":3139,"quantity":100,"price":467}],"date":"Jan 14, 2022, 12:44:35 AM"}
{"name":"Kalphite Queen","level":333,"killCount":33,"type":"NPC","drops":[{"name":"Superantipoison(2)","id":183,"quantity":1,"price":60},{"name":"Blood rune","id":565,"quantity":100,"price":288}],"date":"Jan 14, 2022, 12:47:56 AM"}
{"name":"Kalphite Queen","level":333,"killCount":34,"type":"NPC","drops":[{"name":"Super restore(4)","id":3024,"quantity":1,"price":18019},{"name":"Lava battlestaff","id":3053,"quantity":1,"price":9599}],"date":"Jan 14, 2022, 12:51:38 AM"}
{"name":"Kalphite Queen","level":333,"killCount":35,"type":"NPC","drops":[{"name":"Shark","id":385,"quantity":1,"price":1193},{"name":"Shark","id":385,"quantity":1,"price":1193},{"name":"Watermelon seed","id":5321,"quantity":25,"price":32}],"date":"Jan 14, 2022, 12:55:26 AM"}
{"name":"Kalphite Queen","level":333,"killCount":36,"type":"NPC","drops":[{"name":"Super combat potion(2)","id":12699,"quantity":1,"price":4969},{"name":"Wine of zamorak","id":246,"quantity":60,"price":806}],"date":"Jan 14, 2022, 12:59:37 AM"}
{"name":"Kalphite Queen","level":333,"killCount":37,"type":"NPC","drops":[{"name":"Superantipoison(2)","id":183,"quantity":1,"price":60},{"name":"Watermelon seed","id":5321,"quantity":25,"price":32}],"date":"Jan 14, 2022, 1:03:50 AM"}
{"name":"Kalphite Queen","level":333,"killCount":38,"type":"NPC","drops":[{"name":"Superantipoison(2)","id":183,"quantity":1,"price":60},{"name":"Potato cactus","id":3139,"quantity":100,"price":455}],"date":"Jan 14, 2022, 1:07:31 AM"}
{"name":"Kalphite Queen","level":333,"killCount":39,"type":"NPC","drops":[{"name":"Super restore(4)","id":3024,"quantity":1,"price":18019},{"name":"Uncut diamond","id":1618,"quantity":25,"price":2652}],"date":"Jan 14, 2022, 1:11:01 AM"}
{"name":"Kalphite Queen","level":333,"killCount":40,"type":"NPC","drops":[{"name":"Super restore(4)","id":3024,"quantity":1,"price":18019},{"name":"Cactus spine","id":6017,"quantity":10,"price":1813}],"date":"Jan 14, 2022, 1:16:21 AM"}
{"name":"Kalphite Queen","level":333,"killCount":41,"type":"NPC","drops":[{"name":"Ranging potion(3)","id":169,"quantity":1,"price":467},{"name":"Papaya tree seed","id":5288,"quantity":2,"price":2222}],"date":"Jan 14, 2022, 1:21:15 AM"}
{"name":"Kalphite Queen","level":333,"killCount":42,"type":"NPC","drops":[{"name":"Superantipoison(2)","id":183,"quantity":1,"price":60},{"name":"Potato cactus","id":3139,"quantity":100,"price":463}],"date":"Jan 14, 2022, 1:25:30 AM"}
{"name":"Kalphite Queen","level":333,"killCount":43,"type":"NPC","drops":[{"name":"Monkfish","id":7946,"quantity":1,"price":336},{"name":"Monkfish","id":7946,"quantity":1,"price":336},{"name":"Monkfish","id":7946,"quantity":1,"price":336},{"name":"Rune knife(p++)","id":5667,"quantity":25,"price":245}],"date":"Jan 14, 2022, 3:05:30 PM"}
{"name":"Kalphite Queen","level":333,"killCount":44,"type":"NPC","drops":[{"name":"Saradomin brew(4)","id":6685,"quantity":1,"price":5362},{"name":"Potato cactus","id":3139,"quantity":100,"price":468}],"date":"Jan 14, 2022, 3:09:20 PM"}
{"name":"Kalphite Queen","level":333,"killCount":45,"type":"NPC","drops":[{"name":"Super restore(4)","id":3024,"quantity":1,"price":17682},{"name":"Wine of zamorak","id":246,"quantity":60,"price":832}],"date":"Jan 14, 2022, 3:13:36 PM"}
{"name":"Kalphite Queen","level":333,"killCount":46,"type":"NPC","drops":[{"name":"Dark crab","id":11936,"quantity":1,"price":1452},{"name":"Dark crab","id":11936,"quantity":1,"price":1452},{"name":"Wine of zamorak","id":246,"quantity":60,"price":832}],"date":"Jan 14, 2022, 3:16:54 PM"}
{"name":"Kalphite Queen","level":333,"killCount":47,"type":"NPC","drops":[{"name":"Dark crab","id":11936,"quantity":1,"price":1452},{"name":"Dark crab","id":11936,"quantity":1,"price":1452},{"name":"Wine of zamorak","id":246,"quantity":60,"price":832}],"date":"Jan 14, 2022, 3:22:36 PM"}
{"name":"Kalphite Queen","level":333,"killCount":48,"type":"NPC","drops":[{"name":"Prayer potion(4)","id":2434,"quantity":1,"price":9577},{"name":"Prayer potion(4)","id":2434,"quantity":1,"price":9577},{"name":"Potato cactus","id":3139,"quantity":100,"price":468}],"date":"Jan 14, 2022, 3:25:38 PM"}
{"name":"Kalphite Queen","level":333,"killCount":49,"type":"NPC","drops":[{"name":"Ensouled kalphite head","id":13489,"quantity":1,"price":1200},{"name":"Prayer potion(4)","id":2434,"quantity":1,"price":9577},{"name":"Prayer potion(4)","id":2434,"quantity":1,"price":9577},{"name":"Palm tree seed","id":5289,"quantity":2,"price":34560}],"date":"Jan 14, 2022, 3:28:53 PM"}
{"name":"Kalphite Queen","level":333,"killCount":50,"type":"NPC","drops":[{"name":"Dark crab","id":11936,"quantity":1,"price":1452},{"name":"Dark crab","id":11936,"quantity":1,"price":1452},{"name":"Gold ore","id":445,"quantity":250,"price":240}],"date":"Jan 14, 2022, 3:32:46 PM"}
{"name":"Kalphite Queen","level":333,"killCount":51,"type":"NPC","drops":[{"name":"Super combat potion(2)","id":12699,"quantity":1,"price":4926},{"name":"Watermelon seed","id":5321,"quantity":25,"price":32}],"date":"Jan 14, 2022, 3:36:16 PM"}
{"name":"Kalphite Queen","level":333,"killCount":52,"type":"NPC","drops":[{"name":"Super restore(4)","id":3024,"quantity":1,"price":17715},{"name":"Grapes","id":1988,"quantity":100,"price":25}],"date":"Jan 14, 2022, 3:39:56 PM"}
{"name":"Kalphite Queen","level":333,"killCount":53,"type":"NPC","drops":[{"name":"Dark crab","id":11936,"quantity":1,"price":1451},{"name":"Dark crab","id":11936,"quantity":1,"price":1451},{"name":"Papaya tree seed","id":5288,"quantity":2,"price":2461}],"date":"Jan 14, 2022, 3:43:12 PM"}
{"name":"Kalphite Queen","level":333,"killCount":54,"type":"NPC","drops":[{"name":"Kq head","id":7981,"quantity":1,"price":0},{"name":"Monkfish","id":7946,"quantity":1,"price":339},{"name":"Monkfish","id":7946,"quantity":1,"price":339},{"name":"Monkfish","id":7946,"quantity":1,"price":339},{"name":"Grimy snapdragon","id":3052,"quantity":25,"price":13377}],"date":"Jan 14, 2022, 3:46:31 PM"}
{"name":"Kalphite Queen","level":333,"killCount":55,"type":"NPC","drops":[{"name":"Monkfish","id":7946,"quantity":1,"price":333},{"name":"Monkfish","id":7946,"quantity":1,"price":333},{"name":"Monkfish","id":7946,"quantity":1,"price":333},{"name":"Potato cactus","id":3139,"quantity":100,"price":569}],"date":"Jan 31, 2022, 10:15:58 PM"}
{"name":"Kalphite Queen","level":333,"killCount":56,"type":"NPC","drops":[{"name":"Superantipoison(2)","id":183,"quantity":1,"price":97},{"name":"Red d\u0027hide body","id":2501,"quantity":1,"price":6187}],"date":"Jan 31, 2022, 10:18:36 PM"}
{"name":"Kalphite Queen","level":333,"killCount":57,"type":"NPC","drops":[{"name":"Superantipoison(2)","id":183,"quantity":1,"price":97},{"name":"Palm tree seed","id":5289,"quantity":2,"price":34323}],"date":"Jan 31, 2022, 10:21:28 PM"}
{"name":"Kalphite Queen","level":333,"killCount":58,"type":"NPC","drops":[{"name":"Dark crab","id":11936,"quantity":1,"price":1376},{"name":"Dark crab","id":11936,"quantity":1,"price":1376},{"name":"Death rune","id":560,"quantity":150,"price":189}],"date":"Jan 31, 2022, 10:24:07 PM"}
{"name":"Kalphite Queen","level":333,"killCount":59,"type":"NPC","drops":[{"name":"Shark","id":385,"quantity":1,"price":1162},{"name":"Shark","id":385,"quantity":1,"price":1162},{"name":"Grimy torstol","id":220,"quantity":25,"price":7562}],"date":"Jan 31, 2022, 10:26:50 PM"}
{"name":"Kalphite Queen","level":333,"killCount":60,"type":"NPC","drops":[{"name":"Prayer potion(4)","id":2434,"quantity":1,"price":11282},{"name":"Prayer potion(4)","id":2434,"quantity":1,"price":11282},{"name":"Dragon 2h sword","id":7158,"quantity":1,"price":130998}],"date":"Jan 31, 2022, 10:31:54 PM"}
{"name":"Kalphite Queen","level":333,"killCount":61,"type":"NPC","drops":[{"name":"Dark crab","id":11936,"quantity":1,"price":1376},{"name":"Dark crab","id":11936,"quantity":1,"price":1376},{"name":"Cactus spine","id":6017,"quantity":10,"price":1775}],"date":"Jan 31, 2022, 10:34:59 PM"}
{"name":"Kalphite Queen","level":333,"killCount":62,"type":"NPC","drops":[{"name":"Monkfish","id":7946,"quantity":1,"price":348},{"name":"Monkfish","id":7946,"quantity":1,"price":348},{"name":"Monkfish","id":7946,"quantity":1,"price":348},{"name":"Uncut emerald","id":1622,"quantity":25,"price":586}],"date":"Jan 31, 2022, 10:37:56 PM"}
{"name":"Kalphite Queen","level":333,"killCount":63,"type":"NPC","drops":[{"name":"Super combat potion(2)","id":12699,"quantity":1,"price":6060},{"name":"Blood rune","id":565,"quantity":100,"price":282}],"date":"Jan 31, 2022, 10:41:18 PM"}
{"name":"Kalphite Queen","level":333,"killCount":64,"type":"NPC","drops":[{"name":"Saradomin brew(4)","id":6685,"quantity":1,"price":5427},{"name":"Death rune","id":560,"quantity":150,"price":189}],"date":"Jan 31, 2022, 10:43:49 PM"}
{"name":"Kalphite Queen","level":333,"killCount":65,"type":"NPC","drops":[{"name":"Monkfish","id":7946,"quantity":1,"price":348},{"name":"Monkfish","id":7946,"quantity":1,"price":348},{"name":"Monkfish","id":7946,"quantity":1,"price":348},{"name":"Potato cactus","id":3139,"quantity":100,"price":564}],"date":"Jan 31, 2022, 10:46:25 PM"}
{"name":"Kalphite Queen","level":333,"killCount":66,"type":"NPC","drops":[{"name":"Prayer potion(4)","id":2434,"quantity":1,"price":11282},{"name":"Prayer potion(4)","id":2434,"quantity":1,"price":11282},{"name":"Mithril arrow","id":888,"quantity":500,"price":3}],"date":"Jan 31, 2022, 10:49:20 PM"}
{"name":"Kalphite Queen","level":333,"killCount":67,"type":"NPC","drops":[{"name":"Superantipoison(2)","id":183,"quantity":1,"price":97},{"name":"Bucket of sand","id":1784,"quantity":100,"price":43}],"date":"Jan 31, 2022, 10:52:24 PM"}
{"name":"Kalphite Queen","level":333,"killCount":68,"type":"NPC","drops":[{"name":"Dark crab","id":11936,"quantity":1,"price":1375},{"name":"Dark crab","id":11936,"quantity":1,"price":1375},{"name":"Wine of zamorak","id":246,"quantity":60,"price":853}],"date":"Jan 31, 2022, 10:55:34 PM"}
{"name":"Kalphite Queen","level":333,"killCount":69,"type":"NPC","drops":[{"name":"Saradomin brew(4)","id":6685,"quantity":1,"price":5586},{"name":"Death rune","id":560,"quantity":150,"price":188}],"date":"Jan 31, 2022, 10:58:34 PM"}
{"name":"Kalphite Queen","level":333,"killCount":70,"type":"NPC","drops":[{"name":"Shark","id":385,"quantity":1,"price":1166},{"name":"Shark","id":385,"quantity":1,"price":1166},{"name":"Grapes","id":1988,"quantity":100,"price":29}],"date":"Jan 31, 2022, 11:01:11 PM"}
{"name":"Kalphite Queen","level":333,"killCount":71,"type":"NPC","drops":[{"name":"Dark crab","id":11936,"quantity":1,"price":1375},{"name":"Dark crab","id":11936,"quantity":1,"price":1375},{"name":"Grimy torstol","id":220,"quantity":25,"price":7530}],"date":"Jan 31, 2022, 11:05:04 PM"}
{"name":"Kalphite Queen","level":333,"killCount":72,"type":"NPC","drops":[{"name":"Saradomin brew(4)","id":6685,"quantity":1,"price":5586},{"name":"Death rune","id":560,"quantity":150,"price":188}],"date":"Jan 31, 2022, 11:08:36 PM"}
{"name":"Kalphite Queen","level":333,"killCount":73,"type":"NPC","drops":[{"name":"Super restore(4)","id":3024,"quantity":1,"price":15810},{"name":"Gold ore","id":445,"quantity":250,"price":295}],"date":"Jan 31, 2022, 11:11:50 PM"}
{"name":"Kalphite Queen","level":333,"killCount":74,"type":"NPC","drops":[{"name":"Super combat potion(2)","id":12699,"quantity":1,"price":6201},{"name":"Red d\u0027hide body","id":2501,"quantity":1,"price":6186}],"date":"Jan 31, 2022, 11:14:46 PM"}
{"name":"Kalphite Queen","level":333,"killCount":75,"type":"NPC","drops":[{"name":"Ensouled kalphite head","id":13489,"quantity":1,"price":1329},{"name":"Saradomin brew(4)","id":6685,"quantity":1,"price":5586},{"name":"Grimy ranarr weed","id":208,"quantity":25,"price":8243}],"date":"Jan 31, 2022, 11:19:27 PM"}
