{"name":"Thermonuclear smoke devil","level":301,"killCount":1,"type":"NPC","drops":[{"name":"Ashes","id":592,"quantity":1,"price":52},{"name":"Rune battleaxe","id":1373,"quantity":1,"price":24538}],"date":"Jan 19, 2022, 11:25:34 PM"}
{"name":"Thermonuclear smoke devil","level":301,"killCount":2,"type":"NPC","drops":[{"name":"Ashes","id":592,"quantity":1,"price":52},{"name":"Gold ore","id":445,"quantity":200,"price":272}],"date":"Jan 19, 2022, 11:26:44 PM"}
{"name":"Thermonuclear smoke devil","level":301,"killCount":3,"type":"NPC","drops":[{"name":"Ashes","id":592,"quantity":1,"price":52},{"name":"Bullseye lantern","id":4548,"quantity":1,"price":1454}],"date":"Jan 19, 2022, 11:27:46 PM"}
{"name":"Thermonuclear smoke devil","level":301,"killCount":4,"type":"NPC","drops":[{"name":"Ashes","id":592,"quantity":1,"price":47},{"name":"Soul rune","id":566,"quantity":60,"price":149}],"date":"Jan 25, 2022, 12:28:53 AM"}
{"name":"Thermonuclear smoke devil","level":301,"killCount":5,"type":"NPC","drops":[{"name":"Ashes","id":592,"quantity":1,"price":47},{"name":"Sanfew serum(4)","id":10925,"quantity":1,"price":27260},{"name":"Sanfew serum(4)","id":10925,"quantity":1,"price":27260}],"date":"Jan 25, 2022, 12:30:40 AM"}
{"name":"Thermonuclear smoke devil","level":301,"killCount":6,"type":"NPC","drops":[{"name":"Ashes","id":592,"quantity":1,"price":47},{"name":"Tuna potato","id":7060,"quantity":1,"price":1352},{"name":"Tuna potato","id":7060,"quantity":1,"price":1352},{"name":"Tuna potato","id":7060,"quantity":1,"price":1352}],"date":"Jan 25, 2022, 12:32:26 AM"}
{"name":"Thermonuclear smoke devil","level":301,"killCount":7,"type":"NPC","drops":[{"name":"Ashes","id":592,"quantity":1,"price":47},{"name":"Rune dagger","id":1213,"quantity":1,"price":4427}],"date":"Jan 25, 2022, 12:33:38 AM"}
{"name":"Thermonuclear smoke devil","level":301,"killCount":8,"type":"NPC","drops":[{"name":"Ashes","id":592,"quantity":1,"price":47},{"name":"Coins","id":995,"quantity":15665,"price":1}],"date":"Jan 25, 2022, 12:34:29 AM"}
{"name":"Thermonuclear smoke devil","level":301,"killCount":9,"type":"NPC","drops":[{"name":"Ashes","id":592,"quantity":1,"price":47},{"name":"Mystic air staff","id":1405,"quantity":1,"price":24981}],"date":"Jan 25, 2022, 12:35:23 AM"}
{"name":"Thermonuclear smoke devil","level":301,"killCount":10,"type":"NPC","drops":[{"name":"Ashes","id":592,"quantity":1,"price":47},{"name":"Coins","id":995,"quantity":11071,"price":1}],"date":"Jan 25, 2022, 12:36:10 AM"}
{"name":"Thermonuclear smoke devil","level":301,"killCount":11,"type":"NPC","drops":[{"name":"Ashes","id":592,"quantity":1,"price":47},{"name":"Coal","id":454,"quantity":150,"price":146}],"date":"Jan 25, 2022, 12:36:43 AM"}
{"name":"Thermonuclear smoke devil","level":301,"killCount":12,"type":"NPC","drops":[{"name":"Ashes","id":592,"quantity":1,"price":47},{"name":"Mystic air staff","id":1405,"quantity":1,"price":24981}],"date":"Jan 25, 2022, 12:37:33 AM"}
{"name":"Thermonuclear smoke devil","level":301,"killCount":13,"type":"NPC","drops":[{"name":"Ashes","id":592,"quantity":1,"price":47},{"name":"Molten glass","id":1776,"quantity":100,"price":108}],"date":"Jan 25, 2022, 12:40:05 AM"}
{"name":"Thermonuclear smoke devil","level":301,"killCount":14,"type":"NPC","drops":[{"name":"Ashes","id":592,"quantity":1,"price":47},{"name":"Mystic air staff","id":1405,"quantity":1,"price":24981}],"date":"Jan 25, 2022, 12:40:49 AM"}
{"name":"Thermonuclear smoke devil","level":301,"killCount":15,"type":"NPC","drops":[{"name":"Ashes","id":592,"quantity":1,"price":47},{"name":"Sanfew serum(4)","id":10925,"quantity":1,"price":27260},{"name":"Sanfew serum(4)","id":10925,"quantity":1,"price":27260}],"date":"Jan 25, 2022, 12:41:34 AM"}
{"name":"Thermonuclear smoke devil","level":301,"killCount":16,"type":"NPC","drops":[{"name":"Ashes","id":592,"quantity":1,"price":47},{"name":"Snapdragon seed","id":5300,"quantity":2,"price":81735}],"date":"Jan 25, 2022, 12:42:20 AM"}
{"name":"Thermonuclear smoke devil","level":301,"killCount":17,"type":"NPC","drops":[{"name":"Ashes","id":592,"quantity":1,"price":47},{"name":"Sanfew serum(4)","id":10925,"quantity":1,"price":27260},{"name":"Sanfew serum(4)","id":10925,"quantity":1,"price":27260}],"date":"Jan 25, 2022, 12:42:58 AM"}
{"name":"Thermonuclear smoke devil","level":301,"killCount":18,"type":"NPC","drops":[{"name":"Ashes","id":592,"quantity":1,"price":47},{"name":"Onyx bolt tips","id":9194,"quantity":12,"price":8150}],"date":"Jan 25, 2022, 12:43:43 AM"}
{"name":"Thermonuclear smoke devil","level":301,"killCount":19,"type":"NPC","drops":[{"name":"Ashes","id":592,"quantity":1,"price":47},{"name":"Mystic fire staff","id":1401,"quantity":1,"price":29375}],"date":"Jan 25, 2022, 12:44:27 AM"}
{"name":"Thermonuclear smoke devil","level":301,"killCount":20,"type":"NPC","drops":[{"name":"Ashes","id":592,"quantity":1,"price":47},{"name":"Rune arrow","id":892,"quantity":100,"price":41}],"date":"Jan 25, 2022, 12:45:18 AM"}
{"name":"Thermonuclear smoke devil","level":301,"killCount":21,"type":"NPC","drops":[{"name":"Ashes","id":592,"quantity":1,"price":47},{"name":"Coins","id":995,"quantity":16598,"price":1}],"date":"Jan 25, 2022, 12:46:02 AM"}
{"name":"Thermonuclear smoke devil","level":301,"killCount":22,"type":"NPC","drops":[{"name":"Ashes","id":592,"quantity":1,"price":47},{"name":"Molten glass","id":1776,"quantity":100,"price":108}],"date":"Jan 25, 2022, 12:47:34 AM"}
{"name":"Thermonuclear smoke devil","level":301,"killCount":23,"type":"NPC","drops":[{"name":"Ashes","id":592,"quantity":1,"price":47},{"name":"Gold ore","id":445,"quantity":200,"price":267}],"date":"Jan 25, 2022, 12:50:08 AM"}
{"name":"Thermonuclear smoke devil","level":301,"killCount":24,"type":"NPC","drops":[{"name":"Ashes","id":592,"quantity":1,"price":48},{"name":"Tuna potato","id":7060,"quantity":1,"price":1338},{"name":"Tuna potato","id":7060,"quantity":1,"price":1338},{"name":"Tuna potato","id":7060,"quantity":1,"price":1338}],"date":"Jan 25, 2022, 12:50:39 AM"}
{"name":"Thermonuclear smoke devil","level":301,"killCount":25,"type":"NPC","drops":[{"name":"Ashes","id":592,"quantity":1,"price":48},{"name":"Air rune","id":556,"quantity":300,"price":4}],"date":"Jan 25, 2022, 12:51:09 AM"}
{"name":"Thermonuclear smoke devil","level":301,"killCount":26,"type":"NPC","drops":[{"name":"Ashes","id":592,"quantity":1,"price":48},{"name":"Soul rune","id":566,"quantity":60,"price":151}],"date":"Jan 25, 2022, 12:52:06 AM"}
{"name":"Thermonuclear smoke devil","level":301,"killCount":27,"type":"NPC","drops":[{"name":"Ashes","id":592,"quantity":1,"price":48},{"name":"Mithril bar","id":2360,"quantity":20,"price":659}],"date":"Jan 25, 2022, 12:52:56 AM"}
{"name":"Thermonuclear smoke devil","level":301,"killCount":28,"type":"NPC","drops":[{"name":"Ashes","id":592,"quantity":1,"price":48},{"name":"Pure essence","id":7937,"quantity":300,"price":1}],"date":"Jan 25, 2022, 12:53:46 AM"}
{"name":"Thermonuclear smoke devil","level":301,"killCount":29,"type":"NPC","drops":[{"name":"Ashes","id":592,"quantity":1,"price":48},{"name":"Tuna potato","id":7060,"quantity":1,"price":1338},{"name":"Tuna potato","id":7060,"quantity":1,"price":1338},{"name":"Tuna potato","id":7060,"quantity":1,"price":1338}],"date":"Jan 25, 2022, 12:54:39 AM"}
{"name":"Thermonuclear smoke devil","level":301,"killCount":30,"type":"NPC","drops":[{"name":"Ashes","id":592,"quantity":1,"price":48},{"name":"Grapes","id":1988,"quantity":100,"price":33}],"date":"Jan 25, 2022, 12:55:43 AM"}
{"name":"Thermonuclear smoke devil","level":301,"killCount":31,"type":"NPC","drops":[{"name":"Ashes","id":592,"quantity":1,"price":48},{"name":"Air rune","id":556,"quantity":300,"price":4}],"date":"Jan 25, 2022, 12:56:33 AM"}
{"name":"Thermonuclear smoke devil","level":301,"killCount":32,"type":"NPC","drops":[{"name":"Ashes","id":592,"quantity":1,"price":48},{"name":"Air rune","id":556,"quantity":300,"price":4}],"date":"Jan 25, 2022, 12:57:14 AM"}
{"name":"Thermonuclear smoke devil","level":301,"killCount":33,"type":"NPC","drops":[{"name":"Ashes","id":592,"quantity":1,"price":48},{"name":"Red d\u0027hide body","id":2501,"quantity":1,"price":6175}],"date":"Jan 25, 2022, 12:57:56 AM"}
{"name":"Thermonuclear smoke devil","level":301,"killCount":34,"type":"NPC","drops":[{"name":"Ashes","id":592,"quantity":1,"price":48},{"name":"Mystic fire staff","id":1401,"quantity":1,"price":25172}],"date":"Jan 25, 2022, 12:58:36 AM"}
{"name":"Thermonuclear smoke devil","level":301,"killCount":35,"type":"NPC","drops":[{"name":"Ashes","id":592,"quantity":1,"price":48},{"name":"Mystic air staff","id":1405,"quantity":1,"price":24981}],"date":"Jan 25, 2022, 12:59:25 AM"}
{"name":"Thermonuclear smoke devil","level":301,"killCount":36,"type":"NPC","drops":[{"name":"Ashes","id":592,"quantity":1,"price":48},{"name":"Sanfew serum(4)","id":10925,"quantity":1,"price":27328},{"name":"Sanfew serum(4)","id":10925,"quantity":1,"price":27328}],"date":"Jan 25, 2022, 1:00:09 AM"}
{"name":"Thermonuclear smoke devil","level":301,"killCount":37,"type":"NPC","drops":[{"name":"Ashes","id":592,"quantity":1,"price":48},{"name":"Tuna potato","id":7060,"quantity":1,"price":1338},{"name":"Tuna potato","id":7060,"quantity":1,"price":1338},{"name":"Tuna potato","id":7060,"quantity":1,"price":1338}],"date":"Jan 25, 2022, 1:02:34 AM"}
{"name":"Thermonuclear smoke devil","level":301,"killCount":38,"type":"NPC","drops":[{"name":"Ashes","id":592,"quantity":1,"price":48},{"name":"Coins","id":995,"quantity":13394,"price":1}],"date":"Jan 25, 2022, 1:03:19 AM"}
{"name":"Thermonuclear smoke devil","level":301,"killCount":39,"type":"NPC","drops":[{"name":"Ashes","id":592,"quantity":1,"price":48},{"name":"Rune dagger","id":1213,"quantity":1,"price":4455}],"date":"Jan 25, 2022, 1:04:14 AM"}
{"name":"Thermonuclear smoke devil","level":301,"killCount":40,"type":"NPC","drops":[{"name":"Ashes","id":592,"quantity":1,"price":48},{"name":"Coins","id":995,"quantity":19728,"price":1}],"date":"Jan 25, 2022, 1:05:19 AM"}
{"name":"Thermonuclear smoke devil","level":301,"killCount":41,"type":"NPC","drops":[{"name":"Ashes","id":592,"quantity":1,"price":48},{"name":"Rune arrow","id":892,"quantity":100,"price":40}],"date":"Jan 25, 2022, 1:06:16 AM"}
{"name":"Thermonuclear smoke devil","level":301,"killCount":42,"type":"NPC","drops":[{"name":"Ashes","id":592,"quantity":1,"price":48},{"name":"Mithril bar","id":2360,"quantity":20,"price":659}],"date":"Jan 25, 2022, 1:06:51 AM"}
{"name":"Thermonuclear smoke devil","level":301,"killCount":43,"type":"NPC","drops":[{"name":"Ashes","id":592,"quantity":1,"price":48},{"name":"Snapdragon seed","id":5300,"quantity":2,"price":82116}],"date":"Jan 25, 2022, 1:07:30 AM"}
{"name":"Thermonuclear smoke devil","level":301,"killCount":44,"type":"NPC","drops":[{"name":"Ashes","id":592,"quantity":1,"price":48},{"name":"Air rune","id":556,"quantity":300,"price":4}],"date":"Jan 25, 2022, 1:08:29 AM"}
{"name":"Thermonuclear smoke devil","level":301,"killCount":45,"type":"NPC","drops":[{"name":"Ashes","id":592,"quantity":1,"price":48},{"name":"Tuna potato","id":7060,"quantity":1,"price":1338},{"name":"Tuna potato","id":7060,"quantity":1,"price":1338},{"name":"Tuna potato","id":7060,"quantity":1,"price":1338}],"date":"Jan 25, 2022, 1:09:31 AM"}
{"name":"Thermonuclear smoke devil","level":301,"killCount":46,"type":"NPC","drops":[{"name":"Ashes","id":592,"quantity":1,"price":48},{"name":"Rune dagger","id":1213,"quantity":1,"price":4455}],"date":"Jan 25, 2022, 1:10:25 AM"}
{"name":"Thermonuclear smoke devil","level":301,"killCount":47,"type":"NPC","drops":[{"name":"Ashes","id":592,"quantity":1,"price":48},{"name":"Mithril bar","id":2360,"quantity":20,"price":659}],"date":"Jan 25, 2022, 1:11:23 AM"}
{"name":"Thermonuclear smoke devil","level":301,"killCount":48,"type":"NPC","drops":[{"name":"Ashes","id":592,"quantity":1,"price":48},{"name":"Red d\u0027hide body","id":2501,"quantity":1,"price":6175}],"date":"Jan 25, 2022, 1:12:20 AM"}
{"name":"Thermonuclear smoke devil","level":301,"killCount":49,"type":"NPC","drops":[{"name":"Ashes","id":592,"quantity":1,"price":48},{"name":"Magic seed","id":5316,"quantity":1,"price":120492}],"date":"Jan 25, 2022, 1:13:19 AM"}
{"name":"Thermonuclear smoke devil","level":301,"killCount":50,"type":"NPC","drops":[{"name":"Ashes","id":592,"quantity":1,"price":48},{"name":"Rune dagger","id":1213,"quantity":1,"price":4455}],"date":"Jan 25, 2022, 1:14:06 AM"}
{"name":"Thermonuclear smoke devil","level":301,"killCount":51,"type":"NPC","drops":[{"name":"Ashes","id":592,"quantity":1,"price":48},{"name":"Soul rune","id":566,"quantity":60,"price":151}],"date":"Jan 25, 2022, 1:14:57 AM"}
{"name":"Thermonuclear smoke devil","level":301,"killCount":52,"type":"NPC","drops":[{"name":"Ashes","id":592,"quantity":1,"price":52},{"name":"Ugthanki kebab","id":1885,"quantity":1,"price":942},{"name":"Ugthanki kebab","id":1885,"quantity":1,"price":942},{"name":"Ugthanki kebab","id":1885,"quantity":1,"price":942}],"date":"Feb 4, 2022, 3:53:14 PM"}
{"name":"Thermonuclear smoke devil","level":301,"killCount":53,"type":"NPC","drops":[{"name":"Ashes","id":592,"quantity":1,"price":52},{"name":"Prayer potion(4)","id":2434,"quantity":1,"price":11991},{"name":"Prayer potion(4)","id":2434,"quantity":1,"price":11991}],"date":"Feb 4, 2022, 3:53:52 PM"}
{"name":"Thermonuclear smoke devil","level":301,"killCount":54,"type":"NPC","drops":[{"name":"Ashes","id":592,"quantity":1,"price":52},{"name":"Magic logs","id":1514,"quantity":20,"price":952}],"date":"Feb 4, 2022, 3:54:24 PM"}
{"name":"Thermonuclear smoke devil","level":301,"killCount":55,"type":"NPC","drops":[{"name":"Ashes","id":592,"quantity":1,"price":52},{"name":"Coal","id":454,"quantity":150,"price":157}],"date":"Feb 4, 2022, 3:55:06 PM"}
{"name":"Thermonuclear smoke devil","level":301,"killCount":56,"type":"NPC","drops":[{"name":"Ashes","id":592,"quantity":1,"price":52},{"name":"Tuna potato","id":7060,"quantity":1,"price":1859},{"name":"Tuna potato","id":7060,"quantity":1,"price":1859},{"name":"Tuna potato","id":7060,"quantity":1,"price":1859}],"date":"Feb 4, 2022, 3:56:05 PM"}
{"name":"Thermonuclear smoke devil","level":301,"killCount":57,"type":"NPC","drops":[{"name":"Ashes","id":592,"quantity":1,"price":52},{"name":"Rune chainbody","id":1113,"quantity":1,"price":29411}],"date":"Feb 4, 2022, 3:56:55 PM"}
{"name":"Thermonuclear smoke devil","level":301,"killCount":58,"type":"NPC","drops":[{"name":"Ashes","id":592,"quantity":1,"price":52},{"name":"Air rune","id":556,"quantity":300,"price":4}],"date":"Feb 4, 2022, 3:57:38 PM"}
{"name":"Thermonuclear smoke devil","level":301,"killCount":59,"type":"NPC","drops":[{"name":"Ashes","id":592,"quantity":1,"price":52},{"name":"Mithril bar","id":2360,"quantity":20,"price":658}],"date":"Feb 4, 2022, 3:59:12 PM"}
{"name":"Thermonuclear smoke devil","level":301,"killCount":60,"type":"NPC","drops":[{"name":"Ashes","id":592,"quantity":1,"price":52},{"name":"Smoke rune","id":4697,"quantity":100,"price":91}],"date":"Feb 4, 2022, 3:59:51 PM"}
{"name":"Thermonuclear smoke devil","level":301,"killCount":61,"type":"NPC","drops":[{"name":"Ashes","id":592,"quantity":1,"price":52},{"name":"Ancient staff","id":4675,"quantity":1,"price":61312}],"date":"Feb 4, 2022, 4:00:34 PM"}
{"name":"Thermonuclear smoke devil","level":301,"killCount":62,"type":"NPC","drops":[{"name":"Ashes","id":592,"quantity":1,"price":52},{"name":"Rune knife(p++)","id":5667,"quantity":50,"price":301}],"date":"Feb 4, 2022, 4:01:25 PM"}
{"name":"Thermonuclear smoke devil","level":301,"killCount":63,"type":"NPC","drops":[{"name":"Ashes","id":592,"quantity":1,"price":52},{"name":"Smoke rune","id":4697,"quantity":100,"price":91}],"date":"Feb 4, 2022, 4:02:03 PM"}
{"name":"Thermonuclear smoke devil","level":301,"killCount":64,"type":"NPC","drops":[{"name":"Ashes","id":592,"quantity":1,"price":52},{"name":"Air rune","id":556,"quantity":300,"price":4}],"date":"Feb 4, 2022, 4:02:48 PM"}
{"name":"Thermonuclear smoke devil","level":301,"killCount":65,"type":"NPC","drops":[{"name":"Ashes","id":592,"quantity":1,"price":52},{"name":"Coins","id":995,"quantity":17085,"price":1}],"date":"Feb 4, 2022, 4:03:54 PM"}
{"name":"Thermonuclear smoke devil","level":301,"killCount":66,"type":"NPC","drops":[{"name":"Ashes","id":592,"quantity":1,"price":52},{"name":"Sanfew serum(4)","id":10925,"quantity":1,"price":26412},{"name":"Sanfew serum(4)","id":10925,"quantity":1,"price":26412}],"date":"Feb 4, 2022, 4:04:48 PM"}
{"name":"Thermonuclear smoke devil","level":301,"killCount":67,"type":"NPC","drops":[{"name":"Ashes","id":592,"quantity":1,"price":52},{"name":"Rune battleaxe","id":1373,"quantity":1,"price":24434}],"date":"Feb 4, 2022, 4:07:39 PM"}
{"name":"Thermonuclear smoke devil","level":301,"killCount":68,"type":"NPC","drops":[{"name":"Ashes","id":592,"quantity":1,"price":52},{"name":"Coins","id":995,"quantity":18353,"price":1}],"date":"Feb 4, 2022, 4:08:16 PM"}
{"name":"Thermonuclear smoke devil","level":301,"killCount":69,"type":"NPC","drops":[{"name":"Ashes","id":592,"quantity":1,"price":52},{"name":"Rune arrow","id":892,"quantity":100,"price":49}],"date":"Feb 4, 2022, 4:08:53 PM"}
{"name":"Thermonuclear smoke devil","level":301,"killCount":70,"type":"NPC","drops":[{"name":"Ashes","id":592,"quantity":1,"price":52},{"name":"Sanfew serum(4)","id":10925,"quantity":1,"price":26412},{"name":"Sanfew serum(4)","id":10925,"quantity":1,"price":26412}],"date":"Feb 4, 2022, 4:09:32 PM"}
{"name":"Thermonuclear smoke devil","level":301,"killCount":71,"type":"NPC","drops":[{"name":"Ashes","id":592,"quantity":1,"price":52},{"name":"Tinderbox","id":590,"quantity":1,"price":69}],"date":"Feb 4, 2022, 4:10:11 PM"}
{"name":"Thermonuclear smoke devil","level":301,"killCount":72,"type":"NPC","drops":[{"name":"Ashes","id":592,"quantity":1,"price":52},{"name":"Rune dagger","id":1213,"quantity":1,"price":4400}],"date":"Feb 4, 2022, 4:10:51 PM"}
{"name":"Thermonuclear smoke devil","level":301,"killCount":73,"type":"NPC","drops":[{"name":"Ashes","id":592,"quantity":1,"price":52},{"name":"Rune chainbody","id":1113,"quantity":1,"price":29411}],"date":"Feb 4, 2022, 4:11:37 PM"}
{"name":"Thermonuclear smoke devil","level":301,"killCount":74,"type":"NPC","drops":[{"name":"Ashes","id":592,"quantity":1,"price":52},{"name":"Pure essence","id":7937,"quantity":300,"price":1}],"date":"Feb 4, 2022, 4:12:57 PM"}
{"name":"Thermonuclear smoke devil","level":301,"killCount":75,"type":"NPC","drops":[{"name":"Ashes","id":592,"quantity":1,"price":52},{"name":"Coins","id":995,"quantity":10118,"price":1}],"date":"Feb 4, 2022, 4:13:44 PM"}
{"name":"Thermonuclear smoke devil","level":301,"killCount":76,"type":"NPC","drops":[{"name":"Ashes","id":592,"quantity":1,"price":51},{"name":"Rune arrow","id":892,"quantity":100,"price":52}],"date":"Feb 4, 2022, 4:14:30 PM"}
{"name":"Thermonuclear smoke devil","level":301,"killCount":77,"type":"NPC","drops":[{"name":"Ashes","id":592,"quantity":1,"price":51},{"name":"Magic seed","id":5316,"quantity":1,"price":123768}],"date":"Feb 4, 2022, 4:15:16 PM"}
{"name":"Thermonuclear smoke devil","level":301,"killCount":78,"type":"NPC","drops":[{"name":"Ashes","id":592,"quantity":1,"price":51},{"name":"Air rune","id":556,"quantity":300,"price":4}],"date":"Feb 4, 2022, 4:16:11 PM"}
{"name":"Thermonuclear smoke devil","level":301,"killCount":79,"type":"NPC","drops":[{"name":"Ashes","id":592,"quantity":1,"price":51},{"name":"Mystic air staff","id":1405,"quantity":1,"price":25138}],"date":"Feb 4, 2022, 4:18:16 PM"}
{"name":"Thermonuclear smoke devil","level":301,"killCount":80,"type":"NPC","drops":[{"name":"Ashes","id":592,"quantity":1,"price":51},{"name":"Mystic air staff","id":1405,"quantity":1,"price":25138}],"date":"Feb 4, 2022, 4:18:58 PM"}
{"name":"Thermonuclear smoke devil","level":301,"killCount":81,"type":"NPC","drops":[{"name":"Ashes","id":592,"quantity":1,"price":51},{"name":"Grimy toadflax","id":3050,"quantity":15,"price":2392}],"date":"Feb 4, 2022, 4:19:41 PM"}
{"name":"Thermonuclear smoke devil","level":301,"killCount":82,"type":"NPC","drops":[{"name":"Ashes","id":592,"quantity":1,"price":51},{"name":"Fire talisman","id":1442,"quantity":1,"price":3972}],"date":"Feb 4, 2022, 4:20:50 PM"}
{"name":"Thermonuclear smoke devil","level":301,"killCount":83,"type":"NPC","drops":[{"name":"Ashes","id":592,"quantity":1,"price":51},{"name":"Rune scimitar","id":1333,"quantity":1,"price":15465}],"date":"Feb 4, 2022, 4:21:27 PM"}
{"name":"Thermonuclear smoke devil","level":301,"killCount":84,"type":"NPC","drops":[{"name":"Ashes","id":592,"quantity":1,"price":51},{"name":"Rune scimitar","id":1333,"quantity":1,"price":15465}],"date":"Feb 4, 2022, 4:22:26 PM"}
{"name":"Thermonuclear smoke devil","level":301,"killCount":85,"type":"NPC","drops":[{"name":"Ashes","id":592,"quantity":1,"price":51},{"name":"Bullseye lantern","id":4548,"quantity":1,"price":1086}],"date":"Feb 4, 2022, 4:23:08 PM"}
{"name":"Thermonuclear smoke devil","level":301,"killCount":86,"type":"NPC","drops":[{"name":"Ashes","id":592,"quantity":1,"price":51},{"name":"Molten glass","id":1776,"quantity":100,"price":123}],"date":"Feb 4, 2022, 4:23:50 PM"}
{"name":"Thermonuclear smoke devil","level":301,"killCount":87,"type":"NPC","drops":[{"name":"Ashes","id":592,"quantity":1,"price":51},{"name":"Rune chainbody","id":1113,"quantity":1,"price":29451}],"date":"Feb 4, 2022, 4:24:23 PM"}
{"name":"Thermonuclear smoke devil","level":301,"killCount":88,"type":"NPC","drops":[{"name":"Ashes","id":592,"quantity":1,"price":51},{"name":"Coins","id":995,"quantity":16269,"price":1}],"date":"Feb 4, 2022, 4:25:02 PM"}
{"name":"Thermonuclear smoke devil","level":301,"killCount":89,"type":"NPC","drops":[{"name":"Ashes","id":592,"quantity":1,"price":51},{"name":"Air rune","id":556,"quantity":300,"price":4}],"date":"Feb 4, 2022, 4:25:52 PM"}
{"name":"Thermonuclear smoke devil","level":301,"killCount":90,"type":"NPC","drops":[{"name":"Ashes","id":592,"quantity":1,"price":51},{"name":"Bullseye lantern","id":4548,"quantity":1,"price":1086}],"date":"Feb 4, 2022, 4:26:32 PM"}
{"name":"Thermonuclear smoke devil","level":301,"killCount":91,"type":"NPC","drops":[{"name":"Ashes","id":592,"quantity":1,"price":51},{"name":"Mystic fire staff","id":1401,"quantity":1,"price":25825}],"date":"Feb 4, 2022, 4:28:52 PM"}
{"name":"Thermonuclear smoke devil","level":301,"killCount":92,"type":"NPC","drops":[{"name":"Ashes","id":592,"quantity":1,"price":51},{"name":"Coins","id":995,"quantity":11068,"price":1}],"date":"Feb 4, 2022, 4:30:06 PM"}
{"name":"Thermonuclear smoke devil","level":301,"killCount":93,"type":"NPC","drops":[{"name":"Ashes","id":592,"quantity":1,"price":51},{"name":"Pure essence","id":7937,"quantity":300,"price":1}],"date":"Feb 4, 2022, 4:30:46 PM"}
{"name":"Thermonuclear smoke devil","level":301,"killCount":94,"type":"NPC","drops":[{"name":"Ashes","id":592,"quantity":1,"price":51},{"name":"Grimy toadflax","id":3050,"quantity":15,"price":2392}],"date":"Feb 4, 2022, 4:31:29 PM"}
{"name":"Thermonuclear smoke devil","level":301,"killCount":95,"type":"NPC","drops":[{"name":"Ashes","id":592,"quantity":1,"price":51},{"name":"Red d\u0027hide body","id":2501,"quantity":1,"price":6458}],"date":"Feb 4, 2022, 4:31:59 PM"}
{"name":"Thermonuclear smoke devil","level":301,"killCount":96,"type":"NPC","drops":[{"name":"Ashes","id":592,"quantity":1,"price":51},{"name":"Smoke rune","id":4697,"quantity":100,"price":90}],"date":"Feb 4, 2022, 4:32:41 PM"}
{"name":"Thermonuclear smoke devil","level":301,"killCount":97,"type":"NPC","drops":[{"name":"Ashes","id":592,"quantity":1,"price":51},{"name":"Rune chainbody","id":1113,"quantity":1,"price":29451}],"date":"Feb 4, 2022, 4:33:15 PM"}
{"name":"Thermonuclear smoke devil","level":301,"killCount":98,"type":"NPC","drops":[{"name":"Ashes","id":592,"quantity":1,"price":51},{"name":"Soul rune","id":566,"quantity":60,"price":148}],"date":"Feb 4, 2022, 4:33:53 PM"}
{"name":"Thermonuclear smoke devil","level":301,"killCount":99,"type":"NPC","drops":[{"name":"Ashes","id":592,"quantity":1,"price":51},{"name":"Rune chainbody","id":1113,"quantity":1,"price":29451}],"date":"Feb 4, 2022, 4:34:32 PM"}
{"name":"Thermonuclear smoke devil","level":301,"killCount":100,"type":"NPC","drops":[{"name":"Ashes","id":592,"quantity":1,"price":51},{"name":"Coins","id":995,"quantity":13525,"price":1}],"date":"Feb 4, 2022, 4:35:29 PM"}
{"name":"Thermonuclear smoke devil","level":301,"killCount":101,"type":"NPC","drops":[{"name":"Ashes","id":592,"quantity":1,"price":51},{"name":"Rune chainbody","id":1113,"quantity":1,"price":29451}],"date":"Feb 4, 2022, 4:36:53 PM"}
{"name":"Thermonuclear smoke devil","level":301,"killCount":102,"type":"NPC","drops":[{"name":"Ashes","id":592,"quantity":1,"price":51},{"name":"Ugthanki kebab","id":1885,"quantity":1,"price":942},{"name":"Ugthanki kebab","id":1885,"quantity":1,"price":942},{"name":"Ugthanki kebab","id":1885,"quantity":1,"price":942}],"date":"Feb 4, 2022, 4:37:51 PM"}
{"name":"Thermonuclear smoke devil","level":301,"killCount":103,"type":"NPC","drops":[{"name":"Ashes","id":592,"quantity":1,"price":51},{"name":"Tinderbox","id":590,"quantity":1,"price":77}],"date":"Feb 4, 2022, 4:38:45 PM"}
{"name":"Thermonuclear smoke devil","level":301,"killCount":104,"type":"NPC","drops":[{"name":"Ashes","id":592,"quantity":1,"price":51},{"name":"Grimy toadflax","id":3050,"quantity":15,"price":2392}],"date":"Feb 4, 2022, 4:39:39 PM"}
{"name":"Thermonuclear smoke devil","level":301,"killCount":105,"type":"NPC","drops":[{"name":"Ashes","id":592,"quantity":1,"price":51},{"name":"Coal","id":454,"quantity":150,"price":159}],"date":"Feb 4, 2022, 4:40:41 PM"}
{"name":"Thermonuclear smoke devil","level":301,"killCount":106,"type":"NPC","drops":[{"name":"Ashes","id":592,"quantity":1,"price":52},{"name":"Ancient staff","id":4675,"quantity":1,"price":60248}],"date":"Feb 4, 2022, 4:44:15 PM"}
{"name":"Thermonuclear smoke devil","level":301,"killCount":107,"type":"NPC","drops":[{"name":"Ashes","id":592,"quantity":1,"price":52},{"name":"Mystic air staff","id":1405,"quantity":1,"price":25138}],"date":"Feb 4, 2022, 4:44:48 PM"}
{"name":"Thermonuclear smoke devil","level":301,"killCount":108,"type":"NPC","drops":[{"name":"Ashes","id":592,"quantity":1,"price":52},{"name":"Rune battleaxe","id":1373,"quantity":1,"price":24434}],"date":"Feb 4, 2022, 4:45:38 PM"}
{"name":"Thermonuclear smoke devil","level":301,"killCount":109,"type":"NPC","drops":[{"name":"Ashes","id":592,"quantity":1,"price":52},{"name":"Rune chainbody","id":1113,"quantity":1,"price":29442}],"date":"Feb 4, 2022, 4:46:30 PM"}
{"name":"Thermonuclear smoke devil","level":301,"killCount":110,"type":"NPC","drops":[{"name":"Ashes","id":592,"quantity":1,"price":52},{"name":"Gold ore","id":445,"quantity":200,"price":289}],"date":"Feb 4, 2022, 4:47:21 PM"}
{"name":"Thermonuclear smoke devil","level":301,"killCount":111,"type":"NPC","drops":[{"name":"Ashes","id":592,"quantity":1,"price":52},{"name":"Grimy toadflax","id":3050,"quantity":15,"price":2372}],"date":"Feb 4, 2022, 4:48:11 PM"}
{"name":"Thermonuclear smoke devil","level":301,"killCount":112,"type":"NPC","drops":[{"name":"Ashes","id":592,"quantity":1,"price":52},{"name":"Soul rune","id":566,"quantity":60,"price":149}],"date":"Feb 4, 2022, 4:48:55 PM"}
{"name":"Thermonuclear smoke devil","level":301,"killCount":113,"type":"NPC","drops":[{"name":"Ashes","id":592,"quantity":1,"price":52},{"name":"Grimy toadflax","id":3050,"quantity":15,"price":2372}],"date":"Feb 4, 2022, 4:49:38 PM"}
{"name":"Thermonuclear smoke devil","level":301,"killCount":114,"type":"NPC","drops":[{"name":"Ashes","id":592,"quantity":1,"price":52},{"name":"Sanfew serum(4)","id":10925,"quantity":1,"price":26957},{"name":"Sanfew serum(4)","id":10925,"quantity":1,"price":26957}],"date":"Feb 4, 2022, 4:50:25 PM"}
{"name":"Thermonuclear smoke devil","level":301,"killCount":115,"type":"NPC","drops":[{"name":"Ashes","id":592,"quantity":1,"price":52},{"name":"Magic seed","id":5316,"quantity":1,"price":123611}],"date":"Feb 4, 2022, 4:51:33 PM"}
{"name":"Thermonuclear smoke devil","level":301,"killCount":116,"type":"NPC","drops":[{"name":"Ashes","id":592,"quantity":1,"price":52},{"name":"Sanfew serum(4)","id":10925,"quantity":1,"price":26957},{"name":"Sanfew serum(4)","id":10925,"quantity":1,"price":26957}],"date":"Feb 4, 2022, 4:52:18 PM"}
{"name":"Thermonuclear smoke devil","level":301,"killCount":117,"type":"NPC","drops":[{"name":"Ashes","id":592,"quantity":1,"price":52},{"name":"Magic logs","id":1514,"quantity":20,"price":979}],"date":"Feb 4, 2022, 4:53:08 PM"}
{"name":"Thermonuclear smoke devil","level":301,"killCount":118,"type":"NPC","drops":[{"name":"Ashes","id":592,"quantity":1,"price":52},{"name":"Tuna potato","id":7060,"quantity":1,"price":1619},{"name":"Tuna potato","id":7060,"quantity":1,"price":1619},{"name":"Tuna potato","id":7060,"quantity":1,"price":1619}],"date":"Feb 4, 2022, 4:55:19 PM"}
{"name":"Thermonuclear smoke devil","level":301,"killCount":119,"type":"NPC","drops":[{"name":"Ashes","id":592,"quantity":1,"price":52},{"name":"Rune chainbody","id":1113,"quantity":1,"price":29442}],"date":"Feb 4, 2022, 4:59:29 PM"}
{"name":"Thermonuclear smoke devil","level":301,"killCount":120,"type":"NPC","drops":[{"name":"Ashes","id":592,"quantity":1,"price":52},{"name":"Desert goat horn","id":9738,"quantity":50,"price":51}],"date":"Feb 4, 2022, 5:00:08 PM"}
{"name":"Thermonuclear smoke devil","level":301,"killCount":121,"type":"NPC","drops":[{"name":"Ashes","id":592,"quantity":1,"price":52},{"name":"Coins","id":995,"quantity":12688,"price":1}],"date":"Feb 4, 2022, 5:00:58 PM"}
{"name":"Thermonuclear smoke devil","level":301,"killCount":122,"type":"NPC","drops":[{"name":"Ashes","id":592,"quantity":1,"price":52},{"name":"Smoke rune","id":4697,"quantity":100,"price":90}],"date":"Feb 4, 2022, 5:01:50 PM"}
{"name":"Thermonuclear smoke devil","level":301,"killCount":123,"type":"NPC","drops":[{"name":"Ashes","id":592,"quantity":1,"price":52},{"name":"Smoke rune","id":4697,"quantity":100,"price":90}],"date":"Feb 4, 2022, 5:02:58 PM"}
{"name":"Thermonuclear smoke devil","level":301,"killCount":124,"type":"NPC","drops":[{"name":"Ashes","id":592,"quantity":1,"price":52},{"name":"Tinderbox","id":590,"quantity":1,"price":72}],"date":"Feb 4, 2022, 5:03:57 PM"}
{"name":"Thermonuclear smoke devil","level":301,"killCount":125,"type":"NPC","drops":[{"name":"Ashes","id":592,"quantity":1,"price":52},{"name":"Mystic fire staff","id":1401,"quantity":1,"price":25825}],"date":"Feb 4, 2022, 5:04:55 PM"}
{"name":"Thermonuclear smoke devil","level":301,"killCount":126,"type":"NPC","drops":[{"name":"Ashes","id":592,"quantity":1,"price":52},{"name":"Rune dagger","id":1213,"quantity":1,"price":4273}],"date":"Feb 4, 2022, 5:05:40 PM"}
{"name":"Thermonuclear smoke devil","level":301,"killCount":127,"type":"NPC","drops":[{"name":"Ashes","id":592,"quantity":1,"price":52},{"name":"Rune battleaxe","id":1373,"quantity":1,"price":24434}],"date":"Feb 4, 2022, 5:06:08 PM"}
{"name":"Thermonuclear smoke devil","level":301,"killCount":128,"type":"NPC","drops":[{"name":"Ashes","id":592,"quantity":1,"price":52},{"name":"Coins","id":995,"quantity":11682,"price":1}],"date":"Feb 4, 2022, 5:07:07 PM"}
{"name":"Thermonuclear smoke devil","level":301,"killCount":129,"type":"NPC","drops":[{"name":"Ashes","id":592,"quantity":1,"price":52},{"name":"Rune dagger","id":1213,"quantity":1,"price":4273}],"date":"Feb 4, 2022, 5:07:46 PM"}
{"name":"Thermonuclear smoke devil","level":301,"killCount":130,"type":"NPC","drops":[{"name":"Ashes","id":592,"quantity":1,"price":52},{"name":"Mystic fire staff","id":1401,"quantity":1,"price":25825}],"date":"Feb 4, 2022, 5:08:39 PM"}
{"name":"Thermonuclear smoke devil","level":301,"killCount":131,"type":"NPC","drops":[{"name":"Ashes","id":592,"quantity":1,"price":52},{"name":"Snapdragon seed","id":5300,"quantity":2,"price":81545}],"date":"Feb 4, 2022, 5:10:47 PM"}
{"name":"Thermonuclear smoke devil","level":301,"killCount":132,"type":"NPC","drops":[{"name":"Ashes","id":592,"quantity":1,"price":52},{"name":"Coins","id":995,"quantity":19944,"price":1}],"date":"Feb 4, 2022, 5:11:33 PM"}
{"name":"Thermonuclear smoke devil","level":301,"killCount":133,"type":"NPC","drops":[{"name":"Ashes","id":592,"quantity":1,"price":52},{"name":"Coins","id":995,"quantity":12536,"price":1}],"date":"Feb 4, 2022, 5:12:15 PM"}
{"name":"Thermonuclear smoke devil","level":301,"killCount":134,"type":"NPC","drops":[{"name":"Ashes","id":592,"quantity":1,"price":52},{"name":"Coins","id":995,"quantity":12635,"price":1}],"date":"Feb 4, 2022, 5:12:52 PM"}
{"name":"Thermonuclear smoke devil","level":301,"killCount":135,"type":"NPC","drops":[{"name":"Ashes","id":592,"quantity":1,"price":52},{"name":"Smoke rune","id":4697,"quantity":100,"price":90}],"date":"Feb 4, 2022, 5:13:46 PM"}
{"name":"Thermonuclear smoke devil","level":301,"killCount":136,"type":"NPC","drops":[{"name":"Ashes","id":592,"quantity":1,"price":52},{"name":"Mithril bar","id":2360,"quantity":20,"price":649}],"date":"Feb 4, 2022, 5:14:40 PM"}
{"name":"Thermonuclear smoke devil","level":301,"killCount":137,"type":"NPC","drops":[{"name":"Ashes","id":592,"quantity":1,"price":52},{"name":"Mystic air staff","id":1405,"quantity":1,"price":25138}],"date":"Feb 4, 2022, 5:15:25 PM"}
{"name":"Thermonuclear smoke devil","level":301,"killCount":138,"type":"NPC","drops":[{"name":"Ashes","id":592,"quantity":1,"price":52},{"name":"Onyx bolt tips","id":9194,"quantity":12,"price":8247}],"date":"Feb 4, 2022, 5:16:37 PM"}
{"name":"Thermonuclear smoke devil","level":301,"killCount":139,"type":"NPC","drops":[{"name":"Ashes","id":592,"quantity":1,"price":52},{"name":"Air rune","id":556,"quantity":300,"price":4}],"date":"Feb 4, 2022, 5:17:21 PM"}
{"name":"Thermonuclear smoke devil","level":301,"killCount":140,"type":"NPC","drops":[{"name":"Ashes","id":592,"quantity":1,"price":52},{"name":"Air rune","id":556,"quantity":300,"price":4}],"date":"Feb 4, 2022, 5:18:06 PM"}
{"name":"Thermonuclear smoke devil","level":301,"killCount":141,"type":"NPC","drops":[{"name":"Ashes","id":592,"quantity":1,"price":52}],"date":"Feb 4, 2022, 5:18:55 PM"}
{"name":"Thermonuclear smoke devil","level":301,"killCount":142,"type":"NPC","drops":[{"name":"Ashes","id":592,"quantity":1,"price":52},{"name":"Magic seed","id":5316,"quantity":1,"price":123160}],"date":"Feb 4, 2022, 5:21:10 PM"}
{"name":"Thermonuclear smoke devil","level":301,"killCount":143,"type":"NPC","drops":[{"name":"Ashes","id":592,"quantity":1,"price":52},{"name":"Coins","id":995,"quantity":18855,"price":1}],"date":"Feb 4, 2022, 5:22:00 PM"}
{"name":"Thermonuclear smoke devil","level":301,"killCount":144,"type":"NPC","drops":[{"name":"Ashes","id":592,"quantity":1,"price":52},{"name":"Magic logs","id":1514,"quantity":20,"price":977}],"date":"Feb 4, 2022, 5:22:55 PM"}
{"name":"Thermonuclear smoke devil","level":301,"killCount":145,"type":"NPC","drops":[{"name":"Ashes","id":592,"quantity":1,"price":52},{"name":"Air rune","id":556,"quantity":300,"price":4}],"date":"Feb 4, 2022, 5:23:35 PM"}
{"name":"Thermonuclear smoke devil","level":301,"killCount":146,"type":"NPC","drops":[{"name":"Ashes","id":592,"quantity":1,"price":52},{"name":"Desert goat horn","id":9738,"quantity":50,"price":77}],"date":"Feb 4, 2022, 5:24:22 PM"}
{"name":"Thermonuclear smoke devil","level":301,"killCount":147,"type":"NPC","drops":[{"name":"Ashes","id":592,"quantity":1,"price":52},{"name":"Coins","id":995,"quantity":11429,"price":1}],"date":"Feb 4, 2022, 5:25:04 PM"}
{"name":"Thermonuclear smoke devil","level":301,"killCount":148,"type":"NPC","drops":[{"name":"Ashes","id":592,"quantity":1,"price":52}],"date":"Feb 4, 2022, 5:25:42 PM"}
{"name":"Thermonuclear smoke devil","level":301,"killCount":149,"type":"NPC","drops":[{"name":"Ashes","id":592,"quantity":1,"price":52},{"name":"Mithril bar","id":2360,"quantity":20,"price":649}],"date":"Feb 4, 2022, 5:26:23 PM"}
{"name":"Thermonuclear smoke devil","level":301,"killCount":150,"type":"NPC","drops":[{"name":"Ashes","id":592,"quantity":1,"price":52},{"name":"Desert goat horn","id":9738,"quantity":50,"price":77}],"date":"Feb 4, 2022, 5:27:26 PM"}
{"name":"Thermonuclear smoke devil","level":301,"killCount":151,"type":"NPC","drops":[{"name":"Ashes","id":592,"quantity":1,"price":52},{"name":"Bullseye lantern","id":4548,"quantity":1,"price":834}],"date":"Feb 4, 2022, 5:28:23 PM"}
{"name":"Thermonuclear smoke devil","level":301,"killCount":152,"type":"NPC","drops":[{"name":"Ashes","id":592,"quantity":1,"price":52},{"name":"Coins","id":995,"quantity":14036,"price":1}],"date":"Feb 4, 2022, 5:29:04 PM"}
{"name":"Thermonuclear smoke devil","level":301,"killCount":153,"type":"NPC","drops":[{"name":"Ashes","id":592,"quantity":1,"price":52},{"name":"Mystic fire staff","id":1401,"quantity":1,"price":25283}],"date":"Feb 4, 2022, 5:29:36 PM"}
{"name":"Thermonuclear smoke devil","level":301,"killCount":154,"type":"NPC","drops":[{"name":"Ashes","id":592,"quantity":1,"price":52},{"name":"Rune dagger","id":1213,"quantity":1,"price":4264}],"date":"Feb 4, 2022, 5:31:20 PM"}
{"name":"Thermonuclear smoke devil","level":301,"killCount":155,"type":"NPC","drops":[{"name":"Ashes","id":592,"quantity":1,"price":52},{"name":"Rune battleaxe","id":1373,"quantity":1,"price":24346}],"date":"Feb 4, 2022, 5:32:09 PM"}
{"name":"Thermonuclear smoke devil","level":301,"killCount":156,"type":"NPC","drops":[{"name":"Ashes","id":592,"quantity":1,"price":52},{"name":"Air rune","id":556,"quantity":300,"price":4}],"date":"Feb 4, 2022, 5:32:50 PM"}
{"name":"Thermonuclear smoke devil","level":301,"killCount":157,"type":"NPC","drops":[{"name":"Ashes","id":592,"quantity":1,"price":52},{"name":"Snapdragon seed","id":5300,"quantity":2,"price":82131}],"date":"Feb 4, 2022, 5:33:49 PM"}
{"name":"Thermonuclear smoke devil","level":301,"killCount":158,"type":"NPC","drops":[{"name":"Ashes","id":592,"quantity":1,"price":52},{"name":"Coins","id":995,"quantity":15468,"price":1}],"date":"Feb 4, 2022, 5:34:53 PM"}
{"name":"Thermonuclear smoke devil","level":301,"killCount":159,"type":"NPC","drops":[{"name":"Ashes","id":592,"quantity":1,"price":52},{"name":"Gold ore","id":445,"quantity":200,"price":288}],"date":"Feb 4, 2022, 5:35:41 PM"}
{"name":"Thermonuclear smoke devil","level":301,"killCount":160,"type":"NPC","drops":[{"name":"Ashes","id":592,"quantity":1,"price":52},{"name":"Mystic fire staff","id":1401,"quantity":1,"price":25283}],"date":"Feb 4, 2022, 5:36:38 PM"}
{"name":"Thermonuclear smoke devil","level":301,"killCount":161,"type":"NPC","drops":[{"name":"Ashes","id":592,"quantity":1,"price":52},{"name":"Coins","id":995,"quantity":17262,"price":1}],"date":"Feb 4, 2022, 5:37:36 PM"}
{"name":"Thermonuclear smoke devil","level":301,"killCount":162,"type":"NPC","drops":[{"name":"Ashes","id":592,"quantity":1,"price":52},{"name":"Coins","id":995,"quantity":12927,"price":1}],"date":"Feb 4, 2022, 5:38:32 PM"}
{"name":"Thermonuclear smoke devil","level":301,"killCount":163,"type":"NPC","drops":[{"name":"Ashes","id":592,"quantity":1,"price":52},{"name":"Coins","id":995,"quantity":12846,"price":1}],"date":"Feb 4, 2022, 5:39:17 PM"}
{"name":"Thermonuclear smoke devil","level":301,"killCount":164,"type":"NPC","drops":[{"name":"Ashes","id":592,"quantity":1,"price":52},{"name":"Coins","id":995,"quantity":14357,"price":1}],"date":"Feb 4, 2022, 5:40:18 PM"}
{"name":"Thermonuclear smoke devil","level":301,"killCount":165,"type":"NPC","drops":[{"name":"Ashes","id":592,"quantity":1,"price":52},{"name":"Grapes","id":1988,"quantity":100,"price":30}],"date":"Feb 4, 2022, 5:42:12 PM"}
{"name":"Thermonuclear smoke devil","level":301,"killCount":166,"type":"NPC","drops":[{"name":"Ashes","id":592,"quantity":1,"price":52},{"name":"Snapdragon seed","id":5300,"quantity":2,"price":82131}],"date":"Feb 4, 2022, 5:42:38 PM"}
{"name":"Thermonuclear smoke devil","level":301,"killCount":167,"type":"NPC","drops":[{"name":"Ashes","id":592,"quantity":1,"price":52},{"name":"Coal","id":454,"quantity":150,"price":156}],"date":"Feb 4, 2022, 5:43:22 PM"}
{"name":"Thermonuclear smoke devil","level":301,"killCount":168,"type":"NPC","drops":[{"name":"Ashes","id":592,"quantity":1,"price":54},{"name":"Soul rune","id":566,"quantity":60,"price":148}],"date":"Feb 4, 2022, 5:44:13 PM"}
{"name":"Thermonuclear smoke devil","level":301,"killCount":169,"type":"NPC","drops":[{"name":"Ashes","id":592,"quantity":1,"price":54},{"name":"Desert goat horn","id":9738,"quantity":50,"price":65}],"date":"Feb 4, 2022, 5:45:05 PM"}
{"name":"Thermonuclear smoke devil","level":301,"killCount":170,"type":"NPC","drops":[{"name":"Ashes","id":592,"quantity":1,"price":54},{"name":"Smoke rune","id":4697,"quantity":100,"price":87}],"date":"Feb 4, 2022, 5:45:37 PM"}
{"name":"Thermonuclear smoke devil","level":301,"killCount":171,"type":"NPC","drops":[{"name":"Ashes","id":592,"quantity":1,"price":54},{"name":"Mystic air staff","id":1405,"quantity":1,"price":25118}],"date":"Feb 4, 2022, 5:46:14 PM"}
{"name":"Thermonuclear smoke devil","level":301,"killCount":172,"type":"NPC","drops":[{"name":"Ashes","id":592,"quantity":1,"price":54},{"name":"Gold ore","id":445,"quantity":200,"price":287}],"date":"Feb 4, 2022, 5:46:57 PM"}
{"name":"Thermonuclear smoke devil","level":301,"killCount":173,"type":"NPC","drops":[{"name":"Ashes","id":592,"quantity":1,"price":54},{"name":"Mithril bar","id":2360,"quantity":20,"price":650}],"date":"Feb 4, 2022, 5:47:51 PM"}
{"name":"Thermonuclear smoke devil","level":301,"killCount":174,"type":"NPC","drops":[{"name":"Ashes","id":592,"quantity":1,"price":54},{"name":"Snapdragon seed","id":5300,"quantity":2,"price":82264}],"date":"Feb 4, 2022, 5:48:51 PM"}
{"name":"Thermonuclear smoke devil","level":301,"killCount":175,"type":"NPC","drops":[{"name":"Ashes","id":592,"quantity":1,"price":54},{"name":"Ugthanki kebab","id":1885,"quantity":1,"price":942},{"name":"Ugthanki kebab","id":1885,"quantity":1,"price":942},{"name":"Ugthanki kebab","id":1885,"quantity":1,"price":942}],"date":"Feb 4, 2022, 5:49:58 PM"}
{"name":"Thermonuclear smoke devil","level":301,"killCount":176,"type":"NPC","drops":[{"name":"Ashes","id":592,"quantity":1,"price":54},{"name":"Magic logs","id":1514,"quantity":20,"price":982}],"date":"Feb 4, 2022, 5:50:40 PM"}
{"name":"Thermonuclear smoke devil","level":301,"killCount":177,"type":"NPC","drops":[{"name":"Ashes","id":592,"quantity":1,"price":54},{"name":"Rune dagger","id":1213,"quantity":1,"price":4384}],"date":"Feb 4, 2022, 5:51:23 PM"}
