{"name":"Thrower Troll","level":67,"killCount":-1,"type":"NPC","drops":[{"name":"Big bones","id":532,"quantity":1,"price":124},{"name":"Coins","id":995,"quantity":35,"price":1}],"date":"Dec 30, 2021, 2:00:44 AM"}
{"name":"Thrower Troll","level":67,"killCount":-1,"type":"NPC","drops":[{"name":"Big bones","id":532,"quantity":1,"price":133},{"name":"Coins","id":995,"quantity":35,"price":1}],"date":"Dec 30, 2021, 2:02:05 AM"}
{"name":"Thrower Troll","level":67,"killCount":-1,"type":"NPC","drops":[{"name":"Big bones","id":532,"quantity":1,"price":133},{"name":"Coal","id":454,"quantity":3,"price":155}],"date":"Dec 30, 2021, 2:02:51 AM"}
{"name":"Thrower Troll","level":67,"killCount":-1,"type":"NPC","drops":[{"name":"Big bones","id":532,"quantity":1,"price":133},{"name":"Black warhammer","id":1341,"quantity":1,"price":574}],"date":"Dec 30, 2021, 2:03:22 AM"}
{"name":"Thrower Troll","level":67,"killCount":-1,"type":"NPC","drops":[{"name":"Big bones","id":532,"quantity":1,"price":133},{"name":"Coins","id":995,"quantity":35,"price":1}],"date":"Dec 30, 2021, 2:03:26 AM"}
{"name":"Thrower Troll","level":67,"killCount":-1,"type":"NPC","drops":[{"name":"Big bones","id":532,"quantity":1,"price":133},{"name":"Coins","id":995,"quantity":100,"price":1}],"date":"Dec 30, 2021, 2:04:14 AM"}
{"name":"Thrower Troll","level":67,"killCount":-1,"type":"NPC","drops":[{"name":"Big bones","id":532,"quantity":1,"price":133},{"name":"Coins","id":995,"quantity":35,"price":1}],"date":"Dec 30, 2021, 2:05:31 AM"}
{"name":"Thrower Troll","level":67,"killCount":-1,"type":"NPC","drops":[{"name":"Big bones","id":532,"quantity":1,"price":133},{"name":"Watermelon seed","id":5321,"quantity":1,"price":13}],"date":"Dec 30, 2021, 2:05:55 AM"}
{"name":"Thrower Troll","level":67,"killCount":-1,"type":"NPC","drops":[{"name":"Big bones","id":532,"quantity":1,"price":133},{"name":"Snape grass seed","id":22879,"quantity":1,"price":1852}],"date":"Dec 30, 2021, 2:07:53 AM"}
{"name":"Thrower Troll","level":67,"killCount":-1,"type":"NPC","drops":[{"name":"Big bones","id":532,"quantity":1,"price":133},{"name":"Raw mackerel","id":354,"quantity":3,"price":43}],"date":"Dec 30, 2021, 2:08:37 AM"}
{"name":"Thrower Troll","level":67,"killCount":-1,"type":"NPC","drops":[{"name":"Big bones","id":532,"quantity":1,"price":133},{"name":"Uncut sapphire","id":1623,"quantity":1,"price":352}],"date":"Dec 30, 2021, 2:09:34 AM"}
{"name":"Thrower Troll","level":67,"killCount":-1,"type":"NPC","drops":[{"name":"Big bones","id":532,"quantity":1,"price":133},{"name":"Coins","id":995,"quantity":100,"price":1}],"date":"Dec 30, 2021, 2:10:31 AM"}
{"name":"Thrower Troll","level":67,"killCount":-1,"type":"NPC","drops":[{"name":"Big bones","id":532,"quantity":1,"price":133},{"name":"Coins","id":995,"quantity":35,"price":1}],"date":"Dec 30, 2021, 2:10:40 AM"}
{"name":"Thrower Troll","level":67,"killCount":-1,"type":"NPC","drops":[{"name":"Big bones","id":532,"quantity":1,"price":133},{"name":"Coal","id":454,"quantity":3,"price":155}],"date":"Dec 30, 2021, 2:10:56 AM"}
{"name":"Thrower Troll","level":67,"killCount":-1,"type":"NPC","drops":[{"name":"Big bones","id":532,"quantity":1,"price":133}],"date":"Dec 30, 2021, 2:11:38 AM"}
{"name":"Thrower Troll","level":67,"killCount":-1,"type":"NPC","drops":[{"name":"Big bones","id":532,"quantity":1,"price":133},{"name":"Coins","id":995,"quantity":35,"price":1}],"date":"Dec 30, 2021, 2:12:50 AM"}
{"name":"Thrower Troll","level":67,"killCount":-1,"type":"NPC","drops":[{"name":"Big bones","id":532,"quantity":1,"price":133},{"name":"Raw mackerel","id":354,"quantity":3,"price":43}],"date":"Dec 30, 2021, 2:13:15 AM"}
{"name":"Thrower Troll","level":67,"killCount":-1,"type":"NPC","drops":[{"name":"Big bones","id":532,"quantity":1,"price":133},{"name":"Coins","id":995,"quantity":35,"price":1}],"date":"Dec 30, 2021, 2:13:58 AM"}
{"name":"Thrower Troll","level":67,"killCount":-1,"type":"NPC","drops":[{"name":"Ensouled troll head","id":13483,"quantity":1,"price":1279},{"name":"Big bones","id":532,"quantity":1,"price":133},{"name":"Coins","id":995,"quantity":8,"price":1}],"date":"Dec 30, 2021, 2:16:22 AM"}
{"name":"Thrower Troll","level":67,"killCount":-1,"type":"NPC","drops":[{"name":"Big bones","id":532,"quantity":1,"price":133},{"name":"Grimy harralander","id":205,"quantity":1,"price":725}],"date":"Dec 30, 2021, 2:16:36 AM"}
{"name":"Thrower Troll","level":67,"killCount":-1,"type":"NPC","drops":[{"name":"Big bones","id":532,"quantity":1,"price":133},{"name":"Coins","id":995,"quantity":8,"price":1}],"date":"Dec 30, 2021, 2:16:46 AM"}
{"name":"Thrower Troll","level":67,"killCount":-1,"type":"NPC","drops":[{"name":"Big bones","id":532,"quantity":1,"price":133},{"name":"Coins","id":995,"quantity":35,"price":1}],"date":"Dec 30, 2021, 2:17:09 AM"}
{"name":"Thrower Troll","level":67,"killCount":-1,"type":"NPC","drops":[{"name":"Big bones","id":532,"quantity":1,"price":133},{"name":"Coins","id":995,"quantity":50,"price":1}],"date":"Dec 30, 2021, 2:18:04 AM"}
{"name":"Thrower Troll","level":67,"killCount":-1,"type":"NPC","drops":[{"name":"Big bones","id":532,"quantity":1,"price":133},{"name":"Coins","id":995,"quantity":35,"price":1}],"date":"Dec 30, 2021, 2:18:19 AM"}
{"name":"Thrower Troll","level":67,"killCount":-1,"type":"NPC","drops":[{"name":"Big bones","id":532,"quantity":1,"price":133},{"name":"Coins","id":995,"quantity":35,"price":1}],"date":"Dec 30, 2021, 2:19:04 AM"}
{"name":"Thrower Troll","level":67,"killCount":-1,"type":"NPC","drops":[{"name":"Big bones","id":532,"quantity":1,"price":133},{"name":"Nature rune","id":561,"quantity":7,"price":203}],"date":"Dec 30, 2021, 2:19:33 AM"}
{"name":"Thrower Troll","level":67,"killCount":-1,"type":"NPC","drops":[{"name":"Big bones","id":532,"quantity":1,"price":133},{"name":"Coins","id":995,"quantity":8,"price":1}],"date":"Dec 30, 2021, 2:19:37 AM"}
{"name":"Thrower Troll","level":67,"killCount":-1,"type":"NPC","drops":[{"name":"Big bones","id":532,"quantity":1,"price":135},{"name":"Coins","id":995,"quantity":8,"price":1}],"date":"Dec 31, 2021, 11:22:37 AM"}
{"name":"Thrower Troll","level":67,"killCount":-1,"type":"NPC","drops":[{"name":"Big bones","id":532,"quantity":1,"price":135},{"name":"Nature rune","id":561,"quantity":7,"price":201}],"date":"Dec 31, 2021, 11:23:05 AM"}
{"name":"Thrower Troll","level":67,"killCount":-1,"type":"NPC","drops":[{"name":"Big bones","id":532,"quantity":1,"price":135},{"name":"Grimy avantoe","id":211,"quantity":1,"price":1639}],"date":"Dec 31, 2021, 11:23:41 AM"}
{"name":"Thrower Troll","level":67,"killCount":-1,"type":"NPC","drops":[{"name":"Big bones","id":532,"quantity":1,"price":135},{"name":"Raw mackerel","id":354,"quantity":3,"price":58}],"date":"Dec 31, 2021, 11:24:11 AM"}
{"name":"Thrower Troll","level":67,"killCount":-1,"type":"NPC","drops":[{"name":"Big bones","id":532,"quantity":1,"price":135},{"name":"Coins","id":995,"quantity":100,"price":1}],"date":"Dec 31, 2021, 11:24:36 AM"}
{"name":"Thrower Troll","level":67,"killCount":-1,"type":"NPC","drops":[{"name":"Big bones","id":532,"quantity":1,"price":135},{"name":"Coins","id":995,"quantity":35,"price":1}],"date":"Dec 31, 2021, 11:25:48 AM"}
{"name":"Thrower Troll","level":67,"killCount":-1,"type":"NPC","drops":[{"name":"Big bones","id":532,"quantity":1,"price":135},{"name":"Raw mackerel","id":354,"quantity":3,"price":58}],"date":"Dec 31, 2021, 11:26:52 AM"}
{"name":"Thrower Troll","level":67,"killCount":-1,"type":"NPC","drops":[{"name":"Ensouled troll head","id":13483,"quantity":1,"price":1032},{"name":"Big bones","id":532,"quantity":1,"price":135},{"name":"Coins","id":995,"quantity":8,"price":1}],"date":"Dec 31, 2021, 11:27:22 AM"}
{"name":"Thrower Troll","level":67,"killCount":-1,"type":"NPC","drops":[{"name":"Big bones","id":532,"quantity":1,"price":135},{"name":"Coins","id":995,"quantity":100,"price":1}],"date":"Dec 31, 2021, 11:27:55 AM"}
{"name":"Thrower Troll","level":67,"killCount":-1,"type":"NPC","drops":[{"name":"Big bones","id":532,"quantity":1,"price":135},{"name":"Coins","id":995,"quantity":100,"price":1}],"date":"Dec 31, 2021, 11:28:06 AM"}
{"name":"Thrower Troll","level":67,"killCount":-1,"type":"NPC","drops":[{"name":"Big bones","id":532,"quantity":1,"price":135},{"name":"Jangerberry seed","id":5104,"quantity":1,"price":1}],"date":"Dec 31, 2021, 11:28:36 AM"}
{"name":"Thrower Troll","level":67,"killCount":-1,"type":"NPC","drops":[{"name":"Big bones","id":532,"quantity":1,"price":135},{"name":"Earth rune","id":557,"quantity":60,"price":4}],"date":"Dec 31, 2021, 11:29:18 AM"}
{"name":"Thrower Troll","level":67,"killCount":-1,"type":"NPC","drops":[{"name":"Big bones","id":532,"quantity":1,"price":135},{"name":"Limpwurt seed","id":5100,"quantity":1,"price":7}],"date":"Dec 31, 2021, 11:30:30 AM"}
{"name":"Thrower Troll","level":67,"killCount":-1,"type":"NPC","drops":[{"name":"Big bones","id":532,"quantity":1,"price":135},{"name":"Tarromin seed","id":5293,"quantity":1,"price":14}],"date":"Dec 31, 2021, 11:30:39 AM"}
{"name":"Thrower Troll","level":67,"killCount":-1,"type":"NPC","drops":[{"name":"Big bones","id":532,"quantity":1,"price":135},{"name":"Earth rune","id":557,"quantity":60,"price":4}],"date":"Dec 31, 2021, 11:31:37 AM"}
{"name":"Thrower Troll","level":67,"killCount":-1,"type":"NPC","drops":[{"name":"Big bones","id":532,"quantity":1,"price":135},{"name":"Ranarr seed","id":5295,"quantity":1,"price":37730}],"date":"Dec 31, 2021, 11:32:21 AM"}
{"name":"Thrower Troll","level":67,"killCount":-1,"type":"NPC","drops":[{"name":"Big bones","id":532,"quantity":1,"price":135},{"name":"Nature rune","id":561,"quantity":7,"price":201}],"date":"Dec 31, 2021, 11:32:59 AM"}
{"name":"Thrower Troll","level":67,"killCount":-1,"type":"NPC","drops":[{"name":"Big bones","id":532,"quantity":1,"price":135},{"name":"Coins","id":995,"quantity":50,"price":1}],"date":"Dec 31, 2021, 11:33:33 AM"}
{"name":"Thrower Troll","level":67,"killCount":-1,"type":"NPC","drops":[{"name":"Big bones","id":532,"quantity":1,"price":135},{"name":"Earth rune","id":557,"quantity":60,"price":4}],"date":"Dec 31, 2021, 11:34:00 AM"}
{"name":"Thrower Troll","level":67,"killCount":-1,"type":"NPC","drops":[{"name":"Big bones","id":532,"quantity":1,"price":135},{"name":"Coins","id":995,"quantity":100,"price":1}],"date":"Dec 31, 2021, 11:35:06 AM"}
{"name":"Thrower Troll","level":67,"killCount":-1,"type":"NPC","drops":[{"name":"Big bones","id":532,"quantity":1,"price":135},{"name":"Nature rune","id":561,"quantity":7,"price":201}],"date":"Dec 31, 2021, 11:37:10 AM"}
{"name":"Thrower Troll","level":67,"killCount":-1,"type":"NPC","drops":[{"name":"Big bones","id":532,"quantity":1,"price":135},{"name":"Coins","id":995,"quantity":100,"price":1}],"date":"Dec 31, 2021, 11:37:19 AM"}
{"name":"Thrower Troll","level":67,"killCount":-1,"type":"NPC","drops":[{"name":"Big bones","id":532,"quantity":1,"price":135},{"name":"Steel med helm","id":1141,"quantity":1,"price":297}],"date":"Dec 31, 2021, 11:38:06 AM"}
{"name":"Thrower Troll","level":67,"killCount":-1,"type":"NPC","drops":[{"name":"Big bones","id":532,"quantity":1,"price":135},{"name":"Coins","id":995,"quantity":35,"price":1}],"date":"Dec 31, 2021, 11:39:03 AM"}
{"name":"Thrower Troll","level":67,"killCount":-1,"type":"NPC","drops":[{"name":"Big bones","id":532,"quantity":1,"price":135},{"name":"Raw mackerel","id":354,"quantity":3,"price":58}],"date":"Dec 31, 2021, 11:39:06 AM"}
{"name":"Thrower Troll","level":67,"killCount":-1,"type":"NPC","drops":[{"name":"Big bones","id":532,"quantity":1,"price":135},{"name":"Uncut sapphire","id":1623,"quantity":1,"price":352}],"date":"Dec 31, 2021, 11:39:30 AM"}
{"name":"Thrower Troll","level":67,"killCount":-1,"type":"NPC","drops":[{"name":"Big bones","id":532,"quantity":1,"price":135},{"name":"Coins","id":995,"quantity":35,"price":1}],"date":"Dec 31, 2021, 11:41:30 AM"}
{"name":"Thrower Troll","level":67,"killCount":-1,"type":"NPC","drops":[{"name":"Ensouled troll head","id":13483,"quantity":1,"price":1032},{"name":"Big bones","id":532,"quantity":1,"price":135},{"name":"Coins","id":995,"quantity":100,"price":1}],"date":"Dec 31, 2021, 11:42:42 AM"}
{"name":"Thrower Troll","level":67,"killCount":-1,"type":"NPC","drops":[{"name":"Big bones","id":532,"quantity":1,"price":136},{"name":"Limpwurt seed","id":5100,"quantity":1,"price":6}],"date":"Dec 31, 2021, 6:13:32 PM"}
{"name":"Thrower Troll","level":67,"killCount":-1,"type":"NPC","drops":[{"name":"Big bones","id":532,"quantity":1,"price":136},{"name":"Earth rune","id":557,"quantity":60,"price":4}],"date":"Dec 31, 2021, 6:14:44 PM"}
{"name":"Thrower Troll","level":67,"killCount":-1,"type":"NPC","drops":[{"name":"Big bones","id":532,"quantity":1,"price":136},{"name":"Marrentill seed","id":5292,"quantity":1,"price":12}],"date":"Dec 31, 2021, 6:16:06 PM"}
{"name":"Thrower Troll","level":67,"killCount":-1,"type":"NPC","drops":[{"name":"Big bones","id":532,"quantity":1,"price":136},{"name":"Strawberry seed","id":5323,"quantity":1,"price":4}],"date":"Dec 31, 2021, 6:17:34 PM"}
{"name":"Thrower Troll","level":67,"killCount":-1,"type":"NPC","drops":[{"name":"Big bones","id":532,"quantity":1,"price":132},{"name":"Grimy irit leaf","id":209,"quantity":1,"price":696}],"date":"Dec 31, 2021, 6:18:37 PM"}
{"name":"Thrower Troll","level":67,"killCount":-1,"type":"NPC","drops":[{"name":"Big bones","id":532,"quantity":1,"price":132},{"name":"Coins","id":995,"quantity":8,"price":1}],"date":"Dec 31, 2021, 6:19:44 PM"}
{"name":"Thrower Troll","level":67,"killCount":-1,"type":"NPC","drops":[{"name":"Big bones","id":532,"quantity":1,"price":132},{"name":"Coins","id":995,"quantity":35,"price":1}],"date":"Dec 31, 2021, 6:20:27 PM"}
{"name":"Thrower Troll","level":67,"killCount":-1,"type":"NPC","drops":[{"name":"Big bones","id":532,"quantity":1,"price":132},{"name":"Coins","id":995,"quantity":8,"price":1}],"date":"Dec 31, 2021, 6:21:14 PM"}
{"name":"Thrower Troll","level":67,"killCount":-1,"type":"NPC","drops":[{"name":"Big bones","id":532,"quantity":1,"price":132},{"name":"Coal","id":454,"quantity":3,"price":150}],"date":"Dec 31, 2021, 6:23:03 PM"}
{"name":"Thrower Troll","level":67,"killCount":-1,"type":"NPC","drops":[{"name":"Big bones","id":532,"quantity":1,"price":132},{"name":"Grimy guam leaf","id":199,"quantity":1,"price":21}],"date":"Dec 31, 2021, 6:24:04 PM"}
{"name":"Thrower Troll","level":67,"killCount":-1,"type":"NPC","drops":[{"name":"Big bones","id":532,"quantity":1,"price":132},{"name":"Coins","id":995,"quantity":35,"price":1}],"date":"Dec 31, 2021, 6:26:23 PM"}
{"name":"Thrower Troll","level":67,"killCount":-1,"type":"NPC","drops":[{"name":"Big bones","id":532,"quantity":1,"price":132},{"name":"Steel med helm","id":1141,"quantity":1,"price":45}],"date":"Dec 31, 2021, 6:26:38 PM"}
{"name":"Thrower Troll","level":67,"killCount":-1,"type":"NPC","drops":[{"name":"Big bones","id":532,"quantity":1,"price":132},{"name":"Nature rune","id":561,"quantity":7,"price":206}],"date":"Dec 31, 2021, 6:28:08 PM"}
{"name":"Thrower Troll","level":67,"killCount":-1,"type":"NPC","drops":[{"name":"Big bones","id":532,"quantity":1,"price":132},{"name":"Grimy guam leaf","id":199,"quantity":1,"price":21}],"date":"Dec 31, 2021, 6:28:13 PM"}
{"name":"Thrower Troll","level":67,"killCount":-1,"type":"NPC","drops":[{"name":"Big bones","id":532,"quantity":1,"price":132},{"name":"Coins","id":995,"quantity":100,"price":1}],"date":"Dec 31, 2021, 6:29:54 PM"}
{"name":"Thrower Troll","level":67,"killCount":-1,"type":"NPC","drops":[{"name":"Big bones","id":532,"quantity":1,"price":132},{"name":"Coins","id":995,"quantity":50,"price":1}],"date":"Dec 31, 2021, 6:30:04 PM"}
{"name":"Thrower Troll","level":67,"killCount":-1,"type":"NPC","drops":[{"name":"Big bones","id":532,"quantity":1,"price":132},{"name":"Marrentill seed","id":5292,"quantity":1,"price":12}],"date":"Dec 31, 2021, 6:32:16 PM"}
{"name":"Thrower Troll","level":67,"killCount":-1,"type":"NPC","drops":[{"name":"Big bones","id":532,"quantity":1,"price":132},{"name":"Steel warhammer","id":1339,"quantity":1,"price":324}],"date":"Dec 31, 2021, 6:32:30 PM"}
{"name":"Thrower Troll","level":67,"killCount":-1,"type":"NPC","drops":[{"name":"Big bones","id":532,"quantity":1,"price":132},{"name":"Tarromin seed","id":5293,"quantity":1,"price":18}],"date":"Dec 31, 2021, 6:33:08 PM"}
{"name":"Thrower Troll","level":67,"killCount":-1,"type":"NPC","drops":[{"name":"Big bones","id":532,"quantity":1,"price":132},{"name":"Law rune","id":563,"quantity":2,"price":174}],"date":"Dec 31, 2021, 6:34:00 PM"}
{"name":"Thrower Troll","level":67,"killCount":-1,"type":"NPC","drops":[{"name":"Big bones","id":532,"quantity":1,"price":132},{"name":"Uncut sapphire","id":1623,"quantity":1,"price":356}],"date":"Dec 31, 2021, 6:34:15 PM"}
{"name":"Thrower Troll","level":67,"killCount":-1,"type":"NPC","drops":[{"name":"Big bones","id":532,"quantity":1,"price":132},{"name":"Coal","id":454,"quantity":3,"price":148}],"date":"Jan 2, 2022, 4:27:54 PM"}
{"name":"Thrower Troll","level":67,"killCount":-1,"type":"NPC","drops":[{"name":"Big bones","id":532,"quantity":1,"price":132},{"name":"Limpwurt seed","id":5100,"quantity":1,"price":7}],"date":"Jan 2, 2022, 4:28:47 PM"}
{"name":"Thrower Troll","level":67,"killCount":-1,"type":"NPC","drops":[{"name":"Big bones","id":532,"quantity":1,"price":132},{"name":"Watermelon seed","id":5321,"quantity":1,"price":11}],"date":"Jan 2, 2022, 4:29:50 PM"}
{"name":"Thrower Troll","level":67,"killCount":-1,"type":"NPC","drops":[{"name":"Big bones","id":532,"quantity":1,"price":132},{"name":"Cactus seed","id":5280,"quantity":1,"price":27}],"date":"Jan 2, 2022, 4:30:23 PM"}
{"name":"Thrower Troll","level":67,"killCount":-1,"type":"NPC","drops":[{"name":"Big bones","id":532,"quantity":1,"price":132},{"name":"Law rune","id":563,"quantity":2,"price":193}],"date":"Jan 2, 2022, 4:30:24 PM"}
{"name":"Thrower Troll","level":67,"killCount":-1,"type":"NPC","drops":[{"name":"Big bones","id":532,"quantity":1,"price":132},{"name":"Coins","id":995,"quantity":35,"price":1}],"date":"Jan 2, 2022, 4:31:30 PM"}
{"name":"Thrower Troll","level":67,"killCount":-1,"type":"NPC","drops":[{"name":"Big bones","id":532,"quantity":1,"price":132},{"name":"Coins","id":995,"quantity":35,"price":1}],"date":"Jan 2, 2022, 4:31:42 PM"}
{"name":"Thrower Troll","level":67,"killCount":-1,"type":"NPC","drops":[{"name":"Big bones","id":532,"quantity":1,"price":132},{"name":"Coins","id":995,"quantity":35,"price":1}],"date":"Jan 2, 2022, 4:31:55 PM"}
{"name":"Thrower Troll","level":67,"killCount":-1,"type":"NPC","drops":[{"name":"Big bones","id":532,"quantity":1,"price":132},{"name":"Uncut emerald","id":1621,"quantity":1,"price":596}],"date":"Jan 2, 2022, 4:32:38 PM"}
{"name":"Thrower Troll","level":67,"killCount":-1,"type":"NPC","drops":[{"name":"Big bones","id":532,"quantity":1,"price":132},{"name":"Coins","id":995,"quantity":100,"price":1}],"date":"Jan 2, 2022, 4:33:22 PM"}
{"name":"Thrower Troll","level":67,"killCount":-1,"type":"NPC","drops":[{"name":"Big bones","id":532,"quantity":1,"price":132},{"name":"Coins","id":995,"quantity":35,"price":1}],"date":"Jan 2, 2022, 4:34:09 PM"}
{"name":"Thrower Troll","level":67,"killCount":-1,"type":"NPC","drops":[{"name":"Big bones","id":532,"quantity":1,"price":132},{"name":"Steel warhammer","id":1339,"quantity":1,"price":256}],"date":"Jan 2, 2022, 4:35:16 PM"}
{"name":"Thrower Troll","level":67,"killCount":-1,"type":"NPC","drops":[{"name":"Big bones","id":532,"quantity":1,"price":132},{"name":"Marrentill seed","id":5292,"quantity":1,"price":4}],"date":"Jan 2, 2022, 4:35:35 PM"}
{"name":"Thrower Troll","level":67,"killCount":-1,"type":"NPC","drops":[{"name":"Big bones","id":532,"quantity":1,"price":132},{"name":"Coins","id":995,"quantity":50,"price":1}],"date":"Jan 2, 2022, 4:36:09 PM"}
{"name":"Thrower Troll","level":67,"killCount":-1,"type":"NPC","drops":[{"name":"Big bones","id":532,"quantity":1,"price":132},{"name":"Marrentill seed","id":5292,"quantity":1,"price":4}],"date":"Jan 2, 2022, 4:37:21 PM"}
{"name":"Thrower Troll","level":67,"killCount":-1,"type":"NPC","drops":[{"name":"Big bones","id":532,"quantity":1,"price":132}],"date":"Jan 2, 2022, 4:38:29 PM"}
{"name":"Thrower Troll","level":67,"killCount":-1,"type":"NPC","drops":[{"name":"Ensouled troll head","id":13483,"quantity":1,"price":934},{"name":"Big bones","id":532,"quantity":1,"price":132},{"name":"Coins","id":995,"quantity":50,"price":1}],"date":"Jan 2, 2022, 4:39:03 PM"}
{"name":"Thrower Troll","level":67,"killCount":-1,"type":"NPC","drops":[{"name":"Big bones","id":532,"quantity":1,"price":132},{"name":"Limpwurt seed","id":5100,"quantity":1,"price":7}],"date":"Jan 2, 2022, 4:40:10 PM"}
{"name":"Thrower Troll","level":67,"killCount":-1,"type":"NPC","drops":[{"name":"Big bones","id":532,"quantity":1,"price":132},{"name":"Steel warhammer","id":1339,"quantity":1,"price":256}],"date":"Jan 2, 2022, 4:40:48 PM"}
{"name":"Thrower Troll","level":67,"killCount":-1,"type":"NPC","drops":[{"name":"Big bones","id":532,"quantity":1,"price":132},{"name":"Coins","id":995,"quantity":50,"price":1}],"date":"Jan 2, 2022, 4:41:41 PM"}
{"name":"Thrower Troll","level":67,"killCount":-1,"type":"NPC","drops":[{"name":"Big bones","id":532,"quantity":1,"price":132},{"name":"Coins","id":995,"quantity":35,"price":1}],"date":"Jan 2, 2022, 4:42:27 PM"}
{"name":"Thrower Troll","level":67,"killCount":-1,"type":"NPC","drops":[{"name":"Big bones","id":532,"quantity":1,"price":132},{"name":"Grimy ranarr weed","id":207,"quantity":1,"price":7325}],"date":"Jan 2, 2022, 4:42:45 PM"}
{"name":"Thrower Troll","level":67,"killCount":-1,"type":"NPC","drops":[{"name":"Big bones","id":532,"quantity":1,"price":132},{"name":"Coal","id":454,"quantity":3,"price":150}],"date":"Jan 2, 2022, 4:44:21 PM"}
{"name":"Thrower Troll","level":67,"killCount":-1,"type":"NPC","drops":[{"name":"Big bones","id":532,"quantity":1,"price":132},{"name":"Steel med helm","id":1141,"quantity":1,"price":72}],"date":"Jan 2, 2022, 4:45:52 PM"}
{"name":"Thrower Troll","level":67,"killCount":-1,"type":"NPC","drops":[{"name":"Big bones","id":532,"quantity":1,"price":132},{"name":"Law rune","id":563,"quantity":2,"price":186}],"date":"Jan 2, 2022, 4:46:59 PM"}
{"name":"Thrower Troll","level":67,"killCount":-1,"type":"NPC","drops":[{"name":"Big bones","id":532,"quantity":1,"price":132},{"name":"Nature rune","id":561,"quantity":7,"price":209}],"date":"Jan 2, 2022, 4:47:14 PM"}
{"name":"Thrower Troll","level":67,"killCount":-1,"type":"NPC","drops":[{"name":"Big bones","id":532,"quantity":1,"price":145},{"name":"Black warhammer","id":1341,"quantity":1,"price":114}],"date":"Feb 4, 2022, 11:48:06 PM"}
{"name":"Thrower Troll","level":67,"killCount":-1,"type":"NPC","drops":[{"name":"Big bones","id":532,"quantity":1,"price":145},{"name":"Coins","id":995,"quantity":100,"price":1}],"date":"Feb 4, 2022, 11:48:18 PM"}
{"name":"Thrower Troll","level":67,"killCount":-1,"type":"NPC","drops":[{"name":"Big bones","id":532,"quantity":1,"price":145},{"name":"Coins","id":995,"quantity":35,"price":1}],"date":"Feb 4, 2022, 11:49:01 PM"}
{"name":"Thrower Troll","level":67,"killCount":-1,"type":"NPC","drops":[{"name":"Big bones","id":532,"quantity":1,"price":145},{"name":"Law rune","id":563,"quantity":2,"price":138}],"date":"Feb 4, 2022, 11:49:38 PM"}
{"name":"Thrower Troll","level":67,"killCount":-1,"type":"NPC","drops":[{"name":"Big bones","id":532,"quantity":1,"price":145},{"name":"Grimy tarromin","id":203,"quantity":1,"price":116}],"date":"Feb 4, 2022, 11:50:27 PM"}
{"name":"Thrower Troll","level":67,"killCount":-1,"type":"NPC","drops":[{"name":"Big bones","id":532,"quantity":1,"price":145},{"name":"Grimy tarromin","id":203,"quantity":1,"price":116}],"date":"Feb 4, 2022, 11:56:23 PM"}
{"name":"Thrower Troll","level":67,"killCount":-1,"type":"NPC","drops":[{"name":"Big bones","id":532,"quantity":1,"price":145},{"name":"Coins","id":995,"quantity":50,"price":1}],"date":"Feb 4, 2022, 11:56:24 PM"}
{"name":"Thrower Troll","level":67,"killCount":-1,"type":"NPC","drops":[{"name":"Big bones","id":532,"quantity":1,"price":145},{"name":"Grimy harralander","id":205,"quantity":1,"price":711}],"date":"Feb 4, 2022, 11:58:57 PM"}
{"name":"Thrower Troll","level":67,"killCount":-1,"type":"NPC","drops":[{"name":"Big bones","id":532,"quantity":1,"price":145},{"name":"Black warhammer","id":1341,"quantity":1,"price":114}],"date":"Feb 4, 2022, 11:59:52 PM"}
{"name":"Thrower Troll","level":67,"killCount":-1,"type":"NPC","drops":[{"name":"Big bones","id":532,"quantity":1,"price":168},{"name":"Coins","id":995,"quantity":8,"price":1}],"date":"Feb 5, 2022, 12:01:02 AM"}
{"name":"Thrower Troll","level":67,"killCount":-1,"type":"NPC","drops":[{"name":"Big bones","id":532,"quantity":1,"price":168},{"name":"Grimy marrentill","id":201,"quantity":1,"price":16}],"date":"Feb 5, 2022, 12:01:08 AM"}
{"name":"Thrower Troll","level":67,"killCount":-1,"type":"NPC","drops":[{"name":"Big bones","id":532,"quantity":1,"price":168},{"name":"Coins","id":995,"quantity":100,"price":1}],"date":"Feb 5, 2022, 12:02:30 AM"}
{"name":"Thrower Troll","level":67,"killCount":-1,"type":"NPC","drops":[{"name":"Big bones","id":532,"quantity":1,"price":168},{"name":"Coins","id":995,"quantity":35,"price":1}],"date":"Feb 5, 2022, 12:02:39 AM"}
{"name":"Thrower Troll","level":67,"killCount":-1,"type":"NPC","drops":[{"name":"Big bones","id":532,"quantity":1,"price":168},{"name":"Earth rune","id":557,"quantity":60,"price":5}],"date":"Feb 5, 2022, 12:04:34 AM"}
{"name":"Thrower Troll","level":67,"killCount":-1,"type":"NPC","drops":[{"name":"Big bones","id":532,"quantity":1,"price":168},{"name":"Coins","id":995,"quantity":35,"price":1}],"date":"Feb 5, 2022, 12:04:42 AM"}
{"name":"Thrower Troll","level":67,"killCount":-1,"type":"NPC","drops":[{"name":"Big bones","id":532,"quantity":1,"price":168},{"name":"Grimy ranarr weed","id":207,"quantity":1,"price":8672}],"date":"Feb 5, 2022, 12:06:04 AM"}
{"name":"Thrower Troll","level":67,"killCount":-1,"type":"NPC","drops":[{"name":"Big bones","id":532,"quantity":1,"price":168},{"name":"Grimy irit leaf","id":209,"quantity":1,"price":765}],"date":"Feb 5, 2022, 12:06:25 AM"}
{"name":"Thrower Troll","level":67,"killCount":-1,"type":"NPC","drops":[{"name":"Big bones","id":532,"quantity":1,"price":168},{"name":"Coins","id":995,"quantity":100,"price":1}],"date":"Feb 5, 2022, 12:06:52 AM"}
{"name":"Thrower Troll","level":67,"killCount":-1,"type":"NPC","drops":[{"name":"Big bones","id":532,"quantity":1,"price":168},{"name":"Black warhammer","id":1341,"quantity":1,"price":358}],"date":"Feb 5, 2022, 12:07:22 AM"}
{"name":"Thrower Troll","level":67,"killCount":-1,"type":"NPC","drops":[{"name":"Big bones","id":532,"quantity":1,"price":168}],"date":"Feb 5, 2022, 12:07:40 AM"}
{"name":"Thrower Troll","level":67,"killCount":-1,"type":"NPC","drops":[{"name":"Big bones","id":532,"quantity":1,"price":168},{"name":"Coins","id":995,"quantity":35,"price":1}],"date":"Feb 5, 2022, 12:08:29 AM"}
{"name":"Thrower Troll","level":67,"killCount":-1,"type":"NPC","drops":[{"name":"Big bones","id":532,"quantity":1,"price":168},{"name":"Steel warhammer","id":1339,"quantity":1,"price":118}],"date":"Feb 5, 2022, 12:09:01 AM"}
