{"name":"Undead Lumberjack","level":35,"killCount":-1,"type":"NPC","drops":[{"name":"Bones","id":526,"quantity":1,"price":104},{"name":"Plank","id":960,"quantity":1,"price":194},{"name":"Lumberjack top","id":10939,"quantity":1,"price":0}],"date":"Jan 11, 2022, 4:00:25 PM"}
{"name":"Undead Lumberjack","level":35,"killCount":-1,"type":"NPC","drops":[{"name":"Bones","id":526,"quantity":1,"price":104},{"name":"Plank","id":960,"quantity":1,"price":194}],"date":"Jan 11, 2022, 4:00:37 PM"}
{"name":"Undead Lumberjack","level":35,"killCount":-1,"type":"NPC","drops":[{"name":"Bones","id":526,"quantity":1,"price":104},{"name":"Plank","id":960,"quantity":1,"price":194}],"date":"Jan 11, 2022, 4:00:47 PM"}
{"name":"Undead Lumberjack","level":35,"killCount":-1,"type":"NPC","drops":[{"name":"Bones","id":526,"quantity":1,"price":104},{"name":"Plank","id":960,"quantity":1,"price":194}],"date":"Jan 11, 2022, 4:01:02 PM"}
{"name":"Undead Lumberjack","level":35,"killCount":-1,"type":"NPC","drops":[{"name":"Bones","id":526,"quantity":1,"price":104},{"name":"Plank","id":960,"quantity":1,"price":194}],"date":"Jan 11, 2022, 4:01:11 PM"}
{"name":"Undead Lumberjack","level":30,"killCount":-1,"type":"NPC","drops":[{"name":"Bones","id":526,"quantity":1,"price":108},{"name":"Plank","id":960,"quantity":1,"price":188}],"date":"Jan 11, 2022, 4:37:59 PM"}
{"name":"Undead Lumberjack","level":30,"killCount":-1,"type":"NPC","drops":[{"name":"Bones","id":526,"quantity":1,"price":108},{"name":"Plank","id":960,"quantity":1,"price":188}],"date":"Jan 11, 2022, 4:38:10 PM"}
{"name":"Undead Lumberjack","level":30,"killCount":-1,"type":"NPC","drops":[{"name":"Bones","id":526,"quantity":1,"price":108},{"name":"Plank","id":960,"quantity":1,"price":188}],"date":"Jan 11, 2022, 4:38:26 PM"}
{"name":"Undead Lumberjack","level":30,"killCount":-1,"type":"NPC","drops":[{"name":"Bones","id":526,"quantity":1,"price":108},{"name":"Plank","id":960,"quantity":1,"price":188}],"date":"Jan 11, 2022, 4:38:37 PM"}
{"name":"Undead Lumberjack","level":30,"killCount":-1,"type":"NPC","drops":[{"name":"Bones","id":526,"quantity":1,"price":108},{"name":"Plank","id":960,"quantity":1,"price":188}],"date":"Jan 11, 2022, 4:38:50 PM"}
{"name":"Undead Lumberjack","level":30,"killCount":-1,"type":"NPC","drops":[{"name":"Bones","id":526,"quantity":1,"price":108},{"name":"Plank","id":960,"quantity":1,"price":188}],"date":"Jan 11, 2022, 4:43:06 PM"}
{"name":"Undead Lumberjack","level":30,"killCount":-1,"type":"NPC","drops":[{"name":"Bones","id":526,"quantity":1,"price":108},{"name":"Plank","id":960,"quantity":1,"price":188}],"date":"Jan 11, 2022, 4:43:18 PM"}
{"name":"Undead Lumberjack","level":30,"killCount":-1,"type":"NPC","drops":[{"name":"Bones","id":526,"quantity":1,"price":108},{"name":"Plank","id":960,"quantity":1,"price":188}],"date":"Jan 11, 2022, 4:43:30 PM"}
{"name":"Undead Lumberjack","level":30,"killCount":-1,"type":"NPC","drops":[{"name":"Bones","id":526,"quantity":1,"price":108},{"name":"Plank","id":960,"quantity":1,"price":188}],"date":"Jan 11, 2022, 4:43:45 PM"}
{"name":"Undead Lumberjack","level":30,"killCount":-1,"type":"NPC","drops":[{"name":"Bones","id":526,"quantity":1,"price":108},{"name":"Plank","id":960,"quantity":1,"price":188}],"date":"Jan 11, 2022, 4:44:13 PM"}
{"name":"Undead Lumberjack","level":35,"killCount":-1,"type":"NPC","drops":[{"name":"Bones","id":526,"quantity":1,"price":109},{"name":"Plank","id":960,"quantity":1,"price":191}],"date":"Jan 11, 2022, 5:05:42 PM"}
{"name":"Undead Lumberjack","level":35,"killCount":-1,"type":"NPC","drops":[{"name":"Bones","id":526,"quantity":1,"price":109},{"name":"Plank","id":960,"quantity":1,"price":191}],"date":"Jan 11, 2022, 5:05:55 PM"}
{"name":"Undead Lumberjack","level":35,"killCount":-1,"type":"NPC","drops":[{"name":"Bones","id":526,"quantity":1,"price":109},{"name":"Plank","id":960,"quantity":1,"price":191},{"name":"Lumberjack legs","id":10940,"quantity":1,"price":0}],"date":"Jan 11, 2022, 5:06:08 PM"}
{"name":"Undead Lumberjack","level":35,"killCount":-1,"type":"NPC","drops":[{"name":"Bones","id":526,"quantity":1,"price":109},{"name":"Plank","id":960,"quantity":1,"price":191}],"date":"Jan 11, 2022, 5:06:28 PM"}
{"name":"Undead Lumberjack","level":35,"killCount":-1,"type":"NPC","drops":[{"name":"Bones","id":526,"quantity":1,"price":109},{"name":"Plank","id":960,"quantity":1,"price":191}],"date":"Jan 11, 2022, 5:06:37 PM"}
{"name":"Undead Lumberjack","level":35,"killCount":-1,"type":"NPC","drops":[{"name":"Bones","id":526,"quantity":1,"price":109},{"name":"Plank","id":960,"quantity":1,"price":191}],"date":"Jan 11, 2022, 5:24:17 PM"}
{"name":"Undead Lumberjack","level":35,"killCount":-1,"type":"NPC","drops":[{"name":"Bones","id":526,"quantity":1,"price":109},{"name":"Plank","id":960,"quantity":1,"price":191}],"date":"Jan 11, 2022, 5:24:32 PM"}
{"name":"Undead Lumberjack","level":35,"killCount":-1,"type":"NPC","drops":[{"name":"Bones","id":526,"quantity":1,"price":109},{"name":"Plank","id":960,"quantity":1,"price":191}],"date":"Jan 11, 2022, 5:24:45 PM"}
{"name":"Undead Lumberjack","level":35,"killCount":-1,"type":"NPC","drops":[{"name":"Bones","id":526,"quantity":1,"price":109},{"name":"Plank","id":960,"quantity":1,"price":191}],"date":"Jan 11, 2022, 5:24:58 PM"}
{"name":"Undead Lumberjack","level":35,"killCount":-1,"type":"NPC","drops":[{"name":"Bones","id":526,"quantity":1,"price":109},{"name":"Plank","id":960,"quantity":1,"price":191}],"date":"Jan 11, 2022, 5:25:21 PM"}
{"name":"Undead Lumberjack","level":35,"killCount":-1,"type":"NPC","drops":[{"name":"Bones","id":526,"quantity":1,"price":109},{"name":"Plank","id":960,"quantity":1,"price":191}],"date":"Jan 11, 2022, 5:26:23 PM"}
{"name":"Undead Lumberjack","level":35,"killCount":-1,"type":"NPC","drops":[{"name":"Bones","id":526,"quantity":1,"price":109},{"name":"Plank","id":960,"quantity":1,"price":191},{"name":"Lumberjack hat","id":10941,"quantity":1,"price":0}],"date":"Jan 11, 2022, 5:26:31 PM"}
{"name":"Undead Lumberjack","level":35,"killCount":-1,"type":"NPC","drops":[{"name":"Bones","id":526,"quantity":1,"price":109},{"name":"Plank","id":960,"quantity":1,"price":191}],"date":"Jan 11, 2022, 5:31:07 PM"}
{"name":"Undead Lumberjack","level":35,"killCount":-1,"type":"NPC","drops":[{"name":"Bones","id":526,"quantity":1,"price":109},{"name":"Plank","id":960,"quantity":1,"price":191}],"date":"Jan 11, 2022, 5:31:16 PM"}
{"name":"Undead Lumberjack","level":35,"killCount":-1,"type":"NPC","drops":[{"name":"Bones","id":526,"quantity":1,"price":109},{"name":"Plank","id":960,"quantity":1,"price":191}],"date":"Jan 11, 2022, 5:31:34 PM"}
{"name":"Undead Lumberjack","level":35,"killCount":-1,"type":"NPC","drops":[{"name":"Bones","id":526,"quantity":1,"price":109},{"name":"Plank","id":960,"quantity":1,"price":191},{"name":"Lumberjack boots","id":10933,"quantity":1,"price":0}],"date":"Jan 11, 2022, 5:31:45 PM"}
{"name":"Undead Lumberjack","level":40,"killCount":-1,"type":"NPC","drops":[{"name":"Bones","id":526,"quantity":1,"price":102},{"name":"Plank","id":960,"quantity":1,"price":178},{"name":"Lumberjack top","id":10939,"quantity":1,"price":0}],"date":"Jan 12, 2022, 8:29:47 PM"}
{"name":"Undead Lumberjack","level":40,"killCount":-1,"type":"NPC","drops":[{"name":"Bones","id":526,"quantity":1,"price":102},{"name":"Plank","id":960,"quantity":1,"price":178}],"date":"Jan 12, 2022, 8:29:58 PM"}
{"name":"Undead Lumberjack","level":40,"killCount":-1,"type":"NPC","drops":[{"name":"Bones","id":526,"quantity":1,"price":102},{"name":"Plank","id":960,"quantity":1,"price":178}],"date":"Jan 12, 2022, 8:30:15 PM"}
