{"name":"Venenatis","level":464,"killCount":1,"type":"NPC","drops":[{"name":"Yew seed","id":5315,"quantity":1,"price":55500}],"date":"Feb 3, 2022, 5:45:16 PM"}
{"name":"Venenatis","level":464,"killCount":2,"type":"NPC","drops":[{"name":"Cannonball","id":2,"quantity":250,"price":164}],"date":"Feb 3, 2022, 5:56:55 PM"}
{"name":"Venenatis","level":464,"killCount":3,"type":"NPC","drops":[{"name":"Dark crab","id":11936,"quantity":1,"price":1355},{"name":"Dark crab","id":11936,"quantity":1,"price":1355},{"name":"Dark crab","id":11936,"quantity":1,"price":1355},{"name":"Dark crab","id":11936,"quantity":1,"price":1355},{"name":"Dark crab","id":11936,"quantity":1,"price":1355},{"name":"Dark crab","id":11936,"quantity":1,"price":1355},{"name":"Dark crab","id":11936,"quantity":1,"price":1355},{"name":"Dark crab","id":11936,"quantity":1,"price":1355},{"name":"Super restore(4)","id":3024,"quantity":1,"price":15313},{"name":"Super restore(4)","id":3024,"quantity":1,"price":15313},{"name":"Super restore(4)","id":3024,"quantity":1,"price":15313}],"date":"Feb 3, 2022, 5:58:42 PM"}
{"name":"Venenatis","level":464,"killCount":4,"type":"NPC","drops":[{"name":"Rune 2h sword","id":1319,"quantity":1,"price":37975}],"date":"Feb 3, 2022, 6:01:13 PM"}
{"name":"Venenatis","level":464,"killCount":5,"type":"NPC","drops":[{"name":"Rune 2h sword","id":1319,"quantity":1,"price":37975}],"date":"Feb 3, 2022, 6:02:42 PM"}
{"name":"Venenatis","level":464,"killCount":6,"type":"NPC","drops":[{"name":"Dark crab","id":11936,"quantity":1,"price":1355},{"name":"Dark crab","id":11936,"quantity":1,"price":1355},{"name":"Dark crab","id":11936,"quantity":1,"price":1355},{"name":"Dark crab","id":11936,"quantity":1,"price":1355},{"name":"Dark crab","id":11936,"quantity":1,"price":1355},{"name":"Dark crab","id":11936,"quantity":1,"price":1355},{"name":"Dark crab","id":11936,"quantity":1,"price":1355},{"name":"Dark crab","id":11936,"quantity":1,"price":1355},{"name":"Super restore(4)","id":3024,"quantity":1,"price":15313},{"name":"Super restore(4)","id":3024,"quantity":1,"price":15313},{"name":"Super restore(4)","id":3024,"quantity":1,"price":15313}],"date":"Feb 3, 2022, 6:05:48 PM"}
{"name":"Venenatis","level":464,"killCount":7,"type":"NPC","drops":[{"name":"Coins","id":995,"quantity":18972,"price":1}],"date":"Feb 3, 2022, 6:08:01 PM"}
{"name":"Venenatis","level":464,"killCount":8,"type":"NPC","drops":[{"name":"Death rune","id":560,"quantity":300,"price":195}],"date":"Feb 3, 2022, 6:11:14 PM"}
{"name":"Venenatis","level":464,"killCount":9,"type":"NPC","drops":[{"name":"Uncut diamond","id":1618,"quantity":10,"price":2814},{"name":"Uncut ruby","id":1620,"quantity":20,"price":1125}],"date":"Feb 3, 2022, 6:13:07 PM"}
{"name":"Venenatis","level":464,"killCount":10,"type":"NPC","drops":[{"name":"Coins","id":995,"quantity":18435,"price":1}],"date":"Feb 3, 2022, 6:15:03 PM"}
{"name":"Venenatis","level":464,"killCount":11,"type":"NPC","drops":[{"name":"Death rune","id":560,"quantity":300,"price":195}],"date":"Feb 3, 2022, 6:19:25 PM"}
{"name":"Venenatis","level":464,"killCount":12,"type":"NPC","drops":[{"name":"Rune knife","id":868,"quantity":60,"price":291}],"date":"Feb 3, 2022, 6:21:52 PM"}
{"name":"Venenatis","level":464,"killCount":13,"type":"NPC","drops":[{"name":"Diamond bolts (e)","id":9243,"quantity":100,"price":340}],"date":"Feb 3, 2022, 6:24:12 PM"}
{"name":"Venenatis","level":464,"killCount":14,"type":"NPC","drops":[{"name":"Supercompost","id":6035,"quantity":100,"price":544}],"date":"Feb 3, 2022, 6:26:35 PM"}
{"name":"Venenatis","level":464,"killCount":15,"type":"NPC","drops":[{"name":"Coins","id":995,"quantity":15811,"price":1}],"date":"Feb 3, 2022, 6:29:16 PM"}
{"name":"Venenatis","level":464,"killCount":16,"type":"NPC","drops":[{"name":"Death rune","id":560,"quantity":300,"price":195}],"date":"Feb 3, 2022, 6:32:11 PM"}
{"name":"Venenatis","level":464,"killCount":17,"type":"NPC","drops":[{"name":"Gold ore","id":445,"quantity":300,"price":290}],"date":"Feb 3, 2022, 6:34:09 PM"}
{"name":"Venenatis","level":464,"killCount":18,"type":"NPC","drops":[{"name":"Red spiders\u0027 eggs","id":224,"quantity":500,"price":591}],"date":"Feb 3, 2022, 6:35:40 PM"}
{"name":"Venenatis","level":464,"killCount":19,"type":"NPC","drops":[{"name":"Limpwurt root","id":226,"quantity":25,"price":697}],"date":"Feb 3, 2022, 6:38:06 PM"}
{"name":"Venenatis","level":464,"killCount":20,"type":"NPC","drops":[{"name":"Limpwurt root","id":226,"quantity":25,"price":697}],"date":"Feb 3, 2022, 7:01:03 PM"}
{"name":"Venenatis","level":464,"killCount":21,"type":"NPC","drops":[{"name":"Onyx bolt tips","id":9194,"quantity":60,"price":8234}],"date":"Feb 3, 2022, 7:03:10 PM"}
{"name":"Venenatis","level":464,"killCount":22,"type":"NPC","drops":[{"name":"Magic logs","id":1514,"quantity":100,"price":977}],"date":"Feb 3, 2022, 7:09:20 PM"}
{"name":"Venenatis","level":464,"killCount":23,"type":"NPC","drops":[{"name":"Antidote++(4)","id":5953,"quantity":10,"price":1829}],"date":"Feb 3, 2022, 7:10:52 PM"}
{"name":"Venenatis","level":464,"killCount":24,"type":"NPC","drops":[{"name":"Chaos rune","id":562,"quantity":400,"price":59}],"date":"Feb 3, 2022, 7:12:17 PM"}
{"name":"Venenatis","level":464,"killCount":25,"type":"NPC","drops":[{"name":"Death rune","id":560,"quantity":300,"price":194}],"date":"Feb 3, 2022, 7:14:47 PM"}
{"name":"Venenatis","level":464,"killCount":26,"type":"NPC","drops":[{"name":"Coins","id":995,"quantity":18758,"price":1}],"date":"Feb 3, 2022, 7:17:10 PM"}
{"name":"Venenatis","level":464,"killCount":27,"type":"NPC","drops":[{"name":"Death rune","id":560,"quantity":300,"price":194}],"date":"Feb 3, 2022, 7:22:59 PM"}
{"name":"Venenatis","level":464,"killCount":28,"type":"NPC","drops":[{"name":"Rune knife","id":868,"quantity":60,"price":299}],"date":"Feb 3, 2022, 7:25:14 PM"}
{"name":"Venenatis","level":464,"killCount":29,"type":"NPC","drops":[{"name":"Blood rune","id":565,"quantity":200,"price":283}],"date":"Feb 3, 2022, 7:26:53 PM"}
{"name":"Venenatis","level":464,"killCount":30,"type":"NPC","drops":[{"name":"Death rune","id":560,"quantity":300,"price":194}],"date":"Feb 3, 2022, 7:29:20 PM"}
{"name":"Venenatis","level":464,"killCount":31,"type":"NPC","drops":[{"name":"Coins","id":995,"quantity":18901,"price":1}],"date":"Feb 3, 2022, 7:31:19 PM"}
{"name":"Venenatis","level":464,"killCount":32,"type":"NPC","drops":[{"name":"Coins","id":995,"quantity":16215,"price":1}],"date":"Feb 3, 2022, 7:34:41 PM"}
{"name":"Venenatis","level":464,"killCount":33,"type":"NPC","drops":[{"name":"Coins","id":995,"quantity":18534,"price":1}],"date":"Feb 3, 2022, 7:36:52 PM"}
{"name":"Venenatis","level":464,"killCount":34,"type":"NPC","drops":[{"name":"Rune knife","id":868,"quantity":60,"price":295}],"date":"Feb 3, 2022, 7:41:20 PM"}
{"name":"Venenatis","level":464,"killCount":35,"type":"NPC","drops":[{"name":"Coins","id":995,"quantity":16941,"price":1}],"date":"Feb 3, 2022, 7:44:17 PM"}
{"name":"Venenatis","level":464,"killCount":36,"type":"NPC","drops":[{"name":"Rune knife","id":868,"quantity":60,"price":295}],"date":"Feb 3, 2022, 7:45:46 PM"}
{"name":"Venenatis","level":464,"killCount":37,"type":"NPC","drops":[{"name":"Coins","id":995,"quantity":16067,"price":1}],"date":"Feb 3, 2022, 7:49:45 PM"}
{"name":"Venenatis","level":464,"killCount":38,"type":"NPC","drops":[{"name":"Rune pickaxe","id":1275,"quantity":1,"price":18602}],"date":"Feb 3, 2022, 7:52:19 PM"}
{"name":"Venenatis","level":464,"killCount":39,"type":"NPC","drops":[{"name":"Supercompost","id":6035,"quantity":100,"price":520}],"date":"Feb 3, 2022, 7:54:35 PM"}
{"name":"Venenatis","level":464,"killCount":40,"type":"NPC","drops":[{"name":"Magic seed","id":5316,"quantity":1,"price":121950}],"date":"Feb 3, 2022, 7:57:13 PM"}
{"name":"Venenatis","level":464,"killCount":41,"type":"NPC","drops":[{"name":"Supercompost","id":6035,"quantity":100,"price":520}],"date":"Feb 3, 2022, 7:59:55 PM"}
{"name":"Venenatis","level":464,"killCount":42,"type":"NPC","drops":[{"name":"Rune pickaxe","id":1275,"quantity":1,"price":18602}],"date":"Feb 3, 2022, 8:03:03 PM"}
{"name":"Venenatis","level":464,"killCount":43,"type":"NPC","drops":[{"name":"Blood rune","id":565,"quantity":200,"price":285}],"date":"Feb 3, 2022, 8:05:30 PM"}
{"name":"Venenatis","level":464,"killCount":44,"type":"NPC","drops":[{"name":"Rune pickaxe","id":1275,"quantity":1,"price":18602}],"date":"Feb 3, 2022, 8:08:25 PM"}
{"name":"Venenatis","level":464,"killCount":45,"type":"NPC","drops":[{"name":"Limpwurt root","id":226,"quantity":25,"price":697}],"date":"Feb 3, 2022, 8:13:24 PM"}
{"name":"Venenatis","level":464,"killCount":46,"type":"NPC","drops":[{"name":"Rune pickaxe","id":1275,"quantity":1,"price":17385}],"date":"Feb 3, 2022, 8:15:46 PM"}
{"name":"Venenatis","level":464,"killCount":47,"type":"NPC","drops":[{"name":"Dark crab","id":11936,"quantity":1,"price":1355},{"name":"Dark crab","id":11936,"quantity":1,"price":1355},{"name":"Dark crab","id":11936,"quantity":1,"price":1355},{"name":"Dark crab","id":11936,"quantity":1,"price":1355},{"name":"Dark crab","id":11936,"quantity":1,"price":1355},{"name":"Dark crab","id":11936,"quantity":1,"price":1355},{"name":"Dark crab","id":11936,"quantity":1,"price":1355},{"name":"Dark crab","id":11936,"quantity":1,"price":1355},{"name":"Super restore(4)","id":3024,"quantity":1,"price":15440},{"name":"Super restore(4)","id":3024,"quantity":1,"price":15440},{"name":"Super restore(4)","id":3024,"quantity":1,"price":15440}],"date":"Feb 3, 2022, 8:19:24 PM"}
{"name":"Venenatis","level":464,"killCount":48,"type":"NPC","drops":[{"name":"Diamond bolts (e)","id":9243,"quantity":100,"price":357}],"date":"Feb 3, 2022, 8:25:24 PM"}
{"name":"Venenatis","level":464,"killCount":49,"type":"NPC","drops":[{"name":"Chaos rune","id":562,"quantity":400,"price":59}],"date":"Feb 3, 2022, 8:27:19 PM"}
{"name":"Venenatis","level":464,"killCount":50,"type":"NPC","drops":[{"name":"Magic logs","id":1514,"quantity":100,"price":983}],"date":"Feb 3, 2022, 8:28:48 PM"}
