{"name":"Zulrah","level":725,"killCount":2,"type":"NPC","drops":[{"name":"Zulrah\u0027s scales","id":12934,"quantity":244,"price":117},{"name":"Law rune","id":563,"quantity":200,"price":140},{"name":"Yew logs","id":1516,"quantity":35,"price":184}],"date":"Jan 30, 2022, 10:22:19 PM"}
{"name":"Zulrah","level":725,"killCount":3,"type":"NPC","drops":[{"name":"Zulrah\u0027s scales","id":12934,"quantity":107,"price":117},{"name":"Swamp tar","id":1939,"quantity":1000,"price":7},{"name":"Coconut","id":5975,"quantity":20,"price":1722}],"date":"Jan 30, 2022, 10:26:33 PM"}
{"name":"Zulrah","level":725,"killCount":4,"type":"NPC","drops":[{"name":"Zulrah\u0027s scales","id":12934,"quantity":273,"price":117},{"name":"Battlestaff","id":1392,"quantity":10,"price":7870},{"name":"Dragon halberd","id":3204,"quantity":1,"price":149699}],"date":"Jan 30, 2022, 10:30:55 PM"}
{"name":"Zulrah","level":725,"killCount":5,"type":"NPC","drops":[{"name":"Zulrah\u0027s scales","id":12934,"quantity":160,"price":117},{"name":"Zul-andra teleport","id":12938,"quantity":4,"price":23123},{"name":"Runite ore","id":452,"quantity":2,"price":11159}],"date":"Jan 30, 2022, 10:35:07 PM"}
{"name":"Zulrah","level":725,"killCount":6,"type":"NPC","drops":[{"name":"Zulrah\u0027s scales","id":12934,"quantity":265,"price":117},{"name":"Coal","id":454,"quantity":200,"price":153},{"name":"Papaya tree seed","id":5288,"quantity":3,"price":2537}],"date":"Jan 30, 2022, 10:39:44 PM"}
{"name":"Zulrah","level":725,"killCount":7,"type":"NPC","drops":[{"name":"Zulrah\u0027s scales","id":12934,"quantity":244,"price":117},{"name":"Papaya tree seed","id":5288,"quantity":3,"price":2537},{"name":"Coal","id":454,"quantity":200,"price":153}],"date":"Jan 30, 2022, 10:43:28 PM"}
{"name":"Zulrah","level":725,"killCount":8,"type":"NPC","drops":[{"name":"Zulrah\u0027s scales","id":12934,"quantity":191,"price":117},{"name":"Dragonstone bolt tips","id":9193,"quantity":12,"price":296},{"name":"Antidote++(4)","id":5953,"quantity":10,"price":1887}],"date":"Jan 30, 2022, 10:47:32 PM"}
{"name":"Zulrah","level":725,"killCount":9,"type":"NPC","drops":[{"name":"Zulrah\u0027s scales","id":12934,"quantity":101,"price":116},{"name":"Antidote++(4)","id":5953,"quantity":10,"price":1784},{"name":"Yew logs","id":1516,"quantity":35,"price":185}],"date":"Jan 31, 2022, 4:33:32 PM"}
{"name":"Zulrah","level":725,"killCount":10,"type":"NPC","drops":[{"name":"Zulrah\u0027s scales","id":12934,"quantity":122,"price":116},{"name":"Battlestaff","id":1392,"quantity":10,"price":7845},{"name":"Tanzanite fang","id":12922,"quantity":1,"price":2590000}],"date":"Jan 31, 2022, 4:37:47 PM"}
{"name":"Zulrah","level":725,"killCount":11,"type":"NPC","drops":[{"name":"Zulrah\u0027s scales","id":12934,"quantity":163,"price":116},{"name":"Death rune","id":560,"quantity":300,"price":190},{"name":"Battlestaff","id":1392,"quantity":10,"price":7845}],"date":"Jan 31, 2022, 4:42:35 PM"}
{"name":"Zulrah","level":725,"killCount":12,"type":"NPC","drops":[{"name":"Zulrah\u0027s scales","id":12934,"quantity":298,"price":116},{"name":"Dwarf weed seed","id":5303,"quantity":2,"price":441},{"name":"Chaos rune","id":562,"quantity":500,"price":58}],"date":"Jan 31, 2022, 4:46:51 PM"}
{"name":"Zulrah","level":725,"killCount":13,"type":"NPC","drops":[{"name":"Zulrah\u0027s scales","id":12934,"quantity":123,"price":116},{"name":"Runite ore","id":452,"quantity":2,"price":11178},{"name":"Toadflax","id":2999,"quantity":25,"price":2374}],"date":"Jan 31, 2022, 4:50:05 PM"}
{"name":"Zulrah","level":725,"killCount":14,"type":"NPC","drops":[{"name":"Zulrah\u0027s scales","id":12934,"quantity":132,"price":115},{"name":"Chaos rune","id":562,"quantity":500,"price":58},{"name":"Law rune","id":563,"quantity":200,"price":139}],"date":"Jan 31, 2022, 4:53:20 PM"}
{"name":"Zulrah","level":725,"killCount":15,"type":"NPC","drops":[{"name":"Zulrah\u0027s scales","id":12934,"quantity":286,"price":115},{"name":"Coconut","id":5975,"quantity":20,"price":1721},{"name":"Snapdragon","id":3001,"quantity":10,"price":11824}],"date":"Jan 31, 2022, 4:56:18 PM"}
{"name":"Zulrah","level":725,"killCount":16,"type":"NPC","drops":[{"name":"Zulrah\u0027s scales","id":12934,"quantity":225,"price":115},{"name":"Snakeskin","id":6290,"quantity":35,"price":18},{"name":"Mahogany logs","id":8836,"quantity":50,"price":369}],"date":"Jan 31, 2022, 4:59:48 PM"}
{"name":"Zulrah","level":725,"killCount":17,"type":"NPC","drops":[{"name":"Zulrah\u0027s scales","id":12934,"quantity":115,"price":115},{"name":"Papaya tree seed","id":5288,"quantity":3,"price":2529},{"name":"Manta ray","id":392,"quantity":35,"price":1352}],"date":"Jan 31, 2022, 5:02:55 PM"}
{"name":"Zulrah","level":725,"killCount":18,"type":"NPC","drops":[{"name":"Zulrah\u0027s scales","id":12934,"quantity":262,"price":115},{"name":"Manta ray","id":392,"quantity":35,"price":1352},{"name":"Mahogany logs","id":8836,"quantity":50,"price":369}],"date":"Jan 31, 2022, 5:06:21 PM"}
{"name":"Zulrah","level":725,"killCount":19,"type":"NPC","drops":[{"name":"Zulrah\u0027s scales","id":12934,"quantity":163,"price":115},{"name":"Coal","id":454,"quantity":200,"price":156},{"name":"Adamantite bar","id":2362,"quantity":20,"price":2022}],"date":"Jan 31, 2022, 5:10:02 PM"}
{"name":"Zulrah","level":725,"killCount":20,"type":"NPC","drops":[{"name":"Zulrah\u0027s scales","id":12934,"quantity":219,"price":115},{"name":"Swamp tar","id":1939,"quantity":1000,"price":7},{"name":"Palm tree seed","id":5289,"quantity":1,"price":35137}],"date":"Jan 31, 2022, 5:13:23 PM"}
{"name":"Zulrah","level":725,"killCount":21,"type":"NPC","drops":[{"name":"Zulrah\u0027s scales","id":12934,"quantity":151,"price":115},{"name":"Pure essence","id":7937,"quantity":1500,"price":1},{"name":"Flax","id":1780,"quantity":1000,"price":2}],"date":"Jan 31, 2022, 5:16:27 PM"}
{"name":"Zulrah","level":725,"killCount":22,"type":"NPC","drops":[{"name":"Zulrah\u0027s scales","id":12934,"quantity":261,"price":115},{"name":"Dragonstone bolt tips","id":9193,"quantity":12,"price":321},{"name":"Mahogany logs","id":8836,"quantity":50,"price":369}],"date":"Jan 31, 2022, 5:19:28 PM"}
{"name":"Zulrah","level":725,"killCount":23,"type":"NPC","drops":[{"name":"Zulrah\u0027s scales","id":12934,"quantity":173,"price":116},{"name":"Death rune","id":560,"quantity":300,"price":187},{"name":"Chaos rune","id":562,"quantity":500,"price":58}],"date":"Jan 31, 2022, 5:32:49 PM"}
{"name":"Zulrah","level":725,"killCount":24,"type":"NPC","drops":[{"name":"Zulrah\u0027s scales","id":12934,"quantity":138,"price":116},{"name":"Coins","id":995,"quantity":3000,"price":1},{"name":"Chaos rune","id":562,"quantity":500,"price":58}],"date":"Jan 31, 2022, 5:36:28 PM"}
{"name":"Zulrah","level":725,"killCount":25,"type":"NPC","drops":[{"name":"Zulrah\u0027s scales","id":12934,"quantity":103,"price":116},{"name":"Adamantite bar","id":2362,"quantity":20,"price":2011},{"name":"Manta ray","id":392,"quantity":35,"price":1363}],"date":"Jan 31, 2022, 5:39:40 PM"}
{"name":"Zulrah","level":725,"killCount":26,"type":"NPC","drops":[{"name":"Zulrah\u0027s scales","id":12934,"quantity":288,"price":116},{"name":"Papaya tree seed","id":5288,"quantity":3,"price":2572},{"name":"Manta ray","id":392,"quantity":35,"price":1363}],"date":"Jan 31, 2022, 5:50:45 PM"}
{"name":"Zulrah","level":725,"killCount":27,"type":"NPC","drops":[{"name":"Zulrah\u0027s scales","id":12934,"quantity":207,"price":116},{"name":"Death rune","id":560,"quantity":300,"price":187},{"name":"Snakeskin","id":6290,"quantity":35,"price":18}],"date":"Jan 31, 2022, 5:54:13 PM"}
{"name":"Zulrah","level":725,"killCount":28,"type":"NPC","drops":[{"name":"Zulrah\u0027s scales","id":12934,"quantity":114,"price":116},{"name":"Zul-andra teleport","id":12938,"quantity":4,"price":22224},{"name":"Runite ore","id":452,"quantity":2,"price":11199}],"date":"Jan 31, 2022, 5:57:45 PM"}
{"name":"Zulrah","level":725,"killCount":29,"type":"NPC","drops":[{"name":"Zulrah\u0027s scales","id":12934,"quantity":120,"price":116},{"name":"Runite ore","id":452,"quantity":2,"price":11199}],"date":"Jan 31, 2022, 6:00:36 PM"}
{"name":"Zulrah","level":725,"killCount":30,"type":"NPC","drops":[{"name":"Zulrah\u0027s scales","id":12934,"quantity":272,"price":116},{"name":"Pure essence","id":7937,"quantity":1500,"price":1},{"name":"Zul-andra teleport","id":12938,"quantity":4,"price":22224}],"date":"Jan 31, 2022, 6:03:59 PM"}
{"name":"Zulrah","level":725,"killCount":31,"type":"NPC","drops":[{"name":"Zulrah\u0027s scales","id":12934,"quantity":238,"price":116},{"name":"Manta ray","id":392,"quantity":35,"price":1363},{"name":"Toadflax seed","id":5296,"quantity":2,"price":2251}],"date":"Jan 31, 2022, 6:07:06 PM"}
{"name":"Zulrah","level":725,"killCount":32,"type":"NPC","drops":[{"name":"Zulrah\u0027s scales","id":12934,"quantity":156,"price":116},{"name":"Runite ore","id":452,"quantity":2,"price":11199},{"name":"Dwarf weed","id":268,"quantity":30,"price":788}],"date":"Jan 31, 2022, 6:10:34 PM"}
{"name":"Zulrah","level":725,"killCount":33,"type":"NPC","drops":[{"name":"Zulrah\u0027s scales","id":12934,"quantity":134,"price":116},{"name":"Dragon bones","id":537,"quantity":12,"price":2049},{"name":"Manta ray","id":392,"quantity":35,"price":1363}],"date":"Jan 31, 2022, 6:13:51 PM"}
{"name":"Zulrah","level":725,"killCount":34,"type":"NPC","drops":[{"name":"Zulrah\u0027s scales","id":12934,"quantity":102,"price":117},{"name":"Dragonstone bolt tips","id":9193,"quantity":12,"price":301},{"name":"Dwarf weed seed","id":5303,"quantity":2,"price":392}],"date":"Jan 31, 2022, 6:27:43 PM"}
{"name":"Zulrah","level":725,"killCount":36,"type":"NPC","drops":[{"name":"Zulrah\u0027s scales","id":12934,"quantity":130,"price":117},{"name":"Flax","id":1780,"quantity":1000,"price":2},{"name":"Manta ray","id":392,"quantity":35,"price":1348}],"date":"Jan 31, 2022, 6:36:54 PM"}
{"name":"Zulrah","level":725,"killCount":37,"type":"NPC","drops":[{"name":"Zulrah\u0027s scales","id":12934,"quantity":185,"price":117},{"name":"Zulrah\u0027s scales","id":12934,"quantity":500,"price":117},{"name":"Runite ore","id":452,"quantity":2,"price":11198}],"date":"Jan 31, 2022, 6:40:38 PM"}
{"name":"Zulrah","level":725,"killCount":38,"type":"NPC","drops":[{"name":"Zulrah\u0027s scales","id":12934,"quantity":171,"price":117},{"name":"Zul-andra teleport","id":12938,"quantity":4,"price":22122},{"name":"Chaos rune","id":562,"quantity":500,"price":57}],"date":"Jan 31, 2022, 6:43:33 PM"}
{"name":"Zulrah","level":725,"killCount":39,"type":"NPC","drops":[{"name":"Zulrah\u0027s scales","id":12934,"quantity":240,"price":117},{"name":"Runite ore","id":452,"quantity":2,"price":11198},{"name":"Dragon bones","id":537,"quantity":12,"price":2049}],"date":"Jan 31, 2022, 6:47:14 PM"}
{"name":"Zulrah","level":725,"killCount":40,"type":"NPC","drops":[{"name":"Zulrah\u0027s scales","id":12934,"quantity":193,"price":117},{"name":"Chaos rune","id":562,"quantity":500,"price":57},{"name":"Flax","id":1780,"quantity":1000,"price":2}],"date":"Jan 31, 2022, 6:51:31 PM"}
{"name":"Zulrah","level":725,"killCount":41,"type":"NPC","drops":[{"name":"Zulrah\u0027s scales","id":12934,"quantity":236,"price":117},{"name":"Mahogany logs","id":8836,"quantity":50,"price":361},{"name":"Palm tree seed","id":5289,"quantity":1,"price":34323}],"date":"Jan 31, 2022, 6:55:30 PM"}
{"name":"Zulrah","level":725,"killCount":42,"type":"NPC","drops":[{"name":"Zulrah\u0027s scales","id":12934,"quantity":175,"price":117},{"name":"Flax","id":1780,"quantity":1000,"price":2},{"name":"Mahogany logs","id":8836,"quantity":50,"price":361}],"date":"Jan 31, 2022, 6:58:32 PM"}
{"name":"Zulrah","level":725,"killCount":43,"type":"NPC","drops":[{"name":"Zulrah\u0027s scales","id":12934,"quantity":290,"price":117},{"name":"Zul-andra teleport","id":12938,"quantity":4,"price":22231},{"name":"Grapes","id":1988,"quantity":250,"price":29}],"date":"Jan 31, 2022, 7:01:31 PM"}
{"name":"Zulrah","level":725,"killCount":44,"type":"NPC","drops":[{"name":"Zulrah\u0027s scales","id":12934,"quantity":176,"price":117},{"name":"Flax","id":1780,"quantity":1000,"price":2},{"name":"Palm tree seed","id":5289,"quantity":1,"price":34323}],"date":"Jan 31, 2022, 7:05:46 PM"}
{"name":"Zulrah","level":725,"killCount":45,"type":"NPC","drops":[{"name":"Zulrah\u0027s scales","id":12934,"quantity":187,"price":117},{"name":"Snakeskin","id":6290,"quantity":35,"price":15},{"name":"Adamantite bar","id":2362,"quantity":20,"price":2010}],"date":"Jan 31, 2022, 7:14:55 PM"}
{"name":"Zulrah","level":725,"killCount":46,"type":"NPC","drops":[{"name":"Zulrah\u0027s scales","id":12934,"quantity":164,"price":117},{"name":"Grapes","id":1988,"quantity":250,"price":29},{"name":"Manta ray","id":392,"quantity":35,"price":1348}],"date":"Jan 31, 2022, 7:18:07 PM"}
{"name":"Zulrah","level":725,"killCount":47,"type":"NPC","drops":[{"name":"Zulrah\u0027s scales","id":12934,"quantity":295,"price":117},{"name":"Calquat tree seed","id":5290,"quantity":2,"price":142},{"name":"Death rune","id":560,"quantity":300,"price":187}],"date":"Jan 31, 2022, 7:21:29 PM"}
{"name":"Zulrah","level":725,"killCount":48,"type":"NPC","drops":[{"name":"Zulrah\u0027s scales","id":12934,"quantity":142,"price":118},{"name":"Battlestaff","id":1392,"quantity":10,"price":7843},{"name":"Grapes","id":1988,"quantity":250,"price":29}],"date":"Jan 31, 2022, 7:24:45 PM"}
{"name":"Zulrah","level":725,"killCount":49,"type":"NPC","drops":[{"name":"Zulrah\u0027s scales","id":12934,"quantity":194,"price":118},{"name":"Dragon med helm","id":1149,"quantity":1,"price":59875},{"name":"Magic seed","id":5316,"quantity":1,"price":119178}],"date":"Jan 31, 2022, 7:28:24 PM"}
{"name":"Zulrah","level":725,"killCount":50,"type":"NPC","drops":[{"name":"Zulrah\u0027s scales","id":12934,"quantity":134,"price":118},{"name":"Papaya tree seed","id":5288,"quantity":3,"price":2611},{"name":"Papaya tree seed","id":5288,"quantity":3,"price":2611}],"date":"Jan 31, 2022, 7:32:13 PM"}
{"name":"Zulrah","level":725,"killCount":51,"type":"NPC","drops":[{"name":"Zulrah\u0027s scales","id":12934,"quantity":282,"price":115},{"name":"Coal","id":454,"quantity":200,"price":151},{"name":"Flax","id":1780,"quantity":1000,"price":2}],"date":"Feb 1, 2022, 2:32:07 PM"}
{"name":"Zulrah","level":725,"killCount":52,"type":"NPC","drops":[{"name":"Zulrah\u0027s scales","id":12934,"quantity":242,"price":115},{"name":"Manta ray","id":392,"quantity":35,"price":1328},{"name":"Zul-andra teleport","id":12938,"quantity":4,"price":22025}],"date":"Feb 1, 2022, 2:35:45 PM"}
{"name":"Zulrah","level":725,"killCount":53,"type":"NPC","drops":[{"name":"Zulrah\u0027s scales","id":12934,"quantity":273,"price":115},{"name":"Adamantite bar","id":2362,"quantity":20,"price":2022},{"name":"Papaya tree seed","id":5288,"quantity":3,"price":2344}],"date":"Feb 1, 2022, 2:38:44 PM"}
{"name":"Zulrah","level":725,"killCount":54,"type":"NPC","drops":[{"name":"Zulrah\u0027s scales","id":12934,"quantity":201,"price":115},{"name":"Torstol","id":270,"quantity":10,"price":7684},{"name":"Flax","id":1780,"quantity":1000,"price":2}],"date":"Feb 1, 2022, 2:41:58 PM"}
{"name":"Zulrah","level":725,"killCount":55,"type":"NPC","drops":[{"name":"Zulrah\u0027s scales","id":12934,"quantity":101,"price":115},{"name":"Runite ore","id":452,"quantity":2,"price":11320},{"name":"Snakeskin","id":6290,"quantity":35,"price":13}],"date":"Feb 1, 2022, 2:45:09 PM"}
{"name":"Zulrah","level":725,"killCount":56,"type":"NPC","drops":[{"name":"Zulrah\u0027s scales","id":12934,"quantity":126,"price":115},{"name":"Dwarf weed seed","id":5303,"quantity":2,"price":233},{"name":"Antidote++(4)","id":5953,"quantity":10,"price":1907}],"date":"Feb 1, 2022, 2:48:37 PM"}
{"name":"Zulrah","level":725,"killCount":57,"type":"NPC","drops":[{"name":"Zulrah\u0027s scales","id":12934,"quantity":108,"price":115},{"name":"Yew logs","id":1516,"quantity":35,"price":187},{"name":"Swamp tar","id":1939,"quantity":1000,"price":7}],"date":"Feb 1, 2022, 2:52:09 PM"}
{"name":"Zulrah","level":725,"killCount":58,"type":"NPC","drops":[{"name":"Zulrah\u0027s scales","id":12934,"quantity":122,"price":115},{"name":"Chaos rune","id":562,"quantity":500,"price":58},{"name":"Dragon bones","id":537,"quantity":12,"price":2054}],"date":"Feb 1, 2022, 2:56:07 PM"}
{"name":"Zulrah","level":725,"killCount":59,"type":"NPC","drops":[{"name":"Zulrah\u0027s scales","id":12934,"quantity":234,"price":115},{"name":"Dragon bones","id":537,"quantity":12,"price":2054},{"name":"Toadflax","id":2999,"quantity":25,"price":2435}],"date":"Feb 1, 2022, 3:00:55 PM"}
{"name":"Zulrah","level":725,"killCount":60,"type":"NPC","drops":[{"name":"Zulrah\u0027s scales","id":12934,"quantity":111,"price":115},{"name":"Magic seed","id":5316,"quantity":1,"price":120724},{"name":"Pure essence","id":7937,"quantity":1500,"price":2}],"date":"Feb 1, 2022, 3:04:23 PM"}
{"name":"Zulrah","level":725,"killCount":61,"type":"NPC","drops":[{"name":"Zulrah\u0027s scales","id":12934,"quantity":157,"price":115},{"name":"Zul-andra teleport","id":12938,"quantity":4,"price":22070},{"name":"Antidote++(4)","id":5953,"quantity":10,"price":1907}],"date":"Feb 1, 2022, 3:07:42 PM"}
{"name":"Zulrah","level":725,"killCount":62,"type":"NPC","drops":[{"name":"Zulrah\u0027s scales","id":12934,"quantity":235,"price":115},{"name":"Pure essence","id":7937,"quantity":1500,"price":1},{"name":"Adamantite bar","id":2362,"quantity":20,"price":2009}],"date":"Feb 1, 2022, 3:11:13 PM"}
{"name":"Zulrah","level":725,"killCount":63,"type":"NPC","drops":[{"name":"Zulrah\u0027s scales","id":12934,"quantity":121,"price":115},{"name":"Zul-andra teleport","id":12938,"quantity":4,"price":22070},{"name":"Law rune","id":563,"quantity":200,"price":135}],"date":"Feb 1, 2022, 3:20:26 PM"}
{"name":"Zulrah","level":725,"killCount":64,"type":"NPC","drops":[{"name":"Zulrah\u0027s scales","id":12934,"quantity":198,"price":115},{"name":"Antidote++(4)","id":5953,"quantity":10,"price":1907},{"name":"Coins","id":995,"quantity":3000,"price":1}],"date":"Feb 1, 2022, 3:23:56 PM"}
{"name":"Zulrah","level":725,"killCount":65,"type":"NPC","drops":[{"name":"Zulrah\u0027s scales","id":12934,"quantity":275,"price":115},{"name":"Adamantite bar","id":2362,"quantity":20,"price":2009},{"name":"Manta ray","id":392,"quantity":35,"price":1334}],"date":"Feb 1, 2022, 3:27:11 PM"}
{"name":"Zulrah","level":725,"killCount":66,"type":"NPC","drops":[{"name":"Zulrah\u0027s scales","id":12934,"quantity":259,"price":115},{"name":"Law rune","id":563,"quantity":200,"price":135},{"name":"Chaos rune","id":562,"quantity":500,"price":58}],"date":"Feb 1, 2022, 3:30:20 PM"}
{"name":"Zulrah","level":725,"killCount":67,"type":"NPC","drops":[{"name":"Zulrah\u0027s scales","id":12934,"quantity":281,"price":115},{"name":"Spirit seed","id":5317,"quantity":1,"price":0},{"name":"Palm tree seed","id":5289,"quantity":1,"price":34179}],"date":"Feb 1, 2022, 3:33:08 PM"}
{"name":"Zulrah","level":725,"killCount":68,"type":"NPC","drops":[{"name":"Zulrah\u0027s scales","id":12934,"quantity":121,"price":115},{"name":"Law rune","id":563,"quantity":200,"price":135},{"name":"Zul-andra teleport","id":12938,"quantity":4,"price":22070}],"date":"Feb 1, 2022, 3:36:12 PM"}
{"name":"Zulrah","level":725,"killCount":69,"type":"NPC","drops":[{"name":"Zulrah\u0027s scales","id":12934,"quantity":267,"price":114},{"name":"Law rune","id":563,"quantity":200,"price":136},{"name":"Dragonstone bolt tips","id":9193,"quantity":12,"price":300}],"date":"Feb 1, 2022, 3:39:16 PM"}
{"name":"Zulrah","level":725,"killCount":70,"type":"NPC","drops":[{"name":"Zulrah\u0027s scales","id":12934,"quantity":296,"price":114},{"name":"Dragonstone bolt tips","id":9193,"quantity":12,"price":300},{"name":"Death rune","id":560,"quantity":300,"price":192}],"date":"Feb 1, 2022, 3:42:16 PM"}
{"name":"Zulrah","level":725,"killCount":71,"type":"NPC","drops":[{"name":"Zulrah\u0027s scales","id":12934,"quantity":152,"price":114},{"name":"Manta ray","id":392,"quantity":35,"price":1331},{"name":"Zul-andra teleport","id":12938,"quantity":4,"price":21958}],"date":"Feb 1, 2022, 3:45:43 PM"}
{"name":"Zulrah","level":725,"killCount":72,"type":"NPC","drops":[{"name":"Zulrah\u0027s scales","id":12934,"quantity":297,"price":114},{"name":"Papaya tree seed","id":5288,"quantity":3,"price":2283},{"name":"Swamp tar","id":1939,"quantity":1000,"price":7}],"date":"Feb 1, 2022, 3:49:13 PM"}
{"name":"Zulrah","level":725,"killCount":73,"type":"NPC","drops":[{"name":"Zulrah\u0027s scales","id":12934,"quantity":117,"price":114},{"name":"Adamantite bar","id":2362,"quantity":20,"price":2010},{"name":"Chaos rune","id":562,"quantity":500,"price":59}],"date":"Feb 1, 2022, 3:51:47 PM"}
{"name":"Zulrah","level":725,"killCount":74,"type":"NPC","drops":[{"name":"Zulrah\u0027s scales","id":12934,"quantity":225,"price":114},{"name":"Snakeskin","id":6290,"quantity":35,"price":14},{"name":"Antidote++(4)","id":5953,"quantity":10,"price":1907}],"date":"Feb 1, 2022, 3:55:15 PM"}
{"name":"Zulrah","level":725,"killCount":75,"type":"NPC","drops":[{"name":"Zulrah\u0027s scales","id":12934,"quantity":270,"price":114},{"name":"Chaos rune","id":562,"quantity":500,"price":59},{"name":"Manta ray","id":392,"quantity":35,"price":1331}],"date":"Feb 1, 2022, 3:58:10 PM"}
{"name":"Zulrah","level":725,"killCount":76,"type":"NPC","drops":[{"name":"Zulrah\u0027s scales","id":12934,"quantity":230,"price":116},{"name":"Coconut","id":5975,"quantity":20,"price":1720},{"name":"Calquat tree seed","id":5290,"quantity":2,"price":119}],"date":"Feb 2, 2022, 2:57:17 PM"}
{"name":"Zulrah","level":725,"killCount":77,"type":"NPC","drops":[{"name":"Zulrah\u0027s scales","id":12934,"quantity":123,"price":117},{"name":"Zul-andra teleport","id":12938,"quantity":4,"price":22689},{"name":"Battlestaff","id":1392,"quantity":10,"price":7984}],"date":"Feb 2, 2022, 3:00:23 PM"}
{"name":"Zulrah","level":725,"killCount":78,"type":"NPC","drops":[{"name":"Zulrah\u0027s scales","id":12934,"quantity":258,"price":117},{"name":"Dragonstone","id":1615,"quantity":1,"price":11521},{"name":"Dragonstone bolt tips","id":9193,"quantity":12,"price":306}],"date":"Feb 2, 2022, 3:03:00 PM"}
{"name":"Zulrah","level":725,"killCount":79,"type":"NPC","drops":[{"name":"Zulrah\u0027s scales","id":12934,"quantity":222,"price":117},{"name":"Chaos rune","id":562,"quantity":500,"price":60},{"name":"Mahogany logs","id":8836,"quantity":50,"price":366}],"date":"Feb 2, 2022, 3:06:04 PM"}
{"name":"Zulrah","level":725,"killCount":80,"type":"NPC","drops":[{"name":"Zulrah\u0027s scales","id":12934,"quantity":196,"price":117},{"name":"Dragon bones","id":537,"quantity":12,"price":1994},{"name":"Pure essence","id":7937,"quantity":1500,"price":1}],"date":"Feb 2, 2022, 3:09:46 PM"}
{"name":"Zulrah","level":725,"killCount":81,"type":"NPC","drops":[{"name":"Zulrah\u0027s scales","id":12934,"quantity":276,"price":117},{"name":"Pure essence","id":7937,"quantity":1500,"price":1},{"name":"Palm tree seed","id":5289,"quantity":1,"price":35209}],"date":"Feb 2, 2022, 3:13:36 PM"}
{"name":"Zulrah","level":725,"killCount":82,"type":"NPC","drops":[{"name":"Zulrah\u0027s scales","id":12934,"quantity":242,"price":117},{"name":"Death rune","id":560,"quantity":300,"price":195},{"name":"Coins","id":995,"quantity":3000,"price":1}],"date":"Feb 2, 2022, 3:16:31 PM"}
{"name":"Zulrah","level":725,"killCount":83,"type":"NPC","drops":[{"name":"Zulrah\u0027s scales","id":12934,"quantity":166,"price":117},{"name":"Dragonstone bolt tips","id":9193,"quantity":12,"price":306},{"name":"Adamantite bar","id":2362,"quantity":20,"price":2043}],"date":"Feb 2, 2022, 3:19:43 PM"}
{"name":"Zulrah","level":725,"killCount":84,"type":"NPC","drops":[{"name":"Zulrah\u0027s scales","id":12934,"quantity":204,"price":117},{"name":"Dragonstone bolt tips","id":9193,"quantity":12,"price":306},{"name":"Dragonstone bolt tips","id":9193,"quantity":12,"price":306}],"date":"Feb 2, 2022, 3:22:55 PM"}
{"name":"Zulrah","level":725,"killCount":85,"type":"NPC","drops":[{"name":"Zulrah\u0027s scales","id":12934,"quantity":276,"price":117},{"name":"Law rune","id":563,"quantity":200,"price":138},{"name":"Yew logs","id":1516,"quantity":35,"price":191}],"date":"Feb 2, 2022, 3:25:59 PM"}
{"name":"Zulrah","level":725,"killCount":86,"type":"NPC","drops":[{"name":"Zulrah\u0027s scales","id":12934,"quantity":119,"price":117},{"name":"Pure essence","id":7937,"quantity":1500,"price":1},{"name":"Flax","id":1780,"quantity":1000,"price":2}],"date":"Feb 2, 2022, 3:29:09 PM"}
{"name":"Zulrah","level":725,"killCount":87,"type":"NPC","drops":[{"name":"Zulrah\u0027s scales","id":12934,"quantity":292,"price":116},{"name":"Law rune","id":563,"quantity":200,"price":136},{"name":"Palm tree seed","id":5289,"quantity":1,"price":34779}],"date":"Feb 2, 2022, 3:32:21 PM"}
{"name":"Zulrah","level":725,"killCount":88,"type":"NPC","drops":[{"name":"Zulrah\u0027s scales","id":12934,"quantity":100,"price":116},{"name":"Yew logs","id":1516,"quantity":35,"price":187},{"name":"Grapes","id":1988,"quantity":250,"price":31}],"date":"Feb 2, 2022, 3:35:23 PM"}
{"name":"Zulrah","level":725,"killCount":89,"type":"NPC","drops":[{"name":"Zulrah\u0027s scales","id":12934,"quantity":138,"price":116},{"name":"Pure essence","id":7937,"quantity":1500,"price":2},{"name":"Loop half of key","id":987,"quantity":1,"price":9220}],"date":"Feb 2, 2022, 3:38:42 PM"}
{"name":"Zulrah","level":725,"killCount":90,"type":"NPC","drops":[{"name":"Zulrah\u0027s scales","id":12934,"quantity":245,"price":116},{"name":"Pure essence","id":7937,"quantity":1500,"price":2},{"name":"Swamp tar","id":1939,"quantity":1000,"price":7}],"date":"Feb 2, 2022, 3:41:55 PM"}
{"name":"Zulrah","level":725,"killCount":91,"type":"NPC","drops":[{"name":"Zulrah\u0027s scales","id":12934,"quantity":287,"price":116},{"name":"Dwarf weed seed","id":5303,"quantity":2,"price":405},{"name":"Palm tree seed","id":5289,"quantity":1,"price":34779}],"date":"Feb 2, 2022, 3:44:43 PM"}
{"name":"Zulrah","level":725,"killCount":92,"type":"NPC","drops":[{"name":"Zulrah\u0027s scales","id":12934,"quantity":113,"price":116},{"name":"Zul-andra teleport","id":12938,"quantity":4,"price":22070},{"name":"Coins","id":995,"quantity":3000,"price":1}],"date":"Feb 2, 2022, 3:47:34 PM"}
{"name":"Zulrah","level":725,"killCount":93,"type":"NPC","drops":[{"name":"Zulrah\u0027s scales","id":12934,"quantity":286,"price":116},{"name":"Law rune","id":563,"quantity":45,"price":136},{"name":"Swamp tar","id":1939,"quantity":1000,"price":7}],"date":"Feb 2, 2022, 3:50:23 PM"}
{"name":"Zulrah","level":725,"killCount":94,"type":"NPC","drops":[{"name":"Zulrah\u0027s scales","id":12934,"quantity":212,"price":116},{"name":"Pure essence","id":7937,"quantity":1500,"price":2},{"name":"Coal","id":454,"quantity":200,"price":154}],"date":"Feb 2, 2022, 3:53:27 PM"}
{"name":"Zulrah","level":725,"killCount":95,"type":"NPC","drops":[{"name":"Zulrah\u0027s scales","id":12934,"quantity":124,"price":116},{"name":"Runite ore","id":452,"quantity":2,"price":11257},{"name":"Runite ore","id":452,"quantity":2,"price":11257}],"date":"Feb 2, 2022, 3:58:53 PM"}
{"name":"Zulrah","level":725,"killCount":96,"type":"NPC","drops":[{"name":"Zulrah\u0027s scales","id":12934,"quantity":275,"price":116},{"name":"Yew logs","id":1516,"quantity":35,"price":190},{"name":"Coconut","id":5975,"quantity":20,"price":1733}],"date":"Feb 2, 2022, 4:01:39 PM"}
{"name":"Zulrah","level":725,"killCount":97,"type":"NPC","drops":[{"name":"Zulrah\u0027s scales","id":12934,"quantity":297,"price":116},{"name":"Pure essence","id":7937,"quantity":1500,"price":1},{"name":"Death rune","id":560,"quantity":300,"price":194}],"date":"Feb 2, 2022, 4:05:16 PM"}
{"name":"Zulrah","level":725,"killCount":98,"type":"NPC","drops":[{"name":"Zulrah\u0027s scales","id":12934,"quantity":134,"price":116},{"name":"Antidote++(4)","id":5953,"quantity":10,"price":1696},{"name":"Runite ore","id":452,"quantity":2,"price":11218}],"date":"Feb 2, 2022, 4:08:11 PM"}
{"name":"Zulrah","level":725,"killCount":99,"type":"NPC","drops":[{"name":"Zulrah\u0027s scales","id":12934,"quantity":224,"price":116},{"name":"Coconut","id":5975,"quantity":20,"price":1733},{"name":"Adamantite bar","id":2362,"quantity":20,"price":2080}],"date":"Feb 2, 2022, 4:13:41 PM"}
{"name":"Zulrah","level":725,"killCount":100,"type":"NPC","drops":[{"name":"Zulrah\u0027s scales","id":12934,"quantity":155,"price":116},{"name":"Calquat tree seed","id":5290,"quantity":2,"price":127}],"date":"Feb 2, 2022, 4:17:26 PM"}
{"name":"Zulrah","level":725,"killCount":101,"type":"NPC","drops":[{"name":"Zulrah\u0027s scales","id":12934,"quantity":173,"price":139},{"name":"Dragon halberd","id":3204,"quantity":1,"price":149149},{"name":"Chaos rune","id":562,"quantity":500,"price":62}],"date":"Feb 10, 2022, 5:07:58 PM"}
{"name":"Zulrah","level":725,"killCount":102,"type":"NPC","drops":[{"name":"Zulrah\u0027s scales","id":12934,"quantity":101,"price":139},{"name":"Manta ray","id":392,"quantity":35,"price":1515},{"name":"Manta ray","id":392,"quantity":35,"price":1515}],"date":"Feb 10, 2022, 5:10:11 PM"}
{"name":"Zulrah","level":725,"killCount":103,"type":"NPC","drops":[{"name":"Zulrah\u0027s scales","id":12934,"quantity":274,"price":139},{"name":"Yew logs","id":1516,"quantity":35,"price":190},{"name":"Calquat tree seed","id":5290,"quantity":2,"price":90}],"date":"Feb 10, 2022, 5:13:08 PM"}
{"name":"Zulrah","level":725,"killCount":104,"type":"NPC","drops":[{"name":"Zulrah\u0027s scales","id":12934,"quantity":167,"price":139},{"name":"Coins","id":995,"quantity":3000,"price":1},{"name":"Grapes","id":1988,"quantity":250,"price":32}],"date":"Feb 10, 2022, 5:15:19 PM"}
{"name":"Zulrah","level":725,"killCount":105,"type":"NPC","drops":[{"name":"Zulrah\u0027s scales","id":12934,"quantity":269,"price":141},{"name":"Manta ray","id":392,"quantity":35,"price":1470},{"name":"Calquat tree seed","id":5290,"quantity":2,"price":88}],"date":"Feb 13, 2022, 3:07:09 PM"}
{"name":"Zulrah","level":725,"killCount":106,"type":"NPC","drops":[{"name":"Zulrah\u0027s scales","id":12934,"quantity":139,"price":141},{"name":"Antidote++(4)","id":5953,"quantity":10,"price":1627},{"name":"Zul-andra teleport","id":12938,"quantity":4,"price":23301}],"date":"Feb 13, 2022, 3:10:00 PM"}
